<?xml version="1.0" ?>
<!DOCTYPE coverage SYSTEM "http://cobertura.sourceforge.net/xml/coverage-04.dtd">
<coverage lines-valid="1376" lines-covered="1324" line-rate="0.9621999999999999" branches-valid="299" branches-covered="261" branch-rate="0.8729" timestamp="1768961761727" complexity="0" version="0.1">
  <sources>
    <source>/home/fernando/git/compliance_repo/compliance_checklist</source>
  </sources>
  <packages>
    <package name="compliance_checklist" line-rate="1" branch-rate="0.8421">
      <classes>
        <class name="ipcHandles.js" filename="ipcHandles.js" line-rate="1" branch-rate="0.8421">
          <methods>
            <method name="setupIpcHandles" hits="26" signature="()V">
              <lines>
                <line number="21" hits="26"/>
              </lines>
            </method>
          </methods>
          <lines>
            <line number="1" hits="1" branch="false"/>
            <line number="3" hits="1" branch="false"/>
            <line number="16" hits="1" branch="false"/>
            <line number="17" hits="1" branch="false"/>
            <line number="18" hits="1" branch="false"/>
            <line number="20" hits="1" branch="false"/>
            <line number="21" hits="1" branch="true" condition-coverage="100% (1/1)"/>
            <line number="22" hits="26" branch="false"/>
            <line number="23" hits="26" branch="false"/>
            <line number="24" hits="26" branch="false"/>
            <line number="25" hits="26" branch="false"/>
            <line number="26" hits="26" branch="false"/>
            <line number="27" hits="26" branch="true" condition-coverage="100% (1/1)"/>
            <line number="28" hits="5" branch="false"/>
            <line number="29" hits="5" branch="true" condition-coverage="100% (2/2)"/>
            <line number="30" hits="5" branch="false"/>
            <line number="31" hits="5" branch="false"/>
            <line number="32" hits="5" branch="true" condition-coverage="100% (1/1)"/>
            <line number="33" hits="2" branch="false"/>
            <line number="34" hits="2" branch="false"/>
            <line number="35" hits="2" branch="false"/>
            <line number="36" hits="2" branch="false"/>
            <line number="37" hits="2" branch="false"/>
            <line number="38" hits="26" branch="false"/>
            <line number="40" hits="26" branch="true" condition-coverage="100% (1/1)"/>
            <line number="41" hits="3" branch="false"/>
            <line number="42" hits="3" branch="true" condition-coverage="0% (0/1)"/>
            <line number="43" hits="3" branch="false"/>
            <line number="44" hits="3" branch="true" condition-coverage="100% (1/1)"/>
            <line number="45" hits="1" branch="false"/>
            <line number="46" hits="1" branch="false"/>
            <line number="47" hits="1" branch="false"/>
            <line number="48" hits="1" branch="false"/>
            <line number="49" hits="1" branch="false"/>
            <line number="50" hits="26" branch="false"/>
            <line number="52" hits="26" branch="true" condition-coverage="100% (1/1)"/>
            <line number="53" hits="4" branch="false"/>
            <line number="54" hits="4" branch="true" condition-coverage="100% (2/2)"/>
            <line number="55" hits="4" branch="false"/>
            <line number="56" hits="4" branch="true" condition-coverage="100% (1/1)"/>
            <line number="57" hits="3" branch="false"/>
            <line number="58" hits="4" branch="true" condition-coverage="100% (1/1)"/>
            <line number="59" hits="1" branch="false"/>
            <line number="60" hits="1" branch="false"/>
            <line number="61" hits="1" branch="false"/>
            <line number="62" hits="26" branch="false"/>
            <line number="64" hits="26" branch="true" condition-coverage="100% (1/1)"/>
            <line number="65" hits="3" branch="false"/>
            <line number="66" hits="3" branch="true" condition-coverage="0% (0/1)"/>
            <line number="67" hits="3" branch="false"/>
            <line number="68" hits="3" branch="true" condition-coverage="100% (1/1)"/>
            <line number="69" hits="3" branch="true" condition-coverage="100% (1/1)"/>
            <line number="70" hits="1" branch="false"/>
            <line number="71" hits="1" branch="false"/>
            <line number="72" hits="1" branch="false"/>
            <line number="73" hits="1" branch="false"/>
            <line number="74" hits="1" branch="false"/>
            <line number="75" hits="26" branch="false"/>
            <line number="77" hits="26" branch="true" condition-coverage="100% (1/1)"/>
            <line number="78" hits="2" branch="false"/>
            <line number="79" hits="2" branch="true" condition-coverage="0% (0/1)"/>
            <line number="80" hits="2" branch="false"/>
            <line number="81" hits="2" branch="true" condition-coverage="100% (1/1)"/>
            <line number="82" hits="1" branch="false"/>
            <line number="83" hits="1" branch="false"/>
            <line number="84" hits="1" branch="false"/>
            <line number="85" hits="1" branch="false"/>
            <line number="86" hits="1" branch="false"/>
            <line number="87" hits="26" branch="false"/>
            <line number="89" hits="26" branch="true" condition-coverage="100% (1/1)"/>
            <line number="90" hits="2" branch="false"/>
            <line number="91" hits="2" branch="true" condition-coverage="0% (0/1)"/>
            <line number="92" hits="2" branch="false"/>
            <line number="93" hits="2" branch="true" condition-coverage="100% (1/1)"/>
            <line number="94" hits="1" branch="false"/>
            <line number="95" hits="1" branch="false"/>
            <line number="96" hits="1" branch="false"/>
            <line number="97" hits="1" branch="false"/>
            <line number="98" hits="1" branch="false"/>
            <line number="99" hits="26" branch="false"/>
            <line number="101" hits="26" branch="true" condition-coverage="100% (1/1)"/>
            <line number="102" hits="5" branch="false"/>
            <line number="103" hits="5" branch="false"/>
            <line number="104" hits="5" branch="true" condition-coverage="100% (3/3)"/>
            <line number="105" hits="2" branch="false"/>
            <line number="106" hits="2" branch="true" condition-coverage="100% (1/1)"/>
            <line number="108" hits="5" branch="true" condition-coverage="100% (1/1)"/>
            <line number="109" hits="1" branch="false"/>
            <line number="110" hits="1" branch="true" condition-coverage="100% (1/1)"/>
            <line number="112" hits="5" branch="true" condition-coverage="0% (0/1)"/>
            <line number="113" hits="5" branch="false"/>
            <line number="114" hits="5" branch="true" condition-coverage="100% (2/2)"/>
            <line number="115" hits="5" branch="true" condition-coverage="100% (1/1)"/>
            <line number="116" hits="2" branch="false"/>
            <line number="117" hits="5" branch="true" condition-coverage="100% (1/1)"/>
            <line number="118" hits="3" branch="false"/>
            <line number="119" hits="3" branch="false"/>
            <line number="120" hits="3" branch="false"/>
            <line number="121" hits="3" branch="false"/>
            <line number="122" hits="3" branch="false"/>
            <line number="123" hits="26" branch="false"/>
            <line number="125" hits="26" branch="true" condition-coverage="100% (1/1)"/>
            <line number="126" hits="2" branch="false"/>
            <line number="127" hits="2" branch="true" condition-coverage="0% (0/1)"/>
            <line number="128" hits="2" branch="false"/>
            <line number="129" hits="2" branch="true" condition-coverage="100% (1/1)"/>
            <line number="130" hits="1" branch="false"/>
            <line number="131" hits="1" branch="false"/>
            <line number="132" hits="1" branch="false"/>
            <line number="133" hits="1" branch="false"/>
            <line number="134" hits="1" branch="false"/>
            <line number="135" hits="26" branch="false"/>
            <line number="136" hits="26" branch="false"/>
            <line number="138" hits="1" branch="false"/>
          </lines>
        </class>
      </classes>
    </package>
    <package name="compliance_checklist.src" line-rate="0.9129999999999999" branch-rate="0.7826000000000001">
      <classes>
        <class name="App.vue" filename="src/App.vue" line-rate="0.9393" branch-rate="0.9615">
          <methods>
            <method name="onGeneralCommentsInput" hits="0" signature="()V">
              <lines>
                <line number="96" hits="0"/>
              </lines>
            </method>
            <method name="clearGeneralComments" hits="0" signature="()V">
              <lines>
                <line number="100" hits="0"/>
              </lines>
            </method>
            <method name="loadChecklistAndSession" hits="2" signature="()V">
              <lines>
                <line number="104" hits="2"/>
              </lines>
            </method>
            <method name="__vite_ssr_import_7__.createElementBlock.__vite_ssr_import_7__.createElementVNode.__vite_ssr_import_7__.createElementVNode.__vite_ssr_import_7__.withDirectives.__vite_ssr_import_7__.createElementVNode.onUpdate:modelValue._cache.&lt;computed&gt;._cache.&lt;computed&gt;" hits="2" signature="()V">
              <lines>
                <line number="17" hits="2"/>
              </lines>
            </method>
            <method name="__vite_ssr_import_7__.createElementBlock.__vite_ssr_import_7__.createElementVNode.__vite_ssr_import_7__.createElementVNode.__vite_ssr_import_7__.createElementVNode.onClick._cache.&lt;computed&gt;._cache.&lt;computed&gt;" hits="1" signature="()V">
              <lines>
                <line number="30" hits="1"/>
              </lines>
            </method>
            <method name="__vite_ssr_import_7__.createElementBlock.__vite_ssr_import_7__.createElementVNode.__vite_ssr_import_7__.createElementVNode.__vite_ssr_import_7__.createElementVNode.onClick._cache.&lt;computed&gt;._cache.&lt;computed&gt;" hits="1" signature="()V">
              <lines>
                <line number="37" hits="1"/>
              </lines>
            </method>
            <method name="__vite_ssr_import_7__.createElementBlock.__vite_ssr_import_7__.createElementVNode.__vite_ssr_import_7__.createElementVNode.__vite_ssr_import_7__.createElementVNode.onClick._cache.&lt;computed&gt;._cache.&lt;computed&gt;" hits="1" signature="()V">
              <lines>
                <line number="43" hits="1"/>
              </lines>
            </method>
            <method name="__vite_ssr_import_7__.createElementBlock.__vite_ssr_import_7__.createElementBlock.__vite_ssr_import_7__.createElementVNode.onInput._cache.&lt;computed&gt;._cache.&lt;computed&gt;" hits="0" signature="()V">
              <lines>
                <line number="57" hits="0"/>
              </lines>
            </method>
            <method name="__vite_ssr_import_7__.createElementBlock.__vite_ssr_import_7__.createElementBlock.__vite_ssr_import_7__.createElementVNode.__vite_ssr_import_7__.createElementVNode.onClick._cache.&lt;computed&gt;._cache.&lt;computed&gt;" hits="0" signature="()V">
              <lines>
                <line number="60" hits="0"/>
              </lines>
            </method>
            <method name="__vite_ssr_import_7__.createElementBlock.__vite_ssr_import_7__.createVNode.onCancel._cache.&lt;computed&gt;._cache.&lt;computed&gt;" hits="1" signature="()V">
              <lines>
                <line number="71" hits="1"/>
              </lines>
            </method>
          </methods>
          <lines>
            <line number="1" hits="1" branch="false"/>
            <line number="2" hits="1" branch="false"/>
            <line number="3" hits="1" branch="false"/>
            <line number="4" hits="1" branch="false"/>
            <line number="5" hits="1" branch="false"/>
            <line number="6" hits="1" branch="false"/>
            <line number="7" hits="1" branch="false"/>
            <line number="8" hits="1" branch="false"/>
            <line number="9" hits="1" branch="false"/>
            <line number="10" hits="1" branch="false"/>
            <line number="11" hits="1" branch="true" condition-coverage="100% (2/2)"/>
            <line number="12" hits="1" branch="true" condition-coverage="100% (2/2)"/>
            <line number="13" hits="1" branch="true" condition-coverage="100% (2/2)"/>
            <line number="15" hits="1" branch="false"/>
            <line number="16" hits="1" branch="true" condition-coverage="100% (1/1)"/>
            <line number="17" hits="1" branch="true" condition-coverage="100% (2/2)"/>
            <line number="18" hits="1" branch="true" condition-coverage="100% (1/1)"/>
            <line number="19" hits="1" branch="false"/>
            <line number="20" hits="1" branch="false"/>
            <line number="21" hits="1" branch="false"/>
            <line number="22" hits="1" branch="false"/>
            <line number="24" hits="1" branch="false"/>
            <line number="25" hits="1" branch="false"/>
            <line number="26" hits="1" branch="false"/>
            <line number="27" hits="1" branch="false"/>
            <line number="28" hits="1" branch="false"/>
            <line number="29" hits="1" branch="false"/>
            <line number="30" hits="1" branch="true" condition-coverage="100% (2/2)"/>
            <line number="31" hits="1" branch="false"/>
            <line number="33" hits="1" branch="false"/>
            <line number="34" hits="1" branch="false"/>
            <line number="35" hits="1" branch="false"/>
            <line number="36" hits="1" branch="true" condition-coverage="100% (1/1)"/>
            <line number="37" hits="1" branch="true" condition-coverage="100% (2/2)"/>
            <line number="38" hits="1" branch="false"/>
            <line number="40" hits="1" branch="false"/>
            <line number="42" hits="1" branch="false"/>
            <line number="43" hits="1" branch="true" condition-coverage="100% (2/2)"/>
            <line number="44" hits="1" branch="false"/>
            <line number="46" hits="1" branch="true" condition-coverage="100% (2/2)"/>
            <line number="47" hits="1" branch="false"/>
            <line number="48" hits="1" branch="false"/>
            <line number="49" hits="1" branch="false"/>
            <line number="51" hits="1" branch="false"/>
            <line number="52" hits="1" branch="false"/>
            <line number="53" hits="1" branch="false"/>
            <line number="54" hits="1" branch="false"/>
            <line number="55" hits="1" branch="false"/>
            <line number="56" hits="1" branch="false"/>
            <line number="57" hits="1" branch="false"/>
            <line number="58" hits="1" branch="false"/>
            <line number="59" hits="1" branch="false"/>
            <line number="60" hits="1" branch="false"/>
            <line number="62" hits="1" branch="false"/>
            <line number="63" hits="1" branch="false"/>
            <line number="64" hits="1" branch="false"/>
            <line number="66" hits="1" branch="false"/>
            <line number="67" hits="1" branch="false"/>
            <line number="68" hits="1" branch="false"/>
            <line number="69" hits="1" branch="false"/>
            <line number="70" hits="1" branch="false"/>
            <line number="71" hits="1" branch="true" condition-coverage="100% (2/2)"/>
            <line number="72" hits="1" branch="false"/>
            <line number="73" hits="1" branch="false"/>
            <line number="74" hits="1" branch="false"/>
            <line number="75" hits="1" branch="true" condition-coverage="100% (1/1)"/>
            <line number="76" hits="1" branch="false"/>
            <line number="80" hits="1" branch="false"/>
            <line number="81" hits="1" branch="false"/>
            <line number="82" hits="1" branch="false"/>
            <line number="83" hits="1" branch="false"/>
            <line number="84" hits="1" branch="false"/>
            <line number="85" hits="1" branch="false"/>
            <line number="86" hits="1" branch="false"/>
            <line number="88" hits="1" branch="false"/>
            <line number="89" hits="1" branch="false"/>
            <line number="90" hits="1" branch="false"/>
            <line number="91" hits="1" branch="false"/>
            <line number="93" hits="1" branch="false"/>
            <line number="94" hits="1" branch="false"/>
            <line number="96" hits="1" branch="false"/>
            <line number="97" hits="0" branch="false"/>
            <line number="98" hits="0" branch="false"/>
            <line number="100" hits="1" branch="false"/>
            <line number="101" hits="0" branch="false"/>
            <line number="102" hits="0" branch="false"/>
            <line number="104" hits="1" branch="true" condition-coverage="100% (1/1)"/>
            <line number="105" hits="2" branch="false"/>
            <line number="106" hits="2" branch="true" condition-coverage="100% (1/1)"/>
            <line number="107" hits="1" branch="false"/>
            <line number="108" hits="1" branch="false"/>
            <line number="109" hits="2" branch="true" condition-coverage="0% (0/1)"/>
            <line number="110" hits="0" branch="false"/>
            <line number="111" hits="0" branch="false"/>
            <line number="112" hits="2" branch="false"/>
            <line number="114" hits="1" branch="true" condition-coverage="100% (1/1)"/>
            <line number="115" hits="41" branch="false"/>
            <line number="116" hits="41" branch="false"/>
            <line number="117" hits="1" branch="false"/>
          </lines>
        </class>
        <class name="fileServices.js" filename="src/fileServices.js" line-rate="0.8913" branch-rate="0.6744">
          <methods>
            <method name="createFileService" hits="5" signature="()V">
              <lines>
                <line number="4" hits="5"/>
              </lines>
            </method>
            <method name="getSizeAndSuffix" hits="5" signature="()V">
              <lines>
                <line number="11" hits="5"/>
              </lines>
            </method>
            <method name="defaultPathExists" hits="2" signature="()V">
              <lines>
                <line number="37" hits="2"/>
              </lines>
            </method>
            <method name="setSavePath" hits="1" signature="()V">
              <lines>
                <line number="45" hits="1"/>
              </lines>
            </method>
            <method name="createDefaultPath" hits="1" signature="()V">
              <lines>
                <line number="58" hits="1"/>
              </lines>
            </method>
            <method name="saveEvidence" hits="5" signature="()V">
              <lines>
                <line number="66" hits="5"/>
              </lines>
            </method>
            <method name="deleteEvidence" hits="1" signature="()V">
              <lines>
                <line number="100" hits="1"/>
              </lines>
            </method>
            <method name="loadChecklist" hits="1" signature="()V">
              <lines>
                <line number="116" hits="1"/>
              </lines>
            </method>
            <method name="loadSession" hits="1" signature="()V">
              <lines>
                <line number="129" hits="1"/>
              </lines>
            </method>
            <method name="readEvidence" hits="2" signature="()V">
              <lines>
                <line number="147" hits="2"/>
              </lines>
            </method>
            <method name="saveSession" hits="3" signature="()V">
              <lines>
                <line number="156" hits="3"/>
              </lines>
            </method>
            <method name="saveExportFile" hits="5" signature="()V">
              <lines>
                <line number="183" hits="5"/>
              </lines>
            </method>
          </methods>
          <lines>
            <line number="1" hits="1" branch="false"/>
            <line number="4" hits="1" branch="true" condition-coverage="100% (1/1)"/>
            <line number="5" hits="5" branch="false"/>
            <line number="6" hits="5" branch="false"/>
            <line number="7" hits="5" branch="false"/>
            <line number="9" hits="5" branch="false"/>
            <line number="11" hits="5" branch="true" condition-coverage="100% (1/1)"/>
            <line number="12" hits="5" branch="false"/>
            <line number="13" hits="5" branch="false"/>
            <line number="14" hits="5" branch="false"/>
            <line number="15" hits="5" branch="false"/>
            <line number="16" hits="5" branch="false"/>
            <line number="17" hits="5" branch="false"/>
            <line number="18" hits="5" branch="false"/>
            <line number="19" hits="5" branch="false"/>
            <line number="20" hits="5" branch="false"/>
            <line number="22" hits="5" branch="false"/>
            <line number="23" hits="5" branch="false"/>
            <line number="24" hits="5" branch="true" condition-coverage="0% (0/1)"/>
            <line number="25" hits="0" branch="false"/>
            <line number="26" hits="0" branch="false"/>
            <line number="28" hits="5" branch="false"/>
            <line number="29" hits="5" branch="true" condition-coverage="100% (1/1)"/>
            <line number="31" hits="5" branch="false"/>
            <line number="32" hits="5" branch="true" condition-coverage="0% (0/1)"/>
            <line number="34" hits="5" branch="false"/>
            <line number="35" hits="5" branch="false"/>
            <line number="37" hits="5" branch="true" condition-coverage="100% (1/1)"/>
            <line number="38" hits="2" branch="false"/>
            <line number="39" hits="2" branch="false"/>
            <line number="40" hits="2" branch="true" condition-coverage="0% (0/1)"/>
            <line number="41" hits="0" branch="false"/>
            <line number="42" hits="0" branch="false"/>
            <line number="43" hits="2" branch="false"/>
            <line number="45" hits="5" branch="true" condition-coverage="100% (1/1)"/>
            <line number="46" hits="1" branch="false"/>
            <line number="47" hits="1" branch="false"/>
            <line number="48" hits="1" branch="true" condition-coverage="0% (0/1)"/>
            <line number="49" hits="0" branch="false"/>
            <line number="50" hits="1" branch="false"/>
            <line number="51" hits="1" branch="false"/>
            <line number="52" hits="1" branch="false"/>
            <line number="53" hits="1" branch="true" condition-coverage="0% (0/1)"/>
            <line number="54" hits="0" branch="false"/>
            <line number="55" hits="0" branch="false"/>
            <line number="56" hits="1" branch="false"/>
            <line number="58" hits="5" branch="true" condition-coverage="100% (1/1)"/>
            <line number="59" hits="1" branch="false"/>
            <line number="60" hits="1" branch="true" condition-coverage="0% (0/1)"/>
            <line number="61" hits="1" branch="false"/>
            <line number="62" hits="1" branch="false"/>
            <line number="63" hits="1" branch="false"/>
            <line number="64" hits="1" branch="false"/>
            <line number="66" hits="5" branch="true" condition-coverage="100% (1/1)"/>
            <line number="67" hits="5" branch="false"/>
            <line number="68" hits="5" branch="true" condition-coverage="100% (1/1)"/>
            <line number="69" hits="1" branch="false"/>
            <line number="70" hits="1" branch="true" condition-coverage="100% (1/1)"/>
            <line number="71" hits="4" branch="false"/>
            <line number="72" hits="5" branch="true" condition-coverage="100% (1/1)"/>
            <line number="73" hits="1" branch="false"/>
            <line number="74" hits="1" branch="true" condition-coverage="100% (1/1)"/>
            <line number="75" hits="5" branch="true" condition-coverage="100% (1/1)"/>
            <line number="76" hits="1" branch="false"/>
            <line number="77" hits="1" branch="true" condition-coverage="100% (1/1)"/>
            <line number="79" hits="2" branch="false"/>
            <line number="80" hits="2" branch="false"/>
            <line number="81" hits="5" branch="true" condition-coverage="50% (1/2)"/>
            <line number="82" hits="2" branch="false"/>
            <line number="83" hits="2" branch="false"/>
            <line number="84" hits="2" branch="false"/>
            <line number="85" hits="2" branch="false"/>
            <line number="86" hits="2" branch="false"/>
            <line number="87" hits="2" branch="false"/>
            <line number="88" hits="2" branch="false"/>
            <line number="89" hits="2" branch="false"/>
            <line number="90" hits="5" branch="true" condition-coverage="0% (0/1)"/>
            <line number="91" hits="0" branch="false"/>
            <line number="92" hits="0" branch="false"/>
            <line number="93" hits="5" branch="true" condition-coverage="100% (1/1)"/>
            <line number="94" hits="3" branch="false"/>
            <line number="95" hits="3" branch="false"/>
            <line number="96" hits="3" branch="false"/>
            <line number="97" hits="3" branch="false"/>
            <line number="98" hits="5" branch="false"/>
            <line number="100" hits="5" branch="true" condition-coverage="100% (1/1)"/>
            <line number="101" hits="1" branch="false"/>
            <line number="102" hits="1" branch="false"/>
            <line number="103" hits="1" branch="false"/>
            <line number="104" hits="1" branch="false"/>
            <line number="105" hits="1" branch="false"/>
            <line number="106" hits="1" branch="false"/>
            <line number="107" hits="1" branch="true" condition-coverage="0% (0/1)"/>
            <line number="108" hits="0" branch="false"/>
            <line number="109" hits="1" branch="false"/>
            <line number="110" hits="1" branch="false"/>
            <line number="111" hits="1" branch="false"/>
            <line number="112" hits="1" branch="false"/>
            <line number="113" hits="1" branch="false"/>
            <line number="114" hits="1" branch="false"/>
            <line number="116" hits="5" branch="true" condition-coverage="100% (1/1)"/>
            <line number="117" hits="1" branch="false"/>
            <line number="118" hits="1" branch="false"/>
            <line number="119" hits="1" branch="false"/>
            <line number="120" hits="1" branch="false"/>
            <line number="121" hits="1" branch="false"/>
            <line number="122" hits="1" branch="false"/>
            <line number="123" hits="1" branch="false"/>
            <line number="124" hits="1" branch="true" condition-coverage="0% (0/1)"/>
            <line number="125" hits="0" branch="false"/>
            <line number="126" hits="0" branch="false"/>
            <line number="127" hits="1" branch="false"/>
            <line number="129" hits="5" branch="true" condition-coverage="100% (1/1)"/>
            <line number="130" hits="1" branch="false"/>
            <line number="131" hits="1" branch="false"/>
            <line number="132" hits="1" branch="true" condition-coverage="0% (0/1)"/>
            <line number="133" hits="0" branch="false"/>
            <line number="134" hits="0" branch="false"/>
            <line number="135" hits="0" branch="false"/>
            <line number="136" hits="0" branch="false"/>
            <line number="137" hits="0" branch="false"/>
            <line number="138" hits="0" branch="false"/>
            <line number="139" hits="1" branch="false"/>
            <line number="140" hits="1" branch="false"/>
            <line number="141" hits="1" branch="false"/>
            <line number="142" hits="1" branch="true" condition-coverage="0% (0/1)"/>
            <line number="143" hits="0" branch="false"/>
            <line number="144" hits="0" branch="false"/>
            <line number="145" hits="1" branch="false"/>
            <line number="147" hits="5" branch="true" condition-coverage="100% (1/1)"/>
            <line number="148" hits="2" branch="false"/>
            <line number="149" hits="2" branch="true" condition-coverage="100% (1/1)"/>
            <line number="150" hits="1" branch="false"/>
            <line number="151" hits="1" branch="false"/>
            <line number="152" hits="1" branch="false"/>
            <line number="153" hits="1" branch="false"/>
            <line number="154" hits="2" branch="false"/>
            <line number="156" hits="5" branch="true" condition-coverage="100% (1/1)"/>
            <line number="157" hits="3" branch="false"/>
            <line number="158" hits="3" branch="true" condition-coverage="0% (0/1)"/>
            <line number="159" hits="3" branch="true" condition-coverage="0% (0/1)"/>
            <line number="161" hits="3" branch="false"/>
            <line number="162" hits="3" branch="false"/>
            <line number="164" hits="3" branch="false"/>
            <line number="165" hits="3" branch="true" condition-coverage="100% (1/1)"/>
            <line number="166" hits="2" branch="false"/>
            <line number="167" hits="2" branch="false"/>
            <line number="168" hits="2" branch="false"/>
            <line number="169" hits="2" branch="false"/>
            <line number="170" hits="2" branch="false"/>
            <line number="171" hits="2" branch="false"/>
            <line number="172" hits="2" branch="false"/>
            <line number="173" hits="2" branch="false"/>
            <line number="174" hits="2" branch="false"/>
            <line number="175" hits="2" branch="true" condition-coverage="100% (1/1)"/>
            <line number="176" hits="1" branch="false"/>
            <line number="177" hits="1" branch="false"/>
            <line number="178" hits="3" branch="false"/>
            <line number="180" hits="3" branch="false"/>
            <line number="181" hits="3" branch="false"/>
            <line number="183" hits="5" branch="true" condition-coverage="100% (1/1)"/>
            <line number="184" hits="5" branch="false"/>
            <line number="185" hits="5" branch="true" condition-coverage="100% (2/2)"/>
            <line number="186" hits="3" branch="false"/>
            <line number="187" hits="3" branch="true" condition-coverage="100% (1/1)"/>
            <line number="188" hits="2" branch="false"/>
            <line number="189" hits="2" branch="true" condition-coverage="100% (1/1)"/>
            <line number="190" hits="5" branch="true" condition-coverage="100% (1/1)"/>
            <line number="191" hits="4" branch="false"/>
            <line number="192" hits="4" branch="false"/>
            <line number="193" hits="5" branch="false"/>
            <line number="195" hits="5" branch="false"/>
            <line number="196" hits="5" branch="false"/>
            <line number="197" hits="5" branch="false"/>
            <line number="198" hits="5" branch="false"/>
            <line number="199" hits="5" branch="false"/>
            <line number="200" hits="5" branch="false"/>
            <line number="201" hits="5" branch="false"/>
            <line number="202" hits="5" branch="false"/>
            <line number="203" hits="5" branch="false"/>
            <line number="204" hits="5" branch="false"/>
            <line number="205" hits="5" branch="false"/>
            <line number="206" hits="5" branch="false"/>
            <line number="207" hits="5" branch="false"/>
          </lines>
        </class>
        <class name="main.js" filename="src/main.js" line-rate="1" branch-rate="1">
          <methods>
          </methods>
          <lines>
            <line number="1" hits="1" branch="false"/>
            <line number="2" hits="1" branch="false"/>
            <line number="3" hits="1" branch="false"/>
            <line number="4" hits="1" branch="false"/>
            <line number="5" hits="1" branch="false"/>
            <line number="6" hits="1" branch="false"/>
            <line number="7" hits="1" branch="false"/>
            <line number="8" hits="1" branch="false"/>
            <line number="9" hits="1" branch="false"/>
            <line number="10" hits="1" branch="false"/>
            <line number="11" hits="1" branch="false"/>
            <line number="12" hits="1" branch="false"/>
            <line number="13" hits="1" branch="false"/>
            <line number="14" hits="1" branch="false"/>
            <line number="15" hits="1" branch="false"/>
            <line number="16" hits="1" branch="false"/>
          </lines>
        </class>
      </classes>
    </package>
    <package name="compliance_checklist.src.components" line-rate="0.9811" branch-rate="0.9512">
      <classes>
        <class name="ChecklistRow.vue" filename="src/components/ChecklistRow.vue" line-rate="0.975" branch-rate="0.9411">
          <methods>
            <method name="evidenceUpload" hits="0" signature="()V">
              <lines>
                <line number="127" hits="0"/>
              </lines>
            </method>
            <method name="radioChange" hits="1" signature="()V">
              <lines>
                <line number="140" hits="1"/>
              </lines>
            </method>
            <method name="textAreaChange" hits="1" signature="()V">
              <lines>
                <line number="144" hits="1"/>
              </lines>
            </method>
            <method name="nonConformityChange" hits="0" signature="()V">
              <lines>
                <line number="148" hits="0"/>
              </lines>
            </method>
            <method name="evidenceChange" hits="3" signature="()V">
              <lines>
                <line number="152" hits="3"/>
              </lines>
            </method>
            <method name="removeEvidence" hits="2" signature="()V">
              <lines>
                <line number="183" hits="2"/>
              </lines>
            </method>
            <method name="openCamera" hits="1" signature="()V">
              <lines>
                <line number="195" hits="1"/>
              </lines>
            </method>
            <method name="capturePhoto" hits="1" signature="()V">
              <lines>
                <line number="201" hits="1"/>
              </lines>
            </method>
            <method name="blob" hits="1" signature="()V">
              <lines>
                <line number="206" hits="1"/>
              </lines>
            </method>
            <method name="closeCameraModal" hits="2" signature="()V">
              <lines>
                <line number="222" hits="2"/>
              </lines>
            </method>
            <method name="__vite_ssr_import_7__.createElementBlock.__vite_ssr_import_7__.createElementVNode.onChange._cache.&lt;computed&gt;._cache.&lt;computed&gt;" hits="1" signature="()V">
              <lines>
                <line number="19" hits="1"/>
              </lines>
            </method>
            <method name="__vite_ssr_import_7__.createElementBlock.__vite_ssr_import_7__.createElementVNode.__vite_ssr_import_7__.createElementVNode.__vite_ssr_import_7__.createElementVNode.__vite_ssr_import_7__.createElementVNode.onInput._cache.&lt;computed&gt;._cache.&lt;computed&gt;" hits="0" signature="()V">
              <lines>
                <line number="30" hits="0"/>
              </lines>
            </method>
            <method name="__vite_ssr_import_7__.createElementBlock.__vite_ssr_import_7__.createElementVNode.__vite_ssr_import_7__.createElementVNode.__vite_ssr_import_7__.createElementVNode.onInput._cache.&lt;computed&gt;._cache.&lt;computed&gt;" hits="1" signature="()V">
              <lines>
                <line number="39" hits="1"/>
              </lines>
            </method>
            <method name="__vite_ssr_import_7__.createElementBlock.__vite_ssr_import_7__.createElementVNode.__vite_ssr_import_7__.createElementVNode.__vite_ssr_import_7__.createElementVNode.__vite_ssr_import_7__.createElementVNode.onChange._cache.&lt;computed&gt;._cache.&lt;computed&gt;" hits="3" signature="()V">
              <lines>
                <line number="53" hits="3"/>
              </lines>
            </method>
            <method name="__vite_ssr_import_7__.createElementBlock.__vite_ssr_import_7__.createElementVNode.__vite_ssr_import_7__.createElementVNode.__vite_ssr_import_7__.createElementVNode.__vite_ssr_import_7__.createElementVNode.onClick._cache.&lt;computed&gt;._cache.&lt;computed&gt;" hits="0" signature="()V">
              <lines>
                <line number="61" hits="0"/>
              </lines>
            </method>
            <method name="onClick" hits="2" signature="()V">
              <lines>
                <line number="82" hits="2"/>
              </lines>
            </method>
          </methods>
          <lines>
            <line number="1" hits="1" branch="false"/>
            <line number="2" hits="1" branch="false"/>
            <line number="3" hits="1" branch="false"/>
            <line number="4" hits="1" branch="false"/>
            <line number="5" hits="1" branch="false"/>
            <line number="6" hits="1" branch="false"/>
            <line number="7" hits="1" branch="false"/>
            <line number="8" hits="1" branch="false"/>
            <line number="9" hits="1" branch="false"/>
            <line number="10" hits="1" branch="false"/>
            <line number="11" hits="1" branch="false"/>
            <line number="12" hits="1" branch="false"/>
            <line number="13" hits="1" branch="false"/>
            <line number="14" hits="1" branch="false"/>
            <line number="15" hits="1" branch="false"/>
            <line number="16" hits="1" branch="false"/>
            <line number="17" hits="1" branch="false"/>
            <line number="18" hits="1" branch="false"/>
            <line number="19" hits="1" branch="true" condition-coverage="100% (2/2)"/>
            <line number="20" hits="1" branch="false"/>
            <line number="21" hits="1" branch="false"/>
            <line number="22" hits="1" branch="true" condition-coverage="100% (1/1)"/>
            <line number="23" hits="1" branch="false"/>
            <line number="24" hits="1" branch="false"/>
            <line number="25" hits="1" branch="false"/>
            <line number="26" hits="1" branch="false"/>
            <line number="27" hits="1" branch="false"/>
            <line number="28" hits="1" branch="false"/>
            <line number="29" hits="1" branch="false"/>
            <line number="30" hits="1" branch="true" condition-coverage="100% (1/1)"/>
            <line number="31" hits="1" branch="false"/>
            <line number="32" hits="1" branch="false"/>
            <line number="33" hits="1" branch="false"/>
            <line number="34" hits="1" branch="false"/>
            <line number="35" hits="1" branch="false"/>
            <line number="36" hits="1" branch="false"/>
            <line number="37" hits="1" branch="false"/>
            <line number="38" hits="1" branch="false"/>
            <line number="39" hits="1" branch="true" condition-coverage="100% (2/2)"/>
            <line number="40" hits="1" branch="false"/>
            <line number="41" hits="1" branch="false"/>
            <line number="42" hits="1" branch="false"/>
            <line number="43" hits="1" branch="false"/>
            <line number="44" hits="1" branch="false"/>
            <line number="45" hits="1" branch="false"/>
            <line number="46" hits="1" branch="false"/>
            <line number="47" hits="1" branch="false"/>
            <line number="48" hits="1" branch="false"/>
            <line number="49" hits="1" branch="false"/>
            <line number="50" hits="1" branch="false"/>
            <line number="51" hits="1" branch="false"/>
            <line number="52" hits="1" branch="false"/>
            <line number="53" hits="1" branch="true" condition-coverage="100% (2/2)"/>
            <line number="54" hits="1" branch="false"/>
            <line number="55" hits="1" branch="false"/>
            <line number="56" hits="1" branch="false"/>
            <line number="57" hits="1" branch="false"/>
            <line number="58" hits="1" branch="false"/>
            <line number="59" hits="1" branch="false"/>
            <line number="60" hits="1" branch="false"/>
            <line number="61" hits="1" branch="true" condition-coverage="100% (1/1)"/>
            <line number="62" hits="1" branch="false"/>
            <line number="63" hits="1" branch="false"/>
            <line number="64" hits="1" branch="false"/>
            <line number="65" hits="1" branch="false"/>
            <line number="66" hits="1" branch="false"/>
            <line number="67" hits="1" branch="false"/>
            <line number="68" hits="1" branch="false"/>
            <line number="69" hits="1" branch="false"/>
            <line number="70" hits="1" branch="false"/>
            <line number="71" hits="1" branch="false"/>
            <line number="72" hits="1" branch="false"/>
            <line number="73" hits="1" branch="false"/>
            <line number="74" hits="1" branch="false"/>
            <line number="75" hits="1" branch="false"/>
            <line number="76" hits="1" branch="false"/>
            <line number="77" hits="1" branch="false"/>
            <line number="78" hits="1" branch="false"/>
            <line number="79" hits="1" branch="false"/>
            <line number="80" hits="1" branch="false"/>
            <line number="81" hits="1" branch="false"/>
            <line number="82" hits="1" branch="true" condition-coverage="100% (1/1)"/>
            <line number="83" hits="1" branch="false"/>
            <line number="84" hits="1" branch="false"/>
            <line number="85" hits="1" branch="true" condition-coverage="100% (1/1)"/>
            <line number="86" hits="1" branch="true" condition-coverage="100% (1/1)"/>
            <line number="87" hits="1" branch="true" condition-coverage="100% (1/1)"/>
            <line number="88" hits="1" branch="false"/>
            <line number="89" hits="1" branch="false"/>
            <line number="90" hits="1" branch="false"/>
            <line number="91" hits="1" branch="false"/>
            <line number="92" hits="1" branch="false"/>
            <line number="93" hits="1" branch="false"/>
            <line number="94" hits="1" branch="false"/>
            <line number="95" hits="1" branch="false"/>
            <line number="96" hits="1" branch="false"/>
            <line number="97" hits="1" branch="false"/>
            <line number="98" hits="1" branch="false"/>
            <line number="99" hits="1" branch="false"/>
            <line number="103" hits="1" branch="false"/>
            <line number="104" hits="1" branch="false"/>
            <line number="105" hits="1" branch="false"/>
            <line number="106" hits="1" branch="false"/>
            <line number="107" hits="1" branch="false"/>
            <line number="108" hits="1" branch="false"/>
            <line number="109" hits="1" branch="false"/>
            <line number="111" hits="1" branch="false"/>
            <line number="118" hits="1" branch="false"/>
            <line number="119" hits="1" branch="false"/>
            <line number="121" hits="1" branch="false"/>
            <line number="122" hits="1" branch="false"/>
            <line number="123" hits="1" branch="false"/>
            <line number="124" hits="1" branch="false"/>
            <line number="125" hits="1" branch="false"/>
            <line number="127" hits="1" branch="false"/>
            <line number="128" hits="0" branch="false"/>
            <line number="129" hits="0" branch="false"/>
            <line number="130" hits="0" branch="false"/>
            <line number="132" hits="1" branch="false"/>
            <line number="133" hits="1" branch="false"/>
            <line number="134" hits="1" branch="false"/>
            <line number="136" hits="1" branch="false"/>
            <line number="137" hits="1" branch="false"/>
            <line number="138" hits="1" branch="false"/>
            <line number="140" hits="1" branch="true" condition-coverage="100% (1/1)"/>
            <line number="141" hits="1" branch="false"/>
            <line number="142" hits="1" branch="false"/>
            <line number="144" hits="1" branch="true" condition-coverage="100% (1/1)"/>
            <line number="145" hits="1" branch="false"/>
            <line number="146" hits="1" branch="false"/>
            <line number="148" hits="1" branch="false"/>
            <line number="149" hits="0" branch="false"/>
            <line number="150" hits="0" branch="false"/>
            <line number="152" hits="1" branch="true" condition-coverage="100% (1/1)"/>
            <line number="153" hits="3" branch="false"/>
            <line number="154" hits="3" branch="true" condition-coverage="0% (0/1)"/>
            <line number="156" hits="3" branch="true" condition-coverage="100% (1/1)"/>
            <line number="157" hits="4" branch="false"/>
            <line number="158" hits="4" branch="false"/>
            <line number="159" hits="4" branch="true" condition-coverage="100% (1/1)"/>
            <line number="161" hits="3" branch="true" condition-coverage="100% (1/1)"/>
            <line number="163" hits="4" branch="true" condition-coverage="100% (1/1)"/>
            <line number="164" hits="2" branch="false"/>
            <line number="165" hits="2" branch="true" condition-coverage="100% (1/1)"/>
            <line number="166" hits="1" branch="false"/>
            <line number="167" hits="1" branch="false"/>
            <line number="168" hits="1" branch="false"/>
            <line number="169" hits="4" branch="true" condition-coverage="100% (1/1)"/>
            <line number="170" hits="1" branch="false"/>
            <line number="171" hits="1" branch="false"/>
            <line number="172" hits="1" branch="false"/>
            <line number="173" hits="4" branch="true" condition-coverage="100% (1/1)"/>
            <line number="174" hits="1" branch="false"/>
            <line number="175" hits="1" branch="false"/>
            <line number="176" hits="1" branch="false"/>
            <line number="177" hits="4" branch="false"/>
            <line number="179" hits="3" branch="false"/>
            <line number="180" hits="3" branch="false"/>
            <line number="181" hits="3" branch="false"/>
            <line number="183" hits="1" branch="true" condition-coverage="100% (1/1)"/>
            <line number="184" hits="2" branch="false"/>
            <line number="185" hits="2" branch="true" condition-coverage="100% (1/1)"/>
            <line number="186" hits="1" branch="false"/>
            <line number="187" hits="1" branch="false"/>
            <line number="188" hits="1" branch="false"/>
            <line number="189" hits="1" branch="false"/>
            <line number="191" hits="2" branch="true" condition-coverage="100% (1/1)"/>
            <line number="192" hits="2" branch="false"/>
            <line number="193" hits="2" branch="false"/>
            <line number="195" hits="1" branch="true" condition-coverage="100% (1/1)"/>
            <line number="196" hits="1" branch="false"/>
            <line number="197" hits="1" branch="false"/>
            <line number="198" hits="1" branch="false"/>
            <line number="199" hits="1" branch="false"/>
            <line number="201" hits="1" branch="true" condition-coverage="100% (1/1)"/>
            <line number="202" hits="1" branch="false"/>
            <line number="203" hits="1" branch="false"/>
            <line number="204" hits="1" branch="false"/>
            <line number="205" hits="1" branch="false"/>
            <line number="206" hits="1" branch="true" condition-coverage="100% (1/1)"/>
            <line number="207" hits="1" branch="false"/>
            <line number="208" hits="1" branch="false"/>
            <line number="209" hits="1" branch="false"/>
            <line number="210" hits="1" branch="false"/>
            <line number="211" hits="1" branch="true" condition-coverage="0% (0/1)"/>
            <line number="212" hits="1" branch="false"/>
            <line number="213" hits="1" branch="true" condition-coverage="100% (1/1)"/>
            <line number="214" hits="1" branch="false"/>
            <line number="215" hits="1" branch="false"/>
            <line number="216" hits="1" branch="false"/>
            <line number="217" hits="1" branch="false"/>
            <line number="218" hits="1" branch="false"/>
            <line number="219" hits="1" branch="false"/>
            <line number="220" hits="1" branch="false"/>
            <line number="222" hits="1" branch="true" condition-coverage="100% (1/1)"/>
            <line number="223" hits="2" branch="false"/>
            <line number="224" hits="2" branch="false"/>
            <line number="225" hits="2" branch="true" condition-coverage="100% (1/1)"/>
            <line number="226" hits="2" branch="false"/>
            <line number="227" hits="2" branch="false"/>
          </lines>
        </class>
        <class name="ChecklistTable.vue" filename="src/components/ChecklistTable.vue" line-rate="1" branch-rate="1">
          <methods>
            <method name="topicChange" hits="38" signature="()V">
              <lines>
                <line number="47" hits="38"/>
              </lines>
            </method>
          </methods>
          <lines>
            <line number="1" hits="1" branch="false"/>
            <line number="2" hits="1" branch="false"/>
            <line number="3" hits="1" branch="false"/>
            <line number="4" hits="1" branch="false"/>
            <line number="5" hits="1" branch="false"/>
            <line number="6" hits="1" branch="false"/>
            <line number="7" hits="1" branch="false"/>
            <line number="8" hits="1" branch="false"/>
            <line number="9" hits="1" branch="false"/>
            <line number="10" hits="1" branch="false"/>
            <line number="11" hits="1" branch="false"/>
            <line number="12" hits="1" branch="false"/>
            <line number="13" hits="1" branch="false"/>
            <line number="14" hits="1" branch="false"/>
            <line number="15" hits="1" branch="false"/>
            <line number="16" hits="1" branch="false"/>
            <line number="17" hits="1" branch="false"/>
            <line number="18" hits="1" branch="false"/>
            <line number="19" hits="1" branch="false"/>
            <line number="20" hits="1" branch="false"/>
            <line number="21" hits="1" branch="false"/>
            <line number="22" hits="1" branch="false"/>
            <line number="23" hits="1" branch="false"/>
            <line number="24" hits="1" branch="false"/>
            <line number="25" hits="1" branch="true" condition-coverage="100% (2/2)"/>
            <line number="26" hits="1" branch="false"/>
            <line number="27" hits="1" branch="false"/>
            <line number="28" hits="1" branch="false"/>
            <line number="29" hits="1" branch="false"/>
            <line number="30" hits="1" branch="true" condition-coverage="100% (1/1)"/>
            <line number="31" hits="1" branch="false"/>
            <line number="32" hits="1" branch="false"/>
            <line number="33" hits="1" branch="false"/>
            <line number="37" hits="1" branch="false"/>
            <line number="38" hits="1" branch="false"/>
            <line number="39" hits="1" branch="false"/>
            <line number="41" hits="1" branch="false"/>
            <line number="42" hits="1" branch="false"/>
            <line number="43" hits="1" branch="false"/>
            <line number="45" hits="1" branch="false"/>
            <line number="47" hits="1" branch="true" condition-coverage="100% (1/1)"/>
            <line number="48" hits="38" branch="true" condition-coverage="100% (2/2)"/>
            <line number="49" hits="1" branch="false"/>
            <line number="50" hits="1" branch="false"/>
            <line number="51" hits="38" branch="true" condition-coverage="100% (1/1)"/>
            <line number="52" hits="37" branch="false"/>
            <line number="53" hits="37" branch="false"/>
            <line number="54" hits="37" branch="false"/>
            <line number="55" hits="37" branch="false"/>
            <line number="56" hits="38" branch="false"/>
          </lines>
        </class>
        <class name="ModalWindow.vue" filename="src/components/ModalWindow.vue" line-rate="1" branch-rate="1">
          <methods>
          </methods>
          <lines>
            <line number="1" hits="1" branch="false"/>
            <line number="2" hits="1" branch="false"/>
            <line number="3" hits="1" branch="false"/>
            <line number="4" hits="1" branch="false"/>
            <line number="5" hits="1" branch="false"/>
            <line number="6" hits="1" branch="false"/>
            <line number="7" hits="1" branch="false"/>
            <line number="8" hits="1" branch="false"/>
            <line number="10" hits="1" branch="false"/>
            <line number="11" hits="1" branch="false"/>
            <line number="12" hits="1" branch="false"/>
            <line number="13" hits="1" branch="false"/>
            <line number="14" hits="1" branch="false"/>
            <line number="15" hits="1" branch="false"/>
            <line number="19" hits="1" branch="false"/>
          </lines>
        </class>
      </classes>
    </package>
    <package name="compliance_checklist.src.stores" line-rate="0.9617" branch-rate="0.8665999999999999">
      <classes>
        <class name="checklistStore.js" filename="src/stores/checklistStore.js" line-rate="0.9732" branch-rate="0.7">
          <methods>
            <method name="loadChecklist" hits="3" signature="()V">
              <lines>
                <line number="44" hits="3"/>
              </lines>
            </method>
            <method name="showFinalize" hits="1" signature="()V">
              <lines>
                <line number="65" hits="1"/>
              </lines>
            </method>
            <method name="confirmModal" hits="3" signature="()V">
              <lines>
                <line number="71" hits="3"/>
              </lines>
            </method>
            <method name="checkDefaultPath" hits="1" signature="()V">
              <lines>
                <line number="94" hits="1"/>
              </lines>
            </method>
            <method name="exportChecklist" hits="2" signature="()V">
              <lines>
                <line number="107" hits="2"/>
              </lines>
            </method>
            <method name="makeLine" hits="13" signature="()V">
              <lines>
                <line number="111" hits="13"/>
              </lines>
            </method>
          </methods>
          <lines>
            <line number="1" hits="1" branch="false"/>
            <line number="7" hits="1" branch="true" condition-coverage="100% (1/1)"/>
            <line number="8" hits="11" branch="false"/>
            <line number="9" hits="11" branch="false"/>
            <line number="10" hits="11" branch="false"/>
            <line number="12" hits="11" branch="false"/>
            <line number="13" hits="11" branch="false"/>
            <line number="14" hits="11" branch="false"/>
            <line number="15" hits="11" branch="false"/>
            <line number="16" hits="11" branch="false"/>
            <line number="17" hits="11" branch="false"/>
            <line number="18" hits="11" branch="false"/>
            <line number="19" hits="11" branch="false"/>
            <line number="20" hits="11" branch="false"/>
            <line number="22" hits="11" branch="false"/>
            <line number="23" hits="11" branch="false"/>
            <line number="24" hits="11" branch="false"/>
            <line number="25" hits="11" branch="false"/>
            <line number="26" hits="11" branch="false"/>
            <line number="27" hits="11" branch="false"/>
            <line number="29" hits="11" branch="false"/>
            <line number="30" hits="11" branch="false"/>
            <line number="31" hits="11" branch="false"/>
            <line number="32" hits="11" branch="false"/>
            <line number="33" hits="11" branch="false"/>
            <line number="35" hits="11" branch="false"/>
            <line number="36" hits="11" branch="false"/>
            <line number="37" hits="11" branch="false"/>
            <line number="38" hits="11" branch="false"/>
            <line number="39" hits="11" branch="false"/>
            <line number="40" hits="11" branch="false"/>
            <line number="41" hits="11" branch="false"/>
            <line number="43" hits="11" branch="false"/>
            <line number="44" hits="11" branch="true" condition-coverage="100% (1/1)"/>
            <line number="45" hits="3" branch="false"/>
            <line number="46" hits="3" branch="false"/>
            <line number="47" hits="3" branch="false"/>
            <line number="49" hits="3" branch="false"/>
            <line number="50" hits="3" branch="true" condition-coverage="100% (1/1)"/>
            <line number="51" hits="2" branch="false"/>
            <line number="52" hits="2" branch="true" condition-coverage="100% (1/1)"/>
            <line number="53" hits="1" branch="false"/>
            <line number="55" hits="1" branch="false"/>
            <line number="56" hits="1" branch="false"/>
            <line number="57" hits="1" branch="false"/>
            <line number="58" hits="3" branch="true" condition-coverage="100% (1/1)"/>
            <line number="59" hits="1" branch="false"/>
            <line number="60" hits="1" branch="false"/>
            <line number="61" hits="1" branch="false"/>
            <line number="62" hits="3" branch="false"/>
            <line number="63" hits="3" branch="false"/>
            <line number="65" hits="11" branch="true" condition-coverage="100% (1/1)"/>
            <line number="66" hits="1" branch="false"/>
            <line number="67" hits="1" branch="false"/>
            <line number="68" hits="1" branch="false"/>
            <line number="69" hits="1" branch="false"/>
            <line number="70" hits="1" branch="false"/>
            <line number="71" hits="11" branch="true" condition-coverage="100% (1/1)"/>
            <line number="72" hits="3" branch="false"/>
            <line number="73" hits="3" branch="false"/>
            <line number="74" hits="3" branch="false"/>
            <line number="75" hits="3" branch="true" condition-coverage="100% (1/1)"/>
            <line number="76" hits="1" branch="false"/>
            <line number="77" hits="1" branch="false"/>
            <line number="78" hits="1" branch="false"/>
            <line number="79" hits="1" branch="false"/>
            <line number="80" hits="3" branch="true" condition-coverage="100% (1/1)"/>
            <line number="81" hits="1" branch="true" condition-coverage="100% (1/1)"/>
            <line number="82" hits="1" branch="false"/>
            <line number="83" hits="1" branch="false"/>
            <line number="84" hits="1" branch="false"/>
            <line number="85" hits="3" branch="true" condition-coverage="100% (1/1)"/>
            <line number="86" hits="1" branch="false"/>
            <line number="87" hits="1" branch="false"/>
            <line number="88" hits="3" branch="false"/>
            <line number="89" hits="3" branch="true" condition-coverage="0% (0/1)"/>
            <line number="90" hits="0" branch="false"/>
            <line number="91" hits="0" branch="false"/>
            <line number="92" hits="0" branch="false"/>
            <line number="93" hits="3" branch="false"/>
            <line number="94" hits="11" branch="true" condition-coverage="100% (1/1)"/>
            <line number="95" hits="1" branch="false"/>
            <line number="96" hits="1" branch="false"/>
            <line number="97" hits="1" branch="false"/>
            <line number="98" hits="1" branch="false"/>
            <line number="99" hits="1" branch="false"/>
            <line number="100" hits="1" branch="false"/>
            <line number="101" hits="1" branch="false"/>
            <line number="102" hits="1" branch="true" condition-coverage="0% (0/1)"/>
            <line number="103" hits="0" branch="false"/>
            <line number="104" hits="0" branch="false"/>
            <line number="105" hits="1" branch="false"/>
            <line number="107" hits="11" branch="true" condition-coverage="100% (1/1)"/>
            <line number="108" hits="2" branch="false"/>
            <line number="109" hits="2" branch="false"/>
            <line number="111" hits="2" branch="true" condition-coverage="100% (1/1)"/>
            <line number="112" hits="13" branch="true" condition-coverage="0% (0/1)"/>
            <line number="114" hits="13" branch="false"/>
            <line number="115" hits="13" branch="false"/>
            <line number="117" hits="13" branch="false"/>
            <line number="118" hits="13" branch="false"/>
            <line number="120" hits="2" branch="true" condition-coverage="100% (1/1)"/>
            <line number="121" hits="1" branch="false"/>
            <line number="122" hits="1" branch="false"/>
            <line number="124" hits="1" branch="false"/>
            <line number="126" hits="1" branch="false"/>
            <line number="127" hits="1" branch="false"/>
            <line number="128" hits="1" branch="false"/>
            <line number="129" hits="1" branch="false"/>
            <line number="130" hits="2" branch="true" condition-coverage="0% (0/1)"/>
            <line number="131" hits="2" branch="false"/>
            <line number="132" hits="2" branch="false"/>
            <line number="133" hits="2" branch="false"/>
            <line number="134" hits="2" branch="false"/>
            <line number="135" hits="2" branch="false"/>
            <line number="136" hits="2" branch="false"/>
            <line number="137" hits="2" branch="true" condition-coverage="50% (1/2)"/>
            <line number="138" hits="2" branch="false"/>
            <line number="139" hits="2" branch="false"/>
            <line number="140" hits="2" branch="false"/>
            <line number="141" hits="2" branch="false"/>
            <line number="142" hits="2" branch="false"/>
            <line number="143" hits="2" branch="false"/>
            <line number="144" hits="2" branch="true" condition-coverage="50% (1/2)"/>
            <line number="145" hits="2" branch="false"/>
            <line number="146" hits="2" branch="false"/>
            <line number="147" hits="2" branch="false"/>
            <line number="148" hits="2" branch="false"/>
            <line number="149" hits="2" branch="false"/>
            <line number="150" hits="2" branch="false"/>
            <line number="151" hits="2" branch="false"/>
            <line number="152" hits="2" branch="false"/>
            <line number="153" hits="2" branch="false"/>
            <line number="154" hits="2" branch="false"/>
            <line number="155" hits="2" branch="false"/>
            <line number="156" hits="2" branch="false"/>
            <line number="157" hits="2" branch="false"/>
            <line number="158" hits="2" branch="false"/>
            <line number="159" hits="2" branch="false"/>
            <line number="160" hits="2" branch="false"/>
            <line number="161" hits="2" branch="false"/>
            <line number="162" hits="2" branch="true" condition-coverage="100% (1/1)"/>
            <line number="163" hits="6" branch="false"/>
            <line number="164" hits="6" branch="true" condition-coverage="100% (1/1)"/>
            <line number="165" hits="5" branch="false"/>
            <line number="166" hits="6" branch="true" condition-coverage="100% (1/1)"/>
            <line number="167" hits="2" branch="false"/>
            <line number="168" hits="2" branch="false"/>
            <line number="169" hits="2" branch="false"/>
            <line number="170" hits="2" branch="false"/>
            <line number="171" hits="2" branch="false"/>
            <line number="172" hits="2" branch="true" condition-coverage="0% (0/1)"/>
            <line number="173" hits="2" branch="false"/>
            <line number="174" hits="2" branch="false"/>
            <line number="175" hits="2" branch="false"/>
            <line number="176" hits="2" branch="false"/>
            <line number="177" hits="2" branch="true" condition-coverage="0% (0/1)"/>
            <line number="178" hits="2" branch="true" condition-coverage="0% (0/1)"/>
            <line number="179" hits="2" branch="false"/>
            <line number="180" hits="2" branch="false"/>
            <line number="181" hits="2" branch="false"/>
            <line number="182" hits="6" branch="true" condition-coverage="100% (1/1)"/>
            <line number="183" hits="1" branch="false"/>
            <line number="184" hits="1" branch="false"/>
            <line number="185" hits="1" branch="false"/>
            <line number="186" hits="1" branch="false"/>
            <line number="187" hits="1" branch="false"/>
            <line number="188" hits="1" branch="false"/>
            <line number="189" hits="1" branch="false"/>
            <line number="190" hits="2" branch="false"/>
            <line number="192" hits="11" branch="false"/>
            <line number="193" hits="11" branch="false"/>
            <line number="194" hits="11" branch="false"/>
            <line number="195" hits="11" branch="false"/>
            <line number="196" hits="11" branch="false"/>
            <line number="197" hits="11" branch="false"/>
            <line number="198" hits="11" branch="false"/>
            <line number="199" hits="11" branch="false"/>
            <line number="200" hits="11" branch="false"/>
            <line number="201" hits="11" branch="false"/>
            <line number="202" hits="11" branch="false"/>
            <line number="203" hits="11" branch="false"/>
            <line number="204" hits="11" branch="false"/>
            <line number="205" hits="11" branch="false"/>
            <line number="206" hits="11" branch="false"/>
            <line number="207" hits="11" branch="false"/>
            <line number="208" hits="11" branch="false"/>
          </lines>
        </class>
        <class name="evidenceStore.js" filename="src/stores/evidenceStore.js" line-rate="0.9722" branch-rate="1">
          <methods>
            <method name="reset" hits="1" signature="()V">
              <lines>
                <line number="13" hits="1"/>
              </lines>
            </method>
            <method name="load" hits="2" signature="()V">
              <lines>
                <line number="19" hits="2"/>
              </lines>
            </method>
            <method name="updateCount" hits="1" signature="()V">
              <lines>
                <line number="28" hits="1"/>
              </lines>
            </method>
            <method name="add" hits="5" signature="()V">
              <lines>
                <line number="40" hits="5"/>
              </lines>
            </method>
            <method name="addCount" hits="0" signature="()V">
              <lines>
                <line number="64" hits="0"/>
              </lines>
            </method>
            <method name="subtract" hits="3" signature="()V">
              <lines>
                <line number="68" hits="3"/>
              </lines>
            </method>
          </methods>
          <lines>
            <line number="1" hits="1" branch="false"/>
            <line number="6" hits="1" branch="true" condition-coverage="100% (1/1)"/>
            <line number="7" hits="12" branch="false"/>
            <line number="9" hits="12" branch="false"/>
            <line number="10" hits="12" branch="false"/>
            <line number="12" hits="12" branch="false"/>
            <line number="13" hits="12" branch="true" condition-coverage="100% (1/1)"/>
            <line number="14" hits="1" branch="true" condition-coverage="100% (1/1)"/>
            <line number="15" hits="2" branch="false"/>
            <line number="16" hits="2" branch="false"/>
            <line number="17" hits="1" branch="false"/>
            <line number="19" hits="12" branch="true" condition-coverage="100% (1/1)"/>
            <line number="20" hits="2" branch="false"/>
            <line number="21" hits="2" branch="true" condition-coverage="100% (1/1)"/>
            <line number="22" hits="2" branch="false"/>
            <line number="23" hits="2" branch="false"/>
            <line number="24" hits="2" branch="false"/>
            <line number="25" hits="2" branch="false"/>
            <line number="26" hits="2" branch="false"/>
            <line number="28" hits="12" branch="true" condition-coverage="100% (1/1)"/>
            <line number="29" hits="1" branch="false"/>
            <line number="31" hits="1" branch="true" condition-coverage="100% (1/1)"/>
            <line number="32" hits="5" branch="true" condition-coverage="100% (1/1)"/>
            <line number="33" hits="3" branch="false"/>
            <line number="34" hits="5" branch="true" condition-coverage="100% (1/1)"/>
            <line number="35" hits="2" branch="false"/>
            <line number="36" hits="2" branch="false"/>
            <line number="37" hits="5" branch="false"/>
            <line number="38" hits="1" branch="false"/>
            <line number="40" hits="12" branch="true" condition-coverage="100% (1/1)"/>
            <line number="41" hits="5" branch="false"/>
            <line number="42" hits="5" branch="false"/>
            <line number="43" hits="5" branch="false"/>
            <line number="45" hits="5" branch="false"/>
            <line number="46" hits="5" branch="true" condition-coverage="100% (1/1)"/>
            <line number="47" hits="3" branch="false"/>
            <line number="48" hits="3" branch="true" condition-coverage="100% (1/1)"/>
            <line number="49" hits="1" branch="false"/>
            <line number="50" hits="1" branch="false"/>
            <line number="51" hits="1" branch="false"/>
            <line number="52" hits="3" branch="false"/>
            <line number="53" hits="5" branch="true" condition-coverage="100% (1/1)"/>
            <line number="54" hits="2" branch="true" condition-coverage="100% (1/1)"/>
            <line number="55" hits="1" branch="false"/>
            <line number="56" hits="1" branch="false"/>
            <line number="57" hits="1" branch="false"/>
            <line number="58" hits="2" branch="false"/>
            <line number="59" hits="5" branch="true" condition-coverage="100% (1/1)"/>
            <line number="60" hits="1" branch="false"/>
            <line number="61" hits="1" branch="false"/>
            <line number="62" hits="5" branch="false"/>
            <line number="64" hits="12" branch="false"/>
            <line number="65" hits="0" branch="false"/>
            <line number="66" hits="0" branch="false"/>
            <line number="68" hits="12" branch="true" condition-coverage="100% (1/1)"/>
            <line number="69" hits="3" branch="true" condition-coverage="100% (1/1)"/>
            <line number="70" hits="2" branch="true" condition-coverage="100% (1/1)"/>
            <line number="71" hits="1" branch="false"/>
            <line number="72" hits="3" branch="true" condition-coverage="100% (1/1)"/>
            <line number="73" hits="1" branch="false"/>
            <line number="74" hits="1" branch="false"/>
            <line number="75" hits="3" branch="false"/>
            <line number="77" hits="12" branch="false"/>
            <line number="78" hits="12" branch="false"/>
            <line number="79" hits="12" branch="false"/>
            <line number="80" hits="12" branch="false"/>
            <line number="81" hits="12" branch="false"/>
            <line number="82" hits="12" branch="false"/>
            <line number="83" hits="12" branch="false"/>
            <line number="84" hits="12" branch="false"/>
            <line number="85" hits="12" branch="false"/>
            <line number="86" hits="12" branch="false"/>
          </lines>
        </class>
        <class name="sessionStore.js" filename="src/stores/sessionStore.js" line-rate="0.9345" branch-rate="0.9615">
          <methods>
            <method name="loadSession" hits="10" signature="()V">
              <lines>
                <line number="18" hits="10"/>
              </lines>
            </method>
            <method name="updateSession" hits="2" signature="()V">
              <lines>
                <line number="92" hits="2"/>
              </lines>
            </method>
            <method name="updateGeneralComments" hits="0" signature="()V">
              <lines>
                <line number="100" hits="0"/>
              </lines>
            </method>
            <method name="displayToast" hits="0" signature="()V">
              <lines>
                <line number="105" hits="0"/>
              </lines>
            </method>
            <method name="finalize" hits="2" signature="()V">
              <lines>
                <line number="109" hits="2"/>
              </lines>
            </method>
          </methods>
          <lines>
            <line number="1" hits="1" branch="false"/>
            <line number="7" hits="1" branch="true" condition-coverage="100% (1/1)"/>
            <line number="8" hits="12" branch="false"/>
            <line number="9" hits="12" branch="false"/>
            <line number="10" hits="12" branch="false"/>
            <line number="12" hits="12" branch="false"/>
            <line number="13" hits="12" branch="false"/>
            <line number="14" hits="12" branch="false"/>
            <line number="15" hits="12" branch="false"/>
            <line number="17" hits="12" branch="false"/>
            <line number="18" hits="12" branch="true" condition-coverage="100% (1/1)"/>
            <line number="19" hits="10" branch="false"/>
            <line number="20" hits="10" branch="false"/>
            <line number="21" hits="10" branch="false"/>
            <line number="22" hits="10" branch="false"/>
            <line number="24" hits="10" branch="false"/>
            <line number="25" hits="10" branch="false"/>
            <line number="27" hits="10" branch="false"/>
            <line number="28" hits="10" branch="true" condition-coverage="0% (0/1)"/>
            <line number="29" hits="0" branch="false"/>
            <line number="30" hits="0" branch="false"/>
            <line number="32" hits="10" branch="false"/>
            <line number="33" hits="10" branch="true" condition-coverage="100% (2/2)"/>
            <line number="34" hits="4" branch="false"/>
            <line number="35" hits="4" branch="true" condition-coverage="100% (1/1)"/>
            <line number="37" hits="10" branch="true" condition-coverage="100% (1/1)"/>
            <line number="38" hits="1" branch="false"/>
            <line number="39" hits="1" branch="true" condition-coverage="100% (1/1)"/>
            <line number="41" hits="5" branch="false"/>
            <line number="42" hits="5" branch="true" condition-coverage="100% (1/1)"/>
            <line number="43" hits="10" branch="true" condition-coverage="100% (1/1)"/>
            <line number="44" hits="3" branch="false"/>
            <line number="45" hits="3" branch="true" condition-coverage="100% (1/1)"/>
            <line number="46" hits="24" branch="true" condition-coverage="100% (2/2)"/>
            <line number="47" hits="4" branch="false"/>
            <line number="48" hits="24" branch="true" condition-coverage="100% (1/1)"/>
            <line number="49" hits="20" branch="true" condition-coverage="100% (1/1)"/>
            <line number="50" hits="3" branch="false"/>
            <line number="51" hits="3" branch="false"/>
            <line number="52" hits="3" branch="false"/>
            <line number="53" hits="20" branch="false"/>
            <line number="54" hits="24" branch="false"/>
            <line number="55" hits="3" branch="false"/>
            <line number="56" hits="10" branch="true" condition-coverage="100% (1/1)"/>
            <line number="57" hits="1" branch="false"/>
            <line number="58" hits="1" branch="true" condition-coverage="100% (1/1)"/>
            <line number="59" hits="4" branch="false"/>
            <line number="60" hits="4" branch="false"/>
            <line number="61" hits="4" branch="false"/>
            <line number="63" hits="4" branch="false"/>
            <line number="64" hits="4" branch="false"/>
            <line number="65" hits="4" branch="false"/>
            <line number="67" hits="4" branch="false"/>
            <line number="68" hits="4" branch="false"/>
            <line number="69" hits="4" branch="false"/>
            <line number="71" hits="4" branch="false"/>
            <line number="72" hits="4" branch="true" condition-coverage="100% (1/1)"/>
            <line number="73" hits="3" branch="true" condition-coverage="100% (1/1)"/>
            <line number="74" hits="1" branch="false"/>
            <line number="75" hits="1" branch="false"/>
            <line number="76" hits="3" branch="false"/>
            <line number="77" hits="4" branch="false"/>
            <line number="79" hits="4" branch="false"/>
            <line number="81" hits="10" branch="true" condition-coverage="100% (1/1)"/>
            <line number="82" hits="3" branch="false"/>
            <line number="83" hits="10" branch="true" condition-coverage="100% (1/1)"/>
            <line number="84" hits="1" branch="false"/>
            <line number="85" hits="1" branch="false"/>
            <line number="86" hits="10" branch="true" condition-coverage="100% (1/1)"/>
            <line number="87" hits="5" branch="false"/>
            <line number="88" hits="5" branch="false"/>
            <line number="89" hits="5" branch="false"/>
            <line number="90" hits="10" branch="false"/>
            <line number="92" hits="12" branch="true" condition-coverage="100% (1/1)"/>
            <line number="93" hits="2" branch="false"/>
            <line number="94" hits="2" branch="false"/>
            <line number="95" hits="2" branch="false"/>
            <line number="96" hits="2" branch="false"/>
            <line number="97" hits="2" branch="false"/>
            <line number="99" hits="12" branch="false"/>
            <line number="100" hits="12" branch="false"/>
            <line number="101" hits="0" branch="false"/>
            <line number="102" hits="0" branch="false"/>
            <line number="103" hits="0" branch="false"/>
            <line number="105" hits="12" branch="false"/>
            <line number="106" hits="0" branch="false"/>
            <line number="107" hits="0" branch="false"/>
            <line number="109" hits="12" branch="true" condition-coverage="100% (1/1)"/>
            <line number="110" hits="2" branch="true" condition-coverage="100% (1/1)"/>
            <line number="111" hits="5" branch="true" condition-coverage="100% (1/1)"/>
            <line number="112" hits="3" branch="false"/>
            <line number="113" hits="3" branch="false"/>
            <line number="114" hits="3" branch="false"/>
            <line number="115" hits="3" branch="false"/>
            <line number="116" hits="5" branch="false"/>
            <line number="118" hits="2" branch="false"/>
[...]
            <line number="69" hits="3" branch="true" condition-coverage="100% (1/1)"/>
            <line number="70" hits="2" branch="false"/>
            <line number="71" hits="2" branch="false"/>
            <line number="72" hits="2" branch="false"/>
            <line number="73" hits="3" branch="false"/>
          </lines>
        </class>
        <class name="fileOps.js" filename="utils/fileOps.js" line-rate="0.9795" branch-rate="0.9655">
          <methods>
            <method name="fileExists" hits="12" signature="()V">
              <lines>
                <line number="6" hits="12"/>
              </lines>
            </method>
            <method name="ensureDir" hits="3" signature="()V">
              <lines>
                <line number="22" hits="3"/>
              </lines>
            </method>
            <method name="listDir" hits="3" signature="()V">
              <lines>
                <line number="35" hits="3"/>
              </lines>
            </method>
            <method name="readFile" hits="3" signature="()V">
              <lines>
                <line number="51" hits="3"/>
              </lines>
            </method>
            <method name="saveFile" hits="4" signature="()V">
              <lines>
                <line number="67" hits="4"/>
              </lines>
            </method>
            <method name="deleteFile" hits="2" signature="()V">
              <lines>
                <line number="87" hits="2"/>
              </lines>
            </method>
            <method name="getFileStats" hits="3" signature="()V">
              <lines>
                <line number="97" hits="3"/>
              </lines>
            </method>
          </methods>
          <lines>
            <line number="1" hits="1" branch="false"/>
            <line number="6" hits="1" branch="true" condition-coverage="100% (1/1)"/>
            <line number="7" hits="12" branch="false"/>
            <line number="8" hits="12" branch="false"/>
            <line number="9" hits="12" branch="true" condition-coverage="100% (1/1)"/>
            <line number="10" hits="6" branch="false"/>
            <line number="11" hits="6" branch="false"/>
            <line number="12" hits="6" branch="true" condition-coverage="100% (1/1)"/>
            <line number="13" hits="5" branch="false"/>
            <line number="14" hits="5" branch="false"/>
            <line number="15" hits="6" branch="true" condition-coverage="100% (1/1)"/>
            <line number="16" hits="1" branch="false"/>
            <line number="17" hits="1" branch="false"/>
            <line number="18" hits="1" branch="false"/>
            <line number="19" hits="6" branch="false"/>
            <line number="20" hits="12" branch="false"/>
            <line number="22" hits="1" branch="true" condition-coverage="100% (1/1)"/>
            <line number="23" hits="3" branch="false"/>
            <line number="24" hits="3" branch="false"/>
            <line number="25" hits="3" branch="true" condition-coverage="100% (1/1)"/>
            <line number="26" hits="2" branch="true" condition-coverage="100% (1/1)"/>
            <line number="27" hits="1" branch="false"/>
            <line number="28" hits="2" branch="false"/>
            <line number="29" hits="3" branch="true" condition-coverage="100% (1/1)"/>
            <line number="30" hits="1" branch="false"/>
            <line number="31" hits="1" branch="false"/>
            <line number="32" hits="1" branch="false"/>
            <line number="33" hits="3" branch="false"/>
            <line number="35" hits="1" branch="true" condition-coverage="100% (1/1)"/>
            <line number="36" hits="3" branch="false"/>
            <line number="37" hits="3" branch="false"/>
            <line number="38" hits="3" branch="false"/>
            <line number="39" hits="3" branch="true" condition-coverage="100% (1/1)"/>
            <line number="40" hits="2" branch="true" condition-coverage="100% (1/1)"/>
            <line number="41" hits="1" branch="true" condition-coverage="100% (1/1)"/>
            <line number="42" hits="3" branch="true" condition-coverage="100% (1/1)"/>
            <line number="43" hits="1" branch="false"/>
            <line number="44" hits="1" branch="false"/>
            <line number="45" hits="3" branch="true" condition-coverage="100% (1/1)"/>
            <line number="46" hits="2" branch="false"/>
            <line number="47" hits="2" branch="false"/>
            <line number="48" hits="2" branch="false"/>
            <line number="49" hits="3" branch="false"/>
            <line number="51" hits="1" branch="true" condition-coverage="100% (1/1)"/>
            <line number="52" hits="3" branch="false"/>
            <line number="53" hits="3" branch="false"/>
            <line number="54" hits="3" branch="false"/>
            <line number="55" hits="3" branch="true" condition-coverage="100% (1/1)"/>
            <line number="56" hits="2" branch="true" condition-coverage="100% (1/1)"/>
            <line number="57" hits="1" branch="false"/>
            <line number="58" hits="3" branch="true" condition-coverage="100% (1/1)"/>
            <line number="59" hits="1" branch="false"/>
            <line number="60" hits="1" branch="false"/>
            <line number="61" hits="3" branch="true" condition-coverage="100% (1/1)"/>
            <line number="62" hits="2" branch="false"/>
            <line number="63" hits="2" branch="false"/>
            <line number="64" hits="2" branch="false"/>
            <line number="65" hits="3" branch="false"/>
            <line number="67" hits="1" branch="true" condition-coverage="100% (1/1)"/>
            <line number="68" hits="4" branch="false"/>
            <line number="69" hits="4" branch="false"/>
            <line number="70" hits="4" branch="false"/>
            <line number="71" hits="4" branch="false"/>
            <line number="73" hits="4" branch="true" condition-coverage="0% (0/1)"/>
            <line number="74" hits="0" branch="false"/>
            <line number="75" hits="0" branch="false"/>
            <line number="76" hits="4" branch="false"/>
            <line number="78" hits="4" branch="true" condition-coverage="100% (1/1)"/>
            <line number="79" hits="3" branch="false"/>
            <line number="80" hits="3" branch="false"/>
            <line number="81" hits="4" branch="true" condition-coverage="100% (1/1)"/>
            <line number="82" hits="1" branch="false"/>
            <line number="83" hits="1" branch="false"/>
            <line number="84" hits="1" branch="false"/>
            <line number="85" hits="4" branch="false"/>
            <line number="87" hits="1" branch="true" condition-coverage="100% (1/1)"/>
            <line number="88" hits="2" branch="false"/>
            <line number="89" hits="2" branch="true" condition-coverage="100% (1/1)"/>
            <line number="90" hits="1" branch="false"/>
            <line number="91" hits="1" branch="false"/>
            <line number="92" hits="1" branch="false"/>
            <line number="93" hits="1" branch="false"/>
            <line number="94" hits="1" branch="false"/>
            <line number="95" hits="2" branch="false"/>
            <line number="97" hits="1" branch="true" condition-coverage="100% (1/1)"/>
            <line number="98" hits="3" branch="false"/>
            <line number="99" hits="3" branch="true" condition-coverage="100% (1/1)"/>
            <line number="100" hits="1" branch="false"/>
            <line number="101" hits="3" branch="true" condition-coverage="100% (1/1)"/>
            <line number="102" hits="2" branch="true" condition-coverage="100% (1/1)"/>
            <line number="103" hits="1" branch="false"/>
            <line number="104" hits="1" branch="false"/>
            <line number="105" hits="1" branch="false"/>
            <line number="106" hits="1" branch="false"/>
            <line number="107" hits="1" branch="false"/>
            <line number="108" hits="1" branch="false"/>
            <line number="109" hits="2" branch="false"/>
            <line number="110" hits="3" branch="false"/>
          </lines>
        </class>
        <class name="fileSec.js" filename="utils/fileSec.js" line-rate="0.9206" branch-rate="0.9354">
          <methods>
            <method name="safeJoin" hits="40" signature="()V">
              <lines>
                <line number="3" hits="40"/>
              </lines>
            </method>
            <method name="safePath" hits="11" signature="()V">
              <lines>
                <line number="40" hits="11"/>
              </lines>
            </method>
          </methods>
          <lines>
            <line number="1" hits="1" branch="false"/>
            <line number="3" hits="1" branch="true" condition-coverage="100% (1/1)"/>
            <line number="4" hits="40" branch="true" condition-coverage="100% (3/3)"/>
            <line number="5" hits="8" branch="false"/>
            <line number="6" hits="8" branch="true" condition-coverage="100% (1/1)"/>
            <line number="8" hits="32" branch="false"/>
            <line number="9" hits="32" branch="false"/>
            <line number="11" hits="32" branch="false"/>
            <line number="12" hits="32" branch="true" condition-coverage="100% (1/1)"/>
            <line number="13" hits="40" branch="true" condition-coverage="100% (1/1)"/>
            <line number="14" hits="2" branch="false"/>
            <line number="15" hits="2" branch="true" condition-coverage="100% (1/1)"/>
            <line number="17" hits="30" branch="false"/>
            <line number="18" hits="30" branch="true" condition-coverage="100% (2/2)"/>
            <line number="19" hits="40" branch="true" condition-coverage="100% (2/2)"/>
            <line number="20" hits="6" branch="false"/>
            <line number="21" hits="6" branch="true" condition-coverage="100% (1/1)"/>
            <line number="23" hits="24" branch="false"/>
            <line number="24" hits="24" branch="false"/>
            <line number="25" hits="24" branch="true" condition-coverage="100% (2/2)"/>
            <line number="26" hits="24" branch="false"/>
            <line number="27" hits="24" branch="false"/>
            <line number="28" hits="40" branch="true" condition-coverage="100% (1/1)"/>
            <line number="29" hits="1" branch="false"/>
            <line number="30" hits="1" branch="true" condition-coverage="100% (1/1)"/>
            <line number="32" hits="23" branch="false"/>
            <line number="33" hits="40" branch="true" condition-coverage="0% (0/1)"/>
            <line number="34" hits="0" branch="false"/>
            <line number="35" hits="40" branch="true" condition-coverage="100% (1/1)"/>
            <line number="36" hits="23" branch="false"/>
            <line number="37" hits="23" branch="false"/>
            <line number="38" hits="40" branch="false"/>
            <line number="40" hits="1" branch="true" condition-coverage="100% (1/1)"/>
            <line number="41" hits="11" branch="false"/>
            <line number="42" hits="11" branch="true" condition-coverage="100% (1/1)"/>
            <line number="43" hits="3" branch="false"/>
            <line number="44" hits="3" branch="true" condition-coverage="100% (1/1)"/>
            <line number="46" hits="11" branch="true" condition-coverage="100% (1/1)"/>
            <line number="47" hits="1" branch="false"/>
            <line number="48" hits="1" branch="true" condition-coverage="100% (1/1)"/>
            <line number="50" hits="7" branch="false"/>
            <line number="51" hits="7" branch="false"/>
            <line number="53" hits="7" branch="false"/>
            <line number="54" hits="7" branch="false"/>
            <line number="55" hits="7" branch="true" condition-coverage="100% (1/1)"/>
            <line number="56" hits="2" branch="false"/>
            <line number="57" hits="2" branch="false"/>
            <line number="58" hits="11" branch="true" condition-coverage="0% (0/1)"/>
            <line number="59" hits="0" branch="false"/>
            <line number="60" hits="0" branch="false"/>
            <line number="61" hits="0" branch="false"/>
            <line number="62" hits="0" branch="true" condition-coverage="100% (1/1)"/>
            <line number="64" hits="5" branch="false"/>
            <line number="66" hits="5" branch="false"/>
            <line number="67" hits="11" branch="true" condition-coverage="100% (1/1)"/>
            <line number="68" hits="2" branch="false"/>
            <line number="69" hits="2" branch="true" condition-coverage="100% (1/1)"/>
            <line number="71" hits="3" branch="false"/>
            <line number="72" hits="11" branch="true" condition-coverage="100% (1/1)"/>
            <line number="73" hits="1" branch="false"/>
            <line number="74" hits="1" branch="true" condition-coverage="100% (1/1)"/>
            <line number="76" hits="2" branch="false"/>
            <line number="77" hits="2" branch="false"/>
          </lines>
        </class>
        <class name="logger.js" filename="utils/logger.js" line-rate="1" branch-rate="1">
          <methods>
          </methods>
          <lines>
            <line number="1" hits="1" branch="false"/>
            <line number="3" hits="1" branch="false"/>
            <line number="4" hits="1" branch="false"/>
            <line number="5" hits="1" branch="false"/>
            <line number="6" hits="1" branch="false"/>
            <line number="7" hits="1" branch="false"/>
            <line number="8" hits="1" branch="false"/>
            <line number="9" hits="1" branch="false"/>
            <line number="10" hits="1" branch="false"/>
          </lines>
        </class>
        <class name="session.js" filename="utils/session.js" line-rate="1" branch-rate="0.909">
          <methods>
            <method name="parseSession" hits="5" signature="()V">
              <lines>
                <line number="66" hits="5"/>
              </lines>
            </method>
            <method name="getEvidenceLinks" hits="1" signature="()V">
              <lines>
                <line number="84" hits="1"/>
              </lines>
            </method>
          </methods>
          <lines>
            <line number="1" hits="1" branch="false"/>
            <line number="3" hits="1" branch="false"/>
            <line number="5" hits="1" branch="false"/>
            <line number="6" hits="1" branch="false"/>
            <line number="7" hits="1" branch="false"/>
            <line number="8" hits="1" branch="false"/>
            <line number="9" hits="1" branch="false"/>
            <line number="10" hits="1" branch="false"/>
            <line number="11" hits="1" branch="false"/>
            <line number="12" hits="1" branch="false"/>
            <line number="13" hits="1" branch="false"/>
            <line number="14" hits="1" branch="false"/>
            <line number="15" hits="1" branch="false"/>
            <line number="16" hits="1" branch="false"/>
            <line number="17" hits="1" branch="false"/>
            <line number="18" hits="1" branch="false"/>
            <line number="19" hits="1" branch="false"/>
            <line number="20" hits="1" branch="false"/>
            <line number="21" hits="1" branch="false"/>
            <line number="22" hits="1" branch="false"/>
            <line number="23" hits="1" branch="false"/>
            <line number="24" hits="1" branch="false"/>
            <line number="25" hits="1" branch="false"/>
            <line number="26" hits="1" branch="false"/>
            <line number="27" hits="1" branch="false"/>
            <line number="28" hits="1" branch="false"/>
            <line number="29" hits="1" branch="false"/>
            <line number="30" hits="1" branch="false"/>
            <line number="31" hits="1" branch="false"/>
            <line number="32" hits="1" branch="false"/>
            <line number="33" hits="1" branch="false"/>
            <line number="34" hits="1" branch="false"/>
            <line number="35" hits="1" branch="false"/>
            <line number="36" hits="1" branch="false"/>
            <line number="37" hits="1" branch="false"/>
            <line number="38" hits="1" branch="false"/>
            <line number="39" hits="1" branch="false"/>
            <line number="40" hits="1" branch="false"/>
            <line number="41" hits="1" branch="false"/>
            <line number="42" hits="1" branch="false"/>
            <line number="43" hits="1" branch="false"/>
            <line number="44" hits="1" branch="false"/>
            <line number="45" hits="1" branch="false"/>
            <line number="46" hits="1" branch="false"/>
            <line number="47" hits="1" branch="false"/>
            <line number="48" hits="1" branch="false"/>
            <line number="49" hits="1" branch="false"/>
            <line number="50" hits="1" branch="false"/>
            <line number="51" hits="1" branch="false"/>
            <line number="52" hits="1" branch="false"/>
            <line number="53" hits="1" branch="false"/>
            <line number="54" hits="1" branch="false"/>
            <line number="55" hits="1" branch="false"/>
            <line number="56" hits="1" branch="false"/>
            <line number="57" hits="1" branch="false"/>
            <line number="58" hits="1" branch="false"/>
            <line number="59" hits="1" branch="false"/>
            <line number="60" hits="1" branch="false"/>
            <line number="61" hits="1" branch="false"/>
            <line number="62" hits="1" branch="false"/>
            <line number="64" hits="1" branch="false"/>
            <line number="66" hits="1" branch="true" condition-coverage="100% (1/1)"/>
            <line number="67" hits="5" branch="false"/>
            <line number="68" hits="5" branch="false"/>
            <line number="69" hits="5" branch="true" condition-coverage="100% (1/1)"/>
            <line number="70" hits="2" branch="false"/>
            <line number="71" hits="2" branch="false"/>
            <line number="72" hits="2" branch="true" condition-coverage="100% (1/1)"/>
            <line number="73" hits="2" branch="true" condition-coverage="0% (0/1)"/>
            <line number="74" hits="2" branch="false"/>
            <line number="75" hits="2" branch="false"/>
            <line number="76" hits="2" branch="false"/>
            <line number="77" hits="5" branch="true" condition-coverage="100% (1/1)"/>
            <line number="78" hits="3" branch="false"/>
            <line number="79" hits="3" branch="false"/>
            <line number="80" hits="3" branch="false"/>
            <line number="81" hits="5" branch="false"/>
            <line number="83" hits="1" branch="false"/>
            <line number="84" hits="1" branch="true" condition-coverage="100% (1/1)"/>
            <line number="85" hits="1" branch="false"/>
            <line number="87" hits="1" branch="true" condition-coverage="100% (1/1)"/>
            <line number="88" hits="22" branch="true" condition-coverage="100% (1/1)"/>
            <line number="89" hits="4" branch="true" condition-coverage="100% (1/1)"/>
            <line number="90" hits="7" branch="true" condition-coverage="100% (1/1)"/>
            <line number="91" hits="5" branch="false"/>
            <line number="92" hits="7" branch="true" condition-coverage="100% (1/1)"/>
            <line number="93" hits="2" branch="false"/>
            <line number="94" hits="2" branch="false"/>
            <line number="95" hits="4" branch="false"/>
            <line number="96" hits="4" branch="false"/>
            <line number="97" hits="22" branch="false"/>
            <line number="98" hits="1" branch="false"/>
            <line number="100" hits="1" branch="false"/>
            <line number="101" hits="1" branch="false"/>
          </lines>
        </class>
      </classes>
    </package>
  </packages>
</coverage>
