<?xml version="1.0" ?>
<!DOCTYPE coverage SYSTEM "http://cobertura.sourceforge.net/xml/coverage-04.dtd">
<coverage lines-valid="5933" lines-covered="5223" line-rate="0.8803" branches-valid="1414" branches-covered="1048" branch-rate="0.7411" timestamp="1778337038480" complexity="0" version="0.1">
  <sources>
    <source>/home/fernando/git/compliance_repo/compliance_checklist</source>
  </sources>
  <packages>
    <package name="electron.ipc" line-rate="0.8212" branch-rate="0.5766">
      <classes>
        <class name="ipcHandles.js" filename="electron/ipc/ipcHandles.js" line-rate="0.8212" branch-rate="0.5766">
          <methods>
            <method name="sanitizeUpperAlnum" hits="27" signature="()V">
              <lines>
                <line number="358" hits="27"/>
              </lines>
            </method>
            <method name="safeString" hits="284" signature="()V">
              <lines>
                <line number="363" hits="284"/>
              </lines>
            </method>
            <method name="sanitizeWorkspaceLeg" hits="18" signature="()V">
              <lines>
                <line number="366" hits="18"/>
              </lines>
            </method>
            <method name="buildWorkspaceFolderName" hits="9" signature="()V">
              <lines>
                <line number="368" hits="9"/>
              </lines>
            </method>
            <method name="readAppConfig" hits="9" signature="()V">
              <lines>
                <line number="374" hits="9"/>
              </lines>
            </method>
            <method name="asDateOnly" hits="4" signature="()V">
              <lines>
                <line number="381" hits="4"/>
              </lines>
            </method>
            <method name="normalizeCompliance" hits="10" signature="()V">
              <lines>
                <line number="389" hits="10"/>
              </lines>
            </method>
            <method name="normalizeRiskLevel" hits="9" signature="()V">
              <lines>
                <line number="396" hits="9"/>
              </lines>
            </method>
            <method name="normalizeFindingLevel" hits="4" signature="()V">
              <lines>
                <line number="403" hits="4"/>
              </lines>
            </method>
            <method name="compactInspectionCode" hits="8" signature="()V">
              <lines>
                <line number="410" hits="8"/>
              </lines>
            </method>
            <method name="normalizeInspectionSequence" hits="2" signature="()V">
              <lines>
                <line number="415" hits="2"/>
              </lines>
            </method>
            <method name="inferInspectionCode" hits="4" signature="()V">
              <lines>
                <line number="421" hits="4"/>
              </lines>
            </method>
            <method name="inferSpecialtyCode" hits="8" signature="()V">
              <lines>
                <line number="448" hits="8"/>
              </lines>
            </method>
            <method name="inferDomainName" hits="4" signature="()V">
              <lines>
                <line number="460" hits="4"/>
              </lines>
            </method>
            <method name="inferChecklistId" hits="4" signature="()V">
              <lines>
                <line number="468" hits="4"/>
              </lines>
            </method>
            <method name="inferItemCode" hits="9" signature="()V">
              <lines>
                <line number="472" hits="9"/>
              </lines>
            </method>
            <method name="findResponseForRow" hits="10" signature="()V">
              <lines>
                <line number="488" hits="10"/>
              </lines>
            </method>
            <method name="inferEvidenceType" hits="3" signature="()V">
              <lines>
                <line number="514" hits="3"/>
              </lines>
            </method>
            <method name="normalizeEvidenceEntry" hits="3" signature="()V">
              <lines>
                <line number="525" hits="3"/>
              </lines>
            </method>
            <method name="mapChecklistPayload" hits="4" signature="()V">
              <lines>
                <line number="538" hits="4"/>
              </lines>
            </method>
            <method name="mapFindingsPayload" hits="4" signature="()V">
              <lines>
                <line number="662" hits="4"/>
              </lines>
            </method>
            <method name="mapFollowUpReportsPayload" hits="5" signature="()V">
              <lines>
                <line number="736" hits="5"/>
              </lines>
            </method>
            <method name="normalizeFindingForFollowUpExport" hits="5" signature="()V">
              <lines>
                <line number="856" hits="5"/>
              </lines>
            </method>
            <method name="normalizeDateField" hits="25" signature="()V">
              <lines>
                <line number="889" hits="25"/>
              </lines>
            </method>
            <method name="buildAjvError" hits="0" signature="()V">
              <lines>
                <line number="929" hits="0"/>
              </lines>
            </method>
            <method name="addDirectoryToZip" hits="0" signature="()V">
              <lines>
                <line number="932" hits="0"/>
              </lines>
            </method>
            <method name="setupIpcHandles" hits="46" signature="()V">
              <lines>
                <line number="947" hits="46"/>
              </lines>
            </method>
          </methods>
          <lines>
            <line number="1" hits="1" branch="false"/>
            <line number="4" hits="1" branch="false"/>
            <line number="5" hits="1" branch="false"/>
            <line number="7" hits="1" branch="false"/>
            <line number="25" hits="1" branch="false"/>
            <line number="26" hits="1" branch="false"/>
            <line number="28" hits="1" branch="false"/>
            <line number="29" hits="1" branch="false"/>
            <line number="30" hits="1" branch="false"/>
            <line number="31" hits="1" branch="false"/>
            <line number="32" hits="1" branch="false"/>
            <line number="33" hits="1" branch="false"/>
            <line number="34" hits="1" branch="false"/>
            <line number="35" hits="1" branch="false"/>
            <line number="36" hits="1" branch="false"/>
            <line number="37" hits="1" branch="false"/>
            <line number="38" hits="1" branch="false"/>
            <line number="39" hits="1" branch="false"/>
            <line number="40" hits="1" branch="false"/>
            <line number="41" hits="1" branch="false"/>
            <line number="42" hits="1" branch="false"/>
            <line number="43" hits="1" branch="false"/>
            <line number="44" hits="1" branch="false"/>
            <line number="45" hits="1" branch="false"/>
            <line number="46" hits="1" branch="false"/>
            <line number="47" hits="1" branch="false"/>
            <line number="48" hits="1" branch="false"/>
            <line number="49" hits="1" branch="false"/>
            <line number="50" hits="1" branch="false"/>
            <line number="52" hits="1" branch="false"/>
            <line number="53" hits="1" branch="false"/>
            <line number="54" hits="1" branch="false"/>
            <line number="55" hits="1" branch="false"/>
            <line number="56" hits="1" branch="false"/>
            <line number="57" hits="1" branch="false"/>
            <line number="58" hits="1" branch="false"/>
            <line number="59" hits="1" branch="false"/>
            <line number="60" hits="1" branch="false"/>
            <line number="61" hits="1" branch="false"/>
            <line number="62" hits="1" branch="false"/>
            <line number="63" hits="1" branch="false"/>
            <line number="64" hits="1" branch="false"/>
            <line number="65" hits="1" branch="false"/>
            <line number="66" hits="1" branch="false"/>
            <line number="67" hits="1" branch="false"/>
            <line number="68" hits="1" branch="false"/>
            <line number="69" hits="1" branch="false"/>
            <line number="70" hits="1" branch="false"/>
            <line number="71" hits="1" branch="false"/>
            <line number="72" hits="1" branch="false"/>
            <line number="73" hits="1" branch="false"/>
            <line number="74" hits="1" branch="false"/>
            <line number="75" hits="1" branch="false"/>
            <line number="76" hits="1" branch="false"/>
            <line number="77" hits="1" branch="false"/>
            <line number="78" hits="1" branch="false"/>
            <line number="79" hits="1" branch="false"/>
            <line number="80" hits="1" branch="false"/>
            <line number="81" hits="1" branch="false"/>
            <line number="82" hits="1" branch="false"/>
            <line number="83" hits="1" branch="false"/>
            <line number="84" hits="1" branch="false"/>
            <line number="85" hits="1" branch="false"/>
            <line number="86" hits="1" branch="false"/>
            <line number="87" hits="1" branch="false"/>
            <line number="88" hits="1" branch="false"/>
            <line number="89" hits="1" branch="false"/>
            <line number="90" hits="1" branch="false"/>
            <line number="91" hits="1" branch="false"/>
            <line number="92" hits="1" branch="false"/>
            <line number="93" hits="1" branch="false"/>
            <line number="94" hits="1" branch="false"/>
            <line number="95" hits="1" branch="false"/>
            <line number="96" hits="1" branch="false"/>
            <line number="97" hits="1" branch="false"/>
            <line number="98" hits="1" branch="false"/>
            <line number="99" hits="1" branch="false"/>
            <line number="100" hits="1" branch="false"/>
            <line number="101" hits="1" branch="false"/>
            <line number="102" hits="1" branch="false"/>
            <line number="103" hits="1" branch="false"/>
            <line number="104" hits="1" branch="false"/>
            <line number="105" hits="1" branch="false"/>
            <line number="106" hits="1" branch="false"/>
            <line number="107" hits="1" branch="false"/>
            <line number="108" hits="1" branch="false"/>
            <line number="109" hits="1" branch="false"/>
            <line number="110" hits="1" branch="false"/>
            <line number="111" hits="1" branch="false"/>
            <line number="112" hits="1" branch="false"/>
            <line number="113" hits="1" branch="false"/>
            <line number="114" hits="1" branch="false"/>
            <line number="115" hits="1" branch="false"/>
            <line number="116" hits="1" branch="false"/>
            <line number="117" hits="1" branch="false"/>
            <line number="118" hits="1" branch="false"/>
            <line number="119" hits="1" branch="false"/>
            <line number="120" hits="1" branch="false"/>
            <line number="121" hits="1" branch="false"/>
            <line number="122" hits="1" branch="false"/>
            <line number="123" hits="1" branch="false"/>
            <line number="124" hits="1" branch="false"/>
            <line number="125" hits="1" branch="false"/>
            <line number="126" hits="1" branch="false"/>
            <line number="127" hits="1" branch="false"/>
            <line number="128" hits="1" branch="false"/>
            <line number="129" hits="1" branch="false"/>
            <line number="130" hits="1" branch="false"/>
            <line number="131" hits="1" branch="false"/>
            <line number="132" hits="1" branch="false"/>
            <line number="133" hits="1" branch="false"/>
            <line number="134" hits="1" branch="false"/>
            <line number="135" hits="1" branch="false"/>
            <line number="136" hits="1" branch="false"/>
            <line number="137" hits="1" branch="false"/>
            <line number="138" hits="1" branch="false"/>
            <line number="139" hits="1" branch="false"/>
            <line number="140" hits="1" branch="false"/>
            <line number="141" hits="1" branch="false"/>
            <line number="142" hits="1" branch="false"/>
            <line number="143" hits="1" branch="false"/>
            <line number="144" hits="1" branch="false"/>
            <line number="145" hits="1" branch="false"/>
            <line number="147" hits="1" branch="false"/>
            <line number="148" hits="1" branch="false"/>
            <line number="149" hits="1" branch="false"/>
            <line number="150" hits="1" branch="false"/>
            <line number="151" hits="1" branch="false"/>
            <line number="152" hits="1" branch="false"/>
            <line number="153" hits="1" branch="false"/>
            <line number="154" hits="1" branch="false"/>
            <line number="155" hits="1" branch="false"/>
            <line number="156" hits="1" branch="false"/>
            <line number="157" hits="1" branch="false"/>
            <line number="158" hits="1" branch="false"/>
            <line number="159" hits="1" branch="false"/>
            <line number="160" hits="1" branch="false"/>
            <line number="161" hits="1" branch="false"/>
            <line number="162" hits="1" branch="false"/>
            <line number="163" hits="1" branch="false"/>
            <line number="164" hits="1" branch="false"/>
            <line number="165" hits="1" branch="false"/>
            <line number="166" hits="1" branch="false"/>
            <line number="167" hits="1" branch="false"/>
            <line number="168" hits="1" branch="false"/>
            <line number="169" hits="1" branch="false"/>
            <line number="170" hits="1" branch="false"/>
            <line number="171" hits="1" branch="false"/>
            <line number="172" hits="1" branch="false"/>
            <line number="173" hits="1" branch="false"/>
            <line number="174" hits="1" branch="false"/>
            <line number="175" hits="1" branch="false"/>
            <line number="176" hits="1" branch="false"/>
            <line number="177" hits="1" branch="false"/>
            <line number="178" hits="1" branch="false"/>
            <line number="179" hits="1" branch="false"/>
            <line number="180" hits="1" branch="false"/>
            <line number="181" hits="1" branch="false"/>
            <line number="182" hits="1" branch="false"/>
            <line number="183" hits="1" branch="false"/>
            <line number="184" hits="1" branch="false"/>
            <line number="185" hits="1" branch="false"/>
            <line number="186" hits="1" branch="false"/>
            <line number="187" hits="1" branch="false"/>
            <line number="188" hits="1" branch="false"/>
            <line number="189" hits="1" branch="false"/>
            <line number="190" hits="1" branch="false"/>
            <line number="191" hits="1" branch="false"/>
            <line number="192" hits="1" branch="false"/>
            <line number="193" hits="1" branch="false"/>
            <line number="194" hits="1" branch="false"/>
            <line number="195" hits="1" branch="false"/>
            <line number="196" hits="1" branch="false"/>
            <line number="197" hits="1" branch="false"/>
            <line number="198" hits="1" branch="false"/>
            <line number="199" hits="1" branch="false"/>
            <line number="200" hits="1" branch="false"/>
            <line number="201" hits="1" branch="false"/>
            <line number="202" hits="1" branch="false"/>
            <line number="203" hits="1" branch="false"/>
            <line number="204" hits="1" branch="false"/>
            <line number="205" hits="1" branch="false"/>
            <line number="206" hits="1" branch="false"/>
            <line number="207" hits="1" branch="false"/>
            <line number="208" hits="1" branch="false"/>
            <line number="209" hits="1" branch="false"/>
            <line number="210" hits="1" branch="false"/>
            <line number="211" hits="1" branch="false"/>
            <line number="212" hits="1" branch="false"/>
            <line number="213" hits="1" branch="false"/>
            <line number="214" hits="1" branch="false"/>
            <line number="215" hits="1" branch="false"/>
            <line number="216" hits="1" branch="false"/>
            <line number="217" hits="1" branch="false"/>
            <line number="218" hits="1" branch="false"/>
            <line number="219" hits="1" branch="false"/>
            <line number="220" hits="1" branch="false"/>
            <line number="221" hits="1" branch="false"/>
            <line number="222" hits="1" branch="false"/>
            <line number="223" hits="1" branch="false"/>
            <line number="224" hits="1" branch="false"/>
            <line number="225" hits="1" branch="false"/>
            <line number="226" hits="1" branch="false"/>
            <line number="227" hits="1" branch="false"/>
            <line number="228" hits="1" branch="false"/>
            <line number="229" hits="1" branch="false"/>
            <line number="230" hits="1" branch="false"/>
            <line number="231" hits="1" branch="false"/>
            <line number="232" hits="1" branch="false"/>
            <line number="233" hits="1" branch="false"/>
            <line number="234" hits="1" branch="false"/>
            <line number="235" hits="1" branch="false"/>
            <line number="236" hits="1" branch="false"/>
            <line number="238" hits="1" branch="false"/>
            <line number="239" hits="1" branch="false"/>
            <line number="240" hits="1" branch="false"/>
            <line number="241" hits="1" branch="false"/>
            <line number="242" hits="1" branch="false"/>
            <line number="243" hits="1" branch="false"/>
            <line number="244" hits="1" branch="false"/>
            <line number="245" hits="1" branch="false"/>
            <line number="246" hits="1" branch="false"/>
            <line number="247" hits="1" branch="false"/>
            <line number="248" hits="1" branch="false"/>
            <line number="249" hits="1" branch="false"/>
            <line number="250" hits="1" branch="false"/>
            <line number="251" hits="1" branch="false"/>
            <line number="252" hits="1" branch="false"/>
            <line number="253" hits="1" branch="false"/>
            <line number="254" hits="1" branch="false"/>
            <line number="255" hits="1" branch="false"/>
            <line number="256" hits="1" branch="false"/>
            <line number="257" hits="1" branch="false"/>
            <line number="258" hits="1" branch="false"/>
            <line number="259" hits="1" branch="false"/>
            <line number="260" hits="1" branch="false"/>
            <line number="261" hits="1" branch="false"/>
            <line number="262" hits="1" branch="false"/>
            <line number="263" hits="1" branch="false"/>
            <line number="264" hits="1" branch="false"/>
            <line number="265" hits="1" branch="false"/>
            <line number="266" hits="1" branch="false"/>
            <line number="267" hits="1" branch="false"/>
            <line number="268" hits="1" branch="false"/>
            <line number="269" hits="1" branch="false"/>
            <line number="270" hits="1" branch="false"/>
            <line number="272" hits="1" branch="false"/>
            <line number="273" hits="1" branch="false"/>
            <line number="274" hits="1" branch="false"/>
            <line number="275" hits="1" branch="false"/>
            <line number="276" hits="1" branch="false"/>
            <line number="277" hits="1" branch="false"/>
            <line number="278" hits="1" branch="false"/>
            <line number="279" hits="1" branch="false"/>
            <line number="280" hits="1" branch="false"/>
            <line number="281" hits="1" branch="false"/>
            <line number="282" hits="1" branch="false"/>
            <line number="283" hits="1" branch="false"/>
            <line number="284" hits="1" branch="false"/>
            <line number="285" hits="1" branch="false"/>
            <line number="286" hits="1" branch="false"/>
            <line number="287" hits="1" branch="false"/>
            <line number="288" hits="1" branch="false"/>
            <line number="289" hits="1" branch="false"/>
            <line number="290" hits="1" branch="false"/>
            <line number="291" hits="1" branch="false"/>
            <line number="292" hits="1" branch="false"/>
            <line number="293" hits="1" branch="false"/>
            <line number="294" hits="1" branch="false"/>
            <line number="295" hits="1" branch="false"/>
            <line number="296" hits="1" branch="false"/>
            <line number="297" hits="1" branch="false"/>
            <line number="298" hits="1" branch="false"/>
            <line number="299" hits="1" branch="false"/>
            <line number="300" hits="1" branch="false"/>
            <line number="301" hits="1" branch="false"/>
            <line number="302" hits="1" branch="false"/>
            <line number="303" hits="1" branch="false"/>
            <line number="304" hits="1" branch="false"/>
            <line number="305" hits="1" branch="false"/>
            <line number="306" hits="1" branch="false"/>
            <line number="307" hits="1" branch="false"/>
            <line number="308" hits="1" branch="false"/>
            <line number="309" hits="1" branch="false"/>
            <line number="310" hits="1" branch="false"/>
            <line number="311" hits="1" branch="false"/>
            <line number="312" hits="1" branch="false"/>
            <line number="313" hits="1" branch="false"/>
            <line number="314" hits="1" branch="false"/>
            <line number="315" hits="1" branch="false"/>
            <line number="316" hits="1" branch="false"/>
            <line number="317" hits="1" branch="false"/>
            <line number="318" hits="1" branch="false"/>
            <line number="319" hits="1" branch="false"/>
            <line number="320" hits="1" branch="false"/>
            <line number="321" hits="1" branch="false"/>
            <line number="322" hits="1" branch="false"/>
            <line number="323" hits="1" branch="false"/>
            <line number="324" hits="1" branch="false"/>
            <line number="325" hits="1" branch="false"/>
            <line number="326" hits="1" branch="false"/>
            <line number="327" hits="1" branch="false"/>
            <line number="328" hits="1" branch="false"/>
            <line number="329" hits="1" branch="false"/>
            <line number="330" hits="1" branch="false"/>
            <line number="331" hits="1" branch="false"/>
            <line number="332" hits="1" branch="false"/>
            <line number="333" hits="1" branch="false"/>
            <line number="334" hits="1" branch="false"/>
            <line number="335" hits="1" branch="false"/>
            <line number="336" hits="1" branch="false"/>
            <line number="337" hits="1" branch="false"/>
            <line number="338" hits="1" branch="false"/>
            <line number="339" hits="1" branch="false"/>
            <line number="340" hits="1" branch="false"/>
            <line number="341" hits="1" branch="false"/>
            <line number="342" hits="1" branch="false"/>
            <line number="343" hits="1" branch="false"/>
            <line number="344" hits="1" branch="false"/>
            <line number="345" hits="1" branch="false"/>
            <line number="346" hits="1" branch="false"/>
            <line number="347" hits="1" branch="false"/>
            <line number="348" hits="1" branch="false"/>
            <line number="349" hits="1" branch="false"/>
            <line number="350" hits="1" branch="false"/>
            <line number="351" hits="1" branch="false"/>
            <line number="352" hits="1" branch="false"/>
            <line number="354" hits="1" branch="false"/>
            <line number="355" hits="1" branch="false"/>
            <line number="356" hits="1" branch="false"/>
            <line number="358" hits="1" branch="true" condition-coverage="100% (1/1)"/>
            <line number="359" hits="27" branch="false"/>
            <line number="360" hits="27" branch="false"/>
            <line number="361" hits="27" branch="false"/>
            <line number="363" hits="1" branch="true" condition-coverage="100% (1/1)"/>
            <line number="364" hits="284" branch="true" condition-coverage="100% (3/3)"/>
            <line number="366" hits="1" branch="true" condition-coverage="100% (1/1)"/>
            <line number="368" hits="1" branch="true" condition-coverage="100% (1/1)"/>
            <line number="369" hits="9" branch="true" condition-coverage="0% (0/1)"/>
            <line number="370" hits="9" branch="false"/>
            <line number="371" hits="9" branch="false"/>
            <line number="372" hits="9" branch="false"/>
            <line number="374" hits="1" branch="true" condition-coverage="100% (1/1)"/>
            <line number="375" hits="9" branch="false"/>
            <line number="376" hits="9" branch="false"/>
            <line number="377" hits="9" branch="false"/>
            <line number="378" hits="9" branch="false"/>
            <line number="379" hits="9" branch="false"/>
            <line number="381" hits="1" branch="true" condition-coverage="100% (1/1)"/>
            <line number="382" hits="4" branch="false"/>
            <line number="383" hits="4" branch="true" condition-coverage="0% (0/1)"/>
            <line number="384" hits="0" branch="false"/>
            <line number="385" hits="0" branch="false"/>
            <line number="386" hits="4" branch="false"/>
            <line number="387" hits="4" branch="false"/>
            <line number="389" hits="1" branch="true" condition-coverage="100% (1/1)"/>
            <line number="390" hits="10" branch="true" condition-coverage="50% (1/2)"/>
            <line number="391" hits="10" branch="false"/>
            <line number="392" hits="10" branch="true" condition-coverage="0% (0/1)"/>
            <line number="393" hits="0" branch="false"/>
            <line number="394" hits="0" branch="false"/>
            <line number="396" hits="1" branch="true" condition-coverage="100% (1/1)"/>
            <line number="397" hits="9" branch="true" condition-coverage="100% (3/3)"/>
            <line number="398" hits="4" branch="false"/>
            <line number="399" hits="4" branch="true" condition-coverage="100% (1/1)"/>
            <line number="400" hits="5" branch="false"/>
            <line number="401" hits="5" branch="false"/>
            <line number="403" hits="1" branch="true" condition-coverage="100% (1/1)"/>
            <line number="404" hits="4" branch="true" condition-coverage="0% (0/1)"/>
            <line number="405" hits="0" branch="false"/>
            <line number="406" hits="0" branch="false"/>
            <line number="407" hits="4" branch="false"/>
            <line number="408" hits="4" branch="false"/>
            <line number="410" hits="1" branch="true" condition-coverage="100% (1/1)"/>
            <line number="411" hits="8" branch="false"/>
            <line number="412" hits="8" branch="false"/>
            <line number="413" hits="8" branch="false"/>
            <line number="415" hits="1" branch="true" condition-coverage="100% (1/1)"/>
            <line number="416" hits="2" branch="true" condition-coverage="0% (0/1)"/>
            <line number="417" hits="2" branch="true" condition-coverage="0% (0/1)"/>
            <line number="418" hits="2" branch="false"/>
            <line number="419" hits="2" branch="false"/>
            <line number="421" hits="1" branch="true" condition-coverage="100% (1/1)"/>
            <line number="422" hits="4" branch="false"/>
            <line number="423" hits="4" branch="true" condition-coverage="0% (0/1)"/>
            <line number="424" hits="0" branch="false"/>
            <line number="425" hits="0" branch="false"/>
            <line number="427" hits="4" branch="false"/>
            <line number="428" hits="4" branch="true" condition-coverage="100% (1/1)"/>
            <line number="429" hits="2" branch="false"/>
            <line number="430" hits="2" branch="false"/>
            <line number="432" hits="2" branch="false"/>
            <line number="433" hits="2" branch="false"/>
            <line number="434" hits="4" branch="true" condition-coverage="100% (1/1)"/>
            <line number="435" hits="4" branch="true" condition-coverage="100% (1/1)"/>
            <line number="436" hits="4" branch="true" condition-coverage="0% (0/1)"/>
            <line number="437" hits="0" branch="false"/>
            <line number="438" hits="4" branch="false"/>
            <line number="439" hits="4" branch="false"/>
            <line number="440" hits="4" branch="false"/>
            <line number="441" hits="4" branch="false"/>
            <line number="442" hits="4" branch="true" condition-coverage="100% (2/2)"/>
            <line number="443" hits="4" branch="false"/>
            <line number="444" hits="4" branch="false"/>
            <line number="445" hits="4" branch="false"/>
            <line number="446" hits="4" branch="false"/>
            <line number="448" hits="1" branch="true" condition-coverage="100% (1/1)"/>
            <line number="449" hits="8" branch="false"/>
            <line number="450" hits="8" branch="false"/>
            <line number="451" hits="8" branch="true" condition-coverage="0% (0/1)"/>
            <line number="452" hits="0" branch="false"/>
            <line number="453" hits="0" branch="false"/>
            <line number="454" hits="8" branch="true" condition-coverage="0% (0/1)"/>
            <line number="455" hits="0" branch="false"/>
            <line number="456" hits="0" branch="false"/>
            <line number="457" hits="8" branch="false"/>
            <line number="458" hits="8" branch="false"/>
            <line number="460" hits="1" branch="true" condition-coverage="100% (1/1)"/>
            <line number="461" hits="4" branch="false"/>
            <line number="462" hits="4" branch="true" condition-coverage="100% (1/1)"/>
            <line number="463" hits="4" branch="true" condition-coverage="0% (0/1)"/>
            <line number="464" hits="0" branch="false"/>
            <line number="465" hits="4" branch="false"/>
            <line number="466" hits="4" branch="false"/>
            <line number="468" hits="1" branch="true" condition-coverage="100% (1/1)"/>
            <line number="469" hits="4" branch="false"/>
            <line number="470" hits="4" branch="false"/>
            <line number="472" hits="1" branch="true" condition-coverage="100% (1/1)"/>
            <line number="473" hits="9" branch="false"/>
            <line number="474" hits="9" branch="true" condition-coverage="100% (1/1)"/>
            <line number="475" hits="5" branch="false"/>
            <line number="476" hits="5" branch="true" condition-coverage="100% (1/1)"/>
            <line number="478" hits="9" branch="false"/>
            <line number="479" hits="9" branch="true" condition-coverage="0% (0/1)"/>
            <line number="480" hits="0" branch="false"/>
            <line number="481" hits="0" branch="true" condition-coverage="100% (1/1)"/>
            <line number="483" hits="9" branch="true" condition-coverage="0% (0/1)"/>
            <line number="484" hits="9" branch="true" condition-coverage="0% (0/1)"/>
            <line number="485" hits="9" branch="false"/>
            <line number="486" hits="9" branch="false"/>
            <line number="488" hits="1" branch="true" condition-coverage="100% (1/1)"/>
            <line number="489" hits="10" branch="false"/>
            <line number="490" hits="10" branch="true" condition-coverage="100% (2/2)"/>
            <line number="491" hits="10" branch="true" condition-coverage="100% (1/1)"/>
            <line number="492" hits="6" branch="false"/>
            <line number="493" hits="6" branch="true" condition-coverage="100% (1/1)"/>
            <line number="495" hits="10" branch="true" condition-coverage="0% (0/1)"/>
            <line number="496" hits="10" branch="true" condition-coverage="100% (1/1)"/>
            <line number="497" hits="4" branch="false"/>
            <line number="498" hits="4" branch="true" condition-coverage="0% (0/1)"/>
            <line number="500" hits="10" branch="false"/>
            <line number="501" hits="10" branch="true" condition-coverage="0% (0/1)"/>
            <line number="502" hits="0" branch="false"/>
            <line number="503" hits="0" branch="false"/>
            <line number="505" hits="10" branch="true" condition-coverage="0% (0/1)"/>
            <line number="506" hits="0" branch="false"/>
            <line number="507" hits="0" branch="false"/>
            <line number="508" hits="0" branch="false"/>
            <line number="509" hits="0" branch="false"/>
            <line number="511" hits="0" branch="false"/>
            <line number="512" hits="0" branch="false"/>
            <line number="514" hits="1" branch="true" condition-coverage="100% (1/1)"/>
            <line number="515" hits="3" branch="false"/>
            <line number="516" hits="3" branch="true" condition-coverage="100% (1/1)"/>
            <line number="517" hits="1" branch="false"/>
            <line number="518" hits="1" branch="true" condition-coverage="100% (1/1)"/>
            <line number="519" hits="3" branch="true" condition-coverage="100% (1/1)"/>
            <line number="520" hits="1" branch="false"/>
            <line number="521" hits="1" branch="false"/>
            <line number="522" hits="1" branch="false"/>
            <line number="523" hits="1" branch="false"/>
            <line number="525" hits="1" branch="true" condition-coverage="100% (1/1)"/>
            <line number="526" hits="3" branch="true" condition-coverage="0% (0/1)"/>
            <line number="527" hits="0" branch="false"/>
            <line number="528" hits="0" branch="false"/>
            <line number="529" hits="3" branch="false"/>
            <line number="530" hits="3" branch="false"/>
            <line number="531" hits="3" branch="false"/>
            <line number="532" hits="3" branch="false"/>
            <line number="533" hits="3" branch="false"/>
            <line number="534" hits="3" branch="false"/>
            <line number="535" hits="3" branch="false"/>
            <line number="536" hits="3" branch="false"/>
            <line number="538" hits="1" branch="true" condition-coverage="100% (1/1)"/>
            <line number="539" hits="4" branch="true" condition-coverage="0% (0/1)"/>
            <line number="540" hits="4" branch="true" condition-coverage="0% (0/1)"/>
            <line number="541" hits="4" branch="false"/>
            <line number="542" hits="4" branch="false"/>
            <line number="543" hits="4" branch="false"/>
            <line number="544" hits="4" branch="false"/>
            <line number="545" hits="4" branch="false"/>
            <line number="546" hits="4" branch="false"/>
            <line number="548" hits="4" branch="false"/>
            <line number="549" hits="4" branch="false"/>
            <line number="551" hits="4" branch="false"/>
            <line number="552" hits="4" branch="false"/>
            <line number="553" hits="4" branch="false"/>
            <line number="554" hits="4" branch="false"/>
            <line number="555" hits="4" branch="false"/>
            <line number="556" hits="4" branch="false"/>
            <line number="557" hits="4" branch="false"/>
            <line number="558" hits="4" branch="false"/>
            <line number="559" hits="4" branch="false"/>
            <line number="561" hits="4" branch="false"/>
            <line number="562" hits="4" branch="false"/>
            <line number="563" hits="4" branch="false"/>
            <line number="564" hits="4" branch="false"/>
            <line number="565" hits="4" branch="false"/>
            <line number="566" hits="4" branch="false"/>
            <line number="567" hits="4" branch="false"/>
            <line number="568" hits="4" branch="false"/>
            <line number="569" hits="4" branch="false"/>
            <line number="570" hits="4" branch="true" condition-coverage="0% (0/1)"/>
            <line number="571" hits="4" branch="false"/>
            <line number="572" hits="4" branch="false"/>
            <line number="574" hits="4" branch="true" condition-coverage="100% (1/1)"/>
            <line number="575" hits="32" branch="true" condition-coverage="100% (3/3)"/>
            <line number="576" hits="13" branch="false"/>
            <line number="577" hits="13" branch="false"/>
            <line number="578" hits="32" branch="false"/>
            <line number="580" hits="4" branch="true" condition-coverage="100% (1/1)"/>
            <line number="581" hits="5" branch="true" condition-coverage="0% (0/1)"/>
            <line number="582" hits="5" branch="false"/>
            <line number="583" hits="5" branch="false"/>
            <line number="584" hits="5" branch="false"/>
            <line number="585" hits="5" branch="false"/>
            <line number="586" hits="5" branch="false"/>
            <line number="588" hits="5" branch="false"/>
            <line number="589" hits="5" branch="false"/>
            <line number="590" hits="5" branch="false"/>
            <line number="591" hits="5" branch="false"/>
            <line number="593" hits="5" branch="false"/>
            <line number="594" hits="5" branch="false"/>
            <line number="595" hits="5" branch="false"/>
            <line number="596" hits="5" branch="false"/>
            <line number="598" hits="5" branch="false"/>
            <line number="599" hits="5" branch="true" condition-coverage="0% (0/1)"/>
            <line number="600" hits="0" branch="false"/>
            <line number="601" hits="0" branch="false"/>
            <line number="603" hits="5" branch="false"/>
            <line number="604" hits="5" branch="true" condition-coverage="0% (0/2)"/>
            <line number="605" hits="5" branch="false"/>
            <line number="606" hits="5" branch="true" condition-coverage="0% (0/1)"/>
            <line number="607" hits="5" branch="false"/>
            <line number="608" hits="5" branch="false"/>
            <line number="610" hits="5" branch="true" condition-coverage="0% (0/1)"/>
            <line number="611" hits="0" branch="false"/>
            <line number="612" hits="0" branch="false"/>
            <line number="613" hits="0" branch="false"/>
            <line number="614" hits="0" branch="false"/>
            <line number="615" hits="0" branch="false"/>
            <line number="616" hits="0" branch="false"/>
            <line number="617" hits="0" branch="false"/>
            <line number="618" hits="0" branch="false"/>
            <line number="620" hits="5" branch="true" condition-coverage="100% (2/2)"/>
            <line number="621" hits="5" branch="true" condition-coverage="100% (1/1)"/>
            <line number="622" hits="5" branch="true" condition-coverage="100% (1/1)"/>
            <line number="623" hits="1" branch="true" condition-coverage="100% (1/1)"/>
            <line number="624" hits="3" branch="false"/>
            <line number="625" hits="3" branch="false"/>
            <line number="626" hits="3" branch="false"/>
            <line number="627" hits="3" branch="false"/>
            <line number="628" hits="3" branch="true" condition-coverage="0% (0/1)"/>
            <line number="629" hits="3" branch="false"/>
            <line number="630" hits="3" branch="false"/>
            <line number="631" hits="3" branch="true" condition-coverage="0% (0/1)"/>
            <line number="632" hits="0" branch="false"/>
            <line number="633" hits="0" branch="false"/>
            <line number="634" hits="3" branch="true" condition-coverage="0% (0/1)"/>
            <line number="635" hits="0" branch="false"/>
            <line number="636" hits="0" branch="false"/>
            <line number="637" hits="3" branch="true" condition-coverage="0% (0/1)"/>
            <line number="638" hits="0" branch="false"/>
            <line number="639" hits="0" branch="false"/>
            <line number="640" hits="3" branch="true" condition-coverage="0% (0/1)"/>
            <line number="641" hits="0" branch="false"/>
            <line number="642" hits="0" branch="false"/>
            <line number="643" hits="3" branch="false"/>
            <line number="644" hits="1" branch="false"/>
            <line number="645" hits="1" branch="false"/>
            <line number="647" hits="5" branch="false"/>
            <line number="648" hits="5" branch="true" condition-coverage="100% (1/1)"/>
            <line number="649" hits="2" branch="false"/>
            <line number="650" hits="2" branch="false"/>
            <line number="652" hits="5" branch="false"/>
            <line number="653" hits="4" branch="false"/>
            <line number="655" hits="4" branch="false"/>
            <line number="656" hits="4" branch="false"/>
            <line number="657" hits="4" branch="false"/>
            <line number="658" hits="4" branch="false"/>
            <line number="659" hits="4" branch="false"/>
            <line number="660" hits="4" branch="false"/>
            <line number="662" hits="1" branch="true" condition-coverage="100% (1/1)"/>
            <line number="663" hits="4" branch="true" condition-coverage="0% (0/1)"/>
            <line number="664" hits="4" branch="true" condition-coverage="0% (0/1)"/>
            <line number="665" hits="4" branch="false"/>
            <line number="667" hits="4" branch="true" condition-coverage="0% (0/1)"/>
            <line number="668" hits="4" branch="false"/>
            <line number="670" hits="4" branch="false"/>
            <line number="672" hits="4" branch="true" condition-coverage="100% (1/1)"/>
            <line number="673" hits="5" branch="true" condition-coverage="0% (0/1)"/>
            <line number="674" hits="5" branch="true" condition-coverage="100% (1/1)"/>
            <line number="675" hits="1" branch="false"/>
            <line number="676" hits="1" branch="true" condition-coverage="100% (1/1)"/>
            <line number="678" hits="4" branch="false"/>
            <line number="679" hits="4" branch="false"/>
            <line number="680" hits="4" branch="false"/>
            <line number="681" hits="4" branch="false"/>
            <line number="682" hits="4" branch="false"/>
            <line number="683" hits="4" branch="false"/>
            <line number="684" hits="5" branch="true" condition-coverage="0% (0/1)"/>
            <line number="685" hits="5" branch="true" condition-coverage="100% (2/2)"/>
            <line number="686" hits="5" branch="true" condition-coverage="50% (1/2)"/>
            <line number="687" hits="5" branch="true" condition-coverage="100% (2/2)"/>
            <line number="688" hits="5" branch="false"/>
            <line number="689" hits="5" branch="true" condition-coverage="50% (1/2)"/>
            <line number="690" hits="5" branch="true" condition-coverage="50% (1/2)"/>
            <line number="691" hits="5" branch="false"/>
            <line number="692" hits="5" branch="true" condition-coverage="50% (1/2)"/>
            <line number="693" hits="5" branch="true" condition-coverage="50% (1/2)"/>
            <line number="694" hits="5" branch="false"/>
            <line number="695" hits="5" branch="false"/>
            <line number="696" hits="5" branch="true" condition-coverage="33.33333333333333% (1/3)"/>
            <line number="697" hits="5" branch="false"/>
            <line number="698" hits="5" branch="false"/>
            <line number="699" hits="5" branch="false"/>
            <line number="700" hits="5" branch="false"/>
            <line number="702" hits="5" branch="true" condition-coverage="50% (2/4)"/>
            <line number="703" hits="5" branch="false"/>
            <line number="704" hits="5" branch="true" condition-coverage="100% (1/1)"/>
            <line number="705" hits="4" branch="true" condition-coverage="0% (0/1)"/>
            <line number="706" hits="5" branch="true" condition-coverage="0% (0/1)"/>
            <line number="707" hits="0" branch="false"/>
            <line number="708" hits="0" branch="false"/>
            <line number="709" hits="0" branch="true" condition-coverage="100% (1/1)"/>
            <line number="711" hits="5" branch="true" condition-coverage="33.33333333333333% (1/3)"/>
            <line number="712" hits="5" branch="true" condition-coverage="0% (0/1)"/>
            <line number="713" hits="0" branch="false"/>
            <line number="714" hits="0" branch="true" condition-coverage="100% (1/1)"/>
            <line number="716" hits="4" branch="false"/>
            <line number="717" hits="4" branch="false"/>
            <line number="719" hits="4" branch="false"/>
            <line number="720" hits="5" branch="true" condition-coverage="100% (1/1)"/>
            <line number="721" hits="5" branch="false"/>
            <line number="722" hits="5" branch="true" condition-coverage="100% (1/1)"/>
            <line number="723" hits="2" branch="false"/>
            <line number="724" hits="2" branch="true" condition-coverage="100% (1/1)"/>
            <line number="726" hits="4" branch="false"/>
            <line number="727" hits="5" branch="true" condition-coverage="100% (1/1)"/>
            <line number="728" hits="5" branch="false"/>
            <line number="730" hits="5" branch="false"/>
            <line number="731" hits="4" branch="false"/>
            <line number="733" hits="4" branch="false"/>
            <line number="734" hits="4" branch="false"/>
            <line number="736" hits="1" branch="true" condition-coverage="100% (1/1)"/>
            <line number="737" hits="5" branch="true" condition-coverage="0% (0/1)"/>
            <line number="738" hits="5" branch="true" condition-coverage="0% (0/1)"/>
            <line number="740" hits="5" branch="true" condition-coverage="100% (1/1)"/>
            <line number="741" hits="5" branch="false"/>
            <line number="742" hits="5" branch="true" condition-coverage="100% (1/1)"/>
            <line number="743" hits="5" branch="false"/>
            <line number="744" hits="5" branch="false"/>
            <line number="745" hits="5" branch="true" condition-coverage="0% (0/1)"/>
            <line number="746" hits="5" branch="false"/>
            <line number="748" hits="5" branch="true" condition-coverage="0% (0/1)"/>
            <line number="749" hits="5" branch="true" condition-coverage="0% (0/1)"/>
            <line number="750" hits="0" branch="false"/>
            <line number="751" hits="0" branch="false"/>
            <line number="753" hits="5" branch="false"/>
            <line number="755" hits="5" branch="false"/>
            <line number="756" hits="5" branch="true" condition-coverage="0% (0/1)"/>
            <line number="757" hits="5" branch="true" condition-coverage="0% (0/1)"/>
            <line number="758" hits="5" branch="false"/>
            <line number="759" hits="5" branch="false"/>
            <line number="760" hits="5" branch="true" condition-coverage="0% (0/1)"/>
            <line number="761" hits="5" branch="false"/>
            <line number="762" hits="5" branch="true" condition-coverage="100% (2/2)"/>
            <line number="764" hits="5" branch="false"/>
            <line number="765" hits="5" branch="false"/>
            <line number="766" hits="5" branch="true" condition-coverage="100% (1/1)"/>
            <line number="767" hits="1" branch="false"/>
            <line number="768" hits="1" branch="false"/>
            <line number="769" hits="1" branch="true" condition-coverage="0% (0/1)"/>
            <line number="770" hits="0" branch="false"/>
            <line number="771" hits="0" branch="false"/>
            <line number="772" hits="1" branch="false"/>
            <line number="774" hits="5" branch="false"/>
            <line number="775" hits="5" branch="false"/>
            <line number="776" hits="5" branch="false"/>
            <line number="777" hits="5" branch="false"/>
            <line number="778" hits="5" branch="false"/>
            <line number="779" hits="5" branch="false"/>
            <line number="780" hits="5" branch="false"/>
            <line number="781" hits="5" branch="false"/>
            <line number="782" hits="5" branch="false"/>
            <line number="783" hits="5" branch="false"/>
            <line number="784" hits="5" branch="false"/>
            <line number="785" hits="5" branch="false"/>
            <line number="786" hits="5" branch="false"/>
            <line number="787" hits="5" branch="false"/>
            <line number="788" hits="5" branch="false"/>
            <line number="789" hits="5" branch="true" condition-coverage="0% (0/1)"/>
            <line number="790" hits="5" branch="false"/>
            <line number="791" hits="5" branch="false"/>
            <line number="792" hits="5" branch="false"/>
            <line number="793" hits="5" branch="false"/>
            <line number="794" hits="5" branch="false"/>
            <line number="796" hits="5" branch="false"/>
            <line number="797" hits="5" branch="true" condition-coverage="100% (1/1)"/>
            <line number="798" hits="1" branch="false"/>
            <line number="799" hits="1" branch="false"/>
            <line number="800" hits="5" branch="false"/>
            <line number="801" hits="5" branch="true" condition-coverage="0% (0/1)"/>
            <line number="802" hits="0" branch="false"/>
            <line number="803" hits="0" branch="false"/>
            <line number="804" hits="5" branch="false"/>
            <line number="805" hits="5" branch="true" condition-coverage="0% (0/1)"/>
            <line number="806" hits="0" branch="false"/>
            <line number="807" hits="0" branch="false"/>
            <line number="809" hits="5" branch="false"/>
            <line number="810" hits="5" branch="true" condition-coverage="0% (0/1)"/>
            <line number="811" hits="0" branch="false"/>
            <line number="812" hits="0" branch="false"/>
            <line number="814" hits="5" branch="false"/>
            <line number="815" hits="5" branch="true" condition-coverage="0% (0/1)"/>
            <line number="816" hits="0" branch="false"/>
            <line number="817" hits="0" branch="false"/>
            <line number="819" hits="5" branch="true" condition-coverage="50% (1/2)"/>
            <line number="820" hits="0" branch="false"/>
            <line number="821" hits="0" branch="false"/>
            <line number="822" hits="0" branch="false"/>
            <line number="823" hits="0" branch="false"/>
            <line number="825" hits="5" branch="false"/>
            <line number="826" hits="5" branch="true" condition-coverage="0% (0/1)"/>
            <line number="827" hits="5" branch="false"/>
            <line number="828" hits="5" branch="true" condition-coverage="0% (0/1)"/>
            <line number="829" hits="0" branch="false"/>
            <line number="830" hits="0" branch="false"/>
            <line number="831" hits="0" branch="false"/>
            <line number="832" hits="0" branch="false"/>
            <line number="833" hits="0" branch="false"/>
            <line number="834" hits="0" branch="false"/>
            <line number="835" hits="0" branch="false"/>
            <line number="836" hits="0" branch="false"/>
            <line number="837" hits="0" branch="false"/>
            <line number="838" hits="0" branch="false"/>
            <line number="839" hits="0" branch="false"/>
            <line number="840" hits="0" branch="false"/>
            <line number="841" hits="0" branch="false"/>
            <line number="842" hits="0" branch="false"/>
            <line number="843" hits="0" branch="false"/>
            <line number="844" hits="0" branch="false"/>
            <line number="845" hits="0" branch="false"/>
            <line number="846" hits="0" branch="false"/>
            <line number="847" hits="0" branch="false"/>
            <line number="848" hits="0" branch="false"/>
            <line number="849" hits="0" branch="false"/>
            <line number="850" hits="0" branch="false"/>
            <line number="852" hits="5" branch="false"/>
            <line number="853" hits="5" branch="false"/>
            <line number="854" hits="5" branch="false"/>
            <line number="856" hits="1" branch="true" condition-coverage="100% (1/1)"/>
            <line number="857" hits="5" branch="false"/>
            <line number="858" hits="5" branch="true" condition-coverage="50% (1/2)"/>
            <line number="859" hits="5" branch="false"/>
            <line number="861" hits="5" branch="true" condition-coverage="100% (1/1)"/>
            <line number="862" hits="1" branch="false"/>
            <line number="863" hits="1" branch="false"/>
            <line number="864" hits="5" branch="false"/>
            <line number="866" hits="5" branch="true" condition-coverage="0% (0/1)"/>
            <line number="867" hits="0" branch="false"/>
            <line number="868" hits="0" branch="false"/>
            <line number="869" hits="5" branch="false"/>
            <line number="871" hits="5" branch="false"/>
            <line number="872" hits="5" branch="false"/>
            <line number="873" hits="5" branch="false"/>
            <line number="874" hits="5" branch="false"/>
            <line number="875" hits="5" branch="false"/>
            <line number="877" hits="5" branch="true" condition-coverage="0% (0/1)"/>
            <line number="878" hits="0" branch="false"/>
            <line number="879" hits="0" branch="false"/>
            <line number="881" hits="5" branch="true" condition-coverage="0% (0/2)"/>
            <line number="882" hits="0" branch="false"/>
            <line number="883" hits="0" branch="false"/>
            <line number="884" hits="5" branch="false"/>
            <line number="886" hits="5" branch="false"/>
            <line number="887" hits="5" branch="false"/>
            <line number="889" hits="5" branch="true" condition-coverage="100% (1/1)"/>
            <line number="890" hits="25" branch="false"/>
            <line number="891" hits="25" branch="false"/>
            <line number="892" hits="25" branch="false"/>
            <line number="893" hits="25" branch="false"/>
            <line number="894" hits="25" branch="true" condition-coverage="0% (0/1)"/>
            <line number="895" hits="0" branch="false"/>
            <line number="896" hits="0" branch="false"/>
            <line number="897" hits="0" branch="false"/>
            <line number="898" hits="0" branch="false"/>
            <line number="899" hits="0" branch="false"/>
            <line number="900" hits="25" branch="false"/>
            <line number="902" hits="5" branch="false"/>
            <line number="903" hits="5" branch="false"/>
            <line number="904" hits="5" branch="false"/>
            <line number="905" hits="5" branch="false"/>
            <line number="906" hits="5" branch="false"/>
            <line number="908" hits="5" branch="true" condition-coverage="0% (0/1)"/>
            <line number="909" hits="0" branch="false"/>
            <line number="910" hits="0" branch="false"/>
            <line number="911" hits="5" branch="true" condition-coverage="0% (0/2)"/>
            <line number="912" hits="0" branch="false"/>
            <line number="913" hits="0" branch="false"/>
            <line number="914" hits="5" branch="true" condition-coverage="0% (0/1)"/>
            <line number="915" hits="0" branch="false"/>
            <line number="916" hits="0" branch="false"/>
            <line number="918" hits="5" branch="false"/>
            <line number="919" hits="5" branch="true" condition-coverage="100% (2/2)"/>
            <line number="920" hits="1" branch="false"/>
            <line number="921" hits="1" branch="false"/>
            <line number="923" hits="5" branch="false"/>
            <line number="924" hits="5" branch="false"/>
            <line number="925" hits="5" branch="false"/>
            <line number="926" hits="5" branch="false"/>
            <line number="927" hits="5" branch="false"/>
            <line number="929" hits="1" branch="false"/>
            <line number="930" hits="0" branch="false"/>
            <line number="932" hits="1" branch="false"/>
            <line number="933" hits="0" branch="false"/>
            <line number="934" hits="0" branch="false"/>
            <line number="935" hits="0" branch="false"/>
            <line number="936" hits="0" branch="false"/>
            <line number="937" hits="0" branch="false"/>
            <line number="938" hits="0" branch="false"/>
            <line number="939" hits="0" branch="false"/>
            <line number="940" hits="0" branch="false"/>
            <line number="941" hits="0" branch="false"/>
            <line number="942" hits="0" branch="false"/>
            <line number="943" hits="0" branch="false"/>
            <line number="944" hits="0" branch="false"/>
            <line number="946" hits="1" branch="false"/>
            <line number="947" hits="1" branch="true" condition-coverage="100% (1/1)"/>
            <line number="948" hits="46" branch="false"/>
            <line number="949" hits="46" branch="false"/>
            <line number="950" hits="46" branch="false"/>
            <line number="951" hits="46" branch="false"/>
            <line number="952" hits="46" branch="false"/>
            <line number="953" hits="46" branch="true" condition-coverage="100% (1/1)"/>
            <line number="954" hits="5" branch="false"/>
            <line number="955" hits="5" branch="true" condition-coverage="100% (2/2)"/>
            <line number="956" hits="5" branch="false"/>
            <line number="957" hits="5" branch="false"/>
            <line number="958" hits="5" branch="true" condition-coverage="100% (1/1)"/>
            <line number="959" hits="2" branch="false"/>
            <line number="960" hits="2" branch="false"/>
            <line number="961" hits="2" branch="false"/>
            <line number="962" hits="2" branch="false"/>
            <line number="963" hits="2" branch="false"/>
            <line number="964" hits="46" branch="false"/>
            <line number="966" hits="46" branch="true" condition-coverage="100% (1/1)"/>
            <line number="967" hits="3" branch="false"/>
            <line number="968" hits="3" branch="true" condition-coverage="0% (0/1)"/>
            <line number="969" hits="3" branch="false"/>
            <line number="970" hits="3" branch="true" condition-coverage="100% (1/1)"/>
            <line number="971" hits="1" branch="false"/>
            <line number="972" hits="1" branch="false"/>
            <line number="973" hits="1" branch="false"/>
            <line number="974" hits="1" branch="false"/>
            <line number="975" hits="1" branch="false"/>
            <line number="976" hits="46" branch="false"/>
            <line number="978" hits="46" branch="true" condition-coverage="100% (1/1)"/>
            <line number="979" hits="4" branch="false"/>
            <line number="980" hits="4" branch="true" condition-coverage="100% (2/2)"/>
            <line number="981" hits="4" branch="false"/>
            <line number="982" hits="4" branch="false"/>
            <line number="983" hits="4" branch="true" condition-coverage="100% (1/1)"/>
            <line number="984" hits="1" branch="false"/>
            <line number="985" hits="1" branch="false"/>
            <line number="986" hits="1" branch="false"/>
            <line number="987" hits="1" branch="false"/>
            <line number="988" hits="1" branch="false"/>
            <line number="989" hits="46" branch="false"/>
            <line number="991" hits="46" branch="true" condition-coverage="100% (1/1)"/>
            <line number="992" hits="4" branch="false"/>
            <line number="993" hits="4" branch="true" condition-coverage="100% (2/2)"/>
            <line number="994" hits="4" branch="false"/>
            <line number="995" hits="4" branch="true" condition-coverage="100% (1/1)"/>
            <line number="996" hits="3" branch="false"/>
            <line number="997" hits="4" branch="true" condition-coverage="100% (1/1)"/>
            <line number="998" hits="1" branch="false"/>
            <line number="999" hits="1" branch="false"/>
            <line number="1000" hits="1" branch="false"/>
            <line number="1001" hits="46" branch="false"/>
            <line number="1003" hits="46" branch="true" condition-coverage="100% (1/1)"/>
            <line number="1004" hits="3" branch="false"/>
            <line number="1005" hits="3" branch="true" condition-coverage="0% (0/1)"/>
            <line number="1006" hits="3" branch="true" condition-coverage="0% (0/1)"/>
            <line number="1007" hits="3" branch="true" condition-coverage="100% (1/1)"/>
            <line number="1008" hits="3" branch="true" condition-coverage="100% (1/1)"/>
            <line number="1009" hits="1" branch="false"/>
            <line number="1010" hits="1" branch="false"/>
            <line number="1011" hits="1" branch="false"/>
            <line number="1012" hits="1" branch="false"/>
            <line number="1013" hits="1" branch="false"/>
            <line number="1014" hits="46" branch="false"/>
            <line number="1016" hits="46" branch="true" condition-coverage="100% (1/1)"/>
            <line number="1017" hits="2" branch="false"/>
            <line number="1018" hits="2" branch="true" condition-coverage="0% (0/1)"/>
            <line number="1019" hits="2" branch="true" condition-coverage="0% (0/1)"/>
            <line number="1020" hits="2" branch="true" condition-coverage="100% (1/1)"/>
            <line number="1021" hits="1" branch="false"/>
            <line number="1022" hits="1" branch="false"/>
            <line number="1023" hits="1" branch="false"/>
            <line number="1024" hits="1" branch="false"/>
            <line number="1025" hits="1" branch="false"/>
            <line number="1026" hits="46" branch="false"/>
            <line number="1028" hits="46" branch="true" condition-coverage="100% (1/1)"/>
            <line number="1029" hits="2" branch="false"/>
            <line number="1030" hits="2" branch="true" condition-coverage="0% (0/1)"/>
            <line number="1031" hits="2" branch="false"/>
            <line number="1032" hits="2" branch="true" condition-coverage="100% (1/1)"/>
            <line number="1033" hits="1" branch="false"/>
            <line number="1034" hits="1" branch="false"/>
            <line number="1035" hits="1" branch="false"/>
            <line number="1036" hits="1" branch="false"/>
            <line number="1037" hits="1" branch="false"/>
            <line number="1038" hits="46" branch="false"/>
            <line number="1040" hits="46" branch="true" condition-coverage="100% (1/1)"/>
            <line number="1041" hits="5" branch="false"/>
            <line number="1042" hits="5" branch="false"/>
            <line number="1043" hits="5" branch="true" condition-coverage="100% (3/3)"/>
            <line number="1044" hits="2" branch="false"/>
            <line number="1045" hits="2" branch="true" condition-coverage="100% (1/1)"/>
            <line number="1047" hits="5" branch="true" condition-coverage="100% (1/1)"/>
            <line number="1048" hits="1" branch="false"/>
            <line number="1049" hits="1" branch="true" condition-coverage="100% (1/1)"/>
            <line number="1051" hits="5" branch="true" condition-coverage="0% (0/1)"/>
            <line number="1052" hits="5" branch="false"/>
            <line number="1053" hits="5" branch="true" condition-coverage="100% (2/2)"/>
            <line number="1054" hits="5" branch="true" condition-coverage="100% (1/1)"/>
            <line number="1055" hits="2" branch="false"/>
            <line number="1056" hits="5" branch="true" condition-coverage="100% (1/1)"/>
            <line number="1057" hits="3" branch="false"/>
            <line number="1058" hits="3" branch="false"/>
            <line number="1059" hits="3" branch="false"/>
            <line number="1060" hits="3" branch="false"/>
            <line number="1061" hits="3" branch="false"/>
            <line number="1062" hits="46" branch="false"/>
            <line number="1064" hits="46" branch="true" condition-coverage="100% (1/1)"/>
            <line number="1065" hits="2" branch="false"/>
            <line number="1066" hits="2" branch="true" condition-coverage="0% (0/1)"/>
            <line number="1067" hits="2" branch="false"/>
            <line number="1068" hits="2" branch="true" condition-coverage="100% (1/1)"/>
            <line number="1069" hits="1" branch="false"/>
            <line number="1070" hits="1" branch="false"/>
            <line number="1071" hits="1" branch="false"/>
            <line number="1072" hits="1" branch="false"/>
            <line number="1073" hits="1" branch="false"/>
            <line number="1074" hits="46" branch="false"/>
            <line number="1076" hits="46" branch="true" condition-coverage="100% (1/1)"/>
            <line number="1077" hits="2" branch="false"/>
            <line number="1078" hits="2" branch="true" condition-coverage="0% (0/1)"/>
            <line number="1079" hits="2" branch="true" condition-coverage="100% (1/1)"/>
            <line number="1080" hits="1" branch="false"/>
            <line number="1081" hits="1" branch="false"/>
            <line number="1082" hits="1" branch="false"/>
            <line number="1083" hits="1" branch="false"/>
            <line number="1084" hits="1" branch="false"/>
            <line number="1085" hits="1" branch="false"/>
            <line number="1086" hits="1" branch="false"/>
            <line number="1087" hits="1" branch="false"/>
            <line number="1088" hits="1" branch="false"/>
            <line number="1089" hits="46" branch="false"/>
            <line number="1091" hits="46" branch="true" condition-coverage="100% (1/1)"/>
            <line number="1092" hits="5" branch="false"/>
            <line number="1093" hits="5" branch="true" condition-coverage="100% (4/4)"/>
            <line number="1094" hits="3" branch="false"/>
            <line number="1095" hits="3" branch="true" condition-coverage="100% (1/1)"/>
            <line number="1096" hits="2" branch="false"/>
            <line number="1097" hits="2" branch="false"/>
            <line number="1098" hits="5" branch="true" condition-coverage="100% (1/1)"/>
            <line number="1099" hits="3" branch="false"/>
            <line number="1100" hits="3" branch="false"/>
            <line number="1101" hits="3" branch="false"/>
            <line number="1102" hits="46" branch="false"/>
            <line number="1104" hits="46" branch="false"/>
            <line number="1105" hits="0" branch="false"/>
            <line number="1106" hits="0" branch="false"/>
            <line number="1107" hits="0" branch="false"/>
            <line number="1108" hits="0" branch="false"/>
            <line number="1110" hits="0" branch="false"/>
            <line number="1111" hits="0" branch="false"/>
            <line number="1112" hits="0" branch="false"/>
            <line number="1113" hits="0" branch="false"/>
            <line number="1114" hits="0" branch="false"/>
            <line number="1115" hits="0" branch="false"/>
            <line number="1116" hits="0" branch="false"/>
            <line number="1117" hits="0" branch="false"/>
            <line number="1118" hits="0" branch="false"/>
            <line number="1119" hits="0" branch="false"/>
            <line number="1120" hits="0" branch="false"/>
            <line number="1121" hits="0" branch="false"/>
            <line number="1122" hits="0" branch="false"/>
            <line number="1123" hits="0" branch="false"/>
            <line number="1124" hits="0" branch="false"/>
            <line number="1125" hits="0" branch="false"/>
            <line number="1126" hits="0" branch="false"/>
            <line number="1127" hits="0" branch="false"/>
            <line number="1128" hits="0" branch="false"/>
            <line number="1129" hits="0" branch="false"/>
            <line number="1130" hits="0" branch="false"/>
            <line number="1131" hits="0" branch="false"/>
            <line number="1132" hits="0" branch="false"/>
            <line number="1133" hits="0" branch="false"/>
            <line number="1134" hits="0" branch="false"/>
            <line number="1135" hits="0" branch="false"/>
            <line number="1136" hits="0" branch="false"/>
            <line number="1137" hits="46" branch="false"/>
            <line number="1139" hits="46" branch="false"/>
            <line number="1140" hits="0" branch="false"/>
            <line number="1141" hits="0" branch="false"/>
            <line number="1142" hits="0" branch="false"/>
            <line number="1143" hits="0" branch="false"/>
            <line number="1144" hits="0" branch="false"/>
            <line number="1145" hits="0" branch="false"/>
            <line number="1146" hits="46" branch="false"/>
            <line number="1148" hits="46" branch="false"/>
            <line number="1149" hits="46" branch="false"/>
            <line number="1150" hits="46" branch="false"/>
            <line number="1151" hits="46" branch="false"/>
            <line number="1152" hits="46" branch="false"/>
            <line number="1153" hits="46" branch="false"/>
            <line number="1154" hits="46" branch="false"/>
            <line number="1155" hits="46" branch="false"/>
            <line number="1156" hits="46" branch="false"/>
            <line number="1157" hits="46" branch="false"/>
            <line number="1158" hits="0" branch="false"/>
            <line number="1159" hits="0" branch="false"/>
            <line number="1160" hits="0" branch="false"/>
            <line number="1161" hits="0" branch="false"/>
            <line number="1162" hits="0" branch="false"/>
            <line number="1164" hits="0" branch="false"/>
            <line number="1165" hits="0" branch="false"/>
            <line number="1166" hits="0" branch="false"/>
            <line number="1167" hits="0" branch="false"/>
            <line number="1168" hits="0" branch="false"/>
            <line number="1169" hits="0" branch="false"/>
            <line number="1170" hits="0" branch="false"/>
            <line number="1171" hits="0" branch="false"/>
            <line number="1172" hits="0" branch="false"/>
            <line number="1173" hits="0" branch="false"/>
            <line number="1174" hits="0" branch="false"/>
            <line number="1175" hits="0" branch="false"/>
            <line number="1176" hits="46" branch="false"/>
            <line number="1179" hits="46" branch="false"/>
            <line number="1180" hits="0" branch="false"/>
            <line number="1181" hits="0" branch="false"/>
            <line number="1182" hits="0" branch="false"/>
            <line number="1184" hits="0" branch="false"/>
            <line number="1185" hits="0" branch="false"/>
            <line number="1186" hits="0" branch="false"/>
            <line number="1188" hits="0" branch="false"/>
            <line number="1189" hits="0" branch="false"/>
            <line number="1191" hits="0" branch="false"/>
            <line number="1192" hits="0" branch="false"/>
            <line number="1193" hits="0" branch="false"/>
            <line number="1194" hits="0" branch="false"/>
            <line number="1195" hits="0" branch="false"/>
            <line number="1197" hits="0" branch="false"/>
            <line number="1198" hits="0" branch="false"/>
            <line number="1199" hits="0" branch="false"/>
            <line number="1200" hits="0" branch="false"/>
            <line number="1201" hits="0" branch="false"/>
            <line number="1202" hits="0" branch="false"/>
            <line number="1203" hits="0" branch="false"/>
            <line number="1204" hits="0" branch="false"/>
            <line number="1205" hits="0" branch="false"/>
            <line number="1206" hits="0" branch="false"/>
            <line number="1207" hits="0" branch="false"/>
            <line number="1208" hits="0" branch="false"/>
            <line number="1209" hits="0" branch="false"/>
            <line number="1210" hits="0" branch="false"/>
            <line number="1211" hits="0" branch="false"/>
            <line number="1212" hits="0" branch="false"/>
            <line number="1213" hits="0" branch="false"/>
            <line number="1214" hits="46" branch="false"/>
            <line number="1216" hits="46" branch="true" condition-coverage="100% (1/1)"/>
            <line number="1217" hits="4" branch="false"/>
            <line number="1218" hits="4" branch="true" condition-coverage="0% (0/1)"/>
            <line number="1219" hits="4" branch="true" condition-coverage="0% (0/1)"/>
            <line number="1220" hits="0" branch="false"/>
            <line number="1221" hits="0" branch="false"/>
            <line number="1223" hits="4" branch="false"/>
            <line number="1224" hits="4" branch="true" condition-coverage="0% (0/1)"/>
            <line number="1225" hits="4" branch="true" condition-coverage="0% (0/1)"/>
            <line number="1227" hits="4" branch="false"/>
            <line number="1228" hits="4" branch="false"/>
            <line number="1229" hits="4" branch="false"/>
            <line number="1230" hits="4" branch="false"/>
            <line number="1231" hits="4" branch="false"/>
            <line number="1232" hits="4" branch="false"/>
            <line number="1233" hits="4" branch="false"/>
            <line number="1235" hits="4" branch="false"/>
            <line number="1236" hits="4" branch="false"/>
            <line number="1238" hits="4" branch="true" condition-coverage="0% (0/1)"/>
            <line number="1239" hits="0" branch="false"/>
            <line number="1240" hits="0" branch="false"/>
            <line number="1242" hits="4" branch="true" condition-coverage="100% (1/1)"/>
            <line number="1243" hits="4" branch="true" condition-coverage="0% (0/1)"/>
            <line number="1244" hits="0" branch="false"/>
            <line number="1245" hits="0" branch="false"/>
            <line number="1246" hits="0" branch="false"/>
            <line number="1247" hits="0" branch="false"/>
            <line number="1248" hits="4" branch="false"/>
            <line number="1250" hits="4" branch="true" condition-coverage="0% (0/1)"/>
            <line number="1251" hits="4" branch="false"/>
            <line number="1252" hits="4" branch="true" condition-coverage="0% (0/2)"/>
            <line number="1253" hits="4" branch="false"/>
            <line number="1254" hits="4" branch="false"/>
            <line number="1255" hits="4" branch="true" condition-coverage="0% (0/1)"/>
            <line number="1256" hits="4" branch="false"/>
            <line number="1257" hits="4" branch="false"/>
            <line number="1258" hits="4" branch="false"/>
            <line number="1260" hits="4" branch="false"/>
            <line number="1261" hits="4" branch="false"/>
            <line number="1262" hits="4" branch="false"/>
            <line number="1264" hits="4" branch="true" condition-coverage="0% (0/1)"/>
            <line number="1265" hits="0" branch="false"/>
            <line number="1266" hits="0" branch="false"/>
            <line number="1267" hits="0" branch="false"/>
            <line number="1269" hits="4" branch="false"/>
            <line number="1270" hits="4" branch="false"/>
            <line number="1271" hits="4" branch="true" condition-coverage="0% (0/1)"/>
            <line number="1272" hits="4" branch="false"/>
            <line number="1273" hits="4" branch="false"/>
            <line number="1275" hits="4" branch="false"/>
            <line number="1276" hits="4" branch="false"/>
            <line number="1277" hits="4" branch="true" condition-coverage="100% (1/1)"/>
            <line number="1278" hits="4" branch="true" condition-coverage="0% (0/1)"/>
            <line number="1279" hits="4" branch="false"/>
            <line number="1280" hits="4" branch="false"/>
            <line number="1281" hits="4" branch="false"/>
            <line number="1282" hits="4" branch="false"/>
            <line number="1283" hits="4" branch="false"/>
            <line number="1284" hits="4" branch="false"/>
            <line number="1285" hits="4" branch="false"/>
            <line number="1286" hits="4" branch="false"/>
            <line number="1288" hits="4" branch="false"/>
            <line number="1289" hits="4" branch="true" condition-coverage="100% (1/1)"/>
            <line number="1290" hits="1" branch="false"/>
            <line number="1291" hits="1" branch="true" condition-coverage="100% (1/1)"/>
            <line number="1293" hits="3" branch="false"/>
            <line number="1294" hits="3" branch="false"/>
            <line number="1295" hits="3" branch="false"/>
            <line number="1296" hits="3" branch="false"/>
            <line number="1297" hits="3" branch="false"/>
            <line number="1298" hits="3" branch="false"/>
            <line number="1299" hits="4" branch="true" condition-coverage="100% (1/1)"/>
            <line number="1300" hits="1" branch="false"/>
            <line number="1301" hits="1" branch="false"/>
            <line number="1302" hits="1" branch="false"/>
            <line number="1303" hits="46" branch="false"/>
            <line number="1305" hits="46" branch="true" condition-coverage="100% (1/1)"/>
            <line number="1306" hits="5" branch="false"/>
            <line number="1307" hits="5" branch="false"/>
            <line number="1308" hits="5" branch="false"/>
            <line number="1309" hits="5" branch="false"/>
            <line number="1310" hits="5" branch="false"/>
            <line number="1311" hits="5" branch="false"/>
            <line number="1312" hits="5" branch="false"/>
            <line number="1313" hits="5" branch="false"/>
            <line number="1314" hits="5" branch="true" condition-coverage="0% (0/1)"/>
            <line number="1315" hits="5" branch="true" condition-coverage="0% (0/1)"/>
            <line number="1316" hits="0" branch="false"/>
            <line number="1317" hits="0" branch="false"/>
            <line number="1319" hits="5" branch="true" condition-coverage="0% (0/1)"/>
            <line number="1320" hits="5" branch="false"/>
            <line number="1321" hits="5" branch="false"/>
            <line number="1322" hits="5" branch="false"/>
            <line number="1323" hits="5" branch="true" condition-coverage="0% (0/1)"/>
            <line number="1325" hits="5" branch="false"/>
            <line number="1326" hits="5" branch="true" condition-coverage="100% (1/1)"/>
            <line number="1327" hits="5" branch="true" condition-coverage="0% (0/1)"/>
            <line number="1329" hits="5" branch="false"/>
            <line number="1330" hits="5" branch="false"/>
            <line number="1331" hits="5" branch="false"/>
            <line number="1332" hits="5" branch="false"/>
            <line number="1334" hits="5" branch="false"/>
[...]
            <line number="1521" hits="64" branch="false"/>
            <line number="1522" hits="64" branch="false"/>
            <line number="1523" hits="64" branch="false"/>
            <line number="1524" hits="64" branch="false"/>
            <line number="1525" hits="64" branch="false"/>
            <line number="1526" hits="64" branch="false"/>
            <line number="1527" hits="64" branch="false"/>
            <line number="1528" hits="64" branch="false"/>
            <line number="1529" hits="64" branch="false"/>
            <line number="1530" hits="64" branch="false"/>
            <line number="1531" hits="64" branch="false"/>
          </lines>
        </class>
        <class name="findings.js" filename="src/utils/findings.js" line-rate="1" branch-rate="0.8">
          <methods>
            <method name="parseFindings" hits="3" signature="()V">
              <lines>
                <line number="46" hits="3"/>
              </lines>
            </method>
          </methods>
          <lines>
            <line number="1" hits="1" branch="false"/>
            <line number="4" hits="1" branch="false"/>
            <line number="5" hits="1" branch="false"/>
            <line number="7" hits="1" branch="false"/>
            <line number="8" hits="1" branch="false"/>
            <line number="9" hits="1" branch="false"/>
            <line number="10" hits="1" branch="false"/>
            <line number="11" hits="1" branch="false"/>
            <line number="12" hits="1" branch="false"/>
            <line number="13" hits="1" branch="false"/>
            <line number="14" hits="1" branch="false"/>
            <line number="15" hits="1" branch="false"/>
            <line number="16" hits="1" branch="false"/>
            <line number="17" hits="1" branch="false"/>
            <line number="18" hits="1" branch="false"/>
            <line number="19" hits="1" branch="false"/>
            <line number="20" hits="1" branch="false"/>
            <line number="21" hits="1" branch="false"/>
            <line number="22" hits="1" branch="false"/>
            <line number="23" hits="1" branch="false"/>
            <line number="24" hits="1" branch="false"/>
            <line number="25" hits="1" branch="false"/>
            <line number="26" hits="1" branch="false"/>
            <line number="27" hits="1" branch="false"/>
            <line number="28" hits="1" branch="false"/>
            <line number="29" hits="1" branch="false"/>
            <line number="30" hits="1" branch="false"/>
            <line number="31" hits="1" branch="false"/>
            <line number="32" hits="1" branch="false"/>
            <line number="33" hits="1" branch="false"/>
            <line number="34" hits="1" branch="false"/>
            <line number="35" hits="1" branch="false"/>
            <line number="36" hits="1" branch="false"/>
            <line number="37" hits="1" branch="false"/>
            <line number="39" hits="1" branch="false"/>
            <line number="40" hits="1" branch="false"/>
            <line number="41" hits="1" branch="false"/>
            <line number="42" hits="1" branch="false"/>
            <line number="44" hits="1" branch="false"/>
            <line number="46" hits="1" branch="true" condition-coverage="100% (1/1)"/>
            <line number="47" hits="3" branch="false"/>
            <line number="48" hits="3" branch="false"/>
            <line number="49" hits="3" branch="true" condition-coverage="100% (1/1)"/>
            <line number="50" hits="1" branch="false"/>
            <line number="51" hits="1" branch="false"/>
            <line number="52" hits="1" branch="true" condition-coverage="100% (1/1)"/>
            <line number="53" hits="1" branch="true" condition-coverage="0% (0/1)"/>
            <line number="54" hits="1" branch="false"/>
            <line number="55" hits="1" branch="false"/>
            <line number="56" hits="1" branch="false"/>
            <line number="57" hits="3" branch="true" condition-coverage="100% (1/1)"/>
            <line number="58" hits="2" branch="false"/>
            <line number="59" hits="2" branch="false"/>
            <line number="60" hits="2" branch="false"/>
            <line number="61" hits="3" branch="false"/>
          </lines>
        </class>
        <class name="followUpSession.js" filename="src/utils/followUpSession.js" line-rate="1" branch-rate="0.9333">
          <methods>
            <method name="parseFollowUpSession" hits="9" signature="()V">
              <lines>
                <line number="72" hits="9"/>
              </lines>
            </method>
            <method name="getFollowUpEvidenceLinks" hits="3" signature="()V">
              <lines>
                <line number="90" hits="3"/>
              </lines>
            </method>
          </methods>
          <lines>
            <line number="1" hits="1" branch="false"/>
            <line number="3" hits="1" branch="false"/>
            <line number="5" hits="1" branch="false"/>
            <line number="6" hits="1" branch="false"/>
            <line number="7" hits="1" branch="false"/>
            <line number="8" hits="1" branch="false"/>
            <line number="9" hits="1" branch="false"/>
            <line number="10" hits="1" branch="false"/>
            <line number="11" hits="1" branch="false"/>
            <line number="12" hits="1" branch="false"/>
            <line number="13" hits="1" branch="false"/>
            <line number="14" hits="1" branch="false"/>
            <line number="15" hits="1" branch="false"/>
            <line number="16" hits="1" branch="false"/>
            <line number="17" hits="1" branch="false"/>
            <line number="18" hits="1" branch="false"/>
            <line number="19" hits="1" branch="false"/>
            <line number="20" hits="1" branch="false"/>
            <line number="21" hits="1" branch="false"/>
            <line number="22" hits="1" branch="false"/>
            <line number="23" hits="1" branch="false"/>
            <line number="24" hits="1" branch="false"/>
            <line number="25" hits="1" branch="false"/>
            <line number="26" hits="1" branch="false"/>
            <line number="27" hits="1" branch="false"/>
            <line number="28" hits="1" branch="false"/>
            <line number="29" hits="1" branch="false"/>
            <line number="30" hits="1" branch="false"/>
            <line number="31" hits="1" branch="false"/>
            <line number="32" hits="1" branch="false"/>
            <line number="33" hits="1" branch="false"/>
            <line number="34" hits="1" branch="false"/>
            <line number="35" hits="1" branch="false"/>
            <line number="36" hits="1" branch="false"/>
            <line number="37" hits="1" branch="false"/>
            <line number="38" hits="1" branch="false"/>
            <line number="39" hits="1" branch="false"/>
            <line number="40" hits="1" branch="false"/>
            <line number="41" hits="1" branch="false"/>
            <line number="42" hits="1" branch="false"/>
            <line number="43" hits="1" branch="false"/>
            <line number="44" hits="1" branch="false"/>
            <line number="45" hits="1" branch="false"/>
            <line number="46" hits="1" branch="false"/>
            <line number="47" hits="1" branch="false"/>
            <line number="48" hits="1" branch="false"/>
            <line number="49" hits="1" branch="false"/>
            <line number="50" hits="1" branch="false"/>
            <line number="51" hits="1" branch="false"/>
            <line number="52" hits="1" branch="false"/>
            <line number="53" hits="1" branch="false"/>
            <line number="54" hits="1" branch="false"/>
            <line number="55" hits="1" branch="false"/>
            <line number="56" hits="1" branch="false"/>
            <line number="57" hits="1" branch="false"/>
            <line number="58" hits="1" branch="false"/>
            <line number="59" hits="1" branch="false"/>
            <line number="60" hits="1" branch="false"/>
            <line number="61" hits="1" branch="false"/>
            <line number="62" hits="1" branch="false"/>
            <line number="63" hits="1" branch="false"/>
            <line number="64" hits="1" branch="false"/>
            <line number="65" hits="1" branch="false"/>
            <line number="66" hits="1" branch="false"/>
            <line number="67" hits="1" branch="false"/>
            <line number="68" hits="1" branch="false"/>
            <line number="70" hits="1" branch="false"/>
            <line number="72" hits="1" branch="true" condition-coverage="100% (1/1)"/>
            <line number="73" hits="9" branch="false"/>
            <line number="74" hits="9" branch="false"/>
            <line number="75" hits="9" branch="true" condition-coverage="100% (1/1)"/>
            <line number="76" hits="3" branch="false"/>
            <line number="77" hits="3" branch="false"/>
            <line number="78" hits="3" branch="true" condition-coverage="100% (1/1)"/>
            <line number="79" hits="3" branch="true" condition-coverage="0% (0/1)"/>
            <line number="80" hits="3" branch="false"/>
            <line number="81" hits="3" branch="true" condition-coverage="100% (1/1)"/>
            <line number="82" hits="5" branch="false"/>
            <line number="83" hits="5" branch="true" condition-coverage="100% (1/1)"/>
            <line number="84" hits="4" branch="false"/>
            <line number="85" hits="4" branch="false"/>
            <line number="86" hits="4" branch="false"/>
            <line number="87" hits="9" branch="false"/>
            <line number="89" hits="1" branch="false"/>
            <line number="90" hits="1" branch="true" condition-coverage="100% (1/1)"/>
            <line number="91" hits="3" branch="false"/>
            <line number="93" hits="3" branch="true" condition-coverage="100% (1/1)"/>
            <line number="94" hits="38" branch="true" condition-coverage="100% (1/1)"/>
            <line number="95" hits="3" branch="true" condition-coverage="100% (1/1)"/>
            <line number="96" hits="5" branch="false"/>
            <line number="97" hits="5" branch="true" condition-coverage="100% (2/2)"/>
            <line number="98" hits="2" branch="false"/>
            <line number="99" hits="2" branch="true" condition-coverage="100% (1/1)"/>
            <line number="100" hits="5" branch="true" condition-coverage="100% (1/1)"/>
            <line number="101" hits="2" branch="false"/>
            <line number="102" hits="5" branch="true" condition-coverage="100% (1/1)"/>
            <line number="103" hits="1" branch="false"/>
            <line number="104" hits="1" branch="false"/>
            <line number="105" hits="3" branch="false"/>
            <line number="106" hits="3" branch="false"/>
            <line number="107" hits="38" branch="false"/>
            <line number="108" hits="3" branch="false"/>
            <line number="110" hits="3" branch="false"/>
            <line number="111" hits="3" branch="false"/>
          </lines>
        </class>
        <class name="session.js" filename="src/utils/session.js" line-rate="0.9854999999999999" branch-rate="0.8823000000000001">
          <methods>
            <method name="parseSession" hits="9" signature="()V">
              <lines>
                <line number="106" hits="9"/>
              </lines>
            </method>
            <method name="getEvidenceLinks" hits="1" signature="()V">
              <lines>
                <line number="124" hits="1"/>
              </lines>
            </method>
          </methods>
          <lines>
            <line number="1" hits="1" branch="false"/>
            <line number="3" hits="1" branch="false"/>
            <line number="5" hits="1" branch="false"/>
            <line number="6" hits="1" branch="false"/>
            <line number="7" hits="1" branch="false"/>
            <line number="8" hits="1" branch="false"/>
            <line number="9" hits="1" branch="false"/>
            <line number="10" hits="1" branch="false"/>
            <line number="11" hits="1" branch="false"/>
            <line number="12" hits="1" branch="false"/>
            <line number="13" hits="1" branch="false"/>
            <line number="14" hits="1" branch="false"/>
            <line number="15" hits="1" branch="false"/>
            <line number="16" hits="1" branch="false"/>
            <line number="17" hits="1" branch="false"/>
            <line number="18" hits="1" branch="false"/>
            <line number="19" hits="1" branch="false"/>
            <line number="20" hits="1" branch="false"/>
            <line number="21" hits="1" branch="false"/>
            <line number="22" hits="1" branch="false"/>
            <line number="23" hits="1" branch="false"/>
            <line number="24" hits="1" branch="false"/>
            <line number="25" hits="1" branch="false"/>
            <line number="26" hits="1" branch="false"/>
            <line number="27" hits="1" branch="false"/>
            <line number="28" hits="1" branch="false"/>
            <line number="29" hits="1" branch="false"/>
            <line number="30" hits="1" branch="false"/>
            <line number="31" hits="1" branch="false"/>
            <line number="32" hits="1" branch="false"/>
            <line number="33" hits="1" branch="false"/>
            <line number="34" hits="1" branch="false"/>
            <line number="35" hits="1" branch="false"/>
            <line number="36" hits="1" branch="false"/>
            <line number="37" hits="1" branch="false"/>
            <line number="38" hits="1" branch="false"/>
            <line number="39" hits="1" branch="false"/>
            <line number="40" hits="1" branch="false"/>
            <line number="41" hits="1" branch="false"/>
            <line number="42" hits="1" branch="false"/>
            <line number="43" hits="1" branch="false"/>
            <line number="44" hits="1" branch="false"/>
            <line number="45" hits="1" branch="false"/>
            <line number="46" hits="1" branch="false"/>
            <line number="47" hits="1" branch="false"/>
            <line number="48" hits="1" branch="false"/>
            <line number="49" hits="1" branch="false"/>
            <line number="50" hits="1" branch="false"/>
            <line number="51" hits="1" branch="false"/>
            <line number="52" hits="1" branch="false"/>
            <line number="53" hits="1" branch="false"/>
            <line number="54" hits="1" branch="false"/>
            <line number="55" hits="1" branch="false"/>
            <line number="56" hits="1" branch="false"/>
            <line number="57" hits="1" branch="false"/>
            <line number="58" hits="1" branch="false"/>
            <line number="59" hits="1" branch="false"/>
            <line number="60" hits="1" branch="false"/>
            <line number="61" hits="1" branch="false"/>
            <line number="62" hits="1" branch="false"/>
            <line number="63" hits="1" branch="false"/>
            <line number="64" hits="1" branch="false"/>
            <line number="65" hits="1" branch="false"/>
            <line number="66" hits="1" branch="false"/>
            <line number="67" hits="1" branch="false"/>
            <line number="68" hits="1" branch="false"/>
            <line number="69" hits="1" branch="false"/>
            <line number="70" hits="1" branch="false"/>
            <line number="71" hits="1" branch="false"/>
            <line number="72" hits="1" branch="false"/>
            <line number="73" hits="1" branch="false"/>
            <line number="74" hits="1" branch="false"/>
            <line number="75" hits="1" branch="false"/>
            <line number="76" hits="1" branch="false"/>
            <line number="77" hits="1" branch="false"/>
            <line number="78" hits="1" branch="false"/>
            <line number="79" hits="1" branch="false"/>
            <line number="80" hits="1" branch="false"/>
            <line number="81" hits="1" branch="false"/>
            <line number="82" hits="1" branch="false"/>
            <line number="83" hits="1" branch="false"/>
            <line number="84" hits="1" branch="false"/>
            <line number="85" hits="1" branch="false"/>
            <line number="86" hits="1" branch="false"/>
            <line number="87" hits="1" branch="false"/>
            <line number="88" hits="1" branch="false"/>
            <line number="89" hits="1" branch="false"/>
            <line number="90" hits="1" branch="false"/>
            <line number="91" hits="1" branch="false"/>
            <line number="92" hits="1" branch="false"/>
            <line number="93" hits="1" branch="false"/>
            <line number="94" hits="1" branch="false"/>
            <line number="95" hits="1" branch="false"/>
            <line number="96" hits="1" branch="false"/>
            <line number="97" hits="1" branch="false"/>
            <line number="98" hits="1" branch="false"/>
            <line number="99" hits="1" branch="false"/>
            <line number="100" hits="1" branch="false"/>
            <line number="101" hits="1" branch="false"/>
            <line number="102" hits="1" branch="false"/>
            <line number="104" hits="1" branch="false"/>
            <line number="106" hits="1" branch="true" condition-coverage="100% (1/1)"/>
            <line number="107" hits="9" branch="false"/>
            <line number="108" hits="9" branch="false"/>
            <line number="109" hits="9" branch="true" condition-coverage="100% (1/1)"/>
            <line number="110" hits="3" branch="false"/>
            <line number="111" hits="3" branch="false"/>
            <line number="112" hits="3" branch="true" condition-coverage="100% (1/1)"/>
            <line number="113" hits="3" branch="true" condition-coverage="0% (0/1)"/>
            <line number="114" hits="3" branch="false"/>
            <line number="115" hits="3" branch="true" condition-coverage="100% (1/1)"/>
            <line number="116" hits="5" branch="false"/>
            <line number="117" hits="9" branch="true" condition-coverage="100% (1/1)"/>
            <line number="118" hits="4" branch="false"/>
            <line number="119" hits="4" branch="false"/>
            <line number="120" hits="4" branch="false"/>
            <line number="121" hits="9" branch="false"/>
            <line number="123" hits="1" branch="false"/>
            <line number="124" hits="1" branch="true" condition-coverage="100% (1/1)"/>
            <line number="125" hits="1" branch="false"/>
            <line number="127" hits="1" branch="true" condition-coverage="100% (1/1)"/>
            <line number="128" hits="36" branch="true" condition-coverage="100% (3/3)"/>
            <line number="129" hits="7" branch="true" condition-coverage="100% (1/1)"/>
            <line number="130" hits="10" branch="true" condition-coverage="100% (2/2)"/>
            <line number="132" hits="10" branch="true" condition-coverage="0% (0/1)"/>
            <line number="133" hits="0" branch="false"/>
            <line number="134" hits="0" branch="false"/>
            <line number="136" hits="10" branch="true" condition-coverage="100% (1/1)"/>
            <line number="137" hits="7" branch="false"/>
            <line number="138" hits="10" branch="true" condition-coverage="100% (1/1)"/>
            <line number="139" hits="3" branch="false"/>
            <line number="140" hits="3" branch="false"/>
            <line number="141" hits="7" branch="false"/>
            <line number="142" hits="7" branch="false"/>
            <line number="143" hits="36" branch="false"/>
            <line number="144" hits="1" branch="false"/>
            <line number="146" hits="1" branch="false"/>
            <line number="147" hits="1" branch="false"/>
          </lines>
        </class>
      </classes>
    </package>
  </packages>
</coverage>
