{"/home/fernando/git/compliance_repo/compliance_checklist/electron/ipc/ipcHandles.js": {"path":"/home/fernando/git/compliance_repo/compliance_checklist/electron/ipc/ipcHandles.js","all":false,"statementMap":{"0":{"start":{"line":1,"column":0},"end":{"line":1,"column":53}},"3":{"start":{"line":4,"column":0},"end":{"line":4,"column":138}},"4":{"start":{"line":5,"column":0},"end":{"line":5,"column":147}},"6":{"start":{"line":7,"column":0},"end":{"line":7,"column":142}},"24":{"start":{"line":25,"column":0},"end":{"line":25,"column":44}},"25":{"start":{"line":26,"column":0},"end":{"line":26,"column":15}},"27":{"start":{"line":28,"column":0},"end":{"line":28,"column":28}},"28":{"start":{"line":29,"column":0},"end":{"line":29,"column":17}},"29":{"start":{"line":30,"column":0},"end":{"line":30,"column":30}},"30":{"start":{"line":31,"column":0},"end":{"line":31,"column":27}},"31":{"start":{"line":32,"column":0},"end":{"line":32,"column":15}},"32":{"start":{"line":33,"column":0},"end":{"line":33,"column":35}},"33":{"start":{"line":34,"column":0},"end":{"line":34,"column":37}},"34":{"start":{"line":35,"column":0},"end":{"line":35,"column":31}},"35":{"start":{"line":36,"column":0},"end":{"line":36,"column":55}},"36":{"start":{"line":37,"column":0},"end":{"line":37,"column":34}},"37":{"start":{"line":38,"column":0},"end":{"line":38,"column":35}},"38":{"start":{"line":39,"column":0},"end":{"line":39,"column":56}},"39":{"start":{"line":40,"column":0},"end":{"line":40,"column":19}},"40":{"start":{"line":41,"column":0},"end":{"line":41,"column":21}},"41":{"start":{"line":42,"column":0},"end":{"line":42,"column":13}},"42":{"start":{"line":43,"column":0},"end":{"line":43,"column":30}},"43":{"start":{"line":44,"column":0},"end":{"line":44,"column":26}},"44":{"start":{"line":45,"column":0},"end":{"line":45,"column":28}},"45":{"start":{"line":46,"column":0},"end":{"line":46,"column":27}},"46":{"start":{"line":47,"column":0},"end":{"line":47,"column":8}},"47":{"start":{"line":48,"column":0},"end":{"line":48,"column":6}},"48":{"start":{"line":49,"column":0},"end":{"line":49,"column":4}},"49":{"start":{"line":50,"column":0},"end":{"line":50,"column":1}},"51":{"start":{"line":52,"column":0},"end":{"line":52,"column":25}},"52":{"start":{"line":53,"column":0},"end":{"line":53,"column":58}},"53":{"start":{"line":54,"column":0},"end":{"line":54,"column":21}},"54":{"start":{"line":55,"column":0},"end":{"line":55,"column":17}},"55":{"start":{"line":56,"column":0},"end":{"line":56,"column":30}},"56":{"start":{"line":57,"column":0},"end":{"line":57,"column":52}},"57":{"start":{"line":58,"column":0},"end":{"line":58,"column":15}},"58":{"start":{"line":59,"column":0},"end":{"line":59,"column":20}},"59":{"start":{"line":60,"column":0},"end":{"line":60,"column":21}},"60":{"start":{"line":61,"column":0},"end":{"line":61,"column":6}},"61":{"start":{"line":62,"column":0},"end":{"line":62,"column":16}},"62":{"start":{"line":63,"column":0},"end":{"line":63,"column":21}},"63":{"start":{"line":64,"column":0},"end":{"line":64,"column":34}},"64":{"start":{"line":65,"column":0},"end":{"line":65,"column":17}},"65":{"start":{"line":66,"column":0},"end":{"line":66,"column":23}},"66":{"start":{"line":67,"column":0},"end":{"line":67,"column":25}},"67":{"start":{"line":68,"column":0},"end":{"line":68,"column":22}},"68":{"start":{"line":69,"column":0},"end":{"line":69,"column":24}},"69":{"start":{"line":70,"column":0},"end":{"line":70,"column":24}},"70":{"start":{"line":71,"column":0},"end":{"line":71,"column":21}},"71":{"start":{"line":72,"column":0},"end":{"line":72,"column":8}},"72":{"start":{"line":73,"column":0},"end":{"line":73,"column":19}},"73":{"start":{"line":74,"column":0},"end":{"line":74,"column":40}},"74":{"start":{"line":75,"column":0},"end":{"line":75,"column":41}},"75":{"start":{"line":76,"column":0},"end":{"line":76,"column":25}},"76":{"start":{"line":77,"column":0},"end":{"line":77,"column":25}},"77":{"start":{"line":78,"column":0},"end":{"line":78,"column":42}},"78":{"start":{"line":79,"column":0},"end":{"line":79,"column":10}},"79":{"start":{"line":80,"column":0},"end":{"line":80,"column":34}},"80":{"start":{"line":81,"column":0},"end":{"line":81,"column":39}},"81":{"start":{"line":82,"column":0},"end":{"line":82,"column":41}},"82":{"start":{"line":83,"column":0},"end":{"line":83,"column":41}},"83":{"start":{"line":84,"column":0},"end":{"line":84,"column":59}},"84":{"start":{"line":85,"column":0},"end":{"line":85,"column":40}},"85":{"start":{"line":86,"column":0},"end":{"line":86,"column":42}},"86":{"start":{"line":87,"column":0},"end":{"line":87,"column":42}},"87":{"start":{"line":88,"column":0},"end":{"line":88,"column":22}},"88":{"start":{"line":89,"column":0},"end":{"line":89,"column":25}},"89":{"start":{"line":90,"column":0},"end":{"line":90,"column":53}},"90":{"start":{"line":91,"column":0},"end":{"line":91,"column":10}},"91":{"start":{"line":92,"column":0},"end":{"line":92,"column":39}},"92":{"start":{"line":93,"column":0},"end":{"line":93,"column":41}},"93":{"start":{"line":94,"column":0},"end":{"line":94,"column":21}},"94":{"start":{"line":95,"column":0},"end":{"line":95,"column":24}},"95":{"start":{"line":96,"column":0},"end":{"line":96,"column":36}},"96":{"start":{"line":97,"column":0},"end":{"line":97,"column":10}},"97":{"start":{"line":98,"column":0},"end":{"line":98,"column":8}},"98":{"start":{"line":99,"column":0},"end":{"line":99,"column":6}},"99":{"start":{"line":100,"column":0},"end":{"line":100,"column":12}},"100":{"start":{"line":101,"column":0},"end":{"line":101,"column":20}},"101":{"start":{"line":102,"column":0},"end":{"line":102,"column":14}},"102":{"start":{"line":103,"column":0},"end":{"line":103,"column":23}},"103":{"start":{"line":104,"column":0},"end":{"line":104,"column":36}},"104":{"start":{"line":105,"column":0},"end":{"line":105,"column":21}},"105":{"start":{"line":106,"column":0},"end":{"line":106,"column":37}},"106":{"start":{"line":107,"column":0},"end":{"line":107,"column":21}},"107":{"start":{"line":108,"column":0},"end":{"line":108,"column":27}},"108":{"start":{"line":109,"column":0},"end":{"line":109,"column":46}},"109":{"start":{"line":110,"column":0},"end":{"line":110,"column":12}},"110":{"start":{"line":111,"column":0},"end":{"line":111,"column":46}},"111":{"start":{"line":112,"column":0},"end":{"line":112,"column":53}},"112":{"start":{"line":113,"column":0},"end":{"line":113,"column":47}},"113":{"start":{"line":114,"column":0},"end":{"line":114,"column":22}},"114":{"start":{"line":115,"column":0},"end":{"line":115,"column":27}},"115":{"start":{"line":116,"column":0},"end":{"line":116,"column":25}},"116":{"start":{"line":117,"column":0},"end":{"line":117,"column":48}},"117":{"start":{"line":118,"column":0},"end":{"line":118,"column":53}},"118":{"start":{"line":119,"column":0},"end":{"line":119,"column":14}},"119":{"start":{"line":120,"column":0},"end":{"line":120,"column":12}},"120":{"start":{"line":121,"column":0},"end":{"line":121,"column":29}},"121":{"start":{"line":122,"column":0},"end":{"line":122,"column":27}},"122":{"start":{"line":123,"column":0},"end":{"line":123,"column":67}},"123":{"start":{"line":124,"column":0},"end":{"line":124,"column":12}},"124":{"start":{"line":125,"column":0},"end":{"line":125,"column":31}},"125":{"start":{"line":126,"column":0},"end":{"line":126,"column":27}},"126":{"start":{"line":127,"column":0},"end":{"line":127,"column":56}},"127":{"start":{"line":128,"column":0},"end":{"line":128,"column":12}},"128":{"start":{"line":129,"column":0},"end":{"line":129,"column":24}},"129":{"start":{"line":130,"column":0},"end":{"line":130,"column":27}},"130":{"start":{"line":131,"column":0},"end":{"line":131,"column":56}},"131":{"start":{"line":132,"column":0},"end":{"line":132,"column":12}},"132":{"start":{"line":133,"column":0},"end":{"line":133,"column":32}},"133":{"start":{"line":134,"column":0},"end":{"line":134,"column":28}},"134":{"start":{"line":135,"column":0},"end":{"line":135,"column":27}},"135":{"start":{"line":136,"column":0},"end":{"line":136,"column":12}},"136":{"start":{"line":137,"column":0},"end":{"line":137,"column":26}},"137":{"start":{"line":138,"column":0},"end":{"line":138,"column":26}},"138":{"start":{"line":139,"column":0},"end":{"line":139,"column":38}},"139":{"start":{"line":140,"column":0},"end":{"line":140,"column":12}},"140":{"start":{"line":141,"column":0},"end":{"line":141,"column":10}},"141":{"start":{"line":142,"column":0},"end":{"line":142,"column":8}},"142":{"start":{"line":143,"column":0},"end":{"line":143,"column":6}},"143":{"start":{"line":144,"column":0},"end":{"line":144,"column":4}},"144":{"start":{"line":145,"column":0},"end":{"line":145,"column":1}},"146":{"start":{"line":147,"column":0},"end":{"line":147,"column":23}},"147":{"start":{"line":148,"column":0},"end":{"line":148,"column":58}},"148":{"start":{"line":149,"column":0},"end":{"line":149,"column":19}},"149":{"start":{"line":150,"column":0},"end":{"line":150,"column":17}},"150":{"start":{"line":151,"column":0},"end":{"line":151,"column":30}},"151":{"start":{"line":152,"column":0},"end":{"line":152,"column":41}},"152":{"start":{"line":153,"column":0},"end":{"line":153,"column":15}},"153":{"start":{"line":154,"column":0},"end":{"line":154,"column":20}},"154":{"start":{"line":155,"column":0},"end":{"line":155,"column":21}},"155":{"start":{"line":156,"column":0},"end":{"line":156,"column":6}},"156":{"start":{"line":157,"column":0},"end":{"line":157,"column":14}},"157":{"start":{"line":158,"column":0},"end":{"line":158,"column":21}},"158":{"start":{"line":159,"column":0},"end":{"line":159,"column":34}},"159":{"start":{"line":160,"column":0},"end":{"line":160,"column":17}},"160":{"start":{"line":161,"column":0},"end":{"line":161,"column":20}},"161":{"start":{"line":162,"column":0},"end":{"line":162,"column":21}},"162":{"start":{"line":163,"column":0},"end":{"line":163,"column":21}},"163":{"start":{"line":164,"column":0},"end":{"line":164,"column":23}},"164":{"start":{"line":165,"column":0},"end":{"line":165,"column":28}},"165":{"start":{"line":166,"column":0},"end":{"line":166,"column":22}},"166":{"start":{"line":167,"column":0},"end":{"line":167,"column":8}},"167":{"start":{"line":168,"column":0},"end":{"line":168,"column":19}},"168":{"start":{"line":169,"column":0},"end":{"line":169,"column":40}},"169":{"start":{"line":170,"column":0},"end":{"line":170,"column":20}},"170":{"start":{"line":171,"column":0},"end":{"line":171,"column":25}},"171":{"start":{"line":172,"column":0},"end":{"line":172,"column":56}},"172":{"start":{"line":173,"column":0},"end":{"line":173,"column":10}},"173":{"start":{"line":174,"column":0},"end":{"line":174,"column":40}},"174":{"start":{"line":175,"column":0},"end":{"line":175,"column":42}},"175":{"start":{"line":176,"column":0},"end":{"line":176,"column":42}},"176":{"start":{"line":177,"column":0},"end":{"line":177,"column":39}},"177":{"start":{"line":178,"column":0},"end":{"line":178,"column":41}},"178":{"start":{"line":179,"column":0},"end":{"line":179,"column":39}},"179":{"start":{"line":180,"column":0},"end":{"line":180,"column":41}},"180":{"start":{"line":181,"column":0},"end":{"line":181,"column":41}},"181":{"start":{"line":182,"column":0},"end":{"line":182,"column":37}},"182":{"start":{"line":183,"column":0},"end":{"line":183,"column":46}},"183":{"start":{"line":184,"column":0},"end":{"line":184,"column":48}},"184":{"start":{"line":185,"column":0},"end":{"line":185,"column":42}},"185":{"start":{"line":186,"column":0},"end":{"line":186,"column":47}},"186":{"start":{"line":187,"column":0},"end":{"line":187,"column":55}},"187":{"start":{"line":188,"column":0},"end":{"line":188,"column":23}},"188":{"start":{"line":189,"column":0},"end":{"line":189,"column":25}},"189":{"start":{"line":190,"column":0},"end":{"line":190,"column":68}},"190":{"start":{"line":191,"column":0},"end":{"line":191,"column":36}},"191":{"start":{"line":192,"column":0},"end":{"line":192,"column":10}},"192":{"start":{"line":193,"column":0},"end":{"line":193,"column":57}},"193":{"start":{"line":194,"column":0},"end":{"line":194,"column":24}},"194":{"start":{"line":195,"column":0},"end":{"line":195,"column":25}},"195":{"start":{"line":196,"column":0},"end":{"line":196,"column":17}},"196":{"start":{"line":197,"column":0},"end":{"line":197,"column":19}},"197":{"start":{"line":198,"column":0},"end":{"line":198,"column":28}},"198":{"start":{"line":199,"column":0},"end":{"line":199,"column":27}},"199":{"start":{"line":200,"column":0},"end":{"line":200,"column":26}},"200":{"start":{"line":201,"column":0},"end":{"line":201,"column":37}},"201":{"start":{"line":202,"column":0},"end":{"line":202,"column":42}},"202":{"start":{"line":203,"column":0},"end":{"line":203,"column":21}},"203":{"start":{"line":204,"column":0},"end":{"line":204,"column":22}},"204":{"start":{"line":205,"column":0},"end":{"line":205,"column":12}},"205":{"start":{"line":206,"column":0},"end":{"line":206,"column":26}},"206":{"start":{"line":207,"column":0},"end":{"line":207,"column":10}},"207":{"start":{"line":208,"column":0},"end":{"line":208,"column":63}},"208":{"start":{"line":209,"column":0},"end":{"line":209,"column":63}},"209":{"start":{"line":210,"column":0},"end":{"line":210,"column":61}},"210":{"start":{"line":211,"column":0},"end":{"line":211,"column":63}},"211":{"start":{"line":212,"column":0},"end":{"line":212,"column":41}},"212":{"start":{"line":213,"column":0},"end":{"line":213,"column":29}},"213":{"start":{"line":214,"column":0},"end":{"line":214,"column":25}},"214":{"start":{"line":215,"column":0},"end":{"line":215,"column":54}},"215":{"start":{"line":216,"column":0},"end":{"line":216,"column":10}},"216":{"start":{"line":217,"column":0},"end":{"line":217,"column":27}},"217":{"start":{"line":218,"column":0},"end":{"line":218,"column":25}},"218":{"start":{"line":219,"column":0},"end":{"line":219,"column":23}},"219":{"start":{"line":220,"column":0},"end":{"line":220,"column":20}},"220":{"start":{"line":221,"column":0},"end":{"line":221,"column":29}},"221":{"start":{"line":222,"column":0},"end":{"line":222,"column":88}},"222":{"start":{"line":223,"column":0},"end":{"line":223,"column":14}},"223":{"start":{"line":224,"column":0},"end":{"line":224,"column":47}},"224":{"start":{"line":225,"column":0},"end":{"line":225,"column":50}},"225":{"start":{"line":226,"column":0},"end":{"line":226,"column":56}},"226":{"start":{"line":227,"column":0},"end":{"line":227,"column":31}},"227":{"start":{"line":228,"column":0},"end":{"line":228,"column":29}},"228":{"start":{"line":229,"column":0},"end":{"line":229,"column":67}},"229":{"start":{"line":230,"column":0},"end":{"line":230,"column":14}},"230":{"start":{"line":231,"column":0},"end":{"line":231,"column":12}},"231":{"start":{"line":232,"column":0},"end":{"line":232,"column":10}},"232":{"start":{"line":233,"column":0},"end":{"line":233,"column":8}},"233":{"start":{"line":234,"column":0},"end":{"line":234,"column":6}},"234":{"start":{"line":235,"column":0},"end":{"line":235,"column":4}},"235":{"start":{"line":236,"column":0},"end":{"line":236,"column":1}},"237":{"start":{"line":238,"column":0},"end":{"line":238,"column":29}},"238":{"start":{"line":239,"column":0},"end":{"line":239,"column":58}},"239":{"start":{"line":240,"column":0},"end":{"line":240,"column":36}},"240":{"start":{"line":241,"column":0},"end":{"line":241,"column":17}},"241":{"start":{"line":242,"column":0},"end":{"line":242,"column":30}},"242":{"start":{"line":243,"column":0},"end":{"line":243,"column":41}},"243":{"start":{"line":244,"column":0},"end":{"line":244,"column":15}},"244":{"start":{"line":245,"column":0},"end":{"line":245,"column":38}},"245":{"start":{"line":246,"column":0},"end":{"line":246,"column":14}},"246":{"start":{"line":247,"column":0},"end":{"line":247,"column":21}},"247":{"start":{"line":248,"column":0},"end":{"line":248,"column":33}},"248":{"start":{"line":249,"column":0},"end":{"line":249,"column":44}},"249":{"start":{"line":250,"column":0},"end":{"line":250,"column":19}},"250":{"start":{"line":251,"column":0},"end":{"line":251,"column":38}},"251":{"start":{"line":252,"column":0},"end":{"line":252,"column":39}},"252":{"start":{"line":253,"column":0},"end":{"line":253,"column":41}},"253":{"start":{"line":254,"column":0},"end":{"line":254,"column":39}},"254":{"start":{"line":255,"column":0},"end":{"line":255,"column":41}},"255":{"start":{"line":256,"column":0},"end":{"line":256,"column":37}},"256":{"start":{"line":257,"column":0},"end":{"line":257,"column":46}},"257":{"start":{"line":258,"column":0},"end":{"line":258,"column":35}},"258":{"start":{"line":259,"column":0},"end":{"line":259,"column":40}},"259":{"start":{"line":260,"column":0},"end":{"line":260,"column":39}},"260":{"start":{"line":261,"column":0},"end":{"line":261,"column":47}},"261":{"start":{"line":262,"column":0},"end":{"line":262,"column":47}},"262":{"start":{"line":263,"column":0},"end":{"line":263,"column":27}},"263":{"start":{"line":264,"column":0},"end":{"line":264,"column":25}},"264":{"start":{"line":265,"column":0},"end":{"line":265,"column":37}},"265":{"start":{"line":266,"column":0},"end":{"line":266,"column":10}},"266":{"start":{"line":267,"column":0},"end":{"line":267,"column":8}},"267":{"start":{"line":268,"column":0},"end":{"line":268,"column":6}},"268":{"start":{"line":269,"column":0},"end":{"line":269,"column":4}},"269":{"start":{"line":270,"column":0},"end":{"line":270,"column":1}},"271":{"start":{"line":272,"column":0},"end":{"line":272,"column":30}},"272":{"start":{"line":273,"column":0},"end":{"line":273,"column":58}},"273":{"start":{"line":274,"column":0},"end":{"line":274,"column":26}},"274":{"start":{"line":275,"column":0},"end":{"line":275,"column":17}},"275":{"start":{"line":276,"column":0},"end":{"line":276,"column":30}},"276":{"start":{"line":277,"column":0},"end":{"line":277,"column":48}},"277":{"start":{"line":278,"column":0},"end":{"line":278,"column":15}},"278":{"start":{"line":279,"column":0},"end":{"line":279,"column":38}},"279":{"start":{"line":280,"column":0},"end":{"line":280,"column":21}},"280":{"start":{"line":281,"column":0},"end":{"line":281,"column":21}},"281":{"start":{"line":282,"column":0},"end":{"line":282,"column":34}},"282":{"start":{"line":283,"column":0},"end":{"line":283,"column":17}},"283":{"start":{"line":284,"column":0},"end":{"line":284,"column":20}},"284":{"start":{"line":285,"column":0},"end":{"line":285,"column":21}},"285":{"start":{"line":286,"column":0},"end":{"line":286,"column":21}},"286":{"start":{"line":287,"column":0},"end":{"line":287,"column":23}},"287":{"start":{"line":288,"column":0},"end":{"line":288,"column":23}},"288":{"start":{"line":289,"column":0},"end":{"line":289,"column":26}},"289":{"start":{"line":290,"column":0},"end":{"line":290,"column":23}},"290":{"start":{"line":291,"column":0},"end":{"line":291,"column":8}},"291":{"start":{"line":292,"column":0},"end":{"line":292,"column":19}},"292":{"start":{"line":293,"column":0},"end":{"line":293,"column":40}},"293":{"start":{"line":294,"column":0},"end":{"line":294,"column":21}},"294":{"start":{"line":295,"column":0},"end":{"line":295,"column":25}},"295":{"start":{"line":296,"column":0},"end":{"line":296,"column":65}},"296":{"start":{"line":297,"column":0},"end":{"line":297,"column":10}},"297":{"start":{"line":298,"column":0},"end":{"line":298,"column":20}},"298":{"start":{"line":299,"column":0},"end":{"line":299,"column":25}},"299":{"start":{"line":300,"column":0},"end":{"line":300,"column":56}},"300":{"start":{"line":301,"column":0},"end":{"line":301,"column":10}},"301":{"start":{"line":302,"column":0},"end":{"line":302,"column":40}},"302":{"start":{"line":303,"column":0},"end":{"line":303,"column":42}},"303":{"start":{"line":304,"column":0},"end":{"line":304,"column":42}},"304":{"start":{"line":305,"column":0},"end":{"line":305,"column":39}},"305":{"start":{"line":306,"column":0},"end":{"line":306,"column":41}},"306":{"start":{"line":307,"column":0},"end":{"line":307,"column":39}},"307":{"start":{"line":308,"column":0},"end":{"line":308,"column":41}},"308":{"start":{"line":309,"column":0},"end":{"line":309,"column":41}},"309":{"start":{"line":310,"column":0},"end":{"line":310,"column":62}},"310":{"start":{"line":311,"column":0},"end":{"line":311,"column":71}},"311":{"start":{"line":312,"column":0},"end":{"line":312,"column":23}},"312":{"start":{"line":313,"column":0},"end":{"line":313,"column":25}},"313":{"start":{"line":314,"column":0},"end":{"line":314,"column":17}},"314":{"start":{"line":315,"column":0},"end":{"line":315,"column":30}},"315":{"start":{"line":316,"column":0},"end":{"line":316,"column":31}},"316":{"start":{"line":317,"column":0},"end":{"line":317,"column":35}},"317":{"start":{"line":318,"column":0},"end":{"line":318,"column":29}},"318":{"start":{"line":319,"column":0},"end":{"line":319,"column":12}},"319":{"start":{"line":320,"column":0},"end":{"line":320,"column":10}},"320":{"start":{"line":321,"column":0},"end":{"line":321,"column":64}},"321":{"start":{"line":322,"column":0},"end":{"line":322,"column":54}},"322":{"start":{"line":323,"column":0},"end":{"line":323,"column":62}},"323":{"start":{"line":324,"column":0},"end":{"line":324,"column":61}},"324":{"start":{"line":325,"column":0},"end":{"line":325,"column":44}},"325":{"start":{"line":326,"column":0},"end":{"line":326,"column":41}},"326":{"start":{"line":327,"column":0},"end":{"line":327,"column":24}},"327":{"start":{"line":328,"column":0},"end":{"line":328,"column":24}},"328":{"start":{"line":329,"column":0},"end":{"line":329,"column":36}},"329":{"start":{"line":330,"column":0},"end":{"line":330,"column":10}},"330":{"start":{"line":331,"column":0},"end":{"line":331,"column":8}},"331":{"start":{"line":332,"column":0},"end":{"line":332,"column":14}},"332":{"start":{"line":333,"column":0},"end":{"line":333,"column":9}},"333":{"start":{"line":334,"column":0},"end":{"line":334,"column":15}},"334":{"start":{"line":335,"column":0},"end":{"line":335,"column":76}},"335":{"start":{"line":336,"column":0},"end":{"line":336,"column":12}},"336":{"start":{"line":337,"column":0},"end":{"line":337,"column":17}},"337":{"start":{"line":338,"column":0},"end":{"line":338,"column":49}},"338":{"start":{"line":339,"column":0},"end":{"line":339,"column":25}},"339":{"start":{"line":340,"column":0},"end":{"line":340,"column":58}},"340":{"start":{"line":341,"column":0},"end":{"line":341,"column":14}},"341":{"start":{"line":342,"column":0},"end":{"line":342,"column":12}},"342":{"start":{"line":343,"column":0},"end":{"line":343,"column":17}},"343":{"start":{"line":344,"column":0},"end":{"line":344,"column":25}},"344":{"start":{"line":345,"column":0},"end":{"line":345,"column":55}},"345":{"start":{"line":346,"column":0},"end":{"line":346,"column":14}},"346":{"start":{"line":347,"column":0},"end":{"line":347,"column":12}},"347":{"start":{"line":348,"column":0},"end":{"line":348,"column":10}},"348":{"start":{"line":349,"column":0},"end":{"line":349,"column":8}},"349":{"start":{"line":350,"column":0},"end":{"line":350,"column":6}},"350":{"start":{"line":351,"column":0},"end":{"line":351,"column":4}},"351":{"start":{"line":352,"column":0},"end":{"line":352,"column":1}},"353":{"start":{"line":354,"column":0},"end":{"line":354,"column":54}},"354":{"start":{"line":355,"column":0},"end":{"line":355,"column":133}},"355":{"start":{"line":356,"column":0},"end":{"line":356,"column":81}},"357":{"start":{"line":358,"column":0},"end":{"line":358,"column":42}},"358":{"start":{"line":359,"column":0},"end":{"line":359,"column":15}},"359":{"start":{"line":360,"column":0},"end":{"line":360,"column":18}},"360":{"start":{"line":361,"column":0},"end":{"line":361,"column":30}},"362":{"start":{"line":363,"column":0},"end":{"line":363,"column":44}},"363":{"start":{"line":364,"column":0},"end":{"line":364,"column":80}},"365":{"start":{"line":366,"column":0},"end":{"line":366,"column":90}},"367":{"start":{"line":368,"column":0},"end":{"line":368,"column":61}},"368":{"start":{"line":369,"column":0},"end":{"line":369,"column":85}},"369":{"start":{"line":370,"column":0},"end":{"line":370,"column":77}},"370":{"start":{"line":371,"column":0},"end":{"line":371,"column":45}},"371":{"start":{"line":372,"column":0},"end":{"line":372,"column":1}},"373":{"start":{"line":374,"column":0},"end":{"line":374,"column":35}},"374":{"start":{"line":375,"column":0},"end":{"line":375,"column":56}},"375":{"start":{"line":376,"column":0},"end":{"line":376,"column":69}},"376":{"start":{"line":377,"column":0},"end":{"line":377,"column":52}},"377":{"start":{"line":378,"column":0},"end":{"line":378,"column":24}},"378":{"start":{"line":379,"column":0},"end":{"line":379,"column":1}},"380":{"start":{"line":381,"column":0},"end":{"line":381,"column":31}},"381":{"start":{"line":382,"column":0},"end":{"line":382,"column":32}},"382":{"start":{"line":383,"column":0},"end":{"line":383,"column":39}},"383":{"start":{"line":384,"column":0},"end":{"line":384,"column":49}},"384":{"start":{"line":385,"column":0},"end":{"line":385,"column":3}},"385":{"start":{"line":386,"column":0},"end":{"line":386,"column":43}},"386":{"start":{"line":387,"column":0},"end":{"line":387,"column":1}},"388":{"start":{"line":389,"column":0},"end":{"line":389,"column":40}},"389":{"start":{"line":390,"column":0},"end":{"line":390,"column":89}},"390":{"start":{"line":391,"column":0},"end":{"line":391,"column":16}},"391":{"start":{"line":392,"column":0},"end":{"line":392,"column":3}},"392":{"start":{"line":393,"column":0},"end":{"line":393,"column":25}},"393":{"start":{"line":394,"column":0},"end":{"line":394,"column":1}},"395":{"start":{"line":396,"column":0},"end":{"line":396,"column":39}},"396":{"start":{"line":397,"column":0},"end":{"line":397,"column":90}},"397":{"start":{"line":398,"column":0},"end":{"line":398,"column":16}},"398":{"start":{"line":399,"column":0},"end":{"line":399,"column":3}},"399":{"start":{"line":400,"column":0},"end":{"line":400,"column":11}},"400":{"start":{"line":401,"column":0},"end":{"line":401,"column":1}},"402":{"start":{"line":403,"column":0},"end":{"line":403,"column":42}},"403":{"start":{"line":404,"column":0},"end":{"line":404,"column":92}},"404":{"start":{"line":405,"column":0},"end":{"line":405,"column":16}},"405":{"start":{"line":406,"column":0},"end":{"line":406,"column":3}},"406":{"start":{"line":407,"column":0},"end":{"line":407,"column":25}},"407":{"start":{"line":408,"column":0},"end":{"line":408,"column":1}},"409":{"start":{"line":410,"column":0},"end":{"line":410,"column":54}},"410":{"start":{"line":411,"column":0},"end":{"line":411,"column":36}},"411":{"start":{"line":412,"column":0},"end":{"line":412,"column":16}},"412":{"start":{"line":413,"column":0},"end":{"line":413,"column":19}},"414":{"start":{"line":415,"column":0},"end":{"line":415,"column":69}},"415":{"start":{"line":416,"column":0},"end":{"line":416,"column":58}},"416":{"start":{"line":417,"column":0},"end":{"line":417,"column":42}},"417":{"start":{"line":418,"column":0},"end":{"line":418,"column":39}},"418":{"start":{"line":419,"column":0},"end":{"line":419,"column":1}},"420":{"start":{"line":421,"column":0},"end":{"line":421,"column":47}},"421":{"start":{"line":422,"column":0},"end":{"line":422,"column":55}},"422":{"start":{"line":423,"column":0},"end":{"line":423,"column":45}},"423":{"start":{"line":424,"column":0},"end":{"line":424,"column":19}},"424":{"start":{"line":425,"column":0},"end":{"line":425,"column":3}},"426":{"start":{"line":427,"column":0},"end":{"line":427,"column":71}},"427":{"start":{"line":428,"column":0},"end":{"line":428,"column":20}},"428":{"start":{"line":429,"column":0},"end":{"line":429,"column":65}},"429":{"start":{"line":430,"column":0},"end":{"line":430,"column":3}},"431":{"start":{"line":432,"column":0},"end":{"line":432,"column":23}},"432":{"start":{"line":433,"column":0},"end":{"line":433,"column":23}},"433":{"start":{"line":434,"column":0},"end":{"line":434,"column":35}},"434":{"start":{"line":435,"column":0},"end":{"line":435,"column":33}},"435":{"start":{"line":436,"column":0},"end":{"line":436,"column":35}},"436":{"start":{"line":437,"column":0},"end":{"line":437,"column":30}},"437":{"start":{"line":438,"column":0},"end":{"line":438,"column":5}},"438":{"start":{"line":439,"column":0},"end":{"line":439,"column":18}},"439":{"start":{"line":440,"column":0},"end":{"line":440,"column":21}},"440":{"start":{"line":441,"column":0},"end":{"line":441,"column":43}},"441":{"start":{"line":442,"column":0},"end":{"line":442,"column":63}},"442":{"start":{"line":443,"column":0},"end":{"line":443,"column":9}},"443":{"start":{"line":444,"column":0},"end":{"line":444,"column":3}},"444":{"start":{"line":445,"column":0},"end":{"line":445,"column":35}},"445":{"start":{"line":446,"column":0},"end":{"line":446,"column":1}},"447":{"start":{"line":448,"column":0},"end":{"line":448,"column":57}},"448":{"start":{"line":449,"column":0},"end":{"line":449,"column":81}},"449":{"start":{"line":450,"column":0},"end":{"line":450,"column":49}},"450":{"start":{"line":451,"column":0},"end":{"line":451,"column":31}},"451":{"start":{"line":452,"column":0},"end":{"line":452,"column":16}},"452":{"start":{"line":453,"column":0},"end":{"line":453,"column":3}},"453":{"start":{"line":454,"column":0},"end":{"line":454,"column":30}},"454":{"start":{"line":455,"column":0},"end":{"line":455,"column":36}},"455":{"start":{"line":456,"column":0},"end":{"line":456,"column":3}},"456":{"start":{"line":457,"column":0},"end":{"line":457,"column":31}},"457":{"start":{"line":458,"column":0},"end":{"line":458,"column":1}},"459":{"start":{"line":460,"column":0},"end":{"line":460,"column":69}},"460":{"start":{"line":461,"column":0},"end":{"line":461,"column":10}},"461":{"start":{"line":462,"column":0},"end":{"line":462,"column":46}},"462":{"start":{"line":463,"column":0},"end":{"line":463,"column":28}},"463":{"start":{"line":464,"column":0},"end":{"line":464,"column":17}},"464":{"start":{"line":465,"column":0},"end":{"line":465,"column":3}},"465":{"start":{"line":466,"column":0},"end":{"line":466,"column":1}},"467":{"start":{"line":468,"column":0},"end":{"line":468,"column":58}},"468":{"start":{"line":469,"column":0},"end":{"line":469,"column":69}},"469":{"start":{"line":470,"column":0},"end":{"line":470,"column":1}},"471":{"start":{"line":472,"column":0},"end":{"line":472,"column":51}},"472":{"start":{"line":473,"column":0},"end":{"line":473,"column":71}},"473":{"start":{"line":474,"column":0},"end":{"line":474,"column":21}},"474":{"start":{"line":475,"column":0},"end":{"line":475,"column":23}},"475":{"start":{"line":476,"column":0},"end":{"line":476,"column":3}},"477":{"start":{"line":478,"column":0},"end":{"line":478,"column":44}},"478":{"start":{"line":479,"column":0},"end":{"line":479,"column":47}},"479":{"start":{"line":480,"column":0},"end":{"line":480,"column":19}},"480":{"start":{"line":481,"column":0},"end":{"line":481,"column":3}},"482":{"start":{"line":483,"column":0},"end":{"line":483,"column":78}},"483":{"start":{"line":484,"column":0},"end":{"line":484,"column":79}},"484":{"start":{"line":485,"column":0},"end":{"line":485,"column":32}},"485":{"start":{"line":486,"column":0},"end":{"line":486,"column":1}},"487":{"start":{"line":488,"column":0},"end":{"line":488,"column":55}},"488":{"start":{"line":489,"column":0},"end":{"line":489,"column":39}},"489":{"start":{"line":490,"column":0},"end":{"line":490,"column":54}},"490":{"start":{"line":491,"column":0},"end":{"line":491,"column":15}},"491":{"start":{"line":492,"column":0},"end":{"line":492,"column":17}},"492":{"start":{"line":493,"column":0},"end":{"line":493,"column":3}},"494":{"start":{"line":495,"column":0},"end":{"line":495,"column":74}},"495":{"start":{"line":496,"column":0},"end":{"line":496,"column":16}},"496":{"start":{"line":497,"column":0},"end":{"line":497,"column":18}},"497":{"start":{"line":498,"column":0},"end":{"line":498,"column":3}},"499":{"start":{"line":500,"column":0},"end":{"line":500,"column":35}},"500":{"start":{"line":501,"column":0},"end":{"line":501,"column":15}},"501":{"start":{"line":502,"column":0},"end":{"line":502,"column":15}},"502":{"start":{"line":503,"column":0},"end":{"line":503,"column":3}},"504":{"start":{"line":505,"column":0},"end":{"line":505,"column":55}},"505":{"start":{"line":506,"column":0},"end":{"line":506,"column":70}},"506":{"start":{"line":507,"column":0},"end":{"line":507,"column":18}},"507":{"start":{"line":508,"column":0},"end":{"line":508,"column":5}},"508":{"start":{"line":509,"column":0},"end":{"line":509,"column":3}},"510":{"start":{"line":511,"column":0},"end":{"line":511,"column":13}},"511":{"start":{"line":512,"column":0},"end":{"line":512,"column":1}},"513":{"start":{"line":514,"column":0},"end":{"line":514,"column":46}},"514":{"start":{"line":515,"column":0},"end":{"line":515,"column":56}},"515":{"start":{"line":516,"column":0},"end":{"line":516,"column":79}},"516":{"start":{"line":517,"column":0},"end":{"line":517,"column":18}},"517":{"start":{"line":518,"column":0},"end":{"line":518,"column":3}},"518":{"start":{"line":519,"column":0},"end":{"line":519,"column":62}},"519":{"start":{"line":520,"column":0},"end":{"line":520,"column":18}},"520":{"start":{"line":521,"column":0},"end":{"line":521,"column":3}},"521":{"start":{"line":522,"column":0},"end":{"line":522,"column":19}},"522":{"start":{"line":523,"column":0},"end":{"line":523,"column":1}},"524":{"start":{"line":525,"column":0},"end":{"line":525,"column":43}},"525":{"start":{"line":526,"column":0},"end":{"line":526,"column":78}},"526":{"start":{"line":527,"column":0},"end":{"line":527,"column":15}},"527":{"start":{"line":528,"column":0},"end":{"line":528,"column":3}},"528":{"start":{"line":529,"column":0},"end":{"line":529,"column":10}},"529":{"start":{"line":530,"column":0},"end":{"line":530,"column":21}},"530":{"start":{"line":531,"column":0},"end":{"line":531,"column":13}},"531":{"start":{"line":532,"column":0},"end":{"line":532,"column":43}},"532":{"start":{"line":533,"column":0},"end":{"line":533,"column":40}},"533":{"start":{"line":534,"column":0},"end":{"line":534,"column":45}},"534":{"start":{"line":535,"column":0},"end":{"line":535,"column":3}},"535":{"start":{"line":536,"column":0},"end":{"line":536,"column":1}},"537":{"start":{"line":538,"column":0},"end":{"line":538,"column":74}},"538":{"start":{"line":539,"column":0},"end":{"line":539,"column":88}},"539":{"start":{"line":540,"column":0},"end":{"line":540,"column":47}},"540":{"start":{"line":541,"column":0},"end":{"line":541,"column":67}},"541":{"start":{"line":542,"column":0},"end":{"line":542,"column":79}},"542":{"start":{"line":543,"column":0},"end":{"line":543,"column":33}},"543":{"start":{"line":544,"column":0},"end":{"line":544,"column":30}},"544":{"start":{"line":545,"column":0},"end":{"line":545,"column":63}},"545":{"start":{"line":546,"column":0},"end":{"line":546,"column":3}},"547":{"start":{"line":548,"column":0},"end":{"line":548,"column":58}},"548":{"start":{"line":549,"column":0},"end":{"line":549,"column":97}},"550":{"start":{"line":551,"column":0},"end":{"line":551,"column":28}},"551":{"start":{"line":552,"column":0},"end":{"line":552,"column":39}},"552":{"start":{"line":553,"column":0},"end":{"line":553,"column":95}},"553":{"start":{"line":554,"column":0},"end":{"line":554,"column":19}},"554":{"start":{"line":555,"column":0},"end":{"line":555,"column":16}},"555":{"start":{"line":556,"column":0},"end":{"line":556,"column":18}},"556":{"start":{"line":557,"column":0},"end":{"line":557,"column":18}},"557":{"start":{"line":558,"column":0},"end":{"line":558,"column":53}},"558":{"start":{"line":559,"column":0},"end":{"line":559,"column":3}},"560":{"start":{"line":561,"column":0},"end":{"line":561,"column":35}},"561":{"start":{"line":562,"column":0},"end":{"line":562,"column":43}},"562":{"start":{"line":563,"column":0},"end":{"line":563,"column":53}},"563":{"start":{"line":564,"column":0},"end":{"line":564,"column":17}},"564":{"start":{"line":565,"column":0},"end":{"line":565,"column":93}},"565":{"start":{"line":566,"column":0},"end":{"line":566,"column":54}},"566":{"start":{"line":567,"column":0},"end":{"line":567,"column":65}},"567":{"start":{"line":568,"column":0},"end":{"line":568,"column":57}},"568":{"start":{"line":569,"column":0},"end":{"line":569,"column":55}},"569":{"start":{"line":570,"column":0},"end":{"line":570,"column":89}},"570":{"start":{"line":571,"column":0},"end":{"line":571,"column":11}},"571":{"start":{"line":572,"column":0},"end":{"line":572,"column":3}},"573":{"start":{"line":574,"column":0},"end":{"line":574,"column":73}},"574":{"start":{"line":575,"column":0},"end":{"line":575,"column":84}},"575":{"start":{"line":576,"column":0},"end":{"line":576,"column":37}},"576":{"start":{"line":577,"column":0},"end":{"line":577,"column":5}},"577":{"start":{"line":578,"column":0},"end":{"line":578,"column":3}},"579":{"start":{"line":580,"column":0},"end":{"line":580,"column":47}},"580":{"start":{"line":581,"column":0},"end":{"line":581,"column":68}},"581":{"start":{"line":582,"column":0},"end":{"line":582,"column":18}},"582":{"start":{"line":583,"column":0},"end":{"line":583,"column":55}},"583":{"start":{"line":584,"column":0},"end":{"line":584,"column":57}},"584":{"start":{"line":585,"column":0},"end":{"line":585,"column":66}},"585":{"start":{"line":586,"column":0},"end":{"line":586,"column":5}},"587":{"start":{"line":588,"column":0},"end":{"line":588,"column":49}},"588":{"start":{"line":589,"column":0},"end":{"line":589,"column":22}},"589":{"start":{"line":590,"column":0},"end":{"line":590,"column":40}},"590":{"start":{"line":591,"column":0},"end":{"line":591,"column":5}},"592":{"start":{"line":593,"column":0},"end":{"line":593,"column":60}},"593":{"start":{"line":594,"column":0},"end":{"line":594,"column":29}},"594":{"start":{"line":595,"column":0},"end":{"line":595,"column":54}},"595":{"start":{"line":596,"column":0},"end":{"line":596,"column":5}},"597":{"start":{"line":598,"column":0},"end":{"line":598,"column":50}},"598":{"start":{"line":599,"column":0},"end":{"line":599,"column":18}},"599":{"start":{"line":600,"column":0},"end":{"line":600,"column":37}},"600":{"start":{"line":601,"column":0},"end":{"line":601,"column":5}},"602":{"start":{"line":603,"column":0},"end":{"line":603,"column":45}},"603":{"start":{"line":604,"column":0},"end":{"line":604,"column":170}},"604":{"start":{"line":605,"column":0},"end":{"line":605,"column":26}},"605":{"start":{"line":606,"column":0},"end":{"line":606,"column":97}},"606":{"start":{"line":607,"column":0},"end":{"line":607,"column":92}},"607":{"start":{"line":608,"column":0},"end":{"line":608,"column":5}},"609":{"start":{"line":610,"column":0},"end":{"line":610,"column":72}},"610":{"start":{"line":611,"column":0},"end":{"line":611,"column":25}},"611":{"start":{"line":612,"column":0},"end":{"line":612,"column":39}},"612":{"start":{"line":613,"column":0},"end":{"line":613,"column":65}},"613":{"start":{"line":614,"column":0},"end":{"line":614,"column":7}},"614":{"start":{"line":615,"column":0},"end":{"line":615,"column":44}},"615":{"start":{"line":616,"column":0},"end":{"line":616,"column":75}},"616":{"start":{"line":617,"column":0},"end":{"line":617,"column":7}},"617":{"start":{"line":618,"column":0},"end":{"line":618,"column":5}},"619":{"start":{"line":620,"column":0},"end":{"line":620,"column":83}},"620":{"start":{"line":621,"column":0},"end":{"line":621,"column":105}},"621":{"start":{"line":622,"column":0},"end":{"line":622,"column":40}},"622":{"start":{"line":623,"column":0},"end":{"line":623,"column":74}},"623":{"start":{"line":624,"column":0},"end":{"line":624,"column":24}},"624":{"start":{"line":625,"column":0},"end":{"line":625,"column":111}},"625":{"start":{"line":626,"column":0},"end":{"line":626,"column":51}},"626":{"start":{"line":627,"column":0},"end":{"line":627,"column":26}},"627":{"start":{"line":628,"column":0},"end":{"line":628,"column":110}},"628":{"start":{"line":629,"column":0},"end":{"line":629,"column":9}},"629":{"start":{"line":630,"column":0},"end":{"line":630,"column":60}},"630":{"start":{"line":631,"column":0},"end":{"line":631,"column":29}},"631":{"start":{"line":632,"column":0},"end":{"line":632,"column":60}},"632":{"start":{"line":633,"column":0},"end":{"line":633,"column":9}},"633":{"start":{"line":634,"column":0},"end":{"line":634,"column":27}},"634":{"start":{"line":635,"column":0},"end":{"line":635,"column":41}},"635":{"start":{"line":636,"column":0},"end":{"line":636,"column":9}},"636":{"start":{"line":637,"column":0},"end":{"line":637,"column":27}},"637":{"start":{"line":638,"column":0},"end":{"line":638,"column":33}},"638":{"start":{"line":639,"column":0},"end":{"line":639,"column":9}},"639":{"start":{"line":640,"column":0},"end":{"line":640,"column":28}},"640":{"start":{"line":641,"column":0},"end":{"line":641,"column":43}},"641":{"start":{"line":642,"column":0},"end":{"line":642,"column":9}},"642":{"start":{"line":643,"column":0},"end":{"line":643,"column":21}},"643":{"start":{"line":644,"column":0},"end":{"line":644,"column":8}},"644":{"start":{"line":645,"column":0},"end":{"line":645,"column":5}},"646":{"start":{"line":647,"column":0},"end":{"line":647,"column":63}},"647":{"start":{"line":648,"column":0},"end":{"line":648,"column":27}},"648":{"start":{"line":649,"column":0},"end":{"line":649,"column":41}},"649":{"start":{"line":650,"column":0},"end":{"line":650,"column":5}},"651":{"start":{"line":652,"column":0},"end":{"line":652,"column":15}},"652":{"start":{"line":653,"column":0},"end":{"line":653,"column":4}},"654":{"start":{"line":655,"column":0},"end":{"line":655,"column":10}},"655":{"start":{"line":656,"column":0},"end":{"line":656,"column":25}},"656":{"start":{"line":657,"column":0},"end":{"line":657,"column":32}},"657":{"start":{"line":658,"column":0},"end":{"line":658,"column":10}},"658":{"start":{"line":659,"column":0},"end":{"line":659,"column":3}},"659":{"start":{"line":660,"column":0},"end":{"line":660,"column":1}},"661":{"start":{"line":662,"column":0},"end":{"line":662,"column":91}},"662":{"start":{"line":663,"column":0},"end":{"line":663,"column":88}},"663":{"start":{"line":664,"column":0},"end":{"line":664,"column":47}},"664":{"start":{"line":665,"column":0},"end":{"line":665,"column":67}},"666":{"start":{"line":667,"column":0},"end":{"line":667,"column":92}},"667":{"start":{"line":668,"column":0},"end":{"line":668,"column":94}},"669":{"start":{"line":670,"column":0},"end":{"line":670,"column":21}},"671":{"start":{"line":672,"column":0},"end":{"line":672,"column":37}},"672":{"start":{"line":673,"column":0},"end":{"line":673,"column":68}},"673":{"start":{"line":674,"column":0},"end":{"line":674,"column":72}},"674":{"start":{"line":675,"column":0},"end":{"line":675,"column":12}},"675":{"start":{"line":676,"column":0},"end":{"line":676,"column":5}},"677":{"start":{"line":678,"column":0},"end":{"line":678,"column":45}},"678":{"start":{"line":679,"column":0},"end":{"line":679,"column":21}},"679":{"start":{"line":680,"column":0},"end":{"line":680,"column":27}},"680":{"start":{"line":681,"column":0},"end":{"line":681,"column":16}},"681":{"start":{"line":682,"column":0},"end":{"line":682,"column":31}},"682":{"start":{"line":683,"column":0},"end":{"line":683,"column":101}},"683":{"start":{"line":684,"column":0},"end":{"line":684,"column":66}},"684":{"start":{"line":685,"column":0},"end":{"line":685,"column":106}},"685":{"start":{"line":686,"column":0},"end":{"line":686,"column":66}},"686":{"start":{"line":687,"column":0},"end":{"line":687,"column":70}},"687":{"start":{"line":688,"column":0},"end":{"line":688,"column":21}},"688":{"start":{"line":689,"column":0},"end":{"line":689,"column":94}},"689":{"start":{"line":690,"column":0},"end":{"line":690,"column":68}},"690":{"start":{"line":691,"column":0},"end":{"line":691,"column":22}},"691":{"start":{"line":692,"column":0},"end":{"line":692,"column":91}},"692":{"start":{"line":693,"column":0},"end":{"line":693,"column":70}},"693":{"start":{"line":694,"column":0},"end":{"line":694,"column":68}},"694":{"start":{"line":695,"column":0},"end":{"line":695,"column":32}},"695":{"start":{"line":696,"column":0},"end":{"line":696,"column":92}},"696":{"start":{"line":697,"column":0},"end":{"line":697,"column":10}},"697":{"start":{"line":698,"column":0},"end":{"line":698,"column":30}},"698":{"start":{"line":699,"column":0},"end":{"line":699,"column":8}},"699":{"start":{"line":700,"column":0},"end":{"line":700,"column":5}},"701":{"start":{"line":702,"column":0},"end":{"line":702,"column":176}},"702":{"start":{"line":703,"column":0},"end":{"line":703,"column":31}},"703":{"start":{"line":704,"column":0},"end":{"line":704,"column":39}},"704":{"start":{"line":705,"column":0},"end":{"line":705,"column":52}},"705":{"start":{"line":706,"column":0},"end":{"line":706,"column":30}},"706":{"start":{"line":707,"column":0},"end":{"line":707,"column":63}},"707":{"start":{"line":708,"column":0},"end":{"line":708,"column":62}},"708":{"start":{"line":709,"column":0},"end":{"line":709,"column":5}},"710":{"start":{"line":711,"column":0},"end":{"line":711,"column":105}},"711":{"start":{"line":712,"column":0},"end":{"line":712,"column":24}},"712":{"start":{"line":713,"column":0},"end":{"line":713,"column":51}},"713":{"start":{"line":714,"column":0},"end":{"line":714,"column":5}},"715":{"start":{"line":716,"column":0},"end":{"line":716,"column":43}},"716":{"start":{"line":717,"column":0},"end":{"line":717,"column":49}},"718":{"start":{"line":719,"column":0},"end":{"line":719,"column":41}},"719":{"start":{"line":720,"column":0},"end":{"line":720,"column":65}},"720":{"start":{"line":721,"column":0},"end":{"line":721,"column":5}},"721":{"start":{"line":722,"column":0},"end":{"line":722,"column":20}},"722":{"start":{"line":723,"column":0},"end":{"line":723,"column":52}},"723":{"start":{"line":724,"column":0},"end":{"line":724,"column":5}},"725":{"start":{"line":726,"column":0},"end":{"line":726,"column":57}},"726":{"start":{"line":727,"column":0},"end":{"line":727,"column":76}},"727":{"start":{"line":728,"column":0},"end":{"line":728,"column":5}},"729":{"start":{"line":730,"column":0},"end":{"line":730,"column":26}},"730":{"start":{"line":731,"column":0},"end":{"line":731,"column":4}},"732":{"start":{"line":733,"column":0},"end":{"line":733,"column":17}},"733":{"start":{"line":734,"column":0},"end":{"line":734,"column":1}},"735":{"start":{"line":736,"column":0},"end":{"line":736,"column":76}},"736":{"start":{"line":737,"column":0},"end":{"line":737,"column":64}},"737":{"start":{"line":738,"column":0},"end":{"line":738,"column":55}},"739":{"start":{"line":740,"column":0},"end":{"line":740,"column":74}},"740":{"start":{"line":741,"column":0},"end":{"line":741,"column":73}},"741":{"start":{"line":742,"column":0},"end":{"line":742,"column":51}},"742":{"start":{"line":743,"column":0},"end":{"line":743,"column":61}},"743":{"start":{"line":744,"column":0},"end":{"line":744,"column":49}},"744":{"start":{"line":745,"column":0},"end":{"line":745,"column":78}},"745":{"start":{"line":746,"column":0},"end":{"line":746,"column":6}},"747":{"start":{"line":748,"column":0},"end":{"line":748,"column":57}},"748":{"start":{"line":749,"column":0},"end":{"line":749,"column":30}},"749":{"start":{"line":750,"column":0},"end":{"line":750,"column":99}},"750":{"start":{"line":751,"column":0},"end":{"line":751,"column":5}},"752":{"start":{"line":753,"column":0},"end":{"line":753,"column":54}},"754":{"start":{"line":755,"column":0},"end":{"line":755,"column":41}},"755":{"start":{"line":756,"column":0},"end":{"line":756,"column":68}},"756":{"start":{"line":757,"column":0},"end":{"line":757,"column":49}},"757":{"start":{"line":758,"column":0},"end":{"line":758,"column":50}},"758":{"start":{"line":759,"column":0},"end":{"line":759,"column":30}},"759":{"start":{"line":760,"column":0},"end":{"line":760,"column":89}},"760":{"start":{"line":761,"column":0},"end":{"line":761,"column":69}},"761":{"start":{"line":762,"column":0},"end":{"line":762,"column":87}},"763":{"start":{"line":764,"column":0},"end":{"line":764,"column":26}},"764":{"start":{"line":765,"column":0},"end":{"line":765,"column":37}},"765":{"start":{"line":766,"column":0},"end":{"line":766,"column":42}},"766":{"start":{"line":767,"column":0},"end":{"line":767,"column":66}},"767":{"start":{"line":768,"column":0},"end":{"line":768,"column":64}},"768":{"start":{"line":769,"column":0},"end":{"line":769,"column":14}},"769":{"start":{"line":770,"column":0},"end":{"line":770,"column":96}},"770":{"start":{"line":771,"column":0},"end":{"line":771,"column":7}},"771":{"start":{"line":772,"column":0},"end":{"line":772,"column":5}},"773":{"start":{"line":774,"column":0},"end":{"line":774,"column":20}},"774":{"start":{"line":775,"column":0},"end":{"line":775,"column":27}},"775":{"start":{"line":776,"column":0},"end":{"line":776,"column":23}},"776":{"start":{"line":777,"column":0},"end":{"line":777,"column":38}},"777":{"start":{"line":778,"column":0},"end":{"line":778,"column":38}},"778":{"start":{"line":779,"column":0},"end":{"line":779,"column":51}},"779":{"start":{"line":780,"column":0},"end":{"line":780,"column":55}},"780":{"start":{"line":781,"column":0},"end":{"line":781,"column":51}},"781":{"start":{"line":782,"column":0},"end":{"line":782,"column":55}},"782":{"start":{"line":783,"column":0},"end":{"line":783,"column":55}},"783":{"start":{"line":784,"column":0},"end":{"line":784,"column":55}},"784":{"start":{"line":785,"column":0},"end":{"line":785,"column":33}},"785":{"start":{"line":786,"column":0},"end":{"line":786,"column":33}},"786":{"start":{"line":787,"column":0},"end":{"line":787,"column":88}},"787":{"start":{"line":788,"column":0},"end":{"line":788,"column":10}},"788":{"start":{"line":789,"column":0},"end":{"line":789,"column":92}},"789":{"start":{"line":790,"column":0},"end":{"line":790,"column":27}},"790":{"start":{"line":791,"column":0},"end":{"line":791,"column":31}},"791":{"start":{"line":792,"column":0},"end":{"line":792,"column":14}},"792":{"start":{"line":793,"column":0},"end":{"line":793,"column":8}},"793":{"start":{"line":794,"column":0},"end":{"line":794,"column":5}},"795":{"start":{"line":796,"column":0},"end":{"line":796,"column":56}},"796":{"start":{"line":797,"column":0},"end":{"line":797,"column":22}},"797":{"start":{"line":798,"column":0},"end":{"line":798,"column":53}},"798":{"start":{"line":799,"column":0},"end":{"line":799,"column":5}},"799":{"start":{"line":800,"column":0},"end":{"line":800,"column":60}},"800":{"start":{"line":801,"column":0},"end":{"line":801,"column":24}},"801":{"start":{"line":802,"column":0},"end":{"line":802,"column":57}},"802":{"start":{"line":803,"column":0},"end":{"line":803,"column":5}},"803":{"start":{"line":804,"column":0},"end":{"line":804,"column":60}},"804":{"start":{"line":805,"column":0},"end":{"line":805,"column":24}},"805":{"start":{"line":806,"column":0},"end":{"line":806,"column":57}},"806":{"start":{"line":807,"column":0},"end":{"line":807,"column":5}},"808":{"start":{"line":809,"column":0},"end":{"line":809,"column":85}},"809":{"start":{"line":810,"column":0},"end":{"line":810,"column":36}},"810":{"start":{"line":811,"column":0},"end":{"line":811,"column":81}},"811":{"start":{"line":812,"column":0},"end":{"line":812,"column":5}},"813":{"start":{"line":814,"column":0},"end":{"line":814,"column":50}},"814":{"start":{"line":815,"column":0},"end":{"line":815,"column":18}},"815":{"start":{"line":816,"column":0},"end":{"line":816,"column":53}},"816":{"start":{"line":817,"column":0},"end":{"line":817,"column":5}},"818":{"start":{"line":819,"column":0},"end":{"line":819,"column":75}},"819":{"start":{"line":820,"column":0},"end":{"line":820,"column":61}},"820":{"start":{"line":821,"column":0},"end":{"line":821,"column":75}},"821":{"start":{"line":822,"column":0},"end":{"line":822,"column":7}},"822":{"start":{"line":823,"column":0},"end":{"line":823,"column":5}},"824":{"start":{"line":825,"column":0},"end":{"line":825,"column":41}},"825":{"start":{"line":826,"column":0},"end":{"line":826,"column":83}},"826":{"start":{"line":827,"column":0},"end":{"line":827,"column":105}},"827":{"start":{"line":828,"column":0},"end":{"line":828,"column":40}},"828":{"start":{"line":829,"column":0},"end":{"line":829,"column":91}},"829":{"start":{"line":830,"column":0},"end":{"line":830,"column":24}},"830":{"start":{"line":831,"column":0},"end":{"line":831,"column":113}},"831":{"start":{"line":832,"column":0},"end":{"line":832,"column":51}},"832":{"start":{"line":833,"column":0},"end":{"line":833,"column":26}},"833":{"start":{"line":834,"column":0},"end":{"line":834,"column":9}},"834":{"start":{"line":835,"column":0},"end":{"line":835,"column":60}},"835":{"start":{"line":836,"column":0},"end":{"line":836,"column":29}},"836":{"start":{"line":837,"column":0},"end":{"line":837,"column":60}},"837":{"start":{"line":838,"column":0},"end":{"line":838,"column":9}},"838":{"start":{"line":839,"column":0},"end":{"line":839,"column":57}},"839":{"start":{"line":840,"column":0},"end":{"line":840,"column":49}},"840":{"start":{"line":841,"column":0},"end":{"line":841,"column":60}},"841":{"start":{"line":842,"column":0},"end":{"line":842,"column":47}},"842":{"start":{"line":843,"column":0},"end":{"line":843,"column":46}},"843":{"start":{"line":844,"column":0},"end":{"line":844,"column":50}},"844":{"start":{"line":845,"column":0},"end":{"line":845,"column":16}},"845":{"start":{"line":846,"column":0},"end":{"line":846,"column":51}},"846":{"start":{"line":847,"column":0},"end":{"line":847,"column":9}},"847":{"start":{"line":848,"column":0},"end":{"line":848,"column":21}},"848":{"start":{"line":849,"column":0},"end":{"line":849,"column":8}},"849":{"start":{"line":850,"column":0},"end":{"line":850,"column":5}},"851":{"start":{"line":852,"column":0},"end":{"line":852,"column":17}},"852":{"start":{"line":853,"column":0},"end":{"line":853,"column":4}},"853":{"start":{"line":854,"column":0},"end":{"line":854,"column":1}},"855":{"start":{"line":856,"column":0},"end":{"line":856,"column":54}},"856":{"start":{"line":857,"column":0},"end":{"line":857,"column":19}},"857":{"start":{"line":858,"column":0},"end":{"line":858,"column":39}},"858":{"start":{"line":859,"column":0},"end":{"line":859,"column":3}},"860":{"start":{"line":861,"column":0},"end":{"line":861,"column":57}},"861":{"start":{"line":862,"column":0},"end":{"line":862,"column":50}},"862":{"start":{"line":863,"column":0},"end":{"line":863,"column":3}},"863":{"start":{"line":864,"column":0},"end":{"line":864,"column":26}},"865":{"start":{"line":866,"column":0},"end":{"line":866,"column":67}},"866":{"start":{"line":867,"column":0},"end":{"line":867,"column":60}},"867":{"start":{"line":868,"column":0},"end":{"line":868,"column":3}},"868":{"start":{"line":869,"column":0},"end":{"line":869,"column":35}},"870":{"start":{"line":871,"column":0},"end":{"line":871,"column":35}},"871":{"start":{"line":872,"column":0},"end":{"line":872,"column":88}},"872":{"start":{"line":873,"column":0},"end":{"line":873,"column":3}},"873":{"start":{"line":874,"column":0},"end":{"line":874,"column":23}},"874":{"start":{"line":875,"column":0},"end":{"line":875,"column":25}},"876":{"start":{"line":877,"column":0},"end":{"line":877,"column":35}},"877":{"start":{"line":878,"column":0},"end":{"line":878,"column":41}},"878":{"start":{"line":879,"column":0},"end":{"line":879,"column":3}},"880":{"start":{"line":881,"column":0},"end":{"line":881,"column":52}},"881":{"start":{"line":882,"column":0},"end":{"line":882,"column":45}},"882":{"start":{"line":883,"column":0},"end":{"line":883,"column":3}},"883":{"start":{"line":884,"column":0},"end":{"line":884,"column":24}},"885":{"start":{"line":886,"column":0},"end":{"line":886,"column":23}},"886":{"start":{"line":887,"column":0},"end":{"line":887,"column":22}},"888":{"start":{"line":889,"column":0},"end":{"line":889,"column":45}},"889":{"start":{"line":890,"column":0},"end":{"line":890,"column":48}},"890":{"start":{"line":891,"column":0},"end":{"line":891,"column":17}},"891":{"start":{"line":892,"column":0},"end":{"line":892,"column":31}},"892":{"start":{"line":893,"column":0},"end":{"line":893,"column":12}},"893":{"start":{"line":894,"column":0},"end":{"line":894,"column":5}},"894":{"start":{"line":895,"column":0},"end":{"line":895,"column":45}},"895":{"start":{"line":896,"column":0},"end":{"line":896,"column":31}},"896":{"start":{"line":897,"column":0},"end":{"line":897,"column":12}},"897":{"start":{"line":898,"column":0},"end":{"line":898,"column":5}},"898":{"start":{"line":899,"column":0},"end":{"line":899,"column":30}},"899":{"start":{"line":900,"column":0},"end":{"line":900,"column":3}},"901":{"start":{"line":902,"column":0},"end":{"line":902,"column":34}},"902":{"start":{"line":903,"column":0},"end":{"line":903,"column":42}},"903":{"start":{"line":904,"column":0},"end":{"line":904,"column":42}},"904":{"start":{"line":905,"column":0},"end":{"line":905,"column":40}},"905":{"start":{"line":906,"column":0},"end":{"line":906,"column":42}},"907":{"start":{"line":908,"column":0},"end":{"line":908,"column":48}},"908":{"start":{"line":909,"column":0},"end":{"line":909,"column":111}},"909":{"start":{"line":910,"column":0},"end":{"line":910,"column":3}},"910":{"start":{"line":911,"column":0},"end":{"line":911,"column":80}},"911":{"start":{"line":912,"column":0},"end":{"line":912,"column":35}},"912":{"start":{"line":913,"column":0},"end":{"line":913,"column":3}},"913":{"start":{"line":914,"column":0},"end":{"line":914,"column":42}},"914":{"start":{"line":915,"column":0},"end":{"line":915,"column":35}},"915":{"start":{"line":916,"column":0},"end":{"line":916,"column":3}},"917":{"start":{"line":918,"column":0},"end":{"line":918,"column":63}},"918":{"start":{"line":919,"column":0},"end":{"line":919,"column":92}},"919":{"start":{"line":920,"column":0},"end":{"line":920,"column":37}},"920":{"start":{"line":921,"column":0},"end":{"line":921,"column":3}},"922":{"start":{"line":923,"column":0},"end":{"line":923,"column":10}},"923":{"start":{"line":924,"column":0},"end":{"line":924,"column":25}},"924":{"start":{"line":925,"column":0},"end":{"line":925,"column":12}},"925":{"start":{"line":926,"column":0},"end":{"line":926,"column":3}},"926":{"start":{"line":927,"column":0},"end":{"line":927,"column":1}},"928":{"start":{"line":929,"column":0},"end":{"line":929,"column":38}},"929":{"start":{"line":930,"column":0},"end":{"line":930,"column":83}},"931":{"start":{"line":932,"column":0},"end":{"line":932,"column":58}},"932":{"start":{"line":933,"column":0},"end":{"line":933,"column":69}},"933":{"start":{"line":934,"column":0},"end":{"line":934,"column":32}},"934":{"start":{"line":935,"column":0},"end":{"line":935,"column":52}},"935":{"start":{"line":936,"column":0},"end":{"line":936,"column":30}},"936":{"start":{"line":937,"column":0},"end":{"line":937,"column":54}},"937":{"start":{"line":938,"column":0},"end":{"line":938,"column":52}},"938":{"start":{"line":939,"column":0},"end":{"line":939,"column":32}},"939":{"start":{"line":940,"column":0},"end":{"line":940,"column":53}},"940":{"start":{"line":941,"column":0},"end":{"line":941,"column":45}},"941":{"start":{"line":942,"column":0},"end":{"line":942,"column":5}},"942":{"start":{"line":943,"column":0},"end":{"line":943,"column":3}},"943":{"start":{"line":944,"column":0},"end":{"line":944,"column":1}},"945":{"start":{"line":946,"column":0},"end":{"line":946,"column":55}},"946":{"start":{"line":947,"column":0},"end":{"line":947,"column":42}},"947":{"start":{"line":948,"column":0},"end":{"line":948,"column":5}},"948":{"start":{"line":949,"column":0},"end":{"line":949,"column":90}},"949":{"start":{"line":950,"column":0},"end":{"line":950,"column":92}},"950":{"start":{"line":951,"column":0},"end":{"line":951,"column":6}},"951":{"start":{"line":952,"column":0},"end":{"line":952,"column":6}},"952":{"start":{"line":953,"column":0},"end":{"line":953,"column":69}},"953":{"start":{"line":954,"column":0},"end":{"line":954,"column":9}},"954":{"start":{"line":955,"column":0},"end":{"line":955,"column":68}},"955":{"start":{"line":956,"column":0},"end":{"line":956,"column":52}},"956":{"start":{"line":957,"column":0},"end":{"line":957,"column":41}},"957":{"start":{"line":958,"column":0},"end":{"line":958,"column":19}},"958":{"start":{"line":959,"column":0},"end":{"line":959,"column":19}},"959":{"start":{"line":960,"column":0},"end":{"line":960,"column":106}},"960":{"start":{"line":961,"column":0},"end":{"line":961,"column":7}},"961":{"start":{"line":962,"column":0},"end":{"line":962,"column":15}},"962":{"start":{"line":963,"column":0},"end":{"line":963,"column":5}},"963":{"start":{"line":964,"column":0},"end":{"line":964,"column":4}},"965":{"start":{"line":966,"column":0},"end":{"line":966,"column":67}},"966":{"start":{"line":967,"column":0},"end":{"line":967,"column":9}},"967":{"start":{"line":968,"column":0},"end":{"line":968,"column":59}},"968":{"start":{"line":969,"column":0},"end":{"line":969,"column":40}},"969":{"start":{"line":970,"column":0},"end":{"line":970,"column":19}},"970":{"start":{"line":971,"column":0},"end":{"line":971,"column":19}},"971":{"start":{"line":972,"column":0},"end":{"line":972,"column":100}},"972":{"start":{"line":973,"column":0},"end":{"line":973,"column":7}},"973":{"start":{"line":974,"column":0},"end":{"line":974,"column":15}},"974":{"start":{"line":975,"column":0},"end":{"line":975,"column":5}},"975":{"start":{"line":976,"column":0},"end":{"line":976,"column":4}},"977":{"start":{"line":978,"column":0},"end":{"line":978,"column":82}},"978":{"start":{"line":979,"column":0},"end":{"line":979,"column":9}},"979":{"start":{"line":980,"column":0},"end":{"line":980,"column":59}},"980":{"start":{"line":981,"column":0},"end":{"line":981,"column":57}},"981":{"start":{"line":982,"column":0},"end":{"line":982,"column":48}},"982":{"start":{"line":983,"column":0},"end":{"line":983,"column":19}},"983":{"start":{"line":984,"column":0},"end":{"line":984,"column":19}},"984":{"start":{"line":985,"column":0},"end":{"line":985,"column":100}},"985":{"start":{"line":986,"column":0},"end":{"line":986,"column":7}},"986":{"start":{"line":987,"column":0},"end":{"line":987,"column":15}},"987":{"start":{"line":988,"column":0},"end":{"line":988,"column":5}},"988":{"start":{"line":989,"column":0},"end":{"line":989,"column":4}},"990":{"start":{"line":991,"column":0},"end":{"line":991,"column":68}},"991":{"start":{"line":992,"column":0},"end":{"line":992,"column":9}},"992":{"start":{"line":993,"column":0},"end":{"line":993,"column":59}},"993":{"start":{"line":994,"column":0},"end":{"line":994,"column":52}},"994":{"start":{"line":995,"column":0},"end":{"line":995,"column":54}},"995":{"start":{"line":996,"column":0},"end":{"line":996,"column":22}},"996":{"start":{"line":997,"column":0},"end":{"line":997,"column":19}},"997":{"start":{"line":998,"column":0},"end":{"line":998,"column":93}},"998":{"start":{"line":999,"column":0},"end":{"line":999,"column":15}},"999":{"start":{"line":1000,"column":0},"end":{"line":1000,"column":5}},"1000":{"start":{"line":1001,"column":0},"end":{"line":1001,"column":4}},"1002":{"start":{"line":1003,"column":0},"end":{"line":1003,"column":69}},"1003":{"start":{"line":1004,"column":0},"end":{"line":1004,"column":9}},"1004":{"start":{"line":1005,"column":0},"end":{"line":1005,"column":59}},"1005":{"start":{"line":1006,"column":0},"end":{"line":1006,"column":73}},"1006":{"start":{"line":1007,"column":0},"end":{"line":1007,"column":33}},"1007":{"start":{"line":1008,"column":0},"end":{"line":1008,"column":19}},"1008":{"start":{"line":1009,"column":0},"end":{"line":1009,"column":19}},"1009":{"start":{"line":1010,"column":0},"end":{"line":1010,"column":89}},"1010":{"start":{"line":1011,"column":0},"end":{"line":1011,"column":7}},"1011":{"start":{"line":1012,"column":0},"end":{"line":1012,"column":15}},"1012":{"start":{"line":1013,"column":0},"end":{"line":1013,"column":5}},"1013":{"start":{"line":1014,"column":0},"end":{"line":1014,"column":4}},"1015":{"start":{"line":1016,"column":0},"end":{"line":1016,"column":68}},"1016":{"start":{"line":1017,"column":0},"end":{"line":1017,"column":9}},"1017":{"start":{"line":1018,"column":0},"end":{"line":1018,"column":59}},"1018":{"start":{"line":1019,"column":0},"end":{"line":1019,"column":73}},"1019":{"start":{"line":1020,"column":0},"end":{"line":1020,"column":47}},"1020":{"start":{"line":1021,"column":0},"end":{"line":1021,"column":20}},"1021":{"start":{"line":1022,"column":0},"end":{"line":1022,"column":19}},"1022":{"start":{"line":1023,"column":0},"end":{"line":1023,"column":98}},"1023":{"start":{"line":1024,"column":0},"end":{"line":1024,"column":15}},"1024":{"start":{"line":1025,"column":0},"end":{"line":1025,"column":5}},"1025":{"start":{"line":1026,"column":0},"end":{"line":1026,"column":4}},"1027":{"start":{"line":1028,"column":0},"end":{"line":1028,"column":68}},"1028":{"start":{"line":1029,"column":0},"end":{"line":1029,"column":9}},"1029":{"start":{"line":1030,"column":0},"end":{"line":1030,"column":59}},"1030":{"start":{"line":1031,"column":0},"end":{"line":1031,"column":52}},"1031":{"start":{"line":1032,"column":0},"end":{"line":1032,"column":52}},"1032":{"start":{"line":1033,"column":0},"end":{"line":1033,"column":24}},"1033":{"start":{"line":1034,"column":0},"end":{"line":1034,"column":19}},"1034":{"start":{"line":1035,"column":0},"end":{"line":1035,"column":93}},"1035":{"start":{"line":1036,"column":0},"end":{"line":1036,"column":15}},"1036":{"start":{"line":1037,"column":0},"end":{"line":1037,"column":5}},"1037":{"start":{"line":1038,"column":0},"end":{"line":1038,"column":4}},"1039":{"start":{"line":1040,"column":0},"end":{"line":1040,"column":78}},"1040":{"start":{"line":1041,"column":0},"end":{"line":1041,"column":9}},"1041":{"start":{"line":1042,"column":0},"end":{"line":1042,"column":44}},"1042":{"start":{"line":1043,"column":0},"end":{"line":1043,"column":78}},"1043":{"start":{"line":1044,"column":0},"end":{"line":1044,"column":41}},"1044":{"start":{"line":1045,"column":0},"end":{"line":1045,"column":7}},"1046":{"start":{"line":1047,"column":0},"end":{"line":1047,"column":33}},"1047":{"start":{"line":1048,"column":0},"end":{"line":1048,"column":42}},"1048":{"start":{"line":1049,"column":0},"end":{"line":1049,"column":7}},"1050":{"start":{"line":1051,"column":0},"end":{"line":1051,"column":59}},"1051":{"start":{"line":1052,"column":0},"end":{"line":1052,"column":52}},"1052":{"start":{"line":1053,"column":0},"end":{"line":1053,"column":88}},"1053":{"start":{"line":1054,"column":0},"end":{"line":1054,"column":58}},"1054":{"start":{"line":1055,"column":0},"end":{"line":1055,"column":18}},"1055":{"start":{"line":1056,"column":0},"end":{"line":1056,"column":19}},"1056":{"start":{"line":1057,"column":0},"end":{"line":1057,"column":93}},"1057":{"start":{"line":1058,"column":0},"end":{"line":1058,"column":22}},"1058":{"start":{"line":1059,"column":0},"end":{"line":1059,"column":92}},"1059":{"start":{"line":1060,"column":0},"end":{"line":1060,"column":7}},"1060":{"start":{"line":1061,"column":0},"end":{"line":1061,"column":5}},"1061":{"start":{"line":1062,"column":0},"end":{"line":1062,"column":4}},"1063":{"start":{"line":1064,"column":0},"end":{"line":1064,"column":70}},"1064":{"start":{"line":1065,"column":0},"end":{"line":1065,"column":9}},"1065":{"start":{"line":1066,"column":0},"end":{"line":1066,"column":59}},"1066":{"start":{"line":1067,"column":0},"end":{"line":1067,"column":52}},"1067":{"start":{"line":1068,"column":0},"end":{"line":1068,"column":50}},"1068":{"start":{"line":1069,"column":0},"end":{"line":1069,"column":20}},"1069":{"start":{"line":1070,"column":0},"end":{"line":1070,"column":19}},"1070":{"start":{"line":1071,"column":0},"end":{"line":1071,"column":97}},"1071":{"start":{"line":1072,"column":0},"end":{"line":1072,"column":15}},"1072":{"start":{"line":1073,"column":0},"end":{"line":1073,"column":5}},"1073":{"start":{"line":1074,"column":0},"end":{"line":1074,"column":4}},"1075":{"start":{"line":1076,"column":0},"end":{"line":1076,"column":70}},"1076":{"start":{"line":1077,"column":0},"end":{"line":1077,"column":9}},"1077":{"start":{"line":1078,"column":0},"end":{"line":1078,"column":59}},"1078":{"start":{"line":1079,"column":0},"end":{"line":1079,"column":61}},"1079":{"start":{"line":1080,"column":0},"end":{"line":1080,"column":73}},"1080":{"start":{"line":1081,"column":0},"end":{"line":1081,"column":7}},"1081":{"start":{"line":1082,"column":0},"end":{"line":1082,"column":54}},"1082":{"start":{"line":1083,"column":0},"end":{"line":1083,"column":65}},"1083":{"start":{"line":1084,"column":0},"end":{"line":1084,"column":17}},"1084":{"start":{"line":1085,"column":0},"end":{"line":1085,"column":19}},"1085":{"start":{"line":1086,"column":0},"end":{"line":1086,"column":97}},"1086":{"start":{"line":1087,"column":0},"end":{"line":1087,"column":15}},"1087":{"start":{"line":1088,"column":0},"end":{"line":1088,"column":5}},"1088":{"start":{"line":1089,"column":0},"end":{"line":1089,"column":4}},"1090":{"start":{"line":1091,"column":0},"end":{"line":1091,"column":110}},"1091":{"start":{"line":1092,"column":0},"end":{"line":1092,"column":9}},"1092":{"start":{"line":1093,"column":0},"end":{"line":1093,"column":76}},"1093":{"start":{"line":1094,"column":0},"end":{"line":1094,"column":109}},"1094":{"start":{"line":1095,"column":0},"end":{"line":1095,"column":7}},"1095":{"start":{"line":1096,"column":0},"end":{"line":1096,"column":108}},"1096":{"start":{"line":1097,"column":0},"end":{"line":1097,"column":19}},"1097":{"start":{"line":1098,"column":0},"end":{"line":1098,"column":19}},"1098":{"start":{"line":1099,"column":0},"end":{"line":1099,"column":74}},"1099":{"start":{"line":1100,"column":0},"end":{"line":1100,"column":15}},"1100":{"start":{"line":1101,"column":0},"end":{"line":1101,"column":5}},"1101":{"start":{"line":1102,"column":0},"end":{"line":1102,"column":4}},"1103":{"start":{"line":1104,"column":0},"end":{"line":1104,"column":58}},"1104":{"start":{"line":1105,"column":0},"end":{"line":1105,"column":20}},"1105":{"start":{"line":1106,"column":0},"end":{"line":1106,"column":69}},"1106":{"start":{"line":1107,"column":0},"end":{"line":1107,"column":61}},"1107":{"start":{"line":1108,"column":0},"end":{"line":1108,"column":5}},"1109":{"start":{"line":1110,"column":0},"end":{"line":1110,"column":54}},"1110":{"start":{"line":1111,"column":0},"end":{"line":1111,"column":4}},"1111":{"start":{"line":1112,"column":0},"end":{"line":1112,"column":9}},"1112":{"start":{"line":1113,"column":0},"end":{"line":1113,"column":87}},"1113":{"start":{"line":1114,"column":0},"end":{"line":1114,"column":67}},"1114":{"start":{"line":1115,"column":0},"end":{"line":1115,"column":63}},"1115":{"start":{"line":1116,"column":0},"end":{"line":1116,"column":36}},"1116":{"start":{"line":1117,"column":0},"end":{"line":1117,"column":23}},"1117":{"start":{"line":1118,"column":0},"end":{"line":1118,"column":25}},"1118":{"start":{"line":1119,"column":0},"end":{"line":1119,"column":80}},"1119":{"start":{"line":1120,"column":0},"end":{"line":1120,"column":18}},"1120":{"start":{"line":1121,"column":0},"end":{"line":1121,"column":72}},"1121":{"start":{"line":1122,"column":0},"end":{"line":1122,"column":11}},"1122":{"start":{"line":1123,"column":0},"end":{"line":1123,"column":10}},"1123":{"start":{"line":1124,"column":0},"end":{"line":1124,"column":18}},"1124":{"start":{"line":1125,"column":0},"end":{"line":1125,"column":95}},"1125":{"start":{"line":1126,"column":0},"end":{"line":1126,"column":9}},"1126":{"start":{"line":1127,"column":0},"end":{"line":1127,"column":7}},"1127":{"start":{"line":1128,"column":0},"end":{"line":1128,"column":6}},"1128":{"start":{"line":1129,"column":0},"end":{"line":1129,"column":67}},"1129":{"start":{"line":1130,"column":0},"end":{"line":1130,"column":30}},"1130":{"start":{"line":1131,"column":0},"end":{"line":1131,"column":19}},"1131":{"start":{"line":1132,"column":0},"end":{"line":1132,"column":58}},"1132":{"start":{"line":1133,"column":0},"end":{"line":1133,"column":48}},"1133":{"start":{"line":1134,"column":0},"end":{"line":1134,"column":86}},"1134":{"start":{"line":1135,"column":0},"end":{"line":1135,"column":55}},"1135":{"start":{"line":1136,"column":0},"end":{"line":1136,"column":5}},"1136":{"start":{"line":1137,"column":0},"end":{"line":1137,"column":4}},"1138":{"start":{"line":1139,"column":0},"end":{"line":1139,"column":48}},"1139":{"start":{"line":1140,"column":0},"end":{"line":1140,"column":9}},"1140":{"start":{"line":1141,"column":0},"end":{"line":1141,"column":34}},"1141":{"start":{"line":1142,"column":0},"end":{"line":1142,"column":19}},"1142":{"start":{"line":1143,"column":0},"end":{"line":1143,"column":79}},"1143":{"start":{"line":1144,"column":0},"end":{"line":1144,"column":15}},"1144":{"start":{"line":1145,"column":0},"end":{"line":1145,"column":5}},"1145":{"start":{"line":1146,"column":0},"end":{"line":1146,"column":4}},"1147":{"start":{"line":1148,"column":0},"end":{"line":1148,"column":5}},"1148":{"start":{"line":1149,"column":0},"end":{"line":1149,"column":73}},"1149":{"start":{"line":1150,"column":0},"end":{"line":1150,"column":79}},"1150":{"start":{"line":1151,"column":0},"end":{"line":1151,"column":4}},"1151":{"start":{"line":1152,"column":0},"end":{"line":1152,"column":96}},"1152":{"start":{"line":1153,"column":0},"end":{"line":1153,"column":65}},"1153":{"start":{"line":1154,"column":0},"end":{"line":1154,"column":111}},"1154":{"start":{"line":1155,"column":0},"end":{"line":1155,"column":89}},"1155":{"start":{"line":1156,"column":0},"end":{"line":1156,"column":5}},"1156":{"start":{"line":1157,"column":0},"end":{"line":1157,"column":89}},"1157":{"start":{"line":1158,"column":0},"end":{"line":1158,"column":36}},"1158":{"start":{"line":1159,"column":0},"end":{"line":1159,"column":72}},"1159":{"start":{"line":1160,"column":0},"end":{"line":1160,"column":5}},"1160":{"start":{"line":1161,"column":0},"end":{"line":1161,"column":57}},"1161":{"start":{"line":1162,"column":0},"end":{"line":1162,"column":49}},"1163":{"start":{"line":1164,"column":0},"end":{"line":1164,"column":24}},"1164":{"start":{"line":1165,"column":0},"end":{"line":1165,"column":9}},"1165":{"start":{"line":1166,"column":0},"end":{"line":1166,"column":45}},"1166":{"start":{"line":1167,"column":0},"end":{"line":1167,"column":62}},"1167":{"start":{"line":1168,"column":0},"end":{"line":1168,"column":54}},"1168":{"start":{"line":1169,"column":0},"end":{"line":1169,"column":43}},"1169":{"start":{"line":1170,"column":0},"end":{"line":1170,"column":7}},"1170":{"start":{"line":1171,"column":0},"end":{"line":1171,"column":22}},"1171":{"start":{"line":1172,"column":0},"end":{"line":1172,"column":19}},"1172":{"start":{"line":1173,"column":0},"end":{"line":1173,"column":72}},"1173":{"start":{"line":1174,"column":0},"end":{"line":1174,"column":15}},"1174":{"start":{"line":1175,"column":0},"end":{"line":1175,"column":5}},"1175":{"start":{"line":1176,"column":0},"end":{"line":1176,"column":4}},"1178":{"start":{"line":1179,"column":0},"end":{"line":1179,"column":67}},"1179":{"start":{"line":1180,"column":0},"end":{"line":1180,"column":9}},"1180":{"start":{"line":1181,"column":0},"end":{"line":1181,"column":85}},"1181":{"start":{"line":1182,"column":0},"end":{"line":1182,"column":84}},"1183":{"start":{"line":1184,"column":0},"end":{"line":1184,"column":21}},"1184":{"start":{"line":1185,"column":0},"end":{"line":1185,"column":62}},"1185":{"start":{"line":1186,"column":0},"end":{"line":1186,"column":7}},"1187":{"start":{"line":1188,"column":0},"end":{"line":1188,"column":46}},"1188":{"start":{"line":1189,"column":0},"end":{"line":1189,"column":67}},"1190":{"start":{"line":1191,"column":0},"end":{"line":1191,"column":11}},"1191":{"start":{"line":1192,"column":0},"end":{"line":1192,"column":47}},"1192":{"start":{"line":1193,"column":0},"end":{"line":1193,"column":24}},"1193":{"start":{"line":1194,"column":0},"end":{"line":1194,"column":36}},"1194":{"start":{"line":1195,"column":0},"end":{"line":1195,"column":10}},"1196":{"start":{"line":1197,"column":0},"end":{"line":1197,"column":16}},"1197":{"start":{"line":1198,"column":0},"end":{"line":1198,"column":23}},"1198":{"start":{"line":1199,"column":0},"end":{"line":1199,"column":18}},"1199":{"start":{"line":1200,"column":0},"end":{"line":1200,"column":34}},"1200":{"start":{"line":1201,"column":0},"end":{"line":1201,"column":22}},"1201":{"start":{"line":1202,"column":0},"end":{"line":1202,"column":9}},"1202":{"start":{"line":1203,"column":0},"end":{"line":1203,"column":17}},"1203":{"start":{"line":1204,"column":0},"end":{"line":1204,"column":27}},"1204":{"start":{"line":1205,"column":0},"end":{"line":1205,"column":7}},"1205":{"start":{"line":1206,"column":0},"end":{"line":1206,"column":19}},"1206":{"start":{"line":1207,"column":0},"end":{"line":1207,"column":14}},"1207":{"start":{"line":1208,"column":0},"end":{"line":1208,"column":22}},"1208":{"start":{"line":1209,"column":0},"end":{"line":1209,"column":41}},"1209":{"start":{"line":1210,"column":0},"end":{"line":1210,"column":18}},"1210":{"start":{"line":1211,"column":0},"end":{"line":1211,"column":27}},"1211":{"start":{"line":1212,"column":0},"end":{"line":1212,"column":7}},"1212":{"start":{"line":1213,"column":0},"end":{"line":1213,"column":5}},"1213":{"start":{"line":1214,"column":0},"end":{"line":1214,"column":4}},"1215":{"start":{"line":1216,"column":0},"end":{"line":1216,"column":73}},"1216":{"start":{"line":1217,"column":0},"end":{"line":1217,"column":9}},"1217":{"start":{"line":1218,"column":0},"end":{"line":1218,"column":106}},"1218":{"start":{"line":1219,"column":0},"end":{"line":1219,"column":61}},"1219":{"start":{"line":1220,"column":0},"end":{"line":1220,"column":97}},"1220":{"start":{"line":1221,"column":0},"end":{"line":1221,"column":7}},"1222":{"start":{"line":1223,"column":0},"end":{"line":1223,"column":26}},"1223":{"start":{"line":1224,"column":0},"end":{"line":1224,"column":91}},"1224":{"start":{"line":1225,"column":0},"end":{"line":1225,"column":102}},"1226":{"start":{"line":1227,"column":0},"end":{"line":1227,"column":91}},"1227":{"start":{"line":1228,"column":0},"end":{"line":1228,"column":50}},"1228":{"start":{"line":1229,"column":0},"end":{"line":1229,"column":25}},"1229":{"start":{"line":1230,"column":0},"end":{"line":1230,"column":21}},"1230":{"start":{"line":1231,"column":0},"end":{"line":1231,"column":19}},"1231":{"start":{"line":1232,"column":0},"end":{"line":1232,"column":18}},"1232":{"start":{"line":1233,"column":0},"end":{"line":1233,"column":8}},"1234":{"start":{"line":1235,"column":0},"end":{"line":1235,"column":60}},"1235":{"start":{"line":1236,"column":0},"end":{"line":1236,"column":56}},"1237":{"start":{"line":1238,"column":0},"end":{"line":1238,"column":49}},"1238":{"start":{"line":1239,"column":0},"end":{"line":1239,"column":123}},"1239":{"start":{"line":1240,"column":0},"end":{"line":1240,"column":7}},"1241":{"start":{"line":1242,"column":0},"end":{"line":1242,"column":51}},"1242":{"start":{"line":1243,"column":0},"end":{"line":1243,"column":40}},"1243":{"start":{"line":1244,"column":0},"end":{"line":1244,"column":26}},"1244":{"start":{"line":1245,"column":0},"end":{"line":1245,"column":124}},"1245":{"start":{"line":1246,"column":0},"end":{"line":1246,"column":11}},"1246":{"start":{"line":1247,"column":0},"end":{"line":1247,"column":9}},"1247":{"start":{"line":1248,"column":0},"end":{"line":1248,"column":8}},"1249":{"start":{"line":1250,"column":0},"end":{"line":1250,"column":59}},"1250":{"start":{"line":1251,"column":0},"end":{"line":1251,"column":32}},"1251":{"start":{"line":1252,"column":0},"end":{"line":1252,"column":115}},"1252":{"start":{"line":1253,"column":0},"end":{"line":1253,"column":48}},"1253":{"start":{"line":1254,"column":0},"end":{"line":1254,"column":65}},"1254":{"start":{"line":1255,"column":0},"end":{"line":1255,"column":63}},"1255":{"start":{"line":1256,"column":0},"end":{"line":1256,"column":64}},"1256":{"start":{"line":1257,"column":0},"end":{"line":1257,"column":75}},"1257":{"start":{"line":1258,"column":0},"end":{"line":1258,"column":36}},"1259":{"s
[...]
umn":55}},"84":{"start":{"line":85,"column":0},"end":{"line":85,"column":11}},"85":{"start":{"line":86,"column":0},"end":{"line":86,"column":3}},"86":{"start":{"line":87,"column":0},"end":{"line":87,"column":1}},"88":{"start":{"line":89,"column":0},"end":{"line":89,"column":79}},"89":{"start":{"line":90,"column":0},"end":{"line":90,"column":54}},"90":{"start":{"line":91,"column":0},"end":{"line":91,"column":26}},"92":{"start":{"line":93,"column":0},"end":{"line":93,"column":42}},"93":{"start":{"line":94,"column":0},"end":{"line":94,"column":28}},"94":{"start":{"line":95,"column":0},"end":{"line":95,"column":28}},"95":{"start":{"line":96,"column":0},"end":{"line":96,"column":32}},"96":{"start":{"line":97,"column":0},"end":{"line":97,"column":66}},"97":{"start":{"line":98,"column":0},"end":{"line":98,"column":16}},"98":{"start":{"line":99,"column":0},"end":{"line":99,"column":9}},"99":{"start":{"line":100,"column":0},"end":{"line":100,"column":39}},"100":{"start":{"line":101,"column":0},"end":{"line":101,"column":48}},"101":{"start":{"line":102,"column":0},"end":{"line":102,"column":16}},"102":{"start":{"line":103,"column":0},"end":{"line":103,"column":41}},"103":{"start":{"line":104,"column":0},"end":{"line":104,"column":9}},"104":{"start":{"line":105,"column":0},"end":{"line":105,"column":8}},"105":{"start":{"line":106,"column":0},"end":{"line":106,"column":5}},"106":{"start":{"line":107,"column":0},"end":{"line":107,"column":16}},"107":{"start":{"line":108,"column":0},"end":{"line":108,"column":4}},"109":{"start":{"line":110,"column":0},"end":{"line":110,"column":22}},"110":{"start":{"line":111,"column":0},"end":{"line":111,"column":1}}},"s":{"0":1,"2":1,"4":1,"5":1,"6":1,"7":1,"8":1,"9":1,"10":1,"11":1,"12":1,"13":1,"14":1,"15":1,"16":1,"17":1,"18":1,"19":1,"20":1,"21":1,"22":1,"23":1,"24":1,"25":1,"26":1,"27":1,"28":1,"29":1,"30":1,"31":1,"32":1,"33":1,"34":1,"35":1,"36":1,"37":1,"38":1,"39":1,"40":1,"41":1,"42":1,"43":1,"44":1,"45":1,"46":1,"47":1,"48":1,"49":1,"50":1,"51":1,"52":1,"53":1,"54":1,"55":1,"56":1,"57":1,"58":1,"59":1,"60":1,"61":1,"62":1,"63":1,"64":1,"65":1,"66":1,"67":1,"69":1,"71":1,"72":9,"73":9,"74":9,"75":3,"76":3,"77":3,"78":3,"79":3,"80":3,"81":5,"82":5,"83":4,"84":4,"85":4,"86":9,"88":1,"89":1,"90":3,"92":3,"93":38,"94":3,"95":5,"96":5,"97":2,"98":2,"99":5,"100":2,"101":5,"102":1,"103":1,"104":3,"105":3,"106":38,"107":3,"109":3,"110":3},"branchMap":{"0":{"type":"branch","line":72,"loc":{"start":{"line":72,"column":7},"end":{"line":87,"column":1}},"locations":[{"start":{"line":72,"column":7},"end":{"line":87,"column":1}}]},"1":{"type":"branch","line":75,"loc":{"start":{"line":75,"column":40},"end":{"line":81,"column":5}},"locations":[{"start":{"line":75,"column":40},"end":{"line":81,"column":5}}]},"2":{"type":"branch","line":79,"loc":{"start":{"line":79,"column":22},"end":{"line":79,"column":51}},"locations":[{"start":{"line":79,"column":22},"end":{"line":79,"column":51}}]},"3":{"type":"branch","line":81,"loc":{"start":{"line":81,"column":4},"end":{"line":86,"column":3}},"locations":[{"start":{"line":81,"column":4},"end":{"line":86,"column":3}}]},"4":{"type":"branch","line":83,"loc":{"start":{"line":83,"column":4},"end":{"line":86,"column":3}},"locations":[{"start":{"line":83,"column":4},"end":{"line":86,"column":3}}]},"5":{"type":"branch","line":78,"loc":{"start":{"line":78,"column":16},"end":{"line":78,"column":96}},"locations":[{"start":{"line":78,"column":16},"end":{"line":78,"column":96}}]},"6":{"type":"branch","line":90,"loc":{"start":{"line":90,"column":7},"end":{"line":111,"column":1}},"locations":[{"start":{"line":90,"column":7},"end":{"line":111,"column":1}}]},"7":{"type":"branch","line":93,"loc":{"start":{"line":93,"column":25},"end":{"line":108,"column":3}},"locations":[{"start":{"line":93,"column":25},"end":{"line":108,"column":3}}]},"8":{"type":"branch","line":94,"loc":{"start":{"line":94,"column":27},"end":{"line":106,"column":5}},"locations":[{"start":{"line":94,"column":27},"end":{"line":106,"column":5}}]},"9":{"type":"branch","line":95,"loc":{"start":{"line":95,"column":20},"end":{"line":105,"column":7}},"locations":[{"start":{"line":95,"column":20},"end":{"line":105,"column":7}}]},"10":{"type":"branch","line":97,"loc":{"start":{"line":97,"column":40},"end":{"line":97,"column":63}},"locations":[{"start":{"line":97,"column":40},"end":{"line":97,"column":63}}]},"11":{"type":"branch","line":97,"loc":{"start":{"line":97,"column":65},"end":{"line":99,"column":9}},"locations":[{"start":{"line":97,"column":65},"end":{"line":99,"column":9}}]},"12":{"type":"branch","line":99,"loc":{"start":{"line":99,"column":8},"end":{"line":100,"column":38}},"locations":[{"start":{"line":99,"column":8},"end":{"line":100,"column":38}}]},"13":{"type":"branch","line":100,"loc":{"start":{"line":100,"column":38},"end":{"line":102,"column":9}},"locations":[{"start":{"line":100,"column":38},"end":{"line":102,"column":9}}]},"14":{"type":"branch","line":102,"loc":{"start":{"line":102,"column":9},"end":{"line":104,"column":9}},"locations":[{"start":{"line":102,"column":9},"end":{"line":104,"column":9}}]}},"b":{"0":[9],"1":[3],"2":[0],"3":[5],"4":[4],"5":[3],"6":[3],"7":[38],"8":[3],"9":[5],"10":[4],"11":[2],"12":[3],"13":[2],"14":[1]},"fnMap":{"0":{"name":"parseFollowUpSession","decl":{"start":{"line":72,"column":7},"end":{"line":87,"column":1}},"loc":{"start":{"line":72,"column":7},"end":{"line":87,"column":1}},"line":72},"1":{"name":"getFollowUpEvidenceLinks","decl":{"start":{"line":90,"column":7},"end":{"line":111,"column":1}},"loc":{"start":{"line":90,"column":7},"end":{"line":111,"column":1}},"line":90}},"f":{"0":9,"1":3}}
,"/home/fernando/git/compliance_repo/compliance_checklist/src/utils/session.js": {"path":"/home/fernando/git/compliance_repo/compliance_checklist/src/utils/session.js","all":false,"statementMap":{"0":{"start":{"line":1,"column":0},"end":{"line":1,"column":47}},"2":{"start":{"line":3,"column":0},"end":{"line":3,"column":55}},"4":{"start":{"line":5,"column":0},"end":{"line":5,"column":23}},"5":{"start":{"line":6,"column":0},"end":{"line":6,"column":17}},"6":{"start":{"line":7,"column":0},"end":{"line":7,"column":15}},"7":{"start":{"line":8,"column":0},"end":{"line":8,"column":14}},"8":{"start":{"line":9,"column":0},"end":{"line":9,"column":21}},"9":{"start":{"line":10,"column":0},"end":{"line":10,"column":19}},"10":{"start":{"line":11,"column":0},"end":{"line":11,"column":20}},"11":{"start":{"line":12,"column":0},"end":{"line":12,"column":25}},"12":{"start":{"line":13,"column":0},"end":{"line":13,"column":10}},"13":{"start":{"line":14,"column":0},"end":{"line":14,"column":20}},"14":{"start":{"line":15,"column":0},"end":{"line":15,"column":26}},"15":{"start":{"line":16,"column":0},"end":{"line":16,"column":10}},"16":{"start":{"line":17,"column":0},"end":{"line":17,"column":22}},"17":{"start":{"line":18,"column":0},"end":{"line":18,"column":25}},"18":{"start":{"line":19,"column":0},"end":{"line":19,"column":10}},"19":{"start":{"line":20,"column":0},"end":{"line":20,"column":26}},"20":{"start":{"line":21,"column":0},"end":{"line":21,"column":25}},"21":{"start":{"line":22,"column":0},"end":{"line":22,"column":10}},"22":{"start":{"line":23,"column":0},"end":{"line":23,"column":21}},"23":{"start":{"line":24,"column":0},"end":{"line":24,"column":25}},"24":{"start":{"line":25,"column":0},"end":{"line":25,"column":10}},"25":{"start":{"line":26,"column":0},"end":{"line":26,"column":8}},"26":{"start":{"line":27,"column":0},"end":{"line":27,"column":34}},"27":{"start":{"line":28,"column":0},"end":{"line":28,"column":30}},"28":{"start":{"line":29,"column":0},"end":{"line":29,"column":6}},"29":{"start":{"line":30,"column":0},"end":{"line":30,"column":16}},"30":{"start":{"line":31,"column":0},"end":{"line":31,"column":21}},"31":{"start":{"line":32,"column":0},"end":{"line":32,"column":26}},"32":{"start":{"line":33,"column":0},"end":{"line":33,"column":40}},"33":{"start":{"line":34,"column":0},"end":{"line":34,"column":25}},"34":{"start":{"line":35,"column":0},"end":{"line":35,"column":23}},"35":{"start":{"line":36,"column":0},"end":{"line":36,"column":17}},"36":{"start":{"line":37,"column":0},"end":{"line":37,"column":29}},"37":{"start":{"line":38,"column":0},"end":{"line":38,"column":14}},"38":{"start":{"line":39,"column":0},"end":{"line":39,"column":19}},"39":{"start":{"line":40,"column":0},"end":{"line":40,"column":29}},"40":{"start":{"line":41,"column":0},"end":{"line":41,"column":14}},"41":{"start":{"line":42,"column":0},"end":{"line":42,"column":25}},"42":{"start":{"line":43,"column":0},"end":{"line":43,"column":29}},"43":{"start":{"line":44,"column":0},"end":{"line":44,"column":69}},"44":{"start":{"line":45,"column":0},"end":{"line":45,"column":14}},"45":{"start":{"line":46,"column":0},"end":{"line":46,"column":23}},"46":{"start":{"line":47,"column":0},"end":{"line":47,"column":29}},"47":{"start":{"line":48,"column":0},"end":{"line":48,"column":14}},"48":{"start":{"line":49,"column":0},"end":{"line":49,"column":35}},"49":{"start":{"line":50,"column":0},"end":{"line":50,"column":29}},"50":{"start":{"line":51,"column":0},"end":{"line":51,"column":27}},"51":{"start":{"line":52,"column":0},"end":{"line":52,"column":30}},"52":{"start":{"line":53,"column":0},"end":{"line":53,"column":33}},"53":{"start":{"line":54,"column":0},"end":{"line":54,"column":18}},"54":{"start":{"line":55,"column":0},"end":{"line":55,"column":31}},"55":{"start":{"line":56,"column":0},"end":{"line":56,"column":33}},"56":{"start":{"line":57,"column":0},"end":{"line":57,"column":76}},"57":{"start":{"line":58,"column":0},"end":{"line":58,"column":18}},"58":{"start":{"line":59,"column":0},"end":{"line":59,"column":28}},"59":{"start":{"line":60,"column":0},"end":{"line":60,"column":33}},"60":{"start":{"line":61,"column":0},"end":{"line":61,"column":62}},"61":{"start":{"line":62,"column":0},"end":{"line":62,"column":18}},"62":{"start":{"line":63,"column":0},"end":{"line":63,"column":37}},"63":{"start":{"line":64,"column":0},"end":{"line":64,"column":32}},"64":{"start":{"line":65,"column":0},"end":{"line":65,"column":26}},"65":{"start":{"line":66,"column":0},"end":{"line":66,"column":35}},"66":{"start":{"line":67,"column":0},"end":{"line":67,"column":20}},"67":{"start":{"line":68,"column":0},"end":{"line":68,"column":18}},"68":{"start":{"line":69,"column":0},"end":{"line":69,"column":16}},"69":{"start":{"line":70,"column":0},"end":{"line":70,"column":41}},"70":{"start":{"line":71,"column":0},"end":{"line":71,"column":14}},"71":{"start":{"line":72,"column":0},"end":{"line":72,"column":23}},"72":{"start":{"line":73,"column":0},"end":{"line":73,"column":28}},"73":{"start":{"line":74,"column":0},"end":{"line":74,"column":22}},"74":{"start":{"line":75,"column":0},"end":{"line":75,"column":31}},"75":{"start":{"line":76,"column":0},"end":{"line":76,"column":29}},"76":{"start":{"line":77,"column":0},"end":{"line":77,"column":43}},"77":{"start":{"line":78,"column":0},"end":{"line":78,"column":48}},"78":{"start":{"line":79,"column":0},"end":{"line":79,"column":49}},"79":{"start":{"line":80,"column":0},"end":{"line":80,"column":49}},"80":{"start":{"line":81,"column":0},"end":{"line":81,"column":18}},"81":{"start":{"line":82,"column":0},"end":{"line":82,"column":44}},"82":{"start":{"line":83,"column":0},"end":{"line":83,"column":35}},"83":{"start":{"line":84,"column":0},"end":{"line":84,"column":16}},"84":{"start":{"line":85,"column":0},"end":{"line":85,"column":14}},"85":{"start":{"line":86,"column":0},"end":{"line":86,"column":28}},"86":{"start":{"line":87,"column":0},"end":{"line":87,"column":28}},"87":{"start":{"line":88,"column":0},"end":{"line":88,"column":22}},"88":{"start":{"line":89,"column":0},"end":{"line":89,"column":31}},"89":{"start":{"line":90,"column":0},"end":{"line":90,"column":16}},"90":{"start":{"line":91,"column":0},"end":{"line":91,"column":14}},"91":{"start":{"line":92,"column":0},"end":{"line":92,"column":12}},"92":{"start":{"line":93,"column":0},"end":{"line":93,"column":38}},"93":{"start":{"line":94,"column":0},"end":{"line":94,"column":27}},"94":{"start":{"line":95,"column":0},"end":{"line":95,"column":10}},"95":{"start":{"line":96,"column":0},"end":{"line":96,"column":8}},"96":{"start":{"line":97,"column":0},"end":{"line":97,"column":34}},"97":{"start":{"line":98,"column":0},"end":{"line":98,"column":6}},"98":{"start":{"line":99,"column":0},"end":{"line":99,"column":4}},"99":{"start":{"line":100,"column":0},"end":{"line":100,"column":30}},"100":{"start":{"line":101,"column":0},"end":{"line":101,"column":24}},"101":{"start":{"line":102,"column":0},"end":{"line":102,"column":1}},"103":{"start":{"line":104,"column":0},"end":{"line":104,"column":50}},"105":{"start":{"line":106,"column":0},"end":{"line":106,"column":40}},"106":{"start":{"line":107,"column":0},"end":{"line":107,"column":7}},"107":{"start":{"line":108,"column":0},"end":{"line":108,"column":37}},"108":{"start":{"line":109,"column":0},"end":{"line":109,"column":33}},"109":{"start":{"line":110,"column":0},"end":{"line":110,"column":20}},"110":{"start":{"line":111,"column":0},"end":{"line":111,"column":30}},"111":{"start":{"line":112,"column":0},"end":{"line":112,"column":87}},"112":{"start":{"line":113,"column":0},"end":{"line":113,"column":51}},"113":{"start":{"line":114,"column":0},"end":{"line":114,"column":61}},"114":{"start":{"line":115,"column":0},"end":{"line":115,"column":5}},"115":{"start":{"line":116,"column":0},"end":{"line":116,"column":15}},"116":{"start":{"line":117,"column":0},"end":{"line":117,"column":15}},"117":{"start":{"line":118,"column":0},"end":{"line":118,"column":45}},"118":{"start":{"line":119,"column":0},"end":{"line":119,"column":11}},"119":{"start":{"line":120,"column":0},"end":{"line":120,"column":3}},"120":{"start":{"line":121,"column":0},"end":{"line":121,"column":1}},"122":{"start":{"line":123,"column":0},"end":{"line":123,"column":92}},"123":{"start":{"line":124,"column":0},"end":{"line":124,"column":46}},"124":{"start":{"line":125,"column":0},"end":{"line":125,"column":24}},"126":{"start":{"line":127,"column":0},"end":{"line":127,"column":42}},"127":{"start":{"line":128,"column":0},"end":{"line":128,"column":85}},"128":{"start":{"line":129,"column":0},"end":{"line":129,"column":28}},"129":{"start":{"line":130,"column":0},"end":{"line":130,"column":56}},"131":{"start":{"line":132,"column":0},"end":{"line":132,"column":66}},"132":{"start":{"line":133,"column":0},"end":{"line":133,"column":16}},"133":{"start":{"line":134,"column":0},"end":{"line":134,"column":9}},"135":{"start":{"line":136,"column":0},"end":{"line":136,"column":39}},"136":{"start":{"line":137,"column":0},"end":{"line":137,"column":48}},"137":{"start":{"line":138,"column":0},"end":{"line":138,"column":16}},"138":{"start":{"line":139,"column":0},"end":{"line":139,"column":41}},"139":{"start":{"line":140,"column":0},"end":{"line":140,"column":9}},"140":{"start":{"line":141,"column":0},"end":{"line":141,"column":8}},"141":{"start":{"line":142,"column":0},"end":{"line":142,"column":5}},"142":{"start":{"line":143,"column":0},"end":{"line":143,"column":16}},"143":{"start":{"line":144,"column":0},"end":{"line":144,"column":4}},"145":{"start":{"line":146,"column":0},"end":{"line":146,"column":22}},"146":{"start":{"line":147,"column":0},"end":{"line":147,"column":1}}},"s":{"0":1,"2":1,"4":1,"5":1,"6":1,"7":1,"8":1,"9":1,"10":1,"11":1,"12":1,"13":1,"14":1,"15":1,"16":1,"17":1,"18":1,"19":1,"20":1,"21":1,"22":1,"23":1,"24":1,"25":1,"26":1,"27":1,"28":1,"29":1,"30":1,"31":1,"32":1,"33":1,"34":1,"35":1,"36":1,"37":1,"38":1,"39":1,"40":1,"41":1,"42":1,"43":1,"44":1,"45":1,"46":1,"47":1,"48":1,"49":1,"50":1,"51":1,"52":1,"53":1,"54":1,"55":1,"56":1,"57":1,"58":1,"59":1,"60":1,"61":1,"62":1,"63":1,"64":1,"65":1,"66":1,"67":1,"68":1,"69":1,"70":1,"71":1,"72":1,"73":1,"74":1,"75":1,"76":1,"77":1,"78":1,"79":1,"80":1,"81":1,"82":1,"83":1,"84":1,"85":1,"86":1,"87":1,"88":1,"89":1,"90":1,"91":1,"92":1,"93":1,"94":1,"95":1,"96":1,"97":1,"98":1,"99":1,"100":1,"101":1,"103":1,"105":1,"106":9,"107":9,"108":9,"109":3,"110":3,"111":3,"112":3,"113":3,"114":3,"115":5,"116":9,"117":4,"118":4,"119":4,"120":9,"122":1,"123":1,"124":1,"126":1,"127":36,"128":7,"129":10,"131":10,"132":0,"133":0,"135":10,"136":7,"137":10,"138":3,"139":3,"140":7,"141":7,"142":36,"143":1,"145":1,"146":1},"branchMap":{"0":{"type":"branch","line":106,"loc":{"start":{"line":106,"column":7},"end":{"line":121,"column":1}},"locations":[{"start":{"line":106,"column":7},"end":{"line":121,"column":1}}]},"1":{"type":"branch","line":109,"loc":{"start":{"line":109,"column":32},"end":{"line":115,"column":5}},"locations":[{"start":{"line":109,"column":32},"end":{"line":115,"column":5}}]},"2":{"type":"branch","line":113,"loc":{"start":{"line":113,"column":22},"end":{"line":113,"column":51}},"locations":[{"start":{"line":113,"column":22},"end":{"line":113,"column":51}}]},"3":{"type":"branch","line":115,"loc":{"start":{"line":115,"column":4},"end":{"line":117,"column":4}},"locations":[{"start":{"line":115,"column":4},"end":{"line":117,"column":4}}]},"4":{"type":"branch","line":117,"loc":{"start":{"line":117,"column":4},"end":{"line":120,"column":3}},"locations":[{"start":{"line":117,"column":4},"end":{"line":120,"column":3}}]},"5":{"type":"branch","line":112,"loc":{"start":{"line":112,"column":16},"end":{"line":112,"column":86}},"locations":[{"start":{"line":112,"column":16},"end":{"line":112,"column":86}}]},"6":{"type":"branch","line":124,"loc":{"start":{"line":124,"column":7},"end":{"line":147,"column":1}},"locations":[{"start":{"line":124,"column":7},"end":{"line":147,"column":1}}]},"7":{"type":"branch","line":127,"loc":{"start":{"line":127,"column":25},"end":{"line":144,"column":3}},"locations":[{"start":{"line":127,"column":25},"end":{"line":144,"column":3}}]},"8":{"type":"branch","line":128,"loc":{"start":{"line":128,"column":26},"end":{"line":128,"column":51}},"locations":[{"start":{"line":128,"column":26},"end":{"line":128,"column":51}}]},"9":{"type":"branch","line":128,"loc":{"start":{"line":128,"column":52},"end":{"line":128,"column":82}},"locations":[{"start":{"line":128,"column":52},"end":{"line":128,"column":82}}]},"10":{"type":"branch","line":128,"loc":{"start":{"line":128,"column":84},"end":{"line":142,"column":5}},"locations":[{"start":{"line":128,"column":84},"end":{"line":142,"column":5}}]},"11":{"type":"branch","line":129,"loc":{"start":{"line":129,"column":20},"end":{"line":141,"column":7}},"locations":[{"start":{"line":129,"column":20},"end":{"line":141,"column":7}}]},"12":{"type":"branch","line":130,"loc":{"start":{"line":130,"column":43},"end":{"line":130,"column":52}},"locations":[{"start":{"line":130,"column":43},"end":{"line":130,"column":52}}]},"13":{"type":"branch","line":130,"loc":{"start":{"line":130,"column":53},"end":{"line":130,"column":56}},"locations":[{"start":{"line":130,"column":53},"end":{"line":130,"column":56}}]},"14":{"type":"branch","line":132,"loc":{"start":{"line":132,"column":65},"end":{"line":134,"column":9}},"locations":[{"start":{"line":132,"column":65},"end":{"line":134,"column":9}}]},"15":{"type":"branch","line":136,"loc":{"start":{"line":136,"column":38},"end":{"line":138,"column":9}},"locations":[{"start":{"line":136,"column":38},"end":{"line":138,"column":9}}]},"16":{"type":"branch","line":138,"loc":{"start":{"line":138,"column":9},"end":{"line":140,"column":9}},"locations":[{"start":{"line":138,"column":9},"end":{"line":140,"column":9}}]}},"b":{"0":[9],"1":[3],"2":[0],"3":[5],"4":[4],"5":[3],"6":[1],"7":[36],"8":[32],"9":[30],"10":[7],"11":[10],"12":[7],"13":[3],"14":[0],"15":[7],"16":[3]},"fnMap":{"0":{"name":"parseSession","decl":{"start":{"line":106,"column":7},"end":{"line":121,"column":1}},"loc":{"start":{"line":106,"column":7},"end":{"line":121,"column":1}},"line":106},"1":{"name":"getEvidenceLinks","decl":{"start":{"line":124,"column":7},"end":{"line":147,"column":1}},"loc":{"start":{"line":124,"column":7},"end":{"line":147,"column":1}},"line":124}},"f":{"0":9,"1":1}}
}
