{"/home/fernando/git/compliance_repo/compliance_checklist/electron/ipc/ipcHandles.js": {"path":"/home/fernando/git/compliance_repo/compliance_checklist/electron/ipc/ipcHandles.js","all":false,"statementMap":{"0":{"start":{"line":1,"column":0},"end":{"line":1,"column":53}},"3":{"start":{"line":4,"column":0},"end":{"line":4,"column":138}},"4":{"start":{"line":5,"column":0},"end":{"line":5,"column":147}},"6":{"start":{"line":7,"column":0},"end":{"line":7,"column":142}},"23":{"start":{"line":24,"column":0},"end":{"line":24,"column":44}},"24":{"start":{"line":25,"column":0},"end":{"line":25,"column":15}},"26":{"start":{"line":27,"column":0},"end":{"line":27,"column":25}},"27":{"start":{"line":28,"column":0},"end":{"line":28,"column":58}},"28":{"start":{"line":29,"column":0},"end":{"line":29,"column":21}},"29":{"start":{"line":30,"column":0},"end":{"line":30,"column":17}},"30":{"start":{"line":31,"column":0},"end":{"line":31,"column":52}},"31":{"start":{"line":32,"column":0},"end":{"line":32,"column":15}},"32":{"start":{"line":33,"column":0},"end":{"line":33,"column":20}},"33":{"start":{"line":34,"column":0},"end":{"line":34,"column":21}},"34":{"start":{"line":35,"column":0},"end":{"line":35,"column":6}},"35":{"start":{"line":36,"column":0},"end":{"line":36,"column":16}},"36":{"start":{"line":37,"column":0},"end":{"line":37,"column":21}},"37":{"start":{"line":38,"column":0},"end":{"line":38,"column":75}},"38":{"start":{"line":39,"column":0},"end":{"line":39,"column":19}},"39":{"start":{"line":40,"column":0},"end":{"line":40,"column":41}},"40":{"start":{"line":41,"column":0},"end":{"line":41,"column":25}},"41":{"start":{"line":42,"column":0},"end":{"line":42,"column":25}},"42":{"start":{"line":43,"column":0},"end":{"line":43,"column":49}},"43":{"start":{"line":44,"column":0},"end":{"line":44,"column":10}},"44":{"start":{"line":45,"column":0},"end":{"line":45,"column":39}},"45":{"start":{"line":46,"column":0},"end":{"line":46,"column":41}},"46":{"start":{"line":47,"column":0},"end":{"line":47,"column":22}},"47":{"start":{"line":48,"column":0},"end":{"line":48,"column":25}},"48":{"start":{"line":49,"column":0},"end":{"line":49,"column":59}},"49":{"start":{"line":50,"column":0},"end":{"line":50,"column":10}},"50":{"start":{"line":51,"column":0},"end":{"line":51,"column":35}},"51":{"start":{"line":52,"column":0},"end":{"line":52,"column":39}},"52":{"start":{"line":53,"column":0},"end":{"line":53,"column":41}},"53":{"start":{"line":54,"column":0},"end":{"line":54,"column":21}},"54":{"start":{"line":55,"column":0},"end":{"line":55,"column":24}},"55":{"start":{"line":56,"column":0},"end":{"line":56,"column":36}},"56":{"start":{"line":57,"column":0},"end":{"line":57,"column":10}},"57":{"start":{"line":58,"column":0},"end":{"line":58,"column":8}},"58":{"start":{"line":59,"column":0},"end":{"line":59,"column":6}},"59":{"start":{"line":60,"column":0},"end":{"line":60,"column":12}},"60":{"start":{"line":61,"column":0},"end":{"line":61,"column":20}},"61":{"start":{"line":62,"column":0},"end":{"line":62,"column":14}},"62":{"start":{"line":63,"column":0},"end":{"line":63,"column":23}},"63":{"start":{"line":64,"column":0},"end":{"line":64,"column":55}},"64":{"start":{"line":65,"column":0},"end":{"line":65,"column":21}},"65":{"start":{"line":66,"column":0},"end":{"line":66,"column":37}},"66":{"start":{"line":67,"column":0},"end":{"line":67,"column":21}},"67":{"start":{"line":68,"column":0},"end":{"line":68,"column":27}},"68":{"start":{"line":69,"column":0},"end":{"line":69,"column":41}},"69":{"start":{"line":70,"column":0},"end":{"line":70,"column":12}},"70":{"start":{"line":71,"column":0},"end":{"line":71,"column":42}},"71":{"start":{"line":72,"column":0},"end":{"line":72,"column":49}},"72":{"start":{"line":73,"column":0},"end":{"line":73,"column":38}},"73":{"start":{"line":74,"column":0},"end":{"line":74,"column":22}},"74":{"start":{"line":75,"column":0},"end":{"line":75,"column":27}},"75":{"start":{"line":76,"column":0},"end":{"line":76,"column":25}},"76":{"start":{"line":77,"column":0},"end":{"line":77,"column":48}},"77":{"start":{"line":78,"column":0},"end":{"line":78,"column":53}},"78":{"start":{"line":79,"column":0},"end":{"line":79,"column":14}},"79":{"start":{"line":80,"column":0},"end":{"line":80,"column":12}},"80":{"start":{"line":81,"column":0},"end":{"line":81,"column":23}},"81":{"start":{"line":82,"column":0},"end":{"line":82,"column":27}},"82":{"start":{"line":83,"column":0},"end":{"line":83,"column":67}},"83":{"start":{"line":84,"column":0},"end":{"line":84,"column":12}},"84":{"start":{"line":85,"column":0},"end":{"line":85,"column":22}},"85":{"start":{"line":86,"column":0},"end":{"line":86,"column":27}},"86":{"start":{"line":87,"column":0},"end":{"line":87,"column":56}},"87":{"start":{"line":88,"column":0},"end":{"line":88,"column":12}},"88":{"start":{"line":89,"column":0},"end":{"line":89,"column":21}},"89":{"start":{"line":90,"column":0},"end":{"line":90,"column":26}},"90":{"start":{"line":91,"column":0},"end":{"line":91,"column":20}},"91":{"start":{"line":92,"column":0},"end":{"line":92,"column":29}},"92":{"start":{"line":93,"column":0},"end":{"line":93,"column":39}},"93":{"start":{"line":94,"column":0},"end":{"line":94,"column":27}},"94":{"start":{"line":95,"column":0},"end":{"line":95,"column":47}},"95":{"start":{"line":96,"column":0},"end":{"line":96,"column":49}},"96":{"start":{"line":97,"column":0},"end":{"line":97,"column":51}},"97":{"start":{"line":98,"column":0},"end":{"line":98,"column":16}},"98":{"start":{"line":99,"column":0},"end":{"line":99,"column":14}},"99":{"start":{"line":100,"column":0},"end":{"line":100,"column":12}},"100":{"start":{"line":101,"column":0},"end":{"line":101,"column":10}},"101":{"start":{"line":102,"column":0},"end":{"line":102,"column":8}},"102":{"start":{"line":103,"column":0},"end":{"line":103,"column":6}},"103":{"start":{"line":104,"column":0},"end":{"line":104,"column":4}},"104":{"start":{"line":105,"column":0},"end":{"line":105,"column":1}},"106":{"start":{"line":107,"column":0},"end":{"line":107,"column":23}},"107":{"start":{"line":108,"column":0},"end":{"line":108,"column":58}},"108":{"start":{"line":109,"column":0},"end":{"line":109,"column":19}},"109":{"start":{"line":110,"column":0},"end":{"line":110,"column":17}},"110":{"start":{"line":111,"column":0},"end":{"line":111,"column":41}},"111":{"start":{"line":112,"column":0},"end":{"line":112,"column":15}},"112":{"start":{"line":113,"column":0},"end":{"line":113,"column":20}},"113":{"start":{"line":114,"column":0},"end":{"line":114,"column":21}},"114":{"start":{"line":115,"column":0},"end":{"line":115,"column":6}},"115":{"start":{"line":116,"column":0},"end":{"line":116,"column":14}},"116":{"start":{"line":117,"column":0},"end":{"line":117,"column":21}},"117":{"start":{"line":118,"column":0},"end":{"line":118,"column":17}},"118":{"start":{"line":119,"column":0},"end":{"line":119,"column":20}},"119":{"start":{"line":120,"column":0},"end":{"line":120,"column":17}},"120":{"start":{"line":121,"column":0},"end":{"line":121,"column":21}},"121":{"start":{"line":122,"column":0},"end":{"line":122,"column":21}},"122":{"start":{"line":123,"column":0},"end":{"line":123,"column":23}},"123":{"start":{"line":124,"column":0},"end":{"line":124,"column":17}},"124":{"start":{"line":125,"column":0},"end":{"line":125,"column":22}},"125":{"start":{"line":126,"column":0},"end":{"line":126,"column":8}},"126":{"start":{"line":127,"column":0},"end":{"line":127,"column":19}},"127":{"start":{"line":128,"column":0},"end":{"line":128,"column":20}},"128":{"start":{"line":129,"column":0},"end":{"line":129,"column":25}},"129":{"start":{"line":130,"column":0},"end":{"line":130,"column":58}},"130":{"start":{"line":131,"column":0},"end":{"line":131,"column":10}},"131":{"start":{"line":132,"column":0},"end":{"line":132,"column":35}},"132":{"start":{"line":133,"column":0},"end":{"line":133,"column":39}},"133":{"start":{"line":134,"column":0},"end":{"line":134,"column":39}},"134":{"start":{"line":135,"column":0},"end":{"line":135,"column":41}},"135":{"start":{"line":136,"column":0},"end":{"line":136,"column":35}},"136":{"start":{"line":137,"column":0},"end":{"line":137,"column":48}},"137":{"start":{"line":138,"column":0},"end":{"line":138,"column":55}},"138":{"start":{"line":139,"column":0},"end":{"line":139,"column":41}},"139":{"start":{"line":140,"column":0},"end":{"line":140,"column":40}},"140":{"start":{"line":141,"column":0},"end":{"line":141,"column":20}},"141":{"start":{"line":142,"column":0},"end":{"line":142,"column":25}},"142":{"start":{"line":143,"column":0},"end":{"line":143,"column":54}},"143":{"start":{"line":144,"column":0},"end":{"line":144,"column":10}},"144":{"start":{"line":145,"column":0},"end":{"line":145,"column":8}},"145":{"start":{"line":146,"column":0},"end":{"line":146,"column":6}},"146":{"start":{"line":147,"column":0},"end":{"line":147,"column":4}},"147":{"start":{"line":148,"column":0},"end":{"line":148,"column":1}},"149":{"start":{"line":150,"column":0},"end":{"line":150,"column":30}},"150":{"start":{"line":151,"column":0},"end":{"line":151,"column":58}},"151":{"start":{"line":152,"column":0},"end":{"line":152,"column":26}},"152":{"start":{"line":153,"column":0},"end":{"line":153,"column":17}},"153":{"start":{"line":154,"column":0},"end":{"line":154,"column":48}},"154":{"start":{"line":155,"column":0},"end":{"line":155,"column":15}},"155":{"start":{"line":156,"column":0},"end":{"line":156,"column":20}},"156":{"start":{"line":157,"column":0},"end":{"line":157,"column":21}},"157":{"start":{"line":158,"column":0},"end":{"line":158,"column":6}},"158":{"start":{"line":159,"column":0},"end":{"line":159,"column":21}},"159":{"start":{"line":160,"column":0},"end":{"line":160,"column":21}},"160":{"start":{"line":161,"column":0},"end":{"line":161,"column":17}},"161":{"start":{"line":162,"column":0},"end":{"line":162,"column":20}},"162":{"start":{"line":163,"column":0},"end":{"line":163,"column":17}},"163":{"start":{"line":164,"column":0},"end":{"line":164,"column":21}},"164":{"start":{"line":165,"column":0},"end":{"line":165,"column":21}},"165":{"start":{"line":166,"column":0},"end":{"line":166,"column":23}},"166":{"start":{"line":167,"column":0},"end":{"line":167,"column":23}},"167":{"start":{"line":168,"column":0},"end":{"line":168,"column":24}},"168":{"start":{"line":169,"column":0},"end":{"line":169,"column":26}},"169":{"start":{"line":170,"column":0},"end":{"line":170,"column":33}},"170":{"start":{"line":171,"column":0},"end":{"line":171,"column":8}},"171":{"start":{"line":172,"column":0},"end":{"line":172,"column":19}},"172":{"start":{"line":173,"column":0},"end":{"line":173,"column":38}},"173":{"start":{"line":174,"column":0},"end":{"line":174,"column":34}},"174":{"start":{"line":175,"column":0},"end":{"line":175,"column":35}},"175":{"start":{"line":176,"column":0},"end":{"line":176,"column":39}},"176":{"start":{"line":177,"column":0},"end":{"line":177,"column":39}},"177":{"start":{"line":178,"column":0},"end":{"line":178,"column":41}},"178":{"start":{"line":179,"column":0},"end":{"line":179,"column":62}},"179":{"start":{"line":180,"column":0},"end":{"line":180,"column":43}},"180":{"start":{"line":181,"column":0},"end":{"line":181,"column":71}},"181":{"start":{"line":182,"column":0},"end":{"line":182,"column":64}},"182":{"start":{"line":183,"column":0},"end":{"line":183,"column":54}},"183":{"start":{"line":184,"column":0},"end":{"line":184,"column":52}},"184":{"start":{"line":185,"column":0},"end":{"line":185,"column":36}},"185":{"start":{"line":186,"column":0},"end":{"line":186,"column":19}},"186":{"start":{"line":187,"column":0},"end":{"line":187,"column":24}},"187":{"start":{"line":188,"column":0},"end":{"line":188,"column":18}},"188":{"start":{"line":189,"column":0},"end":{"line":189,"column":27}},"189":{"start":{"line":190,"column":0},"end":{"line":190,"column":37}},"190":{"start":{"line":191,"column":0},"end":{"line":191,"column":25}},"191":{"start":{"line":192,"column":0},"end":{"line":192,"column":45}},"192":{"start":{"line":193,"column":0},"end":{"line":193,"column":47}},"193":{"start":{"line":194,"column":0},"end":{"line":194,"column":49}},"194":{"start":{"line":195,"column":0},"end":{"line":195,"column":14}},"195":{"start":{"line":196,"column":0},"end":{"line":196,"column":12}},"196":{"start":{"line":197,"column":0},"end":{"line":197,"column":10}},"197":{"start":{"line":198,"column":0},"end":{"line":198,"column":8}},"198":{"start":{"line":199,"column":0},"end":{"line":199,"column":6}},"199":{"start":{"line":200,"column":0},"end":{"line":200,"column":4}},"200":{"start":{"line":201,"column":0},"end":{"line":201,"column":1}},"202":{"start":{"line":203,"column":0},"end":{"line":203,"column":54}},"203":{"start":{"line":204,"column":0},"end":{"line":204,"column":133}},"204":{"start":{"line":205,"column":0},"end":{"line":205,"column":81}},"206":{"start":{"line":207,"column":0},"end":{"line":207,"column":42}},"207":{"start":{"line":208,"column":0},"end":{"line":208,"column":15}},"208":{"start":{"line":209,"column":0},"end":{"line":209,"column":18}},"209":{"start":{"line":210,"column":0},"end":{"line":210,"column":30}},"211":{"start":{"line":212,"column":0},"end":{"line":212,"column":44}},"212":{"start":{"line":213,"column":0},"end":{"line":213,"column":80}},"214":{"start":{"line":215,"column":0},"end":{"line":215,"column":90}},"216":{"start":{"line":217,"column":0},"end":{"line":217,"column":61}},"217":{"start":{"line":218,"column":0},"end":{"line":218,"column":85}},"218":{"start":{"line":219,"column":0},"end":{"line":219,"column":77}},"219":{"start":{"line":220,"column":0},"end":{"line":220,"column":45}},"220":{"start":{"line":221,"column":0},"end":{"line":221,"column":1}},"222":{"start":{"line":223,"column":0},"end":{"line":223,"column":35}},"223":{"start":{"line":224,"column":0},"end":{"line":224,"column":56}},"224":{"start":{"line":225,"column":0},"end":{"line":225,"column":69}},"225":{"start":{"line":226,"column":0},"end":{"line":226,"column":52}},"226":{"start":{"line":227,"column":0},"end":{"line":227,"column":24}},"227":{"start":{"line":228,"column":0},"end":{"line":228,"column":1}},"229":{"start":{"line":230,"column":0},"end":{"line":230,"column":31}},"230":{"start":{"line":231,"column":0},"end":{"line":231,"column":32}},"231":{"start":{"line":232,"column":0},"end":{"line":232,"column":39}},"232":{"start":{"line":233,"column":0},"end":{"line":233,"column":49}},"233":{"start":{"line":234,"column":0},"end":{"line":234,"column":3}},"234":{"start":{"line":235,"column":0},"end":{"line":235,"column":43}},"235":{"start":{"line":236,"column":0},"end":{"line":236,"column":1}},"237":{"start":{"line":238,"column":0},"end":{"line":238,"column":40}},"238":{"start":{"line":239,"column":0},"end":{"line":239,"column":89}},"239":{"start":{"line":240,"column":0},"end":{"line":240,"column":16}},"240":{"start":{"line":241,"column":0},"end":{"line":241,"column":3}},"241":{"start":{"line":242,"column":0},"end":{"line":242,"column":25}},"242":{"start":{"line":243,"column":0},"end":{"line":243,"column":1}},"244":{"start":{"line":245,"column":0},"end":{"line":245,"column":47}},"245":{"start":{"line":246,"column":0},"end":{"line":246,"column":55}},"246":{"start":{"line":247,"column":0},"end":{"line":247,"column":48}},"247":{"start":{"line":248,"column":0},"end":{"line":248,"column":19}},"248":{"start":{"line":249,"column":0},"end":{"line":249,"column":3}},"250":{"start":{"line":251,"column":0},"end":{"line":251,"column":23}},"251":{"start":{"line":252,"column":0},"end":{"line":252,"column":104}},"252":{"start":{"line":253,"column":0},"end":{"line":253,"column":18}},"253":{"start":{"line":254,"column":0},"end":{"line":254,"column":21}},"254":{"start":{"line":255,"column":0},"end":{"line":255,"column":62}},"255":{"start":{"line":256,"column":0},"end":{"line":256,"column":97}},"256":{"start":{"line":257,"column":0},"end":{"line":257,"column":10}},"257":{"start":{"line":258,"column":0},"end":{"line":258,"column":6}},"258":{"start":{"line":259,"column":0},"end":{"line":259,"column":3}},"259":{"start":{"line":260,"column":0},"end":{"line":260,"column":55}},"260":{"start":{"line":261,"column":0},"end":{"line":261,"column":43}},"261":{"start":{"line":262,"column":0},"end":{"line":262,"column":1}},"263":{"start":{"line":264,"column":0},"end":{"line":264,"column":57}},"264":{"start":{"line":265,"column":0},"end":{"line":265,"column":81}},"265":{"start":{"line":266,"column":0},"end":{"line":266,"column":64}},"266":{"start":{"line":267,"column":0},"end":{"line":267,"column":1}},"268":{"start":{"line":269,"column":0},"end":{"line":269,"column":69}},"269":{"start":{"line":270,"column":0},"end":{"line":270,"column":10}},"270":{"start":{"line":271,"column":0},"end":{"line":271,"column":46}},"271":{"start":{"line":272,"column":0},"end":{"line":272,"column":39}},"272":{"start":{"line":273,"column":0},"end":{"line":273,"column":28}},"273":{"start":{"line":274,"column":0},"end":{"line":274,"column":17}},"274":{"start":{"line":275,"column":0},"end":{"line":275,"column":3}},"275":{"start":{"line":276,"column":0},"end":{"line":276,"column":1}},"277":{"start":{"line":278,"column":0},"end":{"line":278,"column":58}},"278":{"start":{"line":279,"column":0},"end":{"line":279,"column":99}},"279":{"start":{"line":280,"column":0},"end":{"line":280,"column":90}},"280":{"start":{"line":281,"column":0},"end":{"line":281,"column":69}},"281":{"start":{"line":282,"column":0},"end":{"line":282,"column":1}},"283":{"start":{"line":284,"column":0},"end":{"line":284,"column":51}},"284":{"start":{"line":285,"column":0},"end":{"line":285,"column":71}},"285":{"start":{"line":286,"column":0},"end":{"line":286,"column":21}},"286":{"start":{"line":287,"column":0},"end":{"line":287,"column":23}},"287":{"start":{"line":288,"column":0},"end":{"line":288,"column":3}},"289":{"start":{"line":290,"column":0},"end":{"line":290,"column":44}},"290":{"start":{"line":291,"column":0},"end":{"line":291,"column":42}},"291":{"start":{"line":292,"column":0},"end":{"line":292,"column":19}},"292":{"start":{"line":293,"column":0},"end":{"line":293,"column":3}},"294":{"start":{"line":295,"column":0},"end":{"line":295,"column":78}},"295":{"start":{"line":296,"column":0},"end":{"line":296,"column":79}},"296":{"start":{"line":297,"column":0},"end":{"line":297,"column":32}},"297":{"start":{"line":298,"column":0},"end":{"line":298,"column":1}},"299":{"start":{"line":300,"column":0},"end":{"line":300,"column":55}},"300":{"start":{"line":301,"column":0},"end":{"line":301,"column":39}},"301":{"start":{"line":302,"column":0},"end":{"line":302,"column":54}},"302":{"start":{"line":303,"column":0},"end":{"line":303,"column":15}},"303":{"start":{"line":304,"column":0},"end":{"line":304,"column":17}},"304":{"start":{"line":305,"column":0},"end":{"line":305,"column":3}},"306":{"start":{"line":307,"column":0},"end":{"line":307,"column":74}},"307":{"start":{"line":308,"column":0},"end":{"line":308,"column":16}},"308":{"start":{"line":309,"column":0},"end":{"line":309,"column":18}},"309":{"start":{"line":310,"column":0},"end":{"line":310,"column":3}},"311":{"start":{"line":312,"column":0},"end":{"line":312,"column":35}},"312":{"start":{"line":313,"column":0},"end":{"line":313,"column":15}},"313":{"start":{"line":314,"column":0},"end":{"line":314,"column":15}},"314":{"start":{"line":315,"column":0},"end":{"line":315,"column":3}},"316":{"start":{"line":317,"column":0},"end":{"line":317,"column":55}},"317":{"start":{"line":318,"column":0},"end":{"line":318,"column":70}},"318":{"start":{"line":319,"column":0},"end":{"line":319,"column":18}},"319":{"start":{"line":320,"column":0},"end":{"line":320,"column":5}},"320":{"start":{"line":321,"column":0},"end":{"line":321,"column":3}},"322":{"start":{"line":323,"column":0},"end":{"line":323,"column":13}},"323":{"start":{"line":324,"column":0},"end":{"line":324,"column":1}},"325":{"start":{"line":326,"column":0},"end":{"line":326,"column":46}},"326":{"start":{"line":327,"column":0},"end":{"line":327,"column":56}},"327":{"start":{"line":328,"column":0},"end":{"line":328,"column":79}},"328":{"start":{"line":329,"column":0},"end":{"line":329,"column":18}},"329":{"start":{"line":330,"column":0},"end":{"line":330,"column":3}},"330":{"start":{"line":331,"column":0},"end":{"line":331,"column":62}},"331":{"start":{"line":332,"column":0},"end":{"line":332,"column":18}},"332":{"start":{"line":333,"column":0},"end":{"line":333,"column":3}},"333":{"start":{"line":334,"column":0},"end":{"line":334,"column":19}},"334":{"start":{"line":335,"column":0},"end":{"line":335,"column":1}},"336":{"start":{"line":337,"column":0},"end":{"line":337,"column":74}},"337":{"start":{"line":338,"column":0},"end":{"line":338,"column":88}},"338":{"start":{"line":339,"column":0},"end":{"line":339,"column":47}},"339":{"start":{"line":340,"column":0},"end":{"line":340,"column":67}},"340":{"start":{"line":341,"column":0},"end":{"line":341,"column":76}},"342":{"start":{"line":343,"column":0},"end":{"line":343,"column":58}},"344":{"start":{"line":345,"column":0},"end":{"line":345,"column":28}},"345":{"start":{"line":346,"column":0},"end":{"line":346,"column":95}},"346":{"start":{"line":347,"column":0},"end":{"line":347,"column":19}},"347":{"start":{"line":348,"column":0},"end":{"line":348,"column":23}},"348":{"start":{"line":349,"column":0},"end":{"line":349,"column":53}},"349":{"start":{"line":350,"column":0},"end":{"line":350,"column":3}},"351":{"start":{"line":352,"column":0},"end":{"line":352,"column":35}},"352":{"start":{"line":353,"column":0},"end":{"line":353,"column":53}},"353":{"start":{"line":354,"column":0},"end":{"line":354,"column":93}},"354":{"start":{"line":355,"column":0},"end":{"line":355,"column":65}},"355":{"start":{"line":356,"column":0},"end":{"line":356,"column":57}},"356":{"start":{"line":357,"column":0},"end":{"line":357,"column":55}},"357":{"start":{"line":358,"column":0},"end":{"line":358,"column":89}},"358":{"start":{"line":359,"column":0},"end":{"line":359,"column":11}},"359":{"start":{"line":360,"column":0},"end":{"line":360,"column":3}},"361":{"start":{"line":362,"column":0},"end":{"line":362,"column":73}},"362":{"start":{"line":363,"column":0},"end":{"line":363,"column":84}},"363":{"start":{"line":364,"column":0},"end":{"line":364,"column":37}},"364":{"start":{"line":365,"column":0},"end":{"line":365,"column":5}},"365":{"start":{"line":366,"column":0},"end":{"line":366,"column":3}},"367":{"start":{"line":368,"column":0},"end":{"line":368,"column":47}},"368":{"start":{"line":369,"column":0},"end":{"line":369,"column":68}},"369":{"start":{"line":370,"column":0},"end":{"line":370,"column":18}},"370":{"start":{"line":371,"column":0},"end":{"line":371,"column":55}},"371":{"start":{"line":372,"column":0},"end":{"line":372,"column":57}},"372":{"start":{"line":373,"column":0},"end":{"line":373,"column":60}},"373":{"start":{"line":374,"column":0},"end":{"line":374,"column":5}},"375":{"start":{"line":376,"column":0},"end":{"line":376,"column":49}},"376":{"start":{"line":377,"column":0},"end":{"line":377,"column":22}},"377":{"start":{"line":378,"column":0},"end":{"line":378,"column":36}},"378":{"start":{"line":379,"column":0},"end":{"line":379,"column":5}},"380":{"start":{"line":381,"column":0},"end":{"line":381,"column":60}},"381":{"start":{"line":382,"column":0},"end":{"line":382,"column":29}},"382":{"start":{"line":383,"column":0},"end":{"line":383,"column":50}},"383":{"start":{"line":384,"column":0},"end":{"line":384,"column":5}},"385":{"start":{"line":386,"column":0},"end":{"line":386,"column":50}},"386":{"start":{"line":387,"column":0},"end":{"line":387,"column":18}},"387":{"start":{"line":388,"column":0},"end":{"line":388,"column":28}},"388":{"start":{"line":389,"column":0},"end":{"line":389,"column":5}},"390":{"start":{"line":391,"column":0},"end":{"line":391,"column":45}},"391":{"start":{"line":392,"column":0},"end":{"line":392,"column":26}},"392":{"start":{"line":393,"column":0},"end":{"line":393,"column":97}},"393":{"start":{"line":394,"column":0},"end":{"line":394,"column":37}},"394":{"start":{"line":395,"column":0},"end":{"line":395,"column":79}},"395":{"start":{"line":396,"column":0},"end":{"line":396,"column":8}},"396":{"start":{"line":397,"column":0},"end":{"line":397,"column":5}},"398":{"start":{"line":399,"column":0},"end":{"line":399,"column":72}},"399":{"start":{"line":400,"column":0},"end":{"line":400,"column":25}},"400":{"start":{"line":401,"column":0},"end":{"line":401,"column":39}},"401":{"start":{"line":402,"column":0},"end":{"line":402,"column":65}},"402":{"start":{"line":403,"column":0},"end":{"line":403,"column":7}},"403":{"start":{"line":404,"column":0},"end":{"line":404,"column":44}},"404":{"start":{"line":405,"column":0},"end":{"line":405,"column":75}},"405":{"start":{"line":406,"column":0},"end":{"line":406,"column":7}},"406":{"start":{"line":407,"column":0},"end":{"line":407,"column":5}},"408":{"start":{"line":409,"column":0},"end":{"line":409,"column":83}},"409":{"start":{"line":410,"column":0},"end":{"line":410,"column":34}},"410":{"start":{"line":411,"column":0},"end":{"line":411,"column":76}},"411":{"start":{"line":412,"column":0},"end":{"line":412,"column":109}},"412":{"start":{"line":413,"column":0},"end":{"line":413,"column":56}},"413":{"start":{"line":414,"column":0},"end":{"line":414,"column":23}},"414":{"start":{"line":415,"column":0},"end":{"line":415,"column":9}},"415":{"start":{"line":416,"column":0},"end":{"line":416,"column":5}},"417":{"start":{"line":418,"column":0},"end":{"line":418,"column":15}},"418":{"start":{"line":419,"column":0},"end":{"line":419,"column":4}},"420":{"start":{"line":421,"column":0},"end":{"line":421,"column":10}},"421":{"start":{"line":422,"column":0},"end":{"line":422,"column":25}},"422":{"start":{"line":423,"column":0},"end":{"line":423,"column":32}},"423":{"start":{"line":424,"column":0},"end":{"line":424,"column":10}},"424":{"start":{"line":425,"column":0},"end":{"line":425,"column":3}},"425":{"start":{"line":426,"column":0},"end":{"line":426,"column":1}},"427":{"start":{"line":428,"column":0},"end":{"line":428,"column":91}},"428":{"start":{"line":429,"column":0},"end":{"line":429,"column":88}},"429":{"start":{"line":430,"column":0},"end":{"line":430,"column":47}},"430":{"start":{"line":431,"column":0},"end":{"line":431,"column":67}},"431":{"start":{"line":432,"column":0},"end":{"line":432,"column":76}},"433":{"start":{"line":434,"column":0},"end":{"line":434,"column":92}},"434":{"start":{"line":435,"column":0},"end":{"line":435,"column":99}},"436":{"start":{"line":437,"column":0},"end":{"line":437,"column":21}},"438":{"start":{"line":439,"column":0},"end":{"line":439,"column":37}},"439":{"start":{"line":440,"column":0},"end":{"line":440,"column":68}},"440":{"start":{"line":441,"column":0},"end":{"line":441,"column":72}},"441":{"start":{"line":442,"column":0},"end":{"line":442,"column":12}},"442":{"start":{"line":443,"column":0},"end":{"line":443,"column":5}},"444":{"start":{"line":445,"column":0},"end":{"line":445,"column":45}},"445":{"start":{"line":446,"column":0},"end":{"line":446,"column":21}},"446":{"start":{"line":447,"column":0},"end":{"line":447,"column":27}},"447":{"start":{"line":448,"column":0},"end":{"line":448,"column":16}},"448":{"start":{"line":449,"column":0},"end":{"line":449,"column":94}},"449":{"start":{"line":450,"column":0},"end":{"line":450,"column":33}},"450":{"start":{"line":451,"column":0},"end":{"line":451,"column":66}},"451":{"start":{"line":452,"column":0},"end":{"line":452,"column":66}},"452":{"start":{"line":453,"column":0},"end":{"line":453,"column":66}},"453":{"start":{"line":454,"column":0},"end":{"line":454,"column":66}},"454":{"start":{"line":455,"column":0},"end":{"line":455,"column":21}},"455":{"start":{"line":456,"column":0},"end":{"line":456,"column":94}},"456":{"start":{"line":457,"column":0},"end":{"line":457,"column":57}},"457":{"start":{"line":458,"column":0},"end":{"line":458,"column":96}},"458":{"start":{"line":459,"column":0},"end":{"line":459,"column":8}},"459":{"start":{"line":460,"column":0},"end":{"line":460,"column":5}},"461":{"start":{"line":462,"column":0},"end":{"line":462,"column":31}},"462":{"start":{"line":463,"column":0},"end":{"line":463,"column":58}},"463":{"start":{"line":464,"column":0},"end":{"line":464,"column":52}},"464":{"start":{"line":465,"column":0},"end":{"line":465,"column":30}},"465":{"start":{"line":466,"column":0},"end":{"line":466,"column":63}},"466":{"start":{"line":467,"column":0},"end":{"line":467,"column":5}},"468":{"start":{"line":469,"column":0},"end":{"line":469,"column":43}},"470":{"start":{"line":471,"column":0},"end":{"line":471,"column":71}},"471":{"start":{"line":472,"column":0},"end":{"line":472,"column":68}},"472":{"start":{"line":473,"column":0},"end":{"line":473,"column":43}},"473":{"start":{"line":474,"column":0},"end":{"line":474,"column":5}},"475":{"start":{"line":476,"column":0},"end":{"line":476,"column":59}},"476":{"start":{"line":477,"column":0},"end":{"line":477,"column":23}},"477":{"start":{"line":478,"column":0},"end":{"line":478,"column":49}},"478":{"start":{"line":479,"column":0},"end":{"line":479,"column":5}},"480":{"start":{"line":481,"column":0},"end":{"line":481,"column":26}},"481":{"start":{"line":482,"column":0},"end":{"line":482,"column":4}},"483":{"start":{"line":484,"column":0},"end":{"line":484,"column":17}},"484":{"start":{"line":485,"column":0},"end":{"line":485,"column":1}},"486":{"start":{"line":487,"column":0},"end":{"line":487,"column":76}},"487":{"start":{"line":488,"column":0},"end":{"line":488,"column":64}},"488":{"start":{"line":489,"column":0},"end":{"line":489,"column":55}},"490":{"start":{"line":491,"column":0},"end":{"line":491,"column":74}},"491":{"start":{"line":492,"column":0},"end":{"line":492,"column":90}},"492":{"start":{"line":493,"column":0},"end":{"line":493,"column":33}},"493":{"start":{"line":494,"column":0},"end":{"line":494,"column":90}},"494":{"start":{"line":495,"column":0},"end":{"line":495,"column":5}},"496":{"start":{"line":497,"column":0},"end":{"line":497,"column":40}},"497":{"start":{"line":498,"column":0},"end":{"line":498,"column":20}},"498":{"start":{"line":499,"column":0},"end":{"line":499,"column":27}},"499":{"start":{"line":500,"column":0},"end":{"line":500,"column":23}},"500":{"start":{"line":501,"column":0},"end":{"line":501,"column":18}},"501":{"start":{"line":502,"column":0},"end":{"line":502,"column":43}},"502":{"start":{"line":503,"column":0},"end":{"line":503,"column":51}},"503":{"start":{"line":504,"column":0},"end":{"line":504,"column":51}},"504":{"start":{"line":505,"column":0},"end":{"line":505,"column":55}},"505":{"start":{"line":506,"column":0},"end":{"line":506,"column":33}},"506":{"start":{"line":507,"column":0},"end":{"line":507,"column":33}},"507":{"start":{"line":508,"column":0},"end":{"line":508,"column":88}},"508":{"start":{"line":509,"column":0},"end":{"line":509,"column":10}},"509":{"start":{"line":510,"column":0},"end":{"line":510,"column":56}},"510":{"start":{"line":511,"column":0},"end":{"line":511,"column":92}},"511":{"start":{"line":512,"column":0},"end":{"line":512,"column":74}},"512":{"start":{"line":513,"column":0},"end":{"line":513,"column":8}},"513":{"start":{"line":514,"column":0},"end":{"line":514,"column":5}},"515":{"start":{"line":516,"column":0},"end":{"line":516,"column":62}},"516":{"start":{"line":517,"column":0},"end":{"line":517,"column":16}},"517":{"start":{"line":518,"column":0},"end":{"line":518,"column":41}},"518":{"start":{"line":519,"column":0},"end":{"line":519,"column":5}},"520":{"start":{"line":521,"column":0},"end":{"line":521,"column":85}},"521":{"start":{"line":522,"column":0},"end":{"line":522,"column":36}},"522":{"start":{"line":523,"column":0},"end":{"line":523,"column":81}},"523":{"start":{"line":524,"column":0},"end":{"line":524,"column":5}},"525":{"start":{"line":526,"column":0},"end":{"line":526,"column":50}},"526":{"start":{"line":527,"column":0},"end":{"line":527,"column":18}},"527":{"start":{"line":528,"column":0},"end":{"line":528,"column":45}},"528":{"start":{"line":529,"column":0},"end":{"line":529,"column":5}},"530":{"start":{"line":531,"column":0},"end":{"line":531,"column":46}},"531":{"start":{"line":532,"column":0},"end":{"line":532,"column":61}},"532":{"start":{"line":533,"column":0},"end":{"line":533,"column":75}},"533":{"start":{"line":534,"column":0},"end":{"line":534,"column":7}},"534":{"start":{"line":535,"column":0},"end":{"line":535,"column":5}},"536":{"start":{"line":537,"column":0},"end":{"line":537,"column":83}},"537":{"start":{"line":538,"column":0},"end":{"line":538,"column":34}},"538":{"start":{"line":539,"column":0},"end":{"line":539,"column":93}},"539":{"start":{"line":540,"column":0},"end":{"line":540,"column":111}},"540":{"start":{"line":541,"column":0},"end":{"line":541,"column":56}},"541":{"start":{"line":542,"column":0},"end":{"line":542,"column":23}},"542":{"start":{"line":543,"column":0},"end":{"line":543,"column":9}},"543":{"start":{"line":544,"column":0},"end":{"line":544,"column":5}},"545":{"start":{"line":546,"column":0},"end":{"line":546,"column":17}},"546":{"start":{"line":547,"column":0},"end":{"line":547,"column":4}},"547":{"start":{"line":548,"column":0},"end":{"line":548,"column":1}},"549":{"start":{"line":550,"column":0},"end":{"line":550,"column":38}},"550":{"start":{"line":551,"column":0},"end":{"line":551,"column":83}},"552":{"start":{"line":553,"column":0},"end":{"line":553,"column":58}},"553":{"start":{"line":554,"column":0},"end":{"line":554,"column":69}},"554":{"start":{"line":555,"column":0},"end":{"line":555,"column":32}},"555":{"start":{"line":556,"column":0},"end":{"line":556,"column":52}},"556":{"start":{"line":557,"column":0},"end":{"line":557,"column":30}},"557":{"start":{"line":558,"column":0},"end":{"line":558,"column":54}},"558":{"start":{"line":559,"column":0},"end":{"line":559,"column":52}},"559":{"start":{"line":560,"column":0},"end":{"line":560,"column":32}},"560":{"start":{"line":561,"column":0},"end":{"line":561,"column":53}},"561":{"start":{"line":562,"column":0},"end":{"line":562,"column":45}},"562":{"start":{"line":563,"column":0},"end":{"line":563,"column":5}},"563":{"start":{"line":564,"column":0},"end":{"line":564,"column":3}},"564":{"start":{"line":565,"column":0},"end":{"line":565,"column":1}},"566":{"start":{"line":567,"column":0},"end":{"line":567,"column":55}},"567":{"start":{"line":568,"column":0},"end":{"line":568,"column":42}},"568":{"start":{"line":569,"column":0},"end":{"line":569,"column":5}},"569":{"start":{"line":570,"column":0},"end":{"line":570,"column":90}},"570":{"start":{"line":571,"column":0},"end":{"line":571,"column":92}},"571":{"start":{"line":572,"column":0},"end":{"line":572,"column":6}},"572":{"start":{"line":573,"column":0},"end":{"line":573,"column":6}},"573":{"start":{"line":574,"column":0},"end":{"line":574,"column":69}},"574":{"start":{"line":575,"column":0},"end":{"line":575,"column":9}},"575":{"start":{"line":576,"column":0},"end":{"line":576,"column":68}},"576":{"start":{"line":577,"column":0},"end":{"line":577,"column":52}},"577":{"start":{"line":578,"column":0},"end":{"line":578,"column":41}},"578":{"start":{"line":579,"column":0},"end":{"line":579,"column":19}},"579":{"start":{"line":580,"column":0},"end":{"line":580,"column":19}},"580":{"start":{"line":581,"column":0},"end":{"line":581,"column":106}},"581":{"start":{"line":582,"column":0},"end":{"line":582,"column":7}},"582":{"start":{"line":583,"column":0},"end":{"line":583,"column":15}},"583":{"start":{"line":584,"column":0},"end":{"line":584,"column":5}},"584":{"start":{"line":585,"column":0},"end":{"line":585,"column":4}},"586":{"start":{"line":587,"column":0},"end":{"line":587,"column":67}},"587":{"start":{"line":588,"column":0},"end":{"line":588,"column":9}},"588":{"start":{"line":589,"column":0},"end":{"line":589,"column":59}},"589":{"start":{"line":590,"column":0},"end":{"line":590,"column":40}},"590":{"start":{"line":591,"column":0},"end":{"line":591,"column":19}},"591":{"start":{"line":592,"column":0},"end":{"line":592,"column":19}},"592":{"start":{"line":593,"column":0},"end":{"line":593,"column":100}},"593":{"start":{"line":594,"column":0},"end":{"line":594,"column":7}},"594":{"start":{"line":595,"column":0},"end":{"line":595,"column":15}},"595":{"start":{"line":596,"column":0},"end":{"line":596,"column":5}},"596":{"start":{"line":597,"column":0},"end":{"line":597,"column":4}},"598":{"start":{"line":599,"column":0},"end":{"line":599,"column":82}},"599":{"start":{"line":600,"column":0},"end":{"line":600,"column":9}},"600":{"start":{"line":601,"column":0},"end":{"line":601,"column":59}},"601":{"start":{"line":602,"column":0},"end":{"line":602,"column":57}},"602":{"start":{"line":603,"column":0},"end":{"line":603,"column":48}},"603":{"start":{"line":604,"column":0},"end":{"line":604,"column":19}},"604":{"start":{"line":605,"column":0},"end":{"line":605,"column":19}},"605":{"start":{"line":606,"column":0},"end":{"line":606,"column":100}},"606":{"start":{"line":607,"column":0},"end":{"line":607,"column":7}},"607":{"start":{"line":608,"column":0},"end":{"line":608,"column":15}},"608":{"start":{"line":609,"column":0},"end":{"line":609,"column":5}},"609":{"start":{"line":610,"column":0},"end":{"line":610,"column":4}},"611":{"start":{"line":612,"column":0},"end":{"line":612,"column":68}},"612":{"start":{"line":613,"column":0},"end":{"line":613,"column":9}},"613":{"start":{"line":614,"column":0},"end":{"line":614,"column":59}},"614":{"start":{"line":615,"column":0},"end":{"line":615,"column":52}},"615":{"start":{"line":616,"column":0},"end":{"line":616,"column":54}},"616":{"start":{"line":617,"column":0},"end":{"line":617,"column":22}},"617":{"start":{"line":618,"column":0},"end":{"line":618,"column":19}},"618":{"start":{"line":619,"column":0},"end":{"line":619,"column":93}},"619":{"start":{"line":620,"column":0},"end":{"line":620,"column":15}},"620":{"start":{"line":621,"column":0},"end":{"line":621,"column":5}},"621":{"start":{"line":622,"column":0},"end":{"line":622,"column":4}},"623":{"start":{"line":624,"column":0},"end":{"line":624,"column":69}},"624":{"start":{"line":625,"column":0},"end":{"line":625,"column":9}},"625":{"start":{"line":626,"column":0},"end":{"line":626,"column":59}},"626":{"start":{"line":627,"column":0},"end":{"line":627,"column":73}},"627":{"start":{"line":628,"column":0},"end":{"line":628,"column":33}},"628":{"start":{"line":629,"column":0},"end":{"line":629,"column":19}},"629":{"start":{"line":630,"column":0},"end":{"line":630,"column":19}},"630":{"start":{"line":631,"column":0},"end":{"line":631,"column":89}},"631":{"start":{"line":632,"column":0},"end":{"line":632,"column":7}},"632":{"start":{"line":633,"column":0},"end":{"line":633,"column":15}},"633":{"start":{"line":634,"column":0},"end":{"line":634,"column":5}},"634":{"start":{"line":635,"column":0},"end":{"line":635,"column":4}},"636":{"start":{"line":637,"column":0},"end":{"line":637,"column":68}},"637":{"start":{"line":638,"column":0},"end":{"line":638,"column":9}},"638":{"start":{"line":639,"column":0},"end":{"line":639,"column":59}},"639":{"start":{"line":640,"column":0},"end":{"line":640,"column":73}},"640":{"start":{"line":641,"column":0},"end":{"line":641,"column":47}},"641":{"start":{"line":642,"column":0},"end":{"line":642,"column":20}},"642":{"start":{"line":643,"column":0},"end":{"line":643,"column":19}},"643":{"start":{"line":644,"column":0},"end":{"line":644,"column":98}},"644":{"start":{"line":645,"column":0},"end":{"line":645,"column":15}},"645":{"start":{"line":646,"column":0},"end":{"line":646,"column":5}},"646":{"start":{"line":647,"column":0},"end":{"line":647,"column":4}},"648":{"start":{"line":649,"column":0},"end":{"line":649,"column":68}},"649":{"start":{"line":650,"column":0},"end":{"line":650,"column":9}},"650":{"start":{"line":651,"column":0},"end":{"line":651,"column":59}},"651":{"start":{"line":652,"column":0},"end":{"line":652,"column":52}},"652":{"start":{"line":653,"column":0},"end":{"line":653,"column":52}},"653":{"start":{"line":654,"column":0},"end":{"line":654,"column":24}},"654":{"start":{"line":655,"column":0},"end":{"line":655,"column":19}},"655":{"start":{"line":656,"column":0},"end":{"line":656,"column":93}},"656":{"start":{"line":657,"column":0},"end":{"line":657,"column":15}},"657":{"start":{"line":658,"column":0},"end":{"line":658,"column":5}},"658":{"start":{"line":659,"column":0},"end":{"line":659,"column":4}},"660":{"start":{"line":661,"column":0},"end":{"line":661,"column":78}},"661":{"start":{"line":662,"column":0},"end":{"line":662,"column":9}},"662":{"start":{"line":663,"column":0},"end":{"line":663,"column":44}},"663":{"start":{"line":664,"column":0},"end":{"line":664,"column":78}},"664":{"start":{"line":665,"column":0},"end":{"line":665,"column":41}},"665":{"start":{"line":666,"column":0},"end":{"line":666,"column":7}},"667":{"start":{"line":668,"column":0},"end":{"line":668,"column":33}},"668":{"start":{"line":669,"column":0},"end":{"line":669,"column":42}},"669":{"start":{"line":670,"column":0},"end":{"line":670,"column":7}},"671":{"start":{"line":672,"column":0},"end":{"line":672,"column":59}},"672":{"start":{"line":673,"column":0},"end":{"line":673,"column":52}},"673":{"start":{"line":674,"column":0},"end":{"line":674,"column":88}},"674":{"start":{"line":675,"column":0},"end":{"line":675,"column":58}},"675":{"start":{"line":676,"column":0},"end":{"line":676,"column":18}},"676":{"start":{"line":677,"column":0},"end":{"line":677,"column":19}},"677":{"start":{"line":678,"column":0},"end":{"line":678,"column":93}},"678":{"start":{"line":679,"column":0},"end":{"line":679,"column":22}},"679":{"start":{"line":680,"column":0},"end":{"line":680,"column":92}},"680":{"start":{"line":681,"column":0},"end":{"line":681,"column":7}},"681":{"start":{"line":682,"column":0},"end":{"line":682,"column":5}},"682":{"start":{"line":683,"column":0},"end":{"line":683,"column":4}},"684":{"start":{"line":685,"column":0},"end":{"line":685,"column":70}},"685":{"start":{"line":686,"column":0},"end":{"line":686,"column":9}},"686":{"start":{"line":687,"column":0},"end":{"line":687,"column":59}},"687":{"start":{"line":688,"column":0},"end":{"line":688,"column":52}},"688":{"start":{"line":689,"column":0},"end":{"line":689,"column":50}},"689":{"start":{"line":690,"column":0},"end":{"line":690,"column":20}},"690":{"start":{"line":691,"column":0},"end":{"line":691,"column":19}},"691":{"start":{"line":692,"column":0},"end":{"line":692,"column":97}},"692":{"start":{"line":693,"column":0},"end":{"line":693,"column":15}},"693":{"start":{"line":694,"column":0},"end":{"line":694,"column":5}},"694":{"start":{"line":695,"column":0},"end":{"line":695,"column":4}},"696":{"start":{"line":697,"column":0},"end":{"line":697,"column":110}},"697":{"start":{"line":698,"column":0},"end":{"line":698,"column":9}},"698":{"start":{"line":699,"column":0},"end":{"line":699,"column":76}},"699":{"start":{"line":700,"column":0},"end":{"line":700,"column":109}},"700":{"start":{"line":701,"column":0},"end":{"line":701,"column":7}},"701":{"start":{"line":702,"column":0},"end":{"line":702,"column":108}},"702":{"start":{"line":703,"column":0},"end":{"line":703,"column":19}},"703":{"start":{"line":704,"column":0},"end":{"line":704,"column":19}},"704":{"start":{"line":705,"column":0},"end":{"line":705,"column":74}},"705":{"start":{"line":706,"column":0},"end":{"line":706,"column":15}},"706":{"start":{"line":707,"column":0},"end":{"line":707,"column":5}},"707":{"start":{"line":708,"column":0},"end":{"line":708,"column":4}},"709":{"start":{"line":710,"column":0},"end":{"line":710,"column":58}},"710":{"start":{"line":711,"column":0},"end":{"line":711,"column":9}},"711":{"start":{"line":712,"column":0},"end":{"line":712,"column":22}},"712":{"start":{"line":713,"column":0},"end":{"line":713,"column":63}},"713":{"start":{"line":714,"column":0},"end":{"line":714,"column":7}},"714":{"start":{"line":715,"column":0},"end":{"line":715,"column":36}},"715":{"start":{"line":716,"column":0},"end":{"line":716,"column":30}},"716":{"start":{"line":717,"column":0},"end":{"line":717,"column":19}},"717":{"start":{"line":718,"column":0},"end":{"line":718,"column":80}},"718":{"start":{"line":719,"column":0},"end":{"line":719,"column":15}},"719":{"start":{"line":720,"column":0},"end":{"line":720,"column":5}},"720":{"start":{"line":721,"column":0},"end":{"line":721,"column":4}},"722":{"start":{"line":723,"column":0},"end":{"line":723,"column":48}},"723":{"start":{"line":724,"column":0},"end":{"line":724,"column":9}},"724":{"start":{"line":725,"column":0},"end":{"line":725,"column":34}},"725":{"start":{"line":726,"column":0},"end":{"line":726,"column":19}},"726":{"start":{"line":727,"column":0},"end":{"line":727,"column":79}},"727":{"start":{"line":728,"column":0},"end":{"line":728,"column":15}},"728":{"start":{"line":729,"column":0},"end":{"line":729,"column":5}},"729":{"start":{"line":730,"column":0},"end":{"line":730,"column":4}},"731":{"start":{"line":732,"column":0},"end":{"line":732,"column":67}},"732":{"start":{"line":733,"column":0},"end":{"line":733,"column":9}},"733":{"start":{"line":734,"column":0},"end":{"line":734,"column":85}},"734":{"start":{"line":735,"column":0},"end":{"line":735,"column":84}},"736":{"start":{"line":737,"column":0},"end":{"line":737,"column":21}},"737":{"start":{"line":738,"column":0},"end":{"line":738,"column":62}},"738":{"start":{"line":739,"column":0},"end":{"line":739,"column":7}},"740":{"start":{"line":741,"column":0},"end":{"line":741,"column":46}},"741":{"start":{"line":742,"column":0},"end":{"line":742,"column":67}},"743":{"start":{"line":744,"column":0},"end":{"line":744,"column":11}},"744":{"start":{"line":745,"column":0},"end":{"line":745,"column":47}},"745":{"start":{"line":746,"column":0},"end":{"line":746,"column":24}},"746":{"start":{"line":747,"column":0},"end":{"line":747,"column":36}},"747":{"start":{"line":748,"column":0},"end":{"line":748,"column":10}},"749":{"start":{"line":750,"column":0},"end":{"line":750,"column":16}},"750":{"start":{"line":751,"column":0},"end":{"line":751,"column":23}},"751":{"start":{"line":752,"column":0},"end":{"line":752,"column":18}},"752":{"start":{"line":753,"column":0},"end":{"line":753,"column":34}},"753":{"start":{"line":754,"column":0},"end":{"line":754,"column":22}},"754":{"start":{"line":755,"column":0},"end":{"line":755,"column":9}},"755":{"start":{"line":756,"column":0},"end":{"line":756,"column":17}},"756":{"start":{"line":757,"column":0},"end":{"line":757,"column":27}},"757":{"start":{"line":758,"column":0},"end":{"line":758,"column":7}},"758":{"start":{"line":759,"column":0},"end":{"line":759,"column":19}},"759":{"start":{"line":760,"column":0},"end":{"line":760,"column":14}},"760":{"start":{"line":761,"column":0},"end":{"line":761,"column":22}},"761":{"start":{"line":762,"column":0},"end":{"line":762,"column":41}},"762":{"start":{"line":763,"column":0},"end":{"line":763,"column":18}},"763":{"start":{"line":764,"column":0},"end":{"line":764,"column":27}},"764":{"start":{"line":765,"column":0},"end":{"line":765,"column":7}},"765":{"start":{"line":766,"column":0},"end":{"line":766,"column":5}},"766":{"start":{"line":767,"column":0},"end":{"line":767,"column":4}},"768":{"start":{"line":769,"column":0},"end":{"line":769,"column":73}},"769":{"start":{"line":770,"column":0},"end":{"line":770,"column":9}},"770":{"start":{"line":771,"column":0},"end":{"line":771,"column":106}},"771":{"start":{"line":772,"column":0},"end":{"line":772,"column":61}},"772":{"start":{"line":773,"column":0},"end":{"line":773,"column":97}},"773":{"start":{"line":774,"column":0},"end":{"line":774,"column":7}},"775":{"start":{"line":776,"column":0},"end":{"line":776,"column":26}},"776":{"start":{"line":777,"column":0},"end":{"line":777,"column":91}},"777":{"start":{"line":778,"column":0},"end":{"line":778,"column":102}},"779":{"start":{"line":780,"column":0},"end":{"line":780,"column":91}},"780":{"start":{"line":781,"column":0},"end":{"line":781,"column":50}},"781":{"start":{"line":782,"column":0},"end":{"line":782,"column":25}},"782":{"start":{"line":783,"column":0},"end":{"line":783,"column":21}},"783":{"start":{"line":784,"column":0},"end":{"line":784,"column":19}},"784":{"start":{"line":785,"column":0},"end":{"line":785,"column":18}},"785":{"start":{"line":786,"column":0},"end":{"line":786,"column":8}},"787":{"start":{"line":788,"column":0},"end":{"line":788,"column":60}},"788":{"start":{"line":789,"column":0},"end":{"line":789,"column":56}},"790":{"start":{"line":791,"column":0},"end":{"line":791,"column":49}},"791":{"start":{"line":792,"column":0},"end":{"line":792,"column":123}},"792":{"start":{"line":793,"column":0},"end":{"line":793,"column":7}},"794":{"start":{"line":795,"column":0},"end":{"line":795,"column":51}},"795":{"start":{"line":796,"column":0},"end":{"line":796,"column":40}},"796":{"start":{"line":797,"column":0},"end":{"line":797,"column":26}},"797":{"start":{"line":798,"column":0},"end":{"line":798,"column":124}},"798":{"start":{"line":799,"column":0},"end":{"line":799,"column":11}},"799":{"start":{"line":800,"column":0},"end":{"line":800,"column":9}},"800":{"start":{"line":801,"column":0},"end":{"line":801,"column":8}},"802":{"start":{"line":803,"column":0},"end":{"line":803,"column":59}},"803":{"start":{"line":804,"column":0},"end":{"line":804,"column":32}},"804":{"start":{"line":805,"column":0},"end":{"line":805,"column":115}},"805":{"start":{"line":806,"column":0},"end":{"line":806,"column":48}},"806":{"start":{"line":807,"column":0},"end":{"line":807,"column":65}},"807":{"start":{"line":808,"column":0},"end":{"line":808,"column":63}},"808":{"start":{"line":809,"column":0},"end":{"line":809,"column":64}},"809":{"start":{"line":810,"column":0},"end":{"line":810,"column":75}},"810":{"start":{"line":811,"column":0},"end":{"line":811,"column":36}},"812":{"start":{"line":813,"column":0},"end":{"line":813,"column":29}},"813":{"start":{"line":814,"column":0},"end":{"line":814,"column":75}},"814":{"start":{"line":815,"column":0},"end":{"line":815,"column":73}},"816":{"start":{"line":817,"column":0},"end":{"line":817,"column":43}},"817":{"start":{"line":818,"column":0},"end":{"line":818,"column":53}},"818":{"start":{"line":819,"column":0},"end":{"line":819,"column":61}},"819":{"start":{"line":820,"column":0},"end":{"line":820,"column":7}},"821":{"start":{"line":822,"column":0},"end":{"line":822,"column":71}},"822":{"start":{"line":823,"column":0},"end":{"line":823,"column":83}},"823":{"start":{"line":824,"column":0},"end":{"line":824,"column":107}},"824":{"start":{"line":825,"column":0},"end":{"line":825,"column":56}},"825":{"start":{"line":826,"column":0},"end":{"line":826,"column":40}},"827":{"start":{"line":828,"column":0},"end":{"line":828,"column":31}},"828":{"start":{"line":829,"column":0},"end":{"line":829,"column":23}},"829":{"start":{"line":830,"column":0},"end":{"line":830,"column":65}},"830":{"start":{"line":831,"column":0},"end":{"line":831,"column":80}},"831":{"start":{"line":832,"column":0},"end":{"line":832,"column":53}},"832":{"start":{"line":833,"column":0},"end":{"line":833,"column":7}},"833":{"start":{"line":834,"column":0},"end":{"line":834,"column":33}},"834":{"start":{"line":835,"column":0},"end":{"line":835,"column":86}},"835":{"start":{"line":836,"column":0},"end":{"line":836,"column":47}},"836":{"start":{"line":837,"column":0},"end":{"line":837,"column":23}},"837":{"start":{"line":838,"column":0},"end":{"line":838,"column":19}},"838":{"start":{"line":839,"column":0},"end":{"line":839,"column":8}},"840":{"start":{"line":841,"column":0},"end":{"line":841,"column":48}},"841":{"start":{"line":842,"column":0},"end":{"line":842,"column":25}},"842":{"start":{"line":843,"column":0},"end":{"line":843,"column":92}},"843":{"start":{"line":844,"column":0},"end":{"line":844,"column":7}},"845":{"start":{"line":846,"column":0},"end":{"line":846,"column":14}},"846":{"start":{"line":847,"column":0},"end":{"line":847,"column":16}},"847":{"start":{"line":848,"column":0},"end":{"line":848,"column":38}},"848":{"start":{"line":849,"column":0},"end":{"line":849,"column":33}},"849":{"start":{"line":850,"column":0},"end":{"line":850,"column":46}},"850":{"start":{"line":851,"column":0},"end":{"line":851,"column":7}},"851":{"start":{"line":852,"column":0},"end":{"line":852,"column":19}},"852":{"start":{"line":853,"column":0},"end":{"line":853,"column":96}},"853":{"start":{"line":854,"column":0},"end":{"line":854,"column":15}},"854":{"start":{"line":855,"column":0},"end":{"line":855,"column":5}},"855":{"start":{"line":856,"column":0},"end":{"line":856,"column":4}},"857":{"start":{"line":858,"column":0},"end":{"line":858,"column":72}},"858":{"start":{"line":859,"column":0},"end":{"line":859,"column":9}},"859":{"start":{"line":860,"column":0},"end":{"line":860,"column":13}},"860":{"start":{"line":861,"column":0},"end":{"line":861,"column":23}},"861":{"start":{"line":862,"column":0},"end":{"line":862,"column":30}},"862":{"start":{"line":863,"column":0},"end":{"line":863,"column":18}},"863":{"start":{"line":864,"column":0},"end":{"line":864,"column":19}},"864":{"start":{"line":865,"column":0},"end":{"line":865,"column":17}},"865":{"start":{"line":866,"column":0},"end":{"line":866,"column":18}},"866":{"start":{"line":867,"column":0},"end":{"line":867,"column":23}},"867":{"start":{"line":868,"column":0},"end":{"line":868,"column":68}},"868":{"start":{"line":869,"column":0},"end":{"line":869,"column":104}},"869":{"start":{"line":870,"column":0},"end":{"line":870,"column":7}},"871":{"start":{"line":872,"column":0},"end":{"line":872,"column":106}},"872":{"start":{"line":873,"column":0},"end":{"line":873,"column":32}},"873":{"start":{"line":874,"column":0},"end":{"line":874,"column":49}},"874":{"start":{"line":875,"column":0},"end":{"line":875,"column":45}},"875":{"start":{"line":876,"column":0},"end":{"line":876,"column":33}},"877":{"start":{"line":878,"column":0},"end":{"line":878,"column":64}},"878":{"start":{"line":879,"column":0},"end":{"line":879,"column":20}},"879":{"start":{"line":880,"column":0},"end":{"line":880,"column":27}},"880":{"start":{"line":881,"column":0},"end":{"line":881,"column":8}},"882":{"start":{"line":883,"column":0},"end":{"line":883,"column":56}},"883":{"start":{"line":884,"column":0},"end":{"line":884,"column":70}},"885":{"start":{"line":886,"column":0},"end":{"line":886,"column":47}},"886":{"start":{"line":887,"column":0},"end":{"line":887,"column":40}},"887":{"start":{"line":888,"column":0},"end":{"line":888,"column":26}},"888":{"start":{"line":889,"column":0},"end":{"line":889,"column":121}},"889":{"start":{"line":890,"column":0},"end":{"line":890,"column":11}},"890":{"start":{"line":891,"column":0},"end":{"line":891,"column":9}},"891":{"start":{"line":892,"column":0},"end":{"line":892,"column":8}},"893":{"start":{"line":894,"column":0},"end":{"line":894,"column":57}},"894":{"start":{"line":895,"column":0},"end":{"line":895,"column":46}},"895":{"start":{"line":896,"column":0},"end":{"line":896,"column":26}},"896":{"start":{"line":897,"column":0},"end":{"line":897,"column":133}},"897":{"start":{"line":898,"column":0},"end":{"line":898,"column":11}},"898":{"start":{"line":899,"column":0},"end":{"line":899,"column":9}},"899":{"start":{"line":900,"column":0},"end":{"line":900,"column":8}},"901":{"start":{"line":902,"column":0},"end":{"line":902,"column":59}},"902":{"start":{"line":903,"column":0},"end":{"line":903,"column":40}},"903":{"start":{"line":904,"column":0},"end":{"line":904,"column":57}},"904":{"start":{"line":905,"column":0},"end":{"line":905,"column":63}},"905":{"start":{"line":906,"column":0},"end":{"line":906,"column":64}},"906":{"start":{"line":907,"column":0},"end":{"line":907,"column":91}},"907":{"start":{"line":908,"column":0},"end":{"line":908,"column":36}},"909":{"start":{"line":910,"column":0},"end":{"line":910,"column":29}},"910":{"start":{"line":911,"column":0},"end":{"line":911,"column":69}},"911":{"start":{"line":912,"column":0},"end":{"line":912,"column":88}},"913":{"start":{"line":914,"column":0},"end":{"line":914,"column":51}},"914":{"start":{"line":915,"column":0},"end":{"line":915,"column":61}},"915":{"start":{"line":916,"column":0},"end":{"line":916,"column":69}},"916":{"start":{"line":917,"column":0},"end":{"line":917,"column":7}},"918":{"start":{"line":919,"column":0},"end":{"line":919,"column":71}},"919":{"start":{"line":920,"column":0},"end":{"line":920,"column":83}},"920":{"start":{"line":921,"column":0},"end":{"line":921,"column":105}},"921":{"start":{"line":922,"column":0},"end":{"line":922,"column":56}},"922":{"start":{"line":923,"column":0},"end":{"line":923,"column":40}},"924":{"start":{"line":925,"column":0},"end":{"line":925,"column":31}},"925":{"start":{"line":926,"column":0},"end":{"line":926,"column":23}},"926":{"start":{"line":927,"column":0},"end":{"line":927,"column":65}},"927":{"start":{"line":928,"column":0},"end":{"line":928,"column":80}},"928":{"start":{"line":929,"column":0},"end":{"line":929,"column":51}},"929":{"start":{"line":930,"column":0},"end":{"line":930,"column":7}},"930":{"start":{"line":931,"column":0},"end":{"line":931,"column":33}},"931":{"start":{"line":932,"column":0},"end":{"line":932,"column":86}},"932":{"start":{"line":933,"column":0},"end":{"line":933,"column":47}},"933":{"start":{"line":934,"column":0},"end":{"line":934,"column":23}},"934":{"start":{"line":935,"column":0},"end":{"line":935,"column":19}},"935":{"start":{"line":936,"column":0},"end":{"line":936,"column":8}},"937":{"start":{"line":938,"column":0},"end":{"line":938,"column":48}},"938":{"start":{"line":939,"column":0},"end":{"line":939,"column":25}},"939":{"start":{"line":940,"column":0},"end":{"line":940,"column":102}},"940":{"start":{"line":941,"column":0},"end":{"line":941,"column":7}},"942":{"start":{"line":943,"column":0},"end":{"line":943,"column":14}},"943":{"start":{"line":944,"column":0},"end":{"line":944,"column":16}},"944":{"start":{"line":945,"column":0},"end":{"line":945,"column":38}},"945":{"start":{"line":946,"column":0},"end":{"line":946,"column":33}},"946":{"start":{"line":947,"column":0},"end":{"line":947,"column":52}},"947":{"start":{"line":948,"column":0},"end":{"line":948,"column":7}},"948":{"start":{"line":949,"column":0},"end":{"line":949,"column":19}},"949":{"start":{"line":950,"column":0},"end":{"line":950,"column":95}},"950":{"start":{"line":951,"column":0},"end":{"line":951,"column":15}},"951":{"start":{"line":952,"column":0},"end":{"line":952,"column":5}},"952":{"start":{"line":953,"column":0},"end":{"line":953,"column":4}},"953":{"start":{"line":954,"column":0},"end":{"line":954,"column":1}}},"s":{"0":1,"3":1,"4":1,"6":1,"23":1,"24":1,"26":1,"27":1,"28":1,"29":1,"30":1,"31":1,"32":1,"33":1,"34":1,"35":1,"36":1,"37":1,"38":1,"39":1,"40":1,"41":1,"42":1,"43":1,"44":1,"45":1,"46":1,"47":1,"48":1,"49":1,"50":1,"51":1,"52":1,"53":1,"54":1,"55":1,"56":1,"57":1,"58":1,"59":1,"60":1,"61":1,"62":1,"63":1,"64":1,"65":1,"66":1,"67":1,"68":1,"69":1,"70":1,"71":1,"72":1,"73":1,"74":1,"75":1,"76":1,"77":1,"78":1,"79":1,"80":1,"81":1,"82":1,"83":1,"84":1,"85":1,"86":1,"87":1,"88":1,"89":1,"90":1,"91":1,"92":1,"93":1,"94":1,"95":1,"96":1,"97":1,"98":1,"99":1,"100":1,"101":1,"102":1,"103":1,"104":1,"106":1,"107":1,"108":1,"109":1,"110":1,"111":1,"112":1,"113":1,"114":1,"115":1,"116":1,"117":1,"118":1,"119":1,"120":1,"121":1,"122":1,"123":1,"124":1,"125":1,"126":1,"127":1,"128":1,"129":1,"130":1,"131":1,"132":1,"133":1,"134":1,"135":1,"136":1,"137":1,"138":1,"139":1,"140":1,"141":1,"142":1,"143":1,"144":1,"145":1,"146":1,"147":1,"149":1,"150":1,"151":1,"152":1,"153":1,"154":1,"155":1,"156":1,"157":1,"158":1,"159":1,"160":1,"161":1,"162":1,"163":1,"164":1,"165":1,"166":1,"167":1,"168":1,"169":1,"170":1,"171":1,"172":1,"173":1,"174":1,"175":1,"176":1,"177":1,"178":1,"179":1,"180":1,"181":1,"182":1,"183":1,"184":1,"185":1,"186":1,"187":1,"188":1,"189":1,"190":1,"191":1,"192":1,"193":1,"194":1,"195":1,"196":1,"197":1,"198":1,"199":1,"200":1,"202":1,"203":1,"204":1,"206":1,"207":16,"208":16,"209":16,"211":1,"212":112,"214":1,"216":1,"217":5,"218":5,"219":5,"220":5,"222":1,"223":5,"224":5,"225":5,"226":5,"227":5,"229":1,"230":8,"231":8,"232":0,"233":0,"234":8,"235":8,"237":1,"238":6,"239":6,"240":6,"241":0,"242":0,"244":1,"245":3,"246":3,"247":1,"248":1,"250":2,"251":3,"252":3,"253":3,"254":3,"255":3,"256":3,"257":3,"258":3,"259":3,"260":3,"261":3,"263":1,"264":6,"265":6,"266":6,"268":1,"269":6,"270":6,"271":6,"272":6,"273":0,"274":6,"275":6,"277":1,"278":3,"279":3,"280":3,"281":3,"283":1,"284":3,"285":3,"286":1,"287":1,"289":3,"290":3,"291":0,"292":0,"294":3,"295":3,"296":3,"297":3,"299":1,"300":6,"301":6,"302":6,"303":2,"304":2,"306":6,"307":6,"308":4,"309":4,"311":6,"312":6,"313":0,"314":0,"316":6,"317":0,"318":0,"319":0,"320":0,"322":0,"323":0,"325":1,"326":3,"327":3,"328":1,"329":1,"330":3,"331":1,"332":1,"333":1,"334":1,"336":1,"337":3,"338":3,"339":3,"340":3,"342":3,"344":3,"345":3,"346":3,"347":3,"348":3,"349":3,"351":3,"352":3,"353":3,"354":3,"355":3,"356":3,"357":3,"358":3,"359":3,"361":3,"362":15,"363":9,"364":9,"365":15,"367":3,"368":3,"369":3,"370":3,"371":3,"372":3,"373":3,"375":3,"376":3,"377":3,"378":3,"380":3,"381":3,"382":3,"383":3,"385":3,"386":3,"387":0,"388":0,"390":3,"391":3,"392":3,"393":3,"394":3,"395":3,"396":3,"398":3,"399":0,"400":0,"401":0,"402":0,"403":0,"404":0,"405":0,"406":0,"408":3,"409":3,"410":1,"411":3,"412":3,"413":3,"414":1,"415":1,"417":3,"418":3,"420":3,"421":3,"422":3,"423":3,"424":3,"425":3,"427":1,"428":3,"429":3,"430":3,"431":3,"433":3,"434":3,"436":3,"438":3,"439":3,"440":3,"441":1,"442":1,"444":2,"445":2,"446":2,"447":2,"448":3,"449":3,"450":3,"451":3,"452":3,"453":3,"454":3,"455":3,"456":3,"457":3,"458":3,"459":3,"461":3,"462":3,"463":2,"464":3,"465":0,"466":0,"468":2,"470":3,"471":3,"472":0,"473":0,"475":3,"476":3,"477":0,"478":0,"480":2,"481":3,"483":3,"484":3,"486":1,"487":2,"488":2,"490":2,"491":2,"492":2,"493":0,"494":0,"496":2,"497":2,"498":2,"499":2,"500":2,"501":2,"502":2,"503":2,"504":2,"505":2,"506":2,"507":2,"508":2,"509":2,"510":2,"511":2,"512":2,"513":2,"515":2,"516":2,"517":0,"518":0,"520":2,"521":2,"522":0,"523":0,"525":2,"526":2,"527":0,"528":0,"530":2,"531":1,"532":1,"533":1,"534":1,"536":2,"537":2,"538":0,"539":0,"540":0,"541":0,"542":0,"543":0,"545":2,"546":2,"547":2,"549":1,"550":0,"552":1,"553":0,"554":0,"555":0,"556":0,"557":0,"558":0,"559":0,"560":0,"561":0,"562":0,"563":0,"564":0,"566":1,"567":1,"568":40,"569":40,"570":40,"571":40,"572":40,"573":40,"574":5,"575":5,"576":5,"577":5,"578":5,"579":2,"580":2,"581":2,"582":2,"583":2,"584":40,"586":40,"587":3,"588":3,"589":3,"590":3,"591":1,"592":1,"593":1,"594":1,"595":1,"596":40,"598":40,"599":4,"600":4,"601":4,"602":4,"603":4,"604":1,"605":1,"606":1,"607":1,"608":1,"609":40,"611":40,"612":4,"613":4,"614":4,"615":4,"616":3,"617":4,"618":1,"619":1,"620":1,"621":40,"623":40,"624":3,"625":3,"626":3,"627":3,"628":3,"629":1,"630":1,"631":1,"632":1,"633":1,"634":40,"636":40,"637":2,"638":2,"639":2,"640":2,"641":1,"642":1,"643":1,"644":1,"645":1,"646":40,"648":40,"649":2,"650":2,"651":2,"652":2,"653":1,"654":1,"655":1,"656":1,"657":1,"658":40,"660":40,"661":5,"662":5,"663":5,"664":2,"665":2,"667":5,"668":1,"669":1,"671":5,"672":5,"673":5,"674":5,"675":2,"676":5,"677":3,"678":3,"679":3,"680":3,"681":3,"682":40,"684":40,"685":2,"686":2,"687":2,"688":2,"689":1,"690":1,"691":1,"692":1,"693":1,"694":40,"696":40,"697":5,"698":5,"699":3,"700":3,"701":2,"702":2,"703":5,"704":3,"705":3,"706":3,"707":40,"709":40,"710":0,"711":0,"712":0,"713":0,"714":0,"715":0,"716":0,"717":0,"718":0,"719":0,"720":40,"722":40,"723":0,"724":0,"725":0,"726":0,"727":0,"728":0,"729":40,"731":40,"732":0,"733":0,"734":0,"736":0,"737":0,"738":0,"740":0,"741":0,"743":0,"744":0,"745":0,"746":0,"747":0,"749":0,"750":0,"751":0,"752":0,"753":0,"754":0,"755":0,"756":0,"757":0,"758":0,"759":0,"760":0,"761":0,"762":0,"763":0,"764":0,"765":0,"766":40,"768":40,"769":3,"770":3,"771":3,"772":0,"773":0,"775":3,"776":3,"777":3,"779":3,"780":3,"781":3,"782":3,"783":3,"784":3,"785":3,"787":3,"788":3,"790":3,"791":0,"792":0,"794":3,"795":2,"796":0,"797":0,"798":0,"799":0,"800":3,"802":3,"803":3,"804":3,"805":3,"806":3,"807":3,"808":3,"809":3,"810":3,"812":3,"813":3,"814":3,"816":3,"817":0,"818":0,"819":0,"821":3,"822":3,"823":3,"824":3,"825":3,"827":3,"828":3,"829":3,"830":3,"831":3,"832":3,"833":3,"834":3,"835":3,"836":3,"837":3,"838":3,"840":3,"841":3,"842":1,"843":1,"845":2,"846":2,"847":2,"848":2,"849":2,"850":2,"851":3,"852":1,"853":1,"854":1,"855":40,"857":40,"858":2,"859":2,"860":2,"861":2,"862":2,"863":2,"864":2,"865":2,"866":2,"867":2,"868":0,"869":0,"871":2,"872":2,"873":2,"874":2,"875":2,"877":2,"878":2,"879":2,"880":2,"882":2,"883":2,"885":2,"886":2,"887":0,"888":0,"889":0,"890":0,"891":2,"893":2,"894":2,"895":0,"896":0,"897":0,"898":0,"899":2,"901":2,"902":2,"903":2,"904":2,"905":2,"906":2,"907":2,"909":2,"910":2,"911":2,"913":2,"914":0,"915":0,"916":0,"918":2,"919":2,"920":2,"921":2,"922":2,"924":2,"925":2,"926":2,"927":2,"928":2,"929":2,"930":2,"931":2,"932":2,"933":2,"934":2,"935":2,"937":2,"938":2,"939":1,"940":1,"942":1,"943":1,"944":1,"945":1,"946":1,"947":1,"948":1,"949":1,"950":1,"951":1,"952":40,"953":40},"branchMap":{"0":{"type":"branch","line":207,"loc":{"start":{"line":207,"column":27},"end":{"line":210,"column":30}},"locations":[{"start":{"line":207,"column":27},"end":{"line":210,"column":30}}]},"1":{"type":"branch","line":212,"loc":{"start":{"line":212,"column":19},"end":{"line":213,"column":80}},"locations":[{"start":{"line":212,"column":19},"end":{"line":213,"column":80}}]},"2":{"type":"branch","line":213,"loc":{"start":{"line":213,"column":28},"end":{"line":213,"column":54}},"locations":[{"start":{"line":213,"column":28},"end":{"line":213,"column":54}}]},"3":{"type":"branch","line":213,"loc":{"start":{"line":213,"column":55},"end":{"line":213,"column":69}},"locations":[{"start":{"line":213,"column":55},"end":{"line":213,"column":69}}]},"4":{"type":"branch","line":213,"loc":{"start":{"line":213,"column":70},"end":{"line":213,"column":80}},"locations":[{"start":{"line":213,"column":70},"end":{"line":213,"column":80}}]},"5":{"type":"branch","line":215,"loc":{"start":{"line":215,"column":29},"end":{"line":215,"column":90}},"locations":[{"start":{"line":215,"column":29},"end":{"line":215,"column":90}}]},"6":{"type":"branch","line":217,"loc":{"start":{"line":217,"column":33},"end":{"line":221,"column":1}},"locations":[{"start":{"line":217,"column":33},"end":{"line":221,"column":1}}]},"7":{"type":"branch","line":218,"loc":{"start":{"line":218,"column":64},"end":{"line":218,"column":69}},"locations":[{"start":{"line":218,"column":64},"end":{"line":218,"column":69}}]},"8":{"type":"branch","line":223,"loc":{"start":{"line":223,"column":22},"end":{"line":228,"column":1}},"locations":[{"start":{"line":223,"column":22},"end":{"line":228,"column":1}}]},"9":{"type":"branch","line":230,"loc":{"start":{"line":230,"column":19},"end":{"line":236,"column":1}},"locations":[{"start":{"line":230,"column":19},"end":{"line":236,"column":1}}]},"10":{"type":"branch","line":232,"loc":{"start":{"line":232,"column":38},"end":{"line":234,"column":3}},"locations":[{"start":{"line":232,"column":38},"end":{"line":234,"column":3}}]},"11":{"type":"branch","line":238,"loc":{"start":{"line":238,"column":28},"end":{"line":243,"column":1}},"locations":[{"start":{"line":238,"column":28},"end":{"line":243,"column":1}}]},"12":{"type":"branch","line":239,"loc":{"start":{"line":239,"column":28},"end":{"line":239,"column":56}},"locations":[{"start":{"line":239,"column":28},"end":{"line":239,"column":56}}]},"13":{"type":"branch","line":239,"loc":{"start":{"line":239,"column":57},"end":{"line":239,"column":86}},"locations":[{"start":{"line":239,"column":57},"end":{"line":239,"column":86}}]},"14":{"type":"branch","line":241,"loc":{"start":{"line":241,"column":2},"end":{"line":243,"column":1}},"locations":[{"start":{"line":241,"column":2},"end":{"line":243,"column":1}}]},"15":{"type":"branch","line":245,"loc":{"start":{"line":245,"column":28},"end":{"line":262,"column":1}},"locations":[{"start":{"line":245,"column":28},"end":{"line":262,"column":1}}]},"16":{"type":"branch","line":247,"loc":{"start":{"line":247,"column":47},"end":{"line":249,"column":3}},"locations":[{"start":{"line":247,"column":47},"end":{"line":249,"column":3}}]},"17":{"type":"branch","line":249,"loc":{"start":{"line":249,"column":2},"end":{"line":252,"column":49}},"locations":[{"start":{"line":249,"column":2},"end":{"line":252,"column":49}}]},"18":{"type":"branch","line":252,"loc":{"start":{"line":252,"column":50},"end":{"line":252,"column":77}},"locations":[{"start":{"line":252,"column":50},"end":{"line":252,"column":77}}]},"19":{"type":"branch","line":252,"loc":{"start":{"line":252,"column":78},"end":{"line":252,"column":103}},"locations":[{"start":{"line":252,"column":78},"end":{"line":252,"column":103}}]},"20":{"type":"branch","line":255,"loc":{"start":{"line":255,"column":38},"end":{"line":255,"column":49}},"locations":[{"start":{"line":255,"column":38},"end":{"line":255,"column":49}}]},"21":{"type":"branch","line":256,"loc":{"start":{"line":256,"column":33},"end":{"line":256,"column":45}},"locations":[{"start":{"line":256,"column":33},"end":{"line":256,"column":45}}]},"22":{"type":"branch","line":256,"loc":{"start":{"line":256,"column":46},"end":{"line":256,"column":79}},"locations":[{"start":{"line":256,"column":46},"end":{"line":256,"column":79}}]},"23":{"type":"branch","line":256,"loc":{"start":{"line":256,"column":80},"end":{"line":256,"column":87}},"locations":[{"start":{"line":256,"column":80},"end":{"line":256,"column":87}}]},"24":{"type":"branch","line":260,"loc":{"start":{"line":260,"column":30},"end":{"line":260,"column":37}},"locations":[{"start":{"line":260,"column":30},"end":{"line":260,"column":37}}]},"25":{"type":"branch","line":264,"loc":{"start":{"line":264,"column":27},"end":{"line":267,"column":1}},"locations":[{"start":{"line":264,"column":27},"end":{"line":267,"column":1}}]},"26":{"type":"branch","line":269,"loc":{"start":{"line":269,"column":24},"end":{"line":276,"column":1}},"locations":[{"start":{"line":269,"column":24},"end":{"line":276,"column":1}}]},"27":{"type":"branch","line":271,"loc":{"start":{"line":271,"column":44},"end":{"line":272,"column":36}},"locations":[{"start":{"line":271,"column":44},"end":{"line":272,"column":36}}]},"28":{"type":"branch","line":272,"loc":{"start":{"line":272,"column":37},"end":{"line":273,"column":25}},"locations":[{"start":{"line":272,"column":37},"end":{"line":273,"column":25}}]},"29":{"type":"branch","line":273,"loc":{"start":{"line":273,"column":26},"end":{"line":274,"column":17}},"locations":[{"start":{"line":273,"column":26},"end":{"line":274,"column":17}}]},"30":{"type":"branch","line":278,"loc":{"start":{"line":278,"column":25},"end":{"line":282,"column":1}},"locations":[{"start":{"line":278,"column":25},"end":{"line":282,"column":1}}]},"31":{"type":"branch","line":284,"loc":{"start":{"line":284,"column":22},"end":{"line":298,"column":1}},"locations":[{"start":{"line":284,"column":22},"end":{"line":298,"column":1}}]},"32":{"type":"branch","line":286,"loc":{"start":{"line":286,"column":20},"end":{"line":288,"column":3}},"locations":[{"start":{"line":286,"column":20},"end":{"line":288,"column":3}}]},"33":{"type":"branch","line":288,"loc":{"start":{"line":288,"column":2},"end":{"line":290,"column":43}},"locations":[{"start":{"line":288,"column":2},"end":{"line":290,"column":43}}]},"34":{"type":"branch","line":291,"loc":{"start":{"line":291,"column":41},"end":{"line":293,"column":3}},"locations":[{"start":{"line":291,"column":41},"end":{"line":293,"column":3}}]},"35":{"type":"branch","line":293,"loc":{"start":{"line":293,"column":2},"end":{"line":295,"column":45}},"locations":[{"start":{"line":293,"column":2},"end":{"line":295,"column":45}}]},"36":{"type":"branch","line":295,"loc":{"start":{"line":295,"column":46},"end":{"line":295,"column":58}},"locations":[{"start":{"line":295,"column":46},"end":{"line":295,"column":58}}]},"37":{"type":"branch","line":296,"loc":{"start":{"line":296,"column":31},"end":{"line":296,"column":51}},"locations":[{"start":{"line":296,"column":31},"end":{"line":296,"column":51}}]},"38":{"type":"branch","line":300,"loc":{"start":{"line":300,"column":27},"end":{"line":324,"column":1}},"locations":[{"start":{"line":300,"column":27},"end":{"line":324,"column":1}}]},"39":{"type":"branch","line":302,"loc":{"start":{"line":302,"column":25},"end":{"line":302,"column":47}},"locations":[{"start":{"line":302,"column":25},"end":{"line":302,"column":47}}]},"40":{"type":"branch","line":302,"loc":{"start":{"line":302,"column":48},"end":{"line":302,"column":54}},"locations":[{"start":{"line":302,"column":48},"end":{"line":302,"column":54}}]},"41":{"type":"branch","line":303,"loc":{"start":{"line":303,"column":14},"end":{"line":305,"column":3}},"locations":[{"start":{"line":303,"column":14},"end":{"line":305,"column":3}}]},"42":{"type":"branch","line":305,"loc":{"start":{"line":305,"column":2},"end":{"line":307,"column":48}},"locations":[{"start":{"line":305,"column":2},"end":{"line":307,"column":48}}]},"43":{"type":"branch","line":307,"loc":{"start":{"line":307,"column":49},"end":{"line":307,"column":74}},"locations":[{"start":{"line":307,"column":49},"end":{"line":307,"column":74}}]},"44":{"type":"branch","line":308,"loc":{"start":{"line":308,"column":15},"end":{"line":310,"column":3}},"locations":[{"start":{"line":308,"column":15},"end":{"line":310,"column":3}}]},"45":{"type":"branch","line":310,"loc":{"start":{"line":310,"column":2},"end":{"line":312,"column":34}},"locations":[{"start":{"line":310,"column":2},"end":{"line":312,"column":34}}]},"46":{"type":"branch","line":313,"loc":{"start":{"line":313,"column":14},"end":{"line":317,"column":51}},"locations":[{"start":{"line":313,"column":14},"end":{"line":317,"column":51}}]},"47":{"type":"branch","line":317,"loc":{"start":{"line":317,"column":54},"end":{"line":324,"column":1}},"locations":[{"start":{"line":317,"column":54},"end":{"line":324,"column":1}}]},"48":{"type":"branch","line":326,"loc":{"start":{"line":326,"column":26},"end":{"line":335,"column":1}},"locations":[{"start":{"line":326,"column":26},"end":{"line":335,"column":1}}]},"49":{"type":"branch","line":328,"loc":{"start":{"line":328,"column":78},"end":{"line":330,"column":3}},"locations":[{"start":{"line":328,"column":78},"end":{"line":330,"column":3}}]},"50":{"type":"branch","line":330,"loc":{"start":{"line":330,"column":2},"end":{"line":331,"column":61}},"locations":[{"start":{"line":330,"column":2},"end":{"line":331,"column":61}}]},"51":{"type":"branch","line":331,"loc":{"start":{"line":331,"column":61},"end":{"line":335,"column":1}},"locations":[{"start":{"line":331,"column":61},"end":{"line":335,"column":1}}]},"52":{"type":"branch","line":337,"loc":{"start":{"line":337,"column":28},"end":{"line":426,"column":1}},"locations":[{"start":{"line":337,"column":28},"end":{"line":426,"column":1}}]},"53":{"type":"branch","line":338,"loc":{"start":{"line":338,"column":84},"end":{"line":338,"column":88}},"locations":[{"start":{"line":338,"column":84},"end":{"line":338,"column":88}}]},"54":{"type":"branch","line":339,"loc":{"start":{"line":339,"column":42},"end":{"line":339,"column":47}},"locations":[{"start":{"line":339,"column":42},"end":{"line":339,"column":47}}]},"55":{"type":"branch","line":358,"loc":{"start":{"line":358,"column":6},"end":{"line":358,"column":89}},"locations":[{"start":{"line":358,"column":6},"end":{"line":358,"column":89}}]},"56":{"type":"branch","line":362,"loc":{"start":{"line":362,"column":72},"end":{"line":366,"column":3}},"locations":[{"start":{"line":362,"column":72},"end":{"line":366,"column":3}}]},"57":{"type":"branch","line":363,"loc":{"start":{"line":363,"column":29},"end":{"line":363,"column":47}},"locations":[{"start":{"line":363,"column":29},"end":{"line":363,"column":47}}]},"58":{"type":"branch","line":363,"loc":{"start":{"line":363,"column":48},"end":{"line":363,"column":81}},"locations":[{"start":{"line":363,"column":48},"end":{"line":363,"column":81}}]},"59":{"type":"branch","line":363,"loc":{"start":{"line":363,"column":83},"end":{"line":365,"column":5}},"locations":[{"start":{"line":363,"column":83},"end":{"line":365,"column":5}}]},"60":{"type":"branch","line":368,"loc":{"start":{"line":368,"column":30},"end":{"line":419,"column":3}},"locations":[{"start":{"line":368,"column":30},"end":{"line":419,"column":3}}]},"61":{"type":"branch","line":369,"loc":{"start":{"line":369,"column":63},"end":{"line":369,"column":68}},"locations":[{"start":{"line":369,"column":63},"end":{"line":369,"column":68}}]},"62":{"type":"branch","line":387,"loc":{"start":{"line":387,"column":17},"end":{"line":389,"column":5}},"locations":[{"start":{"line":387,"column":17},"end":{"line":389,"column":5}}]},"63":{"type":"branch","line":393,"loc":{"start":{"line":393,"column":55},"end":{"line":393,"column":64}},"locations":[{"start":{"line":393,"column":55},"end":{"line":393,"column":64}}]},"64":{"type":"branch","line":395,"loc":{"start":{"line":395,"column":31},"end":{"line":395,"column":43}},"locations":[{"start":{"line":395,"column":31},"end":{"line":395,"column":43}}]},"65":{"type":"branch","line":399,"loc":{"start":{"line":399,"column":71},"end":{"line":407,"column":5}},"locations":[{"start":{"line":399,"column":71},"end":{"line":407,"column":5}}]},"66":{"type":"branch","line":409,"loc":{"start":{"line":409,"column":59},"end":{"line":409,"column":78}},"locations":[{"start":{"line":409,"column":59},"end":{"line":409,"column":78}}]},"67":{"type":"branch","line":409,"loc":{"start":{"line":409,"column":79},"end":{"line":409,"column":83}},"locations":[{"start":{"line":409,"column":79},"end":{"line":409,"column":83}}]},"68":{"type":"branch","line":410,"loc":{"start":{"line":410,"column":33},"end":{"line":416,"column":5}},"locations":[{"start":{"line":410,"column":33},"end":{"line":416,"column":5}}]},"69":{"type":"branch","line":411,"loc":{"start":{"line":411,"column":39},"end":{"line":415,"column":8}},"locations":[{"start":{"line":411,"column":39},"end":{"line":415,"column":8}}]},"70":{"type":"branch","line":428,"loc":{"start":{"line":428,"column":27},"end":{"line":485,"column":1}},"locations":[{"start":{"line":428,"column":27},"end":{"line":485,"column":1}}]},"71":{"type":"branch","line":429,"loc":{"start":{"line":429,"column":84},"end":{"line":429,"column":88}},"locations":[{"start":{"line":429,"column":84},"end":{"line":429,"column":88}}]},"72":{"type":"branch","line":430,"loc":{"start":{"line":430,"column":42},"end":{"line":430,"column":47}},"locations":[{"start":{"line":430,"column":42},"end":{"line":430,"column":47}}]},"73":{"type":"branch","line":434,"loc":{"start":{"line":434,"column":65},"end":{"line":434,"column":91}},"locations":[{"start":{"line":434,"column":65},"end":{"line":434,"column":91}}]},"74":{"type":"branch","line":439,"loc":{"start":{"line":439,"column":20},"end":{"line":482,"column":3}},"locations":[{"start":{"line":439,"column":20},"end":{"line":482,"column":3}}]},"75":{"type":"branch","line":440,"loc":{"start":{"line":440,"column":63},"end":{"line":440,"column":68}},"locations":[{"start":{"line":440,"column":63},"end":{"line":440,"column":68}}]},"76":{"type":"branch","line":441,"loc":{"start":{"line":441,"column":71},"end":{"line":443,"column":5}},"locations":[{"start":{"line":441,"column":71},"end":{"line":443,"column":5}}]},"77":{"type":"branch","line":443,"loc":{"start":{"line":443,"column":4},"end":{"line":449,"column":37}},"locations":[{"start":{"line":443,"column":4},"end":{"line":449,"column":37}}]},"78":{"type":"branch","line":449,"loc":{"start":{"line":449,"column":37},"end":{"line":449,"column":46}},"locations":[{"start":{"line":449,"column":37},"end":{"line":449,"column":46}}]},"79":{"type":"branch","line":450,"loc":{"start":{"line":450,"column":22},"end":{"line":450,"column":33}},"locati
[...]
,"column":3}},"loc":{"start":{"line":730,"column":32},"end":{"line":746,"column":3}},"line":730},"38":{"name":"saveWorkspaceRegistry","decl":{"start":{"line":748,"column":32},"end":{"line":758,"column":3}},"loc":{"start":{"line":748,"column":32},"end":{"line":758,"column":3}},"line":748},"39":{"name":"upsertWorkspaceRegistryEntry","decl":{"start":{"line":760,"column":39},"end":{"line":796,"column":3}},"loc":{"start":{"line":760,"column":39},"end":{"line":796,"column":3}},"line":760},"40":{"name":"loadWorkspaceMetadata","decl":{"start":{"line":798,"column":32},"end":{"line":813,"column":3}},"loc":{"start":{"line":798,"column":32},"end":{"line":813,"column":3}},"line":798},"41":{"name":"saveWorkspaceMetadata","decl":{"start":{"line":815,"column":32},"end":{"line":825,"column":3}},"loc":{"start":{"line":815,"column":32},"end":{"line":825,"column":3}},"line":815},"42":{"name":"markWorkspaceTouched","decl":{"start":{"line":827,"column":31},"end":{"line":852,"column":3}},"loc":{"start":{"line":827,"column":31},"end":{"line":852,"column":3}},"line":827},"43":{"name":"getWorkspaceTouchedState","decl":{"start":{"line":854,"column":35},"end":{"line":879,"column":3}},"loc":{"start":{"line":854,"column":35},"end":{"line":879,"column":3}},"line":854},"44":{"name":"saveFindingsReport","decl":{"start":{"line":881,"column":29},"end":{"line":902,"column":3}},"loc":{"start":{"line":881,"column":29},"end":{"line":902,"column":3}},"line":881},"45":{"name":"exportInspectionPayload","decl":{"start":{"line":904,"column":34},"end":{"line":924,"column":3}},"loc":{"start":{"line":904,"column":34},"end":{"line":924,"column":3}},"line":904},"46":{"name":"exportFollowUpPayload","decl":{"start":{"line":926,"column":32},"end":{"line":946,"column":3}},"loc":{"start":{"line":926,"column":32},"end":{"line":946,"column":3}},"line":926},"47":{"name":"notifyImportCanonical","decl":{"start":{"line":948,"column":32},"end":{"line":986,"column":3}},"loc":{"start":{"line":948,"column":32},"end":{"line":986,"column":3}},"line":948},"48":{"name":"checkServiceHealth","decl":{"start":{"line":988,"column":29},"end":{"line":1012,"column":3}},"loc":{"start":{"line":988,"column":29},"end":{"line":1012,"column":3}},"line":988},"49":{"name":"createDefaultRoot","decl":{"start":{"line":1014,"column":28},"end":{"line":1069,"column":3}},"loc":{"start":{"line":1014,"column":28},"end":{"line":1069,"column":3}},"line":1014}},"f":{"0":60,"1":98,"2":30,"3":36,"4":0,"5":3,"6":40,"7":35,"8":60,"9":3,"10":3,"11":1,"12":7,"13":2,"14":3,"15":4,"16":4,"17":2,"18":4,"19":6,"20":2,"21":1,"22":1,"23":1,"24":3,"25":3,"26":2,"27":2,"28":2,"29":0,"30":8,"31":2,"32":2,"33":0,"34":3,"35":2,"36":2,"37":4,"38":2,"39":2,"40":2,"41":1,"42":1,"43":1,"44":6,"45":4,"46":4,"47":0,"48":0,"49":1}}
,"/home/fernando/git/compliance_repo/compliance_checklist/src/utils/findings.js": {"path":"/home/fernando/git/compliance_repo/compliance_checklist/src/utils/findings.js","all":false,"statementMap":{"0":{"start":{"line":1,"column":0},"end":{"line":1,"column":47}},"3":{"start":{"line":4,"column":0},"end":{"line":4,"column":55}},"4":{"start":{"line":5,"column":0},"end":{"line":5,"column":15}},"6":{"start":{"line":7,"column":0},"end":{"line":7,"column":28}},"7":{"start":{"line":8,"column":0},"end":{"line":8,"column":17}},"8":{"start":{"line":9,"column":0},"end":{"line":9,"column":15}},"9":{"start":{"line":10,"column":0},"end":{"line":10,"column":38}},"10":{"start":{"line":11,"column":0},"end":{"line":11,"column":14}},"11":{"start":{"line":12,"column":0},"end":{"line":12,"column":21}},"12":{"start":{"line":13,"column":0},"end":{"line":13,"column":19}},"13":{"start":{"line":14,"column":0},"end":{"line":14,"column":38}},"14":{"start":{"line":15,"column":0},"end":{"line":15,"column":35}},"15":{"start":{"line":16,"column":0},"end":{"line":16,"column":39}},"16":{"start":{"line":17,"column":0},"end":{"line":17,"column":39}},"17":{"start":{"line":18,"column":0},"end":{"line":18,"column":41}},"18":{"start":{"line":19,"column":0},"end":{"line":19,"column":35}},"19":{"start":{"line":20,"column":0},"end":{"line":20,"column":48}},"20":{"start":{"line":21,"column":0},"end":{"line":21,"column":55}},"21":{"start":{"line":22,"column":0},"end":{"line":22,"column":41}},"22":{"start":{"line":23,"column":0},"end":{"line":23,"column":40}},"23":{"start":{"line":24,"column":0},"end":{"line":24,"column":38}},"24":{"start":{"line":25,"column":0},"end":{"line":25,"column":42}},"25":{"start":{"line":26,"column":0},"end":{"line":26,"column":27}},"26":{"start":{"line":27,"column":0},"end":{"line":27,"column":25}},"27":{"start":{"line":28,"column":0},"end":{"line":28,"column":23}},"28":{"start":{"line":29,"column":0},"end":{"line":29,"column":38}},"29":{"start":{"line":30,"column":0},"end":{"line":30,"column":47}},"30":{"start":{"line":31,"column":0},"end":{"line":31,"column":50}},"31":{"start":{"line":32,"column":0},"end":{"line":32,"column":56}},"32":{"start":{"line":33,"column":0},"end":{"line":33,"column":49}},"33":{"start":{"line":34,"column":0},"end":{"line":34,"column":12}},"34":{"start":{"line":35,"column":0},"end":{"line":35,"column":37}},"35":{"start":{"line":36,"column":0},"end":{"line":36,"column":10}},"36":{"start":{"line":37,"column":0},"end":{"line":37,"column":8}},"37":{"start":{"line":38,"column":0},"end":{"line":38,"column":44}},"38":{"start":{"line":39,"column":0},"end":{"line":39,"column":33}},"39":{"start":{"line":40,"column":0},"end":{"line":40,"column":6}},"40":{"start":{"line":41,"column":0},"end":{"line":41,"column":4}},"41":{"start":{"line":42,"column":0},"end":{"line":42,"column":24}},"42":{"start":{"line":43,"column":0},"end":{"line":43,"column":29}},"43":{"start":{"line":44,"column":0},"end":{"line":44,"column":1}},"45":{"start":{"line":46,"column":0},"end":{"line":46,"column":24}},"46":{"start":{"line":47,"column":0},"end":{"line":47,"column":16}},"47":{"start":{"line":48,"column":0},"end":{"line":48,"column":28}},"48":{"start":{"line":49,"column":0},"end":{"line":49,"column":1}},"50":{"start":{"line":51,"column":0},"end":{"line":51,"column":52}},"52":{"start":{"line":53,"column":0},"end":{"line":53,"column":41}},"53":{"start":{"line":54,"column":0},"end":{"line":54,"column":7}},"54":{"start":{"line":55,"column":0},"end":{"line":55,"column":37}},"55":{"start":{"line":56,"column":0},"end":{"line":56,"column":34}},"56":{"start":{"line":57,"column":0},"end":{"line":57,"column":20}},"57":{"start":{"line":58,"column":0},"end":{"line":58,"column":31}},"58":{"start":{"line":59,"column":0},"end":{"line":59,"column":88}},"59":{"start":{"line":60,"column":0},"end":{"line":60,"column":51}},"60":{"start":{"line":61,"column":0},"end":{"line":61,"column":62}},"61":{"start":{"line":62,"column":0},"end":{"line":62,"column":5}},"62":{"start":{"line":63,"column":0},"end":{"line":63,"column":15}},"63":{"start":{"line":64,"column":0},"end":{"line":64,"column":15}},"64":{"start":{"line":65,"column":0},"end":{"line":65,"column":48}},"65":{"start":{"line":66,"column":0},"end":{"line":66,"column":11}},"66":{"start":{"line":67,"column":0},"end":{"line":67,"column":3}},"67":{"start":{"line":68,"column":0},"end":{"line":68,"column":1}}},"s":{"0":1,"3":1,"4":1,"6":1,"7":1,"8":1,"9":1,"10":1,"11":1,"12":1,"13":1,"14":1,"15":1,"16":1,"17":1,"18":1,"19":1,"20":1,"21":1,"22":1,"23":1,"24":1,"25":1,"26":1,"27":1,"28":1,"29":1,"30":1,"31":1,"32":1,"33":1,"34":1,"35":1,"36":1,"37":1,"38":1,"39":1,"40":1,"41":1,"42":1,"43":1,"45":1,"46":1,"47":1,"48":1,"50":1,"52":1,"53":3,"54":3,"55":3,"56":1,"57":1,"58":1,"59":1,"60":1,"61":1,"62":1,"63":3,"64":2,"65":2,"66":2,"67":3},"branchMap":{"0":{"type":"branch","line":53,"loc":{"start":{"line":53,"column":7},"end":{"line":68,"column":1}},"locations":[{"start":{"line":53,"column":7},"end":{"line":68,"column":1}}]},"1":{"type":"branch","line":56,"loc":{"start":{"line":56,"column":33},"end":{"line":64,"column":4}},"locations":[{"start":{"line":56,"column":33},"end":{"line":64,"column":4}}]},"2":{"type":"branch","line":60,"loc":{"start":{"line":60,"column":22},"end":{"line":60,"column":51}},"locations":[{"start":{"line":60,"column":22},"end":{"line":60,"column":51}}]},"3":{"type":"branch","line":64,"loc":{"start":{"line":64,"column":4},"end":{"line":67,"column":3}},"locations":[{"start":{"line":64,"column":4},"end":{"line":67,"column":3}}]},"4":{"type":"branch","line":59,"loc":{"start":{"line":59,"column":16},"end":{"line":59,"column":87}},"locations":[{"start":{"line":59,"column":16},"end":{"line":59,"column":87}}]}},"b":{"0":[3],"1":[1],"2":[0],"3":[2],"4":[1]},"fnMap":{"0":{"name":"parseFindings","decl":{"start":{"line":53,"column":7},"end":{"line":68,"column":1}},"loc":{"start":{"line":53,"column":7},"end":{"line":68,"column":1}},"line":53}},"f":{"0":3}}
,"/home/fernando/git/compliance_repo/compliance_checklist/src/utils/session.js": {"path":"/home/fernando/git/compliance_repo/compliance_checklist/src/utils/session.js","all":false,"statementMap":{"0":{"start":{"line":1,"column":0},"end":{"line":1,"column":47}},"2":{"start":{"line":3,"column":0},"end":{"line":3,"column":55}},"4":{"start":{"line":5,"column":0},"end":{"line":5,"column":23}},"5":{"start":{"line":6,"column":0},"end":{"line":6,"column":17}},"6":{"start":{"line":7,"column":0},"end":{"line":7,"column":15}},"7":{"start":{"line":8,"column":0},"end":{"line":8,"column":14}},"8":{"start":{"line":9,"column":0},"end":{"line":9,"column":21}},"9":{"start":{"line":10,"column":0},"end":{"line":10,"column":19}},"10":{"start":{"line":11,"column":0},"end":{"line":11,"column":20}},"11":{"start":{"line":12,"column":0},"end":{"line":12,"column":25}},"12":{"start":{"line":13,"column":0},"end":{"line":13,"column":10}},"13":{"start":{"line":14,"column":0},"end":{"line":14,"column":20}},"14":{"start":{"line":15,"column":0},"end":{"line":15,"column":26}},"15":{"start":{"line":16,"column":0},"end":{"line":16,"column":10}},"16":{"start":{"line":17,"column":0},"end":{"line":17,"column":22}},"17":{"start":{"line":18,"column":0},"end":{"line":18,"column":25}},"18":{"start":{"line":19,"column":0},"end":{"line":19,"column":10}},"19":{"start":{"line":20,"column":0},"end":{"line":20,"column":26}},"20":{"start":{"line":21,"column":0},"end":{"line":21,"column":25}},"21":{"start":{"line":22,"column":0},"end":{"line":22,"column":10}},"22":{"start":{"line":23,"column":0},"end":{"line":23,"column":8}},"23":{"start":{"line":24,"column":0},"end":{"line":24,"column":34}},"24":{"start":{"line":25,"column":0},"end":{"line":25,"column":30}},"25":{"start":{"line":26,"column":0},"end":{"line":26,"column":6}},"26":{"start":{"line":27,"column":0},"end":{"line":27,"column":16}},"27":{"start":{"line":28,"column":0},"end":{"line":28,"column":21}},"28":{"start":{"line":29,"column":0},"end":{"line":29,"column":26}},"29":{"start":{"line":30,"column":0},"end":{"line":30,"column":40}},"30":{"start":{"line":31,"column":0},"end":{"line":31,"column":25}},"31":{"start":{"line":32,"column":0},"end":{"line":32,"column":23}},"32":{"start":{"line":33,"column":0},"end":{"line":33,"column":17}},"33":{"start":{"line":34,"column":0},"end":{"line":34,"column":29}},"34":{"start":{"line":35,"column":0},"end":{"line":35,"column":14}},"35":{"start":{"line":36,"column":0},"end":{"line":36,"column":19}},"36":{"start":{"line":37,"column":0},"end":{"line":37,"column":29}},"37":{"start":{"line":38,"column":0},"end":{"line":38,"column":14}},"38":{"start":{"line":39,"column":0},"end":{"line":39,"column":25}},"39":{"start":{"line":40,"column":0},"end":{"line":40,"column":29}},"40":{"start":{"line":41,"column":0},"end":{"line":41,"column":69}},"41":{"start":{"line":42,"column":0},"end":{"line":42,"column":14}},"42":{"start":{"line":43,"column":0},"end":{"line":43,"column":23}},"43":{"start":{"line":44,"column":0},"end":{"line":44,"column":29}},"44":{"start":{"line":45,"column":0},"end":{"line":45,"column":14}},"45":{"start":{"line":46,"column":0},"end":{"line":46,"column":28}},"46":{"start":{"line":47,"column":0},"end":{"line":47,"column":29}},"47":{"start":{"line":48,"column":0},"end":{"line":48,"column":14}},"48":{"start":{"line":49,"column":0},"end":{"line":49,"column":23}},"49":{"start":{"line":50,"column":0},"end":{"line":50,"column":28}},"50":{"start":{"line":51,"column":0},"end":{"line":51,"column":22}},"51":{"start":{"line":52,"column":0},"end":{"line":52,"column":31}},"52":{"start":{"line":53,"column":0},"end":{"line":53,"column":16}},"53":{"start":{"line":54,"column":0},"end":{"line":54,"column":14}},"54":{"start":{"line":55,"column":0},"end":{"line":55,"column":28}},"55":{"start":{"line":56,"column":0},"end":{"line":56,"column":28}},"56":{"start":{"line":57,"column":0},"end":{"line":57,"column":22}},"57":{"start":{"line":58,"column":0},"end":{"line":58,"column":31}},"58":{"start":{"line":59,"column":0},"end":{"line":59,"column":16}},"59":{"start":{"line":60,"column":0},"end":{"line":60,"column":14}},"60":{"start":{"line":61,"column":0},"end":{"line":61,"column":33}},"61":{"start":{"line":62,"column":0},"end":{"line":62,"column":28}},"62":{"start":{"line":63,"column":0},"end":{"line":63,"column":22}},"63":{"start":{"line":64,"column":0},"end":{"line":64,"column":31}},"64":{"start":{"line":65,"column":0},"end":{"line":65,"column":16}},"65":{"start":{"line":66,"column":0},"end":{"line":66,"column":14}},"66":{"start":{"line":67,"column":0},"end":{"line":67,"column":12}},"67":{"start":{"line":68,"column":0},"end":{"line":68,"column":38}},"68":{"start":{"line":69,"column":0},"end":{"line":69,"column":27}},"69":{"start":{"line":70,"column":0},"end":{"line":70,"column":10}},"70":{"start":{"line":71,"column":0},"end":{"line":71,"column":8}},"71":{"start":{"line":72,"column":0},"end":{"line":72,"column":34}},"72":{"start":{"line":73,"column":0},"end":{"line":73,"column":6}},"73":{"start":{"line":74,"column":0},"end":{"line":74,"column":4}},"74":{"start":{"line":75,"column":0},"end":{"line":75,"column":30}},"75":{"start":{"line":76,"column":0},"end":{"line":76,"column":24}},"76":{"start":{"line":77,"column":0},"end":{"line":77,"column":1}},"78":{"start":{"line":79,"column":0},"end":{"line":79,"column":50}},"80":{"start":{"line":81,"column":0},"end":{"line":81,"column":40}},"81":{"start":{"line":82,"column":0},"end":{"line":82,"column":7}},"82":{"start":{"line":83,"column":0},"end":{"line":83,"column":37}},"83":{"start":{"line":84,"column":0},"end":{"line":84,"column":33}},"84":{"start":{"line":85,"column":0},"end":{"line":85,"column":20}},"85":{"start":{"line":86,"column":0},"end":{"line":86,"column":30}},"86":{"start":{"line":87,"column":0},"end":{"line":87,"column":87}},"87":{"start":{"line":88,"column":0},"end":{"line":88,"column":51}},"88":{"start":{"line":89,"column":0},"end":{"line":89,"column":61}},"89":{"start":{"line":90,"column":0},"end":{"line":90,"column":5}},"90":{"start":{"line":91,"column":0},"end":{"line":91,"column":15}},"91":{"start":{"line":92,"column":0},"end":{"line":92,"column":15}},"92":{"start":{"line":93,"column":0},"end":{"line":93,"column":45}},"93":{"start":{"line":94,"column":0},"end":{"line":94,"column":11}},"94":{"start":{"line":95,"column":0},"end":{"line":95,"column":3}},"95":{"start":{"line":96,"column":0},"end":{"line":96,"column":1}},"97":{"start":{"line":98,"column":0},"end":{"line":98,"column":92}},"98":{"start":{"line":99,"column":0},"end":{"line":99,"column":46}},"99":{"start":{"line":100,"column":0},"end":{"line":100,"column":24}},"101":{"start":{"line":102,"column":0},"end":{"line":102,"column":42}},"102":{"start":{"line":103,"column":0},"end":{"line":103,"column":85}},"103":{"start":{"line":104,"column":0},"end":{"line":104,"column":28}},"104":{"start":{"line":105,"column":0},"end":{"line":105,"column":32}},"105":{"start":{"line":106,"column":0},"end":{"line":106,"column":41}},"106":{"start":{"line":107,"column":0},"end":{"line":107,"column":16}},"107":{"start":{"line":108,"column":0},"end":{"line":108,"column":34}},"108":{"start":{"line":109,"column":0},"end":{"line":109,"column":9}},"109":{"start":{"line":110,"column":0},"end":{"line":110,"column":8}},"110":{"start":{"line":111,"column":0},"end":{"line":111,"column":5}},"111":{"start":{"line":112,"column":0},"end":{"line":112,"column":16}},"112":{"start":{"line":113,"column":0},"end":{"line":113,"column":4}},"114":{"start":{"line":115,"column":0},"end":{"line":115,"column":22}},"115":{"start":{"line":116,"column":0},"end":{"line":116,"column":1}}},"s":{"0":1,"2":1,"4":1,"5":1,"6":1,"7":1,"8":1,"9":1,"10":1,"11":1,"12":1,"13":1,"14":1,"15":1,"16":1,"17":1,"18":1,"19":1,"20":1,"21":1,"22":1,"23":1,"24":1,"25":1,"26":1,"27":1,"28":1,"29":1,"30":1,"31":1,"32":1,"33":1,"34":1,"35":1,"36":1,"37":1,"38":1,"39":1,"40":1,"41":1,"42":1,"43":1,"44":1,"45":1,"46":1,"47":1,"48":1,"49":1,"50":1,"51":1,"52":1,"53":1,"54":1,"55":1,"56":1,"57":1,"58":1,"59":1,"60":1,"61":1,"62":1,"63":1,"64":1,"65":1,"66":1,"67":1,"68":1,"69":1,"70":1,"71":1,"72":1,"73":1,"74":1,"75":1,"76":1,"78":1,"80":1,"81":8,"82":8,"83":8,"84":3,"85":3,"86":3,"87":3,"88":3,"89":3,"90":4,"91":4,"92":4,"93":4,"94":4,"95":8,"97":1,"98":1,"99":1,"101":1,"102":28,"103":7,"104":10,"105":7,"106":10,"107":3,"108":3,"109":7,"110":7,"111":28,"112":1,"114":1,"115":1},"branchMap":{"0":{"type":"branch","line":81,"loc":{"start":{"line":81,"column":7},"end":{"line":96,"column":1}},"locations":[{"start":{"line":81,"column":7},"end":{"line":96,"column":1}}]},"1":{"type":"branch","line":84,"loc":{"start":{"line":84,"column":32},"end":{"line":90,"column":5}},"locations":[{"start":{"line":84,"column":32},"end":{"line":90,"column":5}}]},"2":{"type":"branch","line":88,"loc":{"start":{"line":88,"column":22},"end":{"line":88,"column":51}},"locations":[{"start":{"line":88,"column":22},"end":{"line":88,"column":51}}]},"3":{"type":"branch","line":90,"loc":{"start":{"line":90,"column":4},"end":{"line":95,"column":3}},"locations":[{"start":{"line":90,"column":4},"end":{"line":95,"column":3}}]},"4":{"type":"branch","line":87,"loc":{"start":{"line":87,"column":16},"end":{"line":87,"column":86}},"locations":[{"start":{"line":87,"column":16},"end":{"line":87,"column":86}}]},"5":{"type":"branch","line":99,"loc":{"start":{"line":99,"column":7},"end":{"line":116,"column":1}},"locations":[{"start":{"line":99,"column":7},"end":{"line":116,"column":1}}]},"6":{"type":"branch","line":102,"loc":{"start":{"line":102,"column":25},"end":{"line":113,"column":3}},"locations":[{"start":{"line":102,"column":25},"end":{"line":113,"column":3}}]},"7":{"type":"branch","line":103,"loc":{"start":{"line":103,"column":26},"end":{"line":103,"column":51}},"locations":[{"start":{"line":103,"column":26},"end":{"line":103,"column":51}}]},"8":{"type":"branch","line":103,"loc":{"start":{"line":103,"column":52},"end":{"line":103,"column":82}},"locations":[{"start":{"line":103,"column":52},"end":{"line":103,"column":82}}]},"9":{"type":"branch","line":103,"loc":{"start":{"line":103,"column":84},"end":{"line":111,"column":5}},"locations":[{"start":{"line":103,"column":84},"end":{"line":111,"column":5}}]},"10":{"type":"branch","line":104,"loc":{"start":{"line":104,"column":20},"end":{"line":110,"column":7}},"locations":[{"start":{"line":104,"column":20},"end":{"line":110,"column":7}}]},"11":{"type":"branch","line":105,"loc":{"start":{"line":105,"column":31},"end":{"line":107,"column":9}},"locations":[{"start":{"line":105,"column":31},"end":{"line":107,"column":9}}]},"12":{"type":"branch","line":107,"loc":{"start":{"line":107,"column":9},"end":{"line":109,"column":9}},"locations":[{"start":{"line":107,"column":9},"end":{"line":109,"column":9}}]}},"b":{"0":[8],"1":[3],"2":[0],"3":[4],"4":[3],"5":[1],"6":[28],"7":[24],"8":[22],"9":[7],"10":[10],"11":[7],"12":[3]},"fnMap":{"0":{"name":"parseSession","decl":{"start":{"line":81,"column":7},"end":{"line":96,"column":1}},"loc":{"start":{"line":81,"column":7},"end":{"line":96,"column":1}},"line":81},"1":{"name":"getEvidenceLinks","decl":{"start":{"line":99,"column":7},"end":{"line":116,"column":1}},"loc":{"start":{"line":99,"column":7},"end":{"line":116,"column":1}},"line":99}},"f":{"0":8,"1":1}}
}
