TN:
SF:electron/ipc/ipcHandles.js
FN:227,sanitizeUpperAlnum
FN:232,safeString
FN:235,sanitizeWorkspaceLeg
FN:237,buildWorkspaceFolderName
FN:243,readAppConfig
FN:250,asDateOnly
FN:258,normalizeCompliance
FN:265,normalizeRiskLevel
FN:272,normalizeFindingLevel
FN:279,inferInspectionCode
FN:298,inferSpecialtyCode
FN:303,inferDomainName
FN:311,inferChecklistId
FN:317,inferItemCode
FN:333,findResponseForRow
FN:359,inferEvidenceType
FN:370,normalizeEvidenceEntry
FN:384,mapChecklistPayload
FN:502,mapFindingsPayload
FN:563,mapFollowUpReportsPayload
FN:644,normalizeFindingForFollowUpExport
FN:683,buildAjvError
FN:686,addDirectoryToZip
FN:701,setupIpcHandles
FNF:24
FNH:22
FNDA:23,sanitizeUpperAlnum
FNDA:217,safeString
FNDA:18,sanitizeWorkspaceLeg
FNDA:9,buildWorkspaceFolderName
FNDA:9,readAppConfig
FNDA:11,asDateOnly
FNDA:10,normalizeCompliance
FNDA:9,normalizeRiskLevel
FNDA:4,normalizeFindingLevel
FNDA:4,inferInspectionCode
FNDA:8,inferSpecialtyCode
FNDA:12,inferDomainName
FNDA:4,inferChecklistId
FNDA:9,inferItemCode
FNDA:10,findResponseForRow
FNDA:3,inferEvidenceType
FNDA:3,normalizeEvidenceEntry
FNDA:4,mapChecklistPayload
FNDA:4,mapFindingsPayload
FNDA:5,mapFollowUpReportsPayload
FNDA:5,normalizeFindingForFollowUpExport
FNDA:0,buildAjvError
FNDA:0,addDirectoryToZip
FNDA:46,setupIpcHandles
DA:1,1
DA:4,1
DA:5,1
DA:7,1
DA:25,1
DA:26,1
DA:28,1
DA:29,1
DA:30,1
DA:31,1
DA:32,1
DA:33,1
DA:34,1
DA:35,1
DA:36,1
DA:37,1
DA:38,1
DA:39,1
DA:40,1
DA:41,1
DA:42,1
DA:43,1
DA:44,1
DA:45,1
DA:46,1
DA:47,1
DA:48,1
DA:49,1
DA:50,1
DA:51,1
DA:52,1
DA:53,1
DA:54,1
DA:55,1
DA:56,1
DA:57,1
DA:58,1
DA:59,1
DA:60,1
DA:61,1
DA:62,1
DA:63,1
DA:64,1
DA:65,1
DA:66,1
DA:67,1
DA:68,1
DA:69,1
DA:70,1
DA:71,1
DA:72,1
DA:73,1
DA:74,1
DA:75,1
DA:76,1
DA:77,1
DA:78,1
DA:79,1
DA:80,1
DA:81,1
DA:82,1
DA:83,1
DA:84,1
DA:85,1
DA:86,1
DA:87,1
DA:88,1
DA:89,1
DA:90,1
DA:91,1
DA:92,1
DA:93,1
DA:94,1
DA:95,1
DA:96,1
DA:97,1
DA:98,1
DA:99,1
DA:100,1
DA:101,1
DA:102,1
DA:103,1
DA:104,1
DA:105,1
DA:106,1
DA:107,1
DA:108,1
DA:109,1
DA:110,1
DA:111,1
DA:112,1
DA:113,1
DA:114,1
DA:115,1
DA:116,1
DA:117,1
DA:118,1
DA:119,1
DA:120,1
DA:121,1
DA:122,1
DA:124,1
DA:125,1
DA:126,1
DA:127,1
DA:128,1
DA:129,1
DA:130,1
DA:131,1
DA:132,1
DA:133,1
DA:134,1
DA:135,1
DA:136,1
DA:137,1
DA:138,1
DA:139,1
DA:140,1
DA:141,1
DA:142,1
DA:143,1
DA:144,1
DA:145,1
DA:146,1
DA:147,1
DA:148,1
DA:149,1
DA:150,1
DA:151,1
DA:152,1
DA:153,1
DA:154,1
DA:155,1
DA:156,1
DA:157,1
DA:158,1
DA:159,1
DA:160,1
DA:161,1
DA:162,1
DA:163,1
DA:164,1
DA:165,1
DA:166,1
DA:167,1
DA:169,1
DA:170,1
DA:171,1
DA:172,1
DA:173,1
DA:174,1
DA:175,1
DA:176,1
DA:177,1
DA:178,1
DA:179,1
DA:180,1
DA:181,1
DA:182,1
DA:183,1
DA:184,1
DA:185,1
DA:186,1
DA:187,1
DA:188,1
DA:189,1
DA:190,1
DA:191,1
DA:192,1
DA:193,1
DA:194,1
DA:195,1
DA:196,1
DA:197,1
DA:198,1
DA:199,1
DA:200,1
DA:201,1
DA:202,1
DA:203,1
DA:204,1
DA:205,1
DA:206,1
DA:207,1
DA:208,1
DA:209,1
DA:210,1
DA:211,1
DA:212,1
DA:213,1
DA:214,1
DA:215,1
DA:216,1
DA:217,1
DA:218,1
DA:219,1
DA:220,1
DA:221,1
DA:223,1
DA:224,1
DA:225,1
DA:227,1
DA:228,23
DA:229,23
DA:230,23
DA:232,1
DA:233,217
DA:235,1
DA:237,1
DA:238,9
DA:239,9
DA:240,9
DA:241,9
DA:243,1
DA:244,9
DA:245,9
DA:246,9
DA:247,9
DA:248,9
DA:250,1
DA:251,11
DA:252,11
DA:253,0
DA:254,0
DA:255,11
DA:256,11
DA:258,1
DA:259,10
DA:260,10
DA:261,10
DA:262,0
DA:263,0
DA:265,1
DA:266,9
DA:267,4
DA:268,4
DA:269,5
DA:270,5
DA:272,1
DA:273,4
DA:274,0
DA:275,0
DA:276,4
DA:277,4
DA:279,1
DA:280,4
DA:281,4
DA:282,2
DA:283,2
DA:285,2
DA:286,4
DA:287,4
DA:288,4
DA:289,4
DA:290,4
DA:291,4
DA:292,4
DA:293,4
DA:294,4
DA:295,4
DA:296,4
DA:298,1
DA:299,8
DA:300,8
DA:301,8
DA:303,1
DA:304,12
DA:305,12
DA:306,12
DA:307,0
DA:308,12
DA:309,12
DA:311,1
DA:312,4
DA:313,4
DA:314,4
DA:315,4
DA:317,1
DA:318,9
DA:319,9
DA:320,5
DA:321,5
DA:323,9
DA:324,9
DA:325,0
DA:326,0
DA:328,9
DA:329,9
DA:330,9
DA:331,9
DA:333,1
DA:334,10
DA:335,10
DA:336,10
DA:337,6
DA:338,6
DA:340,10
DA:341,10
DA:342,4
DA:343,4
DA:345,10
DA:346,10
DA:347,0
DA:348,0
DA:350,10
DA:351,0
DA:352,0
DA:353,0
DA:354,0
DA:356,0
DA:357,0
DA:359,1
DA:360,3
DA:361,3
DA:362,1
DA:363,1
DA:364,3
DA:365,1
DA:366,1
DA:367,1
DA:368,1
DA:370,1
DA:371,3
DA:372,0
DA:373,0
DA:374,3
DA:375,3
DA:376,3
DA:377,3
DA:378,3
DA:379,3
DA:380,3
DA:381,3
DA:382,3
DA:384,1
DA:385,4
DA:386,4
DA:387,4
DA:388,4
DA:389,4
DA:390,4
DA:391,4
DA:392,4
DA:393,4
DA:395,4
DA:396,4
DA:398,4
DA:399,4
DA:400,4
DA:401,4
DA:402,4
DA:403,4
DA:404,4
DA:405,4
DA:407,4
DA:408,4
DA:409,4
DA:410,4
DA:411,4
DA:412,4
DA:413,4
DA:414,4
DA:415,4
DA:416,4
DA:418,4
DA:419,24
DA:420,12
DA:421,12
DA:422,24
DA:424,4
DA:425,5
DA:426,5
DA:427,5
DA:428,5
DA:429,5
DA:430,5
DA:432,5
DA:433,5
DA:434,5
DA:435,5
DA:437,5
DA:438,5
DA:439,5
DA:440,5
DA:442,5
DA:443,5
DA:444,0
DA:445,0
DA:447,5
DA:448,5
DA:449,5
DA:450,5
DA:451,5
DA:452,5
DA:453,5
DA:455,5
DA:456,0
DA:457,0
DA:458,0
DA:459,0
DA:460,0
DA:461,0
DA:462,0
DA:463,0
DA:465,5
DA:466,5
DA:467,5
DA:468,1
DA:469,3
DA:470,3
DA:471,3
DA:472,3
DA:473,3
DA:474,3
DA:475,0
DA:476,0
DA:477,3
DA:478,0
DA:479,0
DA:480,3
DA:481,0
DA:482,0
DA:483,3
DA:484,1
DA:485,1
DA:487,5
DA:488,5
DA:489,2
DA:490,2
DA:492,5
DA:493,4
DA:495,4
DA:496,4
DA:497,4
DA:498,4
DA:499,4
DA:500,4
DA:502,1
DA:503,4
DA:504,4
DA:505,4
DA:506,4
DA:508,4
DA:509,4
DA:511,4
DA:513,4
DA:514,5
DA:515,5
DA:516,1
DA:517,1
DA:519,4
DA:520,4
DA:521,4
DA:522,4
DA:523,5
DA:524,5
DA:525,5
DA:526,5
DA:527,5
DA:528,5
DA:529,5
DA:530,5
DA:531,5
DA:532,5
DA:533,5
DA:534,5
DA:535,5
DA:537,5
DA:538,5
DA:539,4
DA:540,5
DA:541,0
DA:542,0
DA:544,4
DA:546,4
DA:547,5
DA:548,5
DA:549,5
DA:550,2
DA:551,2
DA:553,4
DA:554,5
DA:555,5
DA:557,5
DA:558,4
DA:560,4
DA:561,4
DA:563,1
DA:564,5
DA:565,5
DA:567,5
DA:568,5
DA:569,5
DA:570,5
DA:571,5
DA:572,5
DA:573,5
DA:575,5
DA:576,5
DA:577,0
DA:578,0
DA:580,5
DA:581,5
DA:582,5
DA:583,5
DA:584,5
DA:585,5
DA:586,5
DA:587,5
DA:588,5
DA:589,5
DA:590,5
DA:591,5
DA:592,5
DA:593,5
DA:594,5
DA:595,5
DA:597,5
DA:598,5
DA:599,1
DA:600,1
DA:602,5
DA:603,5
DA:604,0
DA:605,0
DA:607,5
DA:608,5
DA:609,0
DA:610,0
DA:612,5
DA:613,1
DA:614,1
DA:615,1
DA:616,1
DA:618,5
DA:619,5
DA:620,5
DA:621,0
DA:622,0
DA:623,0
DA:624,0
DA:625,0
DA:626,0
DA:627,0
DA:628,0
DA:629,0
DA:630,0
DA:631,0
DA:632,0
DA:633,0
DA:634,0
DA:635,0
DA:636,0
DA:637,0
DA:638,0
DA:640,5
DA:641,5
DA:642,5
DA:644,1
DA:645,5
DA:646,5
DA:647,5
DA:649,5
DA:650,1
DA:651,1
DA:652,5
DA:654,5
DA:655,0
DA:656,0
DA:657,5
DA:659,5
DA:660,5
DA:661,5
DA:662,5
DA:664,5
DA:665,0
DA:666,0
DA:667,5
DA:669,5
DA:670,5
DA:672,5
DA:673,5
DA:674,1
DA:675,1
DA:677,5
DA:678,5
DA:679,5
DA:680,5
DA:681,5
DA:683,1
DA:684,0
DA:686,1
DA:687,0
DA:688,0
DA:689,0
DA:690,0
DA:691,0
DA:692,0
DA:693,0
DA:694,0
DA:695,0
DA:696,0
DA:697,0
DA:698,0
DA:700,1
DA:701,1
DA:702,46
DA:703,46
DA:704,46
DA:705,46
DA:706,46
DA:707,46
DA:708,5
DA:709,5
DA:710,5
DA:711,5
DA:712,5
DA:713,2
DA:714,2
DA:715,2
DA:716,2
DA:717,2
DA:718,46
DA:720,46
DA:721,3
DA:722,3
DA:723,3
DA:724,3
DA:725,1
DA:726,1
DA:727,1
DA:728,1
DA:729,1
DA:730,46
DA:732,46
DA:733,4
DA:734,4
DA:735,4
DA:736,4
DA:737,4
DA:738,1
DA:739,1
DA:740,1
DA:741,1
DA:742,1
DA:743,46
DA:745,46
DA:746,4
DA:747,4
DA:748,4
DA:749,4
DA:750,3
DA:751,4
DA:752,1
DA:753,1
DA:754,1
DA:755,46
DA:757,46
DA:758,3
DA:759,3
DA:760,3
DA:761,3
DA:762,3
DA:763,1
DA:764,1
DA:765,1
DA:766,1
DA:767,1
DA:768,46
DA:770,46
DA:771,2
DA:772,2
DA:773,2
DA:774,2
DA:775,1
DA:776,1
DA:777,1
DA:778,1
DA:779,1
DA:780,46
DA:782,46
DA:783,2
DA:784,2
DA:785,2
DA:786,2
DA:787,1
DA:788,1
DA:789,1
DA:790,1
DA:791,1
DA:792,46
DA:794,46
DA:795,5
DA:796,5
DA:797,5
DA:798,2
DA:799,2
DA:801,5
DA:802,1
DA:803,1
DA:805,5
DA:806,5
DA:807,5
DA:808,5
DA:809,2
DA:810,5
DA:811,3
DA:812,3
DA:813,3
DA:814,3
DA:815,3
DA:816,46
DA:818,46
DA:819,2
DA:820,2
DA:821,2
DA:822,2
DA:823,1
DA:824,1
DA:825,1
DA:826,1
DA:827,1
DA:828,46
DA:830,46
DA:831,2
DA:832,2
DA:833,2
DA:834,1
DA:835,1
DA:836,1
DA:837,1
DA:838,1
DA:839,1
DA:840,1
DA:841,1
DA:842,1
DA:843,46
DA:845,46
DA:846,5
DA:847,5
DA:848,3
DA:849,3
DA:850,2
DA:851,2
DA:852,5
DA:853,3
DA:854,3
DA:855,3
DA:856,46
DA:858,46
DA:859,0
DA:860,0
DA:861,0
DA:862,0
DA:864,0
DA:865,0
DA:866,0
DA:867,0
DA:868,0
DA:869,0
DA:870,0
DA:871,0
DA:872,0
DA:873,0
DA:874,0
DA:875,0
DA:876,0
DA:877,0
DA:878,0
DA:879,0
DA:880,0
DA:881,0
DA:882,0
DA:883,0
DA:884,0
DA:885,0
DA:886,0
DA:887,0
DA:888,0
DA:889,0
DA:890,0
DA:891,46
DA:893,46
DA:894,0
DA:895,0
DA:896,0
DA:897,0
DA:898,0
DA:899,0
DA:900,46
DA:902,46
DA:903,46
DA:904,46
DA:905,46
DA:906,46
DA:907,46
DA:908,46
DA:909,46
DA:910,46
DA:911,46
DA:912,0
DA:913,0
DA:914,0
DA:915,0
DA:916,0
DA:918,0
DA:919,0
DA:920,0
DA:921,0
DA:922,0
DA:923,0
DA:924,0
DA:925,0
DA:926,0
DA:927,0
DA:928,0
DA:929,0
DA:930,46
DA:933,46
DA:934,0
DA:935,0
DA:936,0
DA:938,0
DA:939,0
DA:940,0
DA:942,0
DA:943,0
DA:945,0
DA:946,0
DA:947,0
DA:948,0
DA:949,0
DA:951,0
DA:952,0
DA:953,0
DA:954,0
DA:955,0
DA:956,0
DA:957,0
DA:958,0
DA:959,0
DA:960,0
DA:961,0
DA:962,0
DA:963,0
DA:964,0
DA:965,0
DA:966,0
DA:967,0
DA:968,46
DA:970,46
DA:971,4
DA:972,4
DA:973,4
DA:974,0
DA:975,0
DA:977,4
DA:978,4
DA:979,4
DA:981,4
DA:982,4
DA:983,4
DA:984,4
DA:985,4
DA:986,4
DA:987,4
DA:989,4
DA:990,4
DA:992,4
DA:993,0
DA:994,0
DA:996,4
DA:997,4
DA:998,0
DA:999,0
DA:1000,0
DA:1001,0
DA:1002,4
DA:1004,4
DA:1005,4
DA:1006,4
DA:1007,4
DA:1008,4
DA:1009,4
DA:1010,4
DA:1011,4
DA:1012,4
DA:1014,4
DA:1015,4
DA:1016,4
DA:1018,4
DA:1019,0
DA:1020,0
DA:1021,0
DA:1023,4
DA:1024,4
DA:1025,4
DA:1026,4
DA:1027,4
DA:1029,4
DA:1030,4
DA:1031,4
DA:1032,4
DA:1033,4
DA:1034,4
DA:1035,4
DA:1036,4
DA:1037,4
DA:1038,4
DA:1039,4
DA:1040,4
DA:1042,4
DA:1043,4
DA:1044,1
DA:1045,1
DA:1047,3
DA:1048,3
DA:1049,3
DA:1050,3
DA:1051,3
DA:1052,3
DA:1053,4
DA:1054,1
DA:1055,1
DA:1056,1
DA:1057,46
DA:1059,46
DA:1060,5
DA:1061,5
DA:1062,5
DA:1063,5
DA:1064,5
DA:1065,5
DA:1066,5
DA:1067,5
DA:1068,5
DA:1069,5
DA:1070,0
DA:1071,0
DA:1073,5
DA:1074,5
DA:1075,5
DA:1076,5
DA:1077,5
DA:1079,5
DA:1080,5
DA:1081,5
DA:1083,5
DA:1084,5
DA:1085,5
DA:1086,5
DA:1088,5
DA:1089,5
DA:1091,5
DA:1092,5
DA:1093,0
DA:1094,0
DA:1095,0
DA:1096,0
DA:1097,5
DA:1099,5
DA:1100,5
DA:1101,0
DA:1102,0
DA:1103,0
DA:1104,0
DA:1105,5
DA:1107,5
DA:1108,5
DA:1109,5
DA:1110,5
DA:1111,5
DA:1112,5
DA:1113,5
DA:1115,5
DA:1116,5
DA:1117,5
DA:1119,5
DA:1120,0
DA:1121,0
DA:1122,0
DA:1124,5
DA:1125,5
DA:1126,5
DA:1127,5
DA:1128,5
DA:1130,5
DA:1131,5
DA:1132,5
DA:1133,5
DA:1134,5
DA:1135,5
DA:1136,5
DA:1137,5
DA:1138,5
DA:1139,5
DA:1140,5
DA:1141,5
DA:1143,5
DA:1144,5
DA:1145,1
DA:1146,1
DA:1148,4
DA:1149,4
DA:1150,4
DA:1151,4
DA:1152,4
DA:1153,4
DA:1154,5
DA:1155,1
DA:1156,1
DA:1157,1
DA:1158,46
DA:1159,46
LF:1014
LH:828
BRDA:227,0,0,23
BRDA:232,1,0,217
BRDA:233,2,0,107
BRDA:233,3,0,107
BRDA:233,4,0,110
BRDA:235,5,0,18
BRDA:237,6,0,9
BRDA:238,7,0,0
BRDA:243,8,0,9
BRDA:250,9,0,11
BRDA:252,10,0,0
BRDA:258,11,0,10
BRDA:259,12,0,8
BRDA:259,13,0,0
BRDA:261,14,0,0
BRDA:265,15,0,9
BRDA:266,16,0,8
BRDA:266,17,0,6
BRDA:266,18,0,4
BRDA:268,19,0,5
BRDA:272,20,0,4
BRDA:273,21,0,0
BRDA:279,22,0,4
BRDA:281,23,0,2
BRDA:286,24,0,2
BRDA:286,25,0,0
BRDA:289,26,0,2
BRDA:290,27,0,2
BRDA:290,28,0,0
BRDA:290,29,0,0
BRDA:294,30,0,0
BRDA:298,31,0,8
BRDA:303,32,0,12
BRDA:305,33,0,6
BRDA:306,34,0,0
BRDA:311,35,0,4
BRDA:317,36,0,9
BRDA:319,37,0,5
BRDA:321,38,0,4
BRDA:324,39,0,0
BRDA:326,40,0,4
BRDA:328,41,0,0
BRDA:329,42,0,0
BRDA:333,43,0,10
BRDA:335,44,0,6
BRDA:335,45,0,4
BRDA:336,46,0,6
BRDA:338,47,0,4
BRDA:340,48,0,0
BRDA:341,49,0,4
BRDA:343,50,0,0
BRDA:346,51,0,0
BRDA:350,52,0,0
BRDA:359,53,0,3
BRDA:361,54,0,1
BRDA:363,55,0,2
BRDA:364,56,0,1
BRDA:370,57,0,3
BRDA:371,58,0,0
BRDA:384,59,0,4
BRDA:385,60,0,0
BRDA:386,61,0,0
BRDA:414,62,0,0
BRDA:418,63,0,24
BRDA:419,64,0,4
BRDA:419,65,0,20
BRDA:419,66,0,12
BRDA:424,67,0,5
BRDA:425,68,0,0
BRDA:443,69,0,0
BRDA:449,70,0,0
BRDA:451,71,0,0
BRDA:455,72,0,0
BRDA:465,73,0,1
BRDA:465,74,0,4
BRDA:467,75,0,1
BRDA:488,76,0,2
BRDA:466,77,0,3
BRDA:468,78,0,3
BRDA:474,79,0,0
BRDA:477,80,0,0
BRDA:480,81,0,0
BRDA:502,82,0,4
BRDA:503,83,0,0
BRDA:504,84,0,0
BRDA:508,85,0,0
BRDA:513,86,0,5
BRDA:514,87,0,0
BRDA:515,88,0,1
BRDA:517,89,0,4
BRDA:523,90,0,0
BRDA:524,91,0,4
BRDA:526,92,0,4
BRDA:526,93,0,0
BRDA:527,94,0,4
BRDA:527,95,0,0
BRDA:529,96,0,4
BRDA:529,97,0,0
BRDA:532,98,0,4
BRDA:532,99,0,0
BRDA:532,100,0,0
BRDA:538,101,0,4
BRDA:538,102,0,0
BRDA:538,103,0,4
BRDA:539,104,0,0
BRDA:540,105,0,0
BRDA:542,106,0,4
BRDA:547,107,0,3
BRDA:549,108,0,2
BRDA:551,109,0,4
BRDA:554,110,0,4
BRDA:563,111,0,5
BRDA:564,112,0,0
BRDA:565,113,0,0
BRDA:567,114,0,5
BRDA:575,115,0,0
BRDA:576,116,0,0
BRDA:592,117,0,0
BRDA:598,118,0,1
BRDA:603,119,0,0
BRDA:608,120,0,0
BRDA:612,121,0,1
BRDA:618,122,0,0
BRDA:620,123,0,0
BRDA:569,124,0,5
BRDA:572,125,0,0
BRDA:644,126,0,5
BRDA:646,127,0,2
BRDA:646,128,0,0
BRDA:649,129,0,1
BRDA:654,130,0,0
BRDA:664,131,0,0
BRDA:664,132,0,0
BRDA:673,133,0,1
BRDA:673,134,0,1
BRDA:701,135,0,46
BRDA:707,136,0,5
BRDA:709,137,0,4
BRDA:709,138,0,1
BRDA:712,139,0,2
BRDA:720,140,0,3
BRDA:722,141,0,0
BRDA:724,142,0,1
BRDA:732,143,0,4
BRDA:734,144,0,3
BRDA:734,145,0,1
BRDA:737,146,0,1
BRDA:745,147,0,4
BRDA:747,148,0,3
BRDA:747,149,0,1
BRDA:749,150,0,3
BRDA:751,151,0,1
BRDA:757,152,0,3
BRDA:759,153,0,0
BRDA:760,154,0,0
BRDA:761,155,0,2
BRDA:762,156,0,1
BRDA:770,157,0,2
BRDA:772,158,0,0
BRDA:773,159,0,0
BRDA:774,160,0,1
BRDA:782,161,0,2
BRDA:784,162,0,0
BRDA:786,163,0,1
BRDA:794,164,0,5
BRDA:797,165,0,3
BRDA:797,166,0,2
BRDA:797,167,0,2
BRDA:799,168,0,3
BRDA:801,169,0,1
BRDA:803,170,0,2
BRDA:805,171,0,0
BRDA:807,172,0,1
BRDA:807,173,0,1
BRDA:808,174,0,2
BRDA:810,175,0,3
BRDA:818,176,0,2
BRDA:820,177,0,0
BRDA:822,178,0,1
BRDA:830,179,0,2
BRDA:832,180,0,0
BRDA:833,181,0,1
BRDA:845,182,0,5
BRDA:847,183,0,3
BRDA:847,184,0,2
BRDA:847,185,0,2
BRDA:847,186,0,3
BRDA:849,187,0,2
BRDA:852,188,0,3
BRDA:970,189,0,4
BRDA:972,190,0,0
BRDA:973,191,0,0
BRDA:978,192,0,0
BRDA:979,193,0,0
BRDA:992,194,0,0
BRDA:1004,195,0,0
BRDA:1006,196,0,0
BRDA:1006,197,0,0
BRDA:1009,198,0,0
BRDA:1018,199,0,0
BRDA:1025,200,0,0
BRDA:1032,201,0,0
BRDA:1043,202,0,1
BRDA:1045,203,0,3
BRDA:1053,204,0,1
BRDA:996,205,0,4
BRDA:997,206,0,0
BRDA:1031,207,0,4
BRDA:1059,208,0,5
BRDA:1068,209,0,0
BRDA:1069,210,0,0
BRDA:1073,211,0,0
BRDA:1077,212,0,0
BRDA:1081,213,0,0
BRDA:1107,214,0,0
BRDA:1110,215,0,0
BRDA:1119,216,0,0
BRDA:1126,217,0,0
BRDA:1133,218,0,0
BRDA:1144,219,0,1
BRDA:1146,220,0,4
BRDA:1154,221,0,1
BRDA:1080,222,0,5
BRDA:1091,223,0,5
BRDA:1092,224,0,0
BRDA:1099,225,0,5
BRDA:1100,226,0,0
BRDA:1132,227,0,5
BRF:228
BRH:138
end_of_record
TN:
SF:electron/utils/fileOps.js
FN:8,fileExists
FN:24,ensureDir
FN:37,listDir
FN:53,readFile
FN:69,saveFile
FN:89,deleteFile
FN:99,getFileStats
FN:121,hashFile
FNF:8
FNH:8
FNDA:12,fileExists
FNDA:3,ensureDir
FNDA:3,listDir
FNDA:3,readFile
FNDA:4,saveFile
FNDA:2,deleteFile
FNDA:3,getFileStats
FNDA:3,hashFile
DA:1,1
DA:4,1
DA:8,1
DA:9,12
DA:10,12
DA:11,12
DA:12,6
DA:13,6
DA:14,6
DA:15,5
DA:16,5
DA:17,6
DA:18,1
DA:19,1
DA:20,1
DA:21,6
DA:22,12
DA:24,1
DA:25,3
DA:26,3
DA:27,3
DA:28,2
DA:29,1
DA:30,2
DA:31,3
DA:32,1
DA:33,1
DA:34,1
DA:35,3
DA:37,1
DA:38,3
DA:39,3
DA:40,3
DA:41,3
DA:42,2
DA:43,1
DA:44,3
DA:45,1
DA:46,1
DA:47,3
DA:48,2
DA:49,2
DA:50,2
DA:51,3
DA:53,1
DA:54,3
DA:55,3
DA:56,3
DA:57,3
DA:58,2
DA:59,1
DA:60,3
DA:61,1
DA:62,1
DA:63,3
DA:64,2
DA:65,2
DA:66,2
DA:67,3
DA:69,1
DA:70,4
DA:71,4
DA:72,4
DA:73,4
DA:75,4
DA:76,0
DA:77,0
DA:78,4
DA:80,4
DA:81,3
DA:82,3
DA:83,4
DA:84,1
DA:85,1
DA:86,1
DA:87,4
DA:89,1
DA:90,2
DA:91,2
DA:92,1
DA:93,1
DA:94,1
DA:95,1
DA:96,1
DA:97,2
DA:99,1
DA:100,3
DA:101,3
DA:102,1
DA:103,3
DA:104,2
DA:105,1
DA:106,1
DA:107,1
DA:108,1
DA:109,1
DA:110,1
DA:111,2
DA:112,3
DA:114,1
DA:115,1
DA:116,1
DA:117,1
DA:118,1
DA:119,1
DA:120,1
DA:121,1
DA:122,3
DA:123,3
DA:124,3
DA:125,3
DA:126,3
DA:127,3
DA:128,1
DA:129,1
DA:130,3
DA:131,3
DA:132,3
LF:118
LH:116
BRDA:8,0,0,12
BRDA:11,1,0,6
BRDA:14,2,0,5
BRDA:17,3,0,1
BRDA:24,4,0,3
BRDA:27,5,0,2
BRDA:28,6,0,1
BRDA:31,7,0,1
BRDA:37,8,0,3
BRDA:41,9,0,2
BRDA:42,10,0,1
BRDA:44,11,0,1
BRDA:47,12,0,2
BRDA:43,13,0,2
BRDA:53,14,0,3
BRDA:57,15,0,2
BRDA:58,16,0,1
BRDA:60,17,0,1
BRDA:63,18,0,2
BRDA:69,19,0,4
BRDA:75,20,0,0
BRDA:80,21,0,3
BRDA:83,22,0,1
BRDA:89,23,0,2
BRDA:91,24,0,1
BRDA:99,25,0,3
BRDA:101,26,0,1
BRDA:103,27,0,2
BRDA:104,28,0,1
BRDA:121,29,0,3
BRDA:122,30,0,3
BRDA:125,31,0,2
BRDA:126,32,0,2
BRDA:127,33,0,1
BRF:34
BRH:33
end_of_record
TN:
SF:electron/utils/fileSec.js
FN:3,safeJoin
FN:47,safePath
FNF:2
FNH:2
FNDA:16,safeJoin
FNDA:11,safePath
DA:1,1
DA:3,1
DA:4,16
DA:5,3
DA:6,3
DA:8,16
DA:9,3
DA:10,3
DA:12,10
DA:13,16
DA:15,16
DA:16,16
DA:17,16
DA:18,2
DA:19,2
DA:21,8
DA:22,8
DA:23,16
DA:24,4
DA:25,4
DA:27,4
DA:28,16
DA:29,16
DA:30,16
DA:31,16
DA:32,16
DA:33,16
DA:34,1
DA:35,1
DA:36,1
DA:37,1
DA:39,16
DA:40,16
DA:41,0
DA:42,16
DA:43,3
DA:44,3
DA:45,16
DA:47,1
DA:48,11
DA:49,11
DA:50,3
DA:51,3
DA:53,11
DA:54,1
DA:55,1
DA:57,7
DA:58,7
DA:60,7
DA:61,7
DA:62,7
DA:63,2
DA:64,2
DA:65,11
DA:66,0
DA:67,0
DA:68,0
DA:69,0
DA:71,11
DA:73,11
DA:75,11
DA:76,11
DA:77,2
DA:78,2
DA:80,3
DA:81,11
DA:82,1
DA:83,1
DA:85,2
DA:86,2
LF:70
LH:65
BRDA:3,0,0,16
BRDA:4,1,0,13
BRDA:4,2,0,3
BRDA:6,3,0,13
BRDA:8,4,0,3
BRDA:8,5,0,3
BRDA:10,6,0,10
BRDA:13,7,0,0
BRDA:17,8,0,2
BRDA:19,9,0,8
BRDA:23,10,0,4
BRDA:28,11,0,0
BRDA:33,12,0,1
BRDA:37,13,0,3
BRDA:39,14,0,0
BRDA:40,15,0,0
BRDA:42,16,0,3
BRDA:16,17,0,25
BRDA:22,18,0,19
BRDA:22,19,0,18
BRDA:30,20,0,10
BRDA:30,21,0,8
BRDA:47,22,0,11
BRDA:49,23,0,3
BRDA:51,24,0,8
BRDA:53,25,0,1
BRDA:55,26,0,7
BRDA:62,27,0,2
BRDA:65,28,0,0
BRDA:69,29,0,5
BRDA:71,30,0,0
BRDA:76,31,0,2
BRDA:78,32,0,3
BRDA:81,33,0,1
BRDA:83,34,0,2
BRF:35
BRH:29
end_of_record
TN:
SF:electron/utils/logger.js
FNF:0
FNH:0
DA:1,1
DA:3,1
DA:4,1
DA:5,1
DA:6,1
DA:7,1
DA:8,1
DA:9,1
DA:10,1
LF:9
LH:9
BRF:0
BRH:0
end_of_record
TN:
SF:electron/utils/pdfGenerator.js
FN:12,generateFindingsReport
FN:33,getQuestionCode
FN:34,findResponseForRow
FN:51,normalizeRiskLevel
FNF:4
FNH:4
FNDA:17,generateFindingsReport
FNDA:16,getQuestionCode
FNDA:10,findResponseForRow
FNDA:12,normalizeRiskLevel
DA:1,1
DA:4,1
DA:5,1
DA:6,1
DA:7,1
DA:8,1
DA:9,1
DA:10,1
DA:11,1
DA:12,1
DA:13,17
DA:14,17
DA:15,17
DA:16,17
DA:17,17
DA:18,17
DA:19,17
DA:20,17
DA:22,17
DA:23,17
DA:24,17
DA:25,17
DA:26,17
DA:27,17
DA:29,17
DA:30,17
DA:31,17
DA:33,17
DA:34,17
DA:35,10
DA:36,10
DA:37,10
DA:38,9
DA:39,9
DA:41,10
DA:42,10
DA:43,0
DA:44,0
DA:46,10
DA:47,10
DA:48,10
DA:49,10
DA:51,17
DA:52,12
DA:54,17
DA:55,17
DA:56,17
DA:57,17
DA:59,17
DA:60,10
DA:61,10
DA:62,10
DA:63,9
DA:64,10
DA:65,6
DA:66,6
DA:67,6
DA:68,6
DA:69,6
DA:70,6
DA:71,6
DA:72,6
DA:73,6
DA:74,6
DA:75,6
DA:76,6
DA:77,6
DA:78,6
DA:79,6
DA:80,6
DA:81,6
DA:82,6
DA:83,6
DA:84,6
DA:85,10
DA:87,11
DA:88,17
DA:89,6
DA:90,6
DA:91,17
DA:92,5
DA:93,5
DA:94,6
DA:95,6
DA:96,6
DA:97,6
DA:98,6
DA:99,5
DA:100,5
DA:101,5
DA:102,5
DA:103,5
DA:104,5
DA:105,5
DA:106,5
DA:107,5
DA:108,5
DA:109,5
DA:110,5
DA:111,5
DA:112,5
DA:114,5
DA:116,11
DA:117,11
DA:118,11
DA:119,11
DA:120,17
DA:121,17
DA:122,17
DA:123,17
DA:124,17
DA:125,17
DA:126,17
DA:127,17
DA:128,17
DA:130,17
DA:131,17
DA:132,17
DA:133,17
DA:134,17
DA:136,17
DA:137,17
DA:139,5
DA:140,5
DA:141,5
DA:142,5
DA:143,5
DA:144,5
DA:145,5
DA:146,5
DA:147,5
DA:148,5
DA:149,5
DA:150,5
DA:151,5
DA:152,5
DA:153,5
DA:154,5
DA:155,5
DA:156,5
DA:157,5
DA:158,5
DA:159,5
DA:160,5
DA:161,5
DA:163,11
DA:164,11
DA:165,11
DA:167,11
DA:168,11
DA:170,11
DA:171,11
DA:173,11
DA:174,11
DA:175,11
DA:176,11
DA:177,11
DA:178,11
DA:179,11
DA:180,11
DA:181,11
DA:182,11
DA:183,11
DA:184,11
DA:185,11
DA:186,11
DA:187,11
DA:188,11
DA:189,11
DA:190,11
DA:191,11
DA:192,11
DA:193,11
DA:194,11
DA:195,11
DA:196,11
DA:197,11
DA:198,11
DA:199,11
DA:200,11
DA:201,11
DA:202,11
DA:203,11
DA:204,11
DA:205,11
DA:206,11
DA:207,11
DA:208,11
DA:209,11
DA:210,11
DA:211,11
DA:212,11
DA:213,11
DA:214,11
DA:215,11
DA:216,11
DA:217,11
DA:218,11
DA:219,11
DA:220,11
DA:222,11
DA:224,11
DA:225,11
DA:226,11
DA:227,11
DA:228,11
DA:229,11
DA:230,11
DA:231,11
DA:232,11
DA:233,11
DA:234,11
DA:235,11
DA:236,11
DA:237,11
DA:238,11
DA:239,11
DA:240,11
DA:241,11
DA:242,11
DA:243,11
DA:244,11
DA:245,11
DA:246,11
DA:247,11
DA:248,11
DA:249,11
DA:251,11
DA:252,11
DA:253,11
DA:254,11
DA:255,11
DA:256,11
DA:257,11
DA:258,11
DA:259,11
DA:261,11
DA:262,11
DA:263,11
DA:265,11
DA:266,11
DA:268,11
DA:269,11
DA:270,6
DA:271,11
DA:273,11
DA:274,0
DA:275,11
DA:277,17
DA:278,6
DA:279,6
DA:280,17
LF:252
LH:249
BRDA:12,0,0,17
BRDA:15,1,0,17
BRDA:59,2,0,10
BRDA:62,3,0,9
BRDA:64,4,0,6
BRDA:66,5,0,0
BRDA:69,6,0,0
BRDA:74,7,0,4
BRDA:75,8,0,4
BRDA:75,9,0,2
BRDA:79,10,0,0
BRDA:80,11,0,0
BRDA:82,12,0,5
BRDA:85,13,0,11
BRDA:88,14,0,6
BRDA:91,15,0,5
BRDA:114,16,0,11
BRDA:120,17,0,1
BRDA:137,18,0,5
BRDA:161,19,0,11
BRDA:233,20,0,0
BRDA:246,21,0,10
BRDA:246,22,0,0
BRDA:248,23,0,0
BRDA:277,24,0,6
BRDA:33,25,0,16
BRDA:34,26,0,10
BRDA:37,27,0,9
BRDA:39,28,0,1
BRDA:41,29,0,1
BRDA:42,30,0,8
BRDA:42,31,0,0
BRDA:44,32,0,1
BRDA:46,33,0,0
BRDA:51,34,0,12
BRDA:52,35,0,0
BRDA:93,36,0,6
BRDA:269,37,0,6
BRF:38
BRH:28
end_of_record
TN:
SF:src/App.vue
FN:215,onGeneralCommentsInput
FN:219,clearGeneralComments
FN:223,onWorkspaceChange
FN:230,onImportData
FN:261,onImportSubmit
FN:268,onFinalize
FN:276,onModeChange
FN:283,onRemoveSession
FN:17,__vite_ssr_import_9__.createElementBlock.__vite_ssr_import_9__.createElementVNode.__vite_ssr_import_9__.withDirectives.__vite_ssr_import_9__.createElementVNode.onUpdate:modelValue._cache.<computed>._cache.<computed>
FN:23,__vite_ssr_import_9__.createElementBlock.__vite_ssr_import_9__.createElementVNode.__vite_ssr_import_9__.withDirectives.__vite_ssr_import_9__.createElementVNode.onUpdate:modelValue._cache.<computed>._cache.<computed>
FN:36,__vite_ssr_import_9__.createElementBlock.__vite_ssr_import_9__.createElementVNode.__vite_ssr_import_9__.createElementVNode.onClick._cache.<computed>._cache.<computed>
FN:50,__vite_ssr_import_9__.createElementBlock.__vite_ssr_import_9__.createElementVNode.__vite_ssr_import_9__.createElementVNode.onClick._cache.<computed>._cache.<computed>
FN:57,__vite_ssr_import_9__.createElementBlock.__vite_ssr_import_9__.createElementVNode.__vite_ssr_import_9__.createElementVNode.onClick._cache.<computed>._cache.<computed>
FN:65,__vite_ssr_import_9__.createElementBlock.__vite_ssr_import_9__.createElementVNode.__vite_ssr_import_9__.createElementVNode.onClick._cache.<computed>._cache.<computed>
FN:75,__vite_ssr_import_9__.createElementBlock.__vite_ssr_import_9__.createElementVNode.__vite_ssr_import_9__.createElementVNode.onClick._cache.<computed>._cache.<computed>
FN:82,__vite_ssr_import_9__.createElementBlock.__vite_ssr_import_9__.createElementVNode.__vite_ssr_import_9__.createElementVNode.onClick._cache.<computed>._cache.<computed>
FN:95,__vite_ssr_import_9__.createElementBlock.__vite_ssr_import_9__.createElementBlock.__vite_ssr_import_9__.createElementVNode.onInput._cache.<computed>._cache.<computed>
FN:100,__vite_ssr_import_9__.createElementBlock.__vite_ssr_import_9__.createElementBlock.__vite_ssr_import_9__.createElementVNode.__vite_ssr_import_9__.createElementVNode.onClick._cache.<computed>._cache.<computed>
FN:113,__vite_ssr_import_9__.createElementBlock.__vite_ssr_import_9__.createVNode.onCancel._cache.<computed>._cache.<computed>
FN:127,__vite_ssr_import_9__.createElementBlock.__vite_ssr_import_9__.createElementBlock.__vite_ssr_import_9__.createElementVNode.__vite_ssr_import_9__.createElementBlock.__vite_ssr_import_9__.withDirectives.__vite_ssr_import_9__.createElementVNode.onUpdate:modelValue._cache.<computed>._cache.<computed>
FN:135,__vite_ssr_import_9__.createElementBlock.__vite_ssr_import_9__.createElementBlock.__vite_ssr_import_9__.createElementVNode.__vite_ssr_import_9__.createElementBlock.__vite_ssr_import_9__.withDirectives.__vite_ssr_import_9__.createElementVNode.onUpdate:modelValue._cache.<computed>._cache.<computed>
FN:149,__vite_ssr_import_9__.createElementBlock.__vite_ssr_import_9__.createElementBlock.__vite_ssr_import_9__.createElementVNode.__vite_ssr_import_9__.createElementVNode.__vite_ssr_import_9__.withDirectives.__vite_ssr_import_9__.createElementVNode.onUpdate:modelValue._cache.<computed>._cache.<computed>
FN:171,__vite_ssr_import_9__.createElementBlock.__vite_ssr_import_9__.createElementBlock.__vite_ssr_import_9__.createElementVNode.__vite_ssr_import_9__.createElementVNode.__vite_ssr_import_9__.createElementVNode.onClick._cache.<computed>._cache.<computed>
FNF:23
FNH:8
FNDA:0,onGeneralCommentsInput
FNDA:0,clearGeneralComments
FNDA:0,onWorkspaceChange
FNDA:3,onImportData
FNDA:3,onImportSubmit
FNDA:0,onFinalize
FNDA:0,onModeChange
FNDA:1,onRemoveSession
FNDA:0,__vite_ssr_import_9__.createElementBlock.__vite_ssr_import_9__.createElementVNode.__vite_ssr_import_9__.withDirectives.__vite_ssr_import_9__.createElementVNode.onUpdate:modelValue._cache.<computed>._cache.<computed>
FNDA:0,__vite_ssr_import_9__.createElementBlock.__vite_ssr_import_9__.createElementVNode.__vite_ssr_import_9__.withDirectives.__vite_ssr_import_9__.createElementVNode.onUpdate:modelValue._cache.<computed>._cache.<computed>
FNDA:6,__vite_ssr_import_9__.createElementBlock.__vite_ssr_import_9__.createElementVNode.__vite_ssr_import_9__.createElementVNode.onClick._cache.<computed>._cache.<computed>
FNDA:0,__vite_ssr_import_9__.createElementBlock.__vite_ssr_import_9__.createElementVNode.__vite_ssr_import_9__.createElementVNode.onClick._cache.<computed>._cache.<computed>
FNDA:0,__vite_ssr_import_9__.createElementBlock.__vite_ssr_import_9__.createElementVNode.__vite_ssr_import_9__.createElementVNode.onClick._cache.<computed>._cache.<computed>
FNDA:0,__vite_ssr_import_9__.createElementBlock.__vite_ssr_import_9__.createElementVNode.__vite_ssr_import_9__.createElementVNode.onClick._cache.<computed>._cache.<computed>
FNDA:0,__vite_ssr_import_9__.createElementBlock.__vite_ssr_import_9__.createElementVNode.__vite_ssr_import_9__.createElementVNode.onClick._cache.<computed>._cache.<computed>
FNDA:0,__vite_ssr_import_9__.createElementBlock.__vite_ssr_import_9__.createElementVNode.__vite_ssr_import_9__.createElementVNode.onClick._cache.<computed>._cache.<computed>
FNDA:0,__vite_ssr_import_9__.createElementBlock.__vite_ssr_import_9__.createElementBlock.__vite_ssr_import_9__.createElementVNode.onInput._cache.<computed>._cache.<computed>
FNDA:0,__vite_ssr_import_9__.createElementBlock.__vite_ssr_import_9__.createElementBlock.__vite_ssr_import_9__.createElementVNode.__vite_ssr_import_9__.createElementVNode.onClick._cache.<computed>._cache.<computed>
FNDA:0,__vite_ssr_import_9__.createElementBlock.__vite_ssr_import_9__.createVNode.onCancel._cache.<computed>._cache.<computed>
FNDA:2,__vite_ssr_import_9__.createElementBlock.__vite_ssr_import_9__.createElementBlock.__vite_ssr_import_9__.createElementVNode.__vite_ssr_import_9__.createElementBlock.__vite_ssr_import_9__.withDirectives.__vite_ssr_import_9__.createElementVNode.onUpdate:modelValue._cache.<computed>._cache.<computed>
FNDA:2,__vite_ssr_import_9__.createElementBlock.__vite_ssr_import_9__.createElementBlock.__vite_ssr_import_9__.createElementVNode.__vite_ssr_import_9__.createElementBlock.__vite_ssr_import_9__.withDirectives.__vite_ssr_import_9__.createElementVNode.onUpdate:modelValue._cache.<computed>._cache.<computed>
FNDA:4,__vite_ssr_import_9__.createElementBlock.__vite_ssr_import_9__.createElementBlock.__vite_ssr_import_9__.createElementVNode.__vite_ssr_import_9__.createElementVNode.__vite_ssr_import_9__.withDirectives.__vite_ssr_import_9__.createElementVNode.onUpdate:modelValue._cache.<computed>._cache.<computed>
FNDA:1,__vite_ssr_import_9__.createElementBlock.__vite_ssr_import_9__.createElementBlock.__vite_ssr_import_9__.createElementVNode.__vite_ssr_import_9__.createElementVNode.__vite_ssr_import_9__.createElementVNode.onClick._cache.<computed>._cache.<computed>
DA:1,1
DA:2,1
DA:3,1
DA:4,1
DA:5,1
DA:6,1
DA:7,1
DA:8,1
DA:9,1
DA:10,1
DA:11,1
DA:12,1
DA:13,1
DA:14,1
DA:15,1
DA:16,1
DA:17,1
DA:18,1
DA:19,1
DA:20,1
DA:22,1
DA:23,1
DA:24,1
DA:25,1
DA:26,1
DA:27,1
DA:28,1
DA:30,1
DA:31,1
DA:32,1
DA:33,1
DA:34,1
DA:35,1
DA:36,1
DA:38,1
DA:39,1
DA:40,1
DA:42,1
DA:43,1
DA:44,1
DA:45,1
DA:47,1
DA:48,1
DA:49,1
DA:50,1
DA:52,1
DA:53,1
DA:54,1
DA:55,1
DA:56,1
DA:57,1
DA:59,1
DA:60,1
DA:61,1
DA:62,1
DA:63,1
DA:64,1
DA:65,1
DA:67,1
DA:68,1
DA:69,1
DA:70,1
DA:71,1
DA:72,1
DA:73,1
DA:74,1
DA:75,1
DA:76,1
DA:78,1
DA:80,1
DA:81,1
DA:82,1
DA:83,1
DA:85,1
DA:86,1
DA:87,1
DA:89,1
DA:90,1
DA:91,1
DA:92,1
DA:93,1
DA:94,1
DA:95,1
DA:96,1
DA:97,1
DA:98,1
DA:99,1
DA:100,1
DA:101,1
DA:102,1
DA:104,1
DA:105,1
DA:106,1
DA:108,1
DA:109,1
DA:110,1
DA:111,1
DA:112,1
DA:113,1
DA:114,1
DA:115,1
DA:116,1
DA:117,1
DA:118,1
DA:119,1
DA:121,6
DA:123,1
DA:124,1
DA:125,1
DA:126,1
DA:127,1
DA:128,1
DA:129,1
DA:130,1
DA:131,1
DA:133,1
DA:134,1
DA:135,1
DA:136,1
DA:137,1
DA:138,1
DA:139,1
DA:140,1
DA:142,1
DA:143,1
DA:144,1
DA:145,1
DA:147,1
DA:148,1
DA:149,1
DA:150,1
DA:151,1
DA:152,1
DA:153,1
DA:154,1
DA:156,1
DA:157,1
DA:158,1
DA:159,1
DA:161,1
DA:162,1
DA:163,1
DA:164,1
DA:165,1
DA:166,1
DA:167,1
DA:168,1
DA:170,1
DA:171,1
DA:172,1
DA:173,1
DA:174,1
DA:175,1
DA:176,1
DA:177,1
DA:179,1
DA:180,1
DA:181,1
DA:182,1
DA:183,1
DA:184,1
DA:185,1
DA:186,1
DA:187,1
DA:191,1
DA:192,1
DA:193,1
DA:194,1
DA:195,1
DA:196,1
DA:197,1
DA:198,1
DA:199,1
DA:201,1
DA:202,1
DA:203,1
DA:204,1
DA:205,1
DA:207,1
DA:208,1
DA:209,1
DA:210,1
DA:211,1
DA:212,1
DA:213,1
DA:215,1
DA:216,0
DA:217,0
DA:219,1
DA:220,0
DA:221,0
DA:223,1
DA:224,0
DA:225,0
DA:226,0
DA:227,0
DA:228,0
DA:230,1
DA:231,3
DA:232,1
DA:233,1
DA:234,1
DA:236,2
DA:237,2
DA:239,3
DA:240,1
DA:241,0
DA:242,0
DA:243,0
DA:244,1
DA:245,1
DA:246,1
DA:247,1
DA:248,0
DA:249,0
DA:250,0
DA:251,1
DA:252,1
DA:254,3
DA:255,0
DA:256,0
DA:258,2
DA:259,3
DA:261,1
DA:262,3
DA:263,3
DA:264,2
DA:265,2
DA:266,3
DA:268,1
DA:269,0
DA:270,0
DA:271,0
DA:272,0
DA:273,0
DA:274,0
DA:276,1
DA:277,0
DA:278,0
DA:279,0
DA:280,0
DA:281,0
DA:283,1
DA:284,1
DA:285,0
DA:286,0
DA:287,0
DA:288,1
DA:289,1
DA:291,1
DA:292,6
DA:293,0
DA:294,0
DA:295,6
DA:296,1
DA:298,1
DA:299,10
DA:300,10
DA:301,6
DA:302,6
DA:303,4
DA:304,10
DA:305,1
DA:307,1
DA:308,4
DA:309,4
DA:310,2
DA:311,2
DA:312,2
DA:313,4
DA:314,1
DA:316,1
DA:317,14
DA:318,1
DA:319,1
DA:320,14
DA:321,7
DA:322,7
DA:323,14
DA:324,1
DA:326,1
DA:327,16
DA:328,16
DA:329,16
DA:330,1
DA:331,1
DA:333,1
DA:335,1
DA:336,0
DA:337,0
DA:338,0
DA:339,1
DA:341,1
DA:343,1
DA:344,12
DA:345,11
DA:346,11
DA:347,12
DA:348,12
DA:349,12
DA:350,1
DA:352,1
DA:353,4
DA:354,3
DA:355,3
DA:356,4
DA:357,4
DA:358,4
DA:359,1
DA:361,1
DA:362,16
DA:363,12
DA:364,12
DA:365,16
DA:366,1
DA:368,1
DA:369,16
DA:370,1
DA:372,1
DA:373,1
DA:374,1
DA:375,0
DA:376,0
DA:377,0
DA:378,0
DA:379,1
DA:381,1
DA:382,16
DA:383,16
DA:384,16
DA:385,16
DA:386,16
DA:387,16
DA:388,16
DA:389,16
DA:390,16
DA:391,0
DA:392,16
DA:393,1
DA:395,1
DA:396,14
DA:397,11
DA:398,11
DA:399,11
DA:400,1
LF:345
LH:304
BRDA:230,0,0,3
BRDA:231,1,0,1
BRDA:234,2,0,2
BRDA:239,3,0,1
BRDA:240,4,0,0
BRDA:247,5,0,0
BRDA:252,6,0,2
BRDA:254,7,0,0
BRDA:254,8,0,0
BRDA:256,9,0,2
BRDA:261,10,0,3
BRDA:263,11,0,2
BRDA:283,12,0,1
BRDA:284,13,0,0
BRDA:291,14,0,6
BRDA:292,15,0,0
BRDA:295,16,0,4
BRDA:295,17,0,2
BRDA:298,18,0,10
BRDA:300,19,0,6
BRDA:302,20,0,4
BRDA:304,21,0,0
BRDA:303,22,0,6
BRDA:307,23,0,4
BRDA:309,24,0,2
BRDA:313,25,0,0
BRDA:312,26,0,2
BRDA:316,27,0,14
BRDA:317,28,0,1
BRDA:319,29,0,13
BRDA:320,30,0,7
BRDA:321,31,0,4
BRDA:321,32,0,2
BRDA:322,33,0,6
BRDA:323,34,0,4
BRDA:323,35,0,2
BRDA:326,36,0,16
BRDA:329,37,0,4
BRDA:329,38,0,1
BRDA:329,39,0,1
BRDA:330,40,0,12
BRDA:330,41,0,0
BRDA:330,42,0,0
BRDA:333,43,0,16
BRDA:333,44,0,4
BRDA:333,45,0,12
BRDA:343,46,0,12
BRDA:344,47,0,1
BRDA:344,48,0,1
BRDA:344,49,0,1
BRDA:344,50,0,11
BRDA:346,51,0,1
BRDA:347,52,0,0
BRDA:348,53,0,1
BRDA:349,54,0,1
BRDA:352,55,0,4
BRDA:353,56,0,1
BRDA:353,57,0,1
BRDA:353,58,0,1
BRDA:353,59,0,3
BRDA:355,60,0,1
BRDA:356,61,0,0
BRDA:357,62,0,1
BRDA:358,63,0,0
BRDA:361,64,0,16
BRDA:362,65,0,12
BRDA:363,66,0,0
BRDA:364,67,0,4
BRDA:365,68,0,1
BRDA:368,69,0,16
BRDA:369,70,0,12
BRDA:369,71,0,4
BRDA:373,72,0,16
BRDA:381,73,0,16
BRDA:395,74,0,14
BRDA:396,75,0,11
BRDA:9,76,0,16
BRDA:10,77,0,31
BRDA:10,78,0,2
BRDA:11,79,0,16
BRDA:12,80,0,0
BRDA:16,81,0,16
BRDA:17,82,0,16
BRDA:22,83,0,16
BRDA:23,84,0,16
BRDA:24,85,0,16
BRDA:36,86,0,16
BRDA:38,87,0,22
BRDA:38,88,0,11
BRDA:43,89,0,0
BRDA:44,90,0,0
BRDA:45,91,0,0
BRDA:49,92,0,22
BRDA:49,93,0,11
BRDA:50,94,0,16
BRDA:52,95,0,22
BRDA:52,96,0,11
BRDA:56,97,0,22
BRDA:56,98,0,0
BRDA:57,99,0,16
BRDA:59,100,0,11
BRDA:59,101,0,22
BRDA:65,102,0,16
BRDA:67,103,0,0
BRDA:75,104,0,16
BRDA:82,105,0,16
BRDA:85,106,0,0
BRDA:113,107,0,16
BRDA:118,108,0,8
BRDA:118,109,0,6
BRDA:119,110,0,6
BRDA:124,111,0,4
BRDA:127,112,0,4
BRDA:134,113,0,2
BRDA:135,114,0,2
BRDA:136,115,0,2
BRDA:148,116,0,6
BRDA:149,117,0,6
BRDA:150,118,0,6
BRDA:162,119,0,6
BRDA:162,120,0,8
BRDA:162,121,0,6
BRDA:164,122,0,4
BRDA:164,123,0,4
BRDA:166,124,0,2
BRDA:167,125,0,6
BRDA:171,126,0,6
BRDA:185,127,0,22
BRDA:185,128,0,0
BRDA:186,129,0,11
BRDA:186,130,0,1
BRDA:36,131,0,6
BRDA:127,132,0,2
BRDA:135,133,0,2
BRDA:149,134,0,4
BRDA:171,135,0,1
BRF:136
BRH:114
end_of_record
TN:
SF:src/main.js
FNF:0
FNH:0
DA:1,1
DA:2,1
DA:3,1
DA:4,1
DA:5,1
DA:6,1
DA:7,1
DA:8,1
DA:9,1
DA:10,1
DA:11,1
DA:12,1
DA:13,1
DA:14,1
DA:15,1
LF:15
LH:15
BRF:0
BRH:0
end_of_record
TN:
SF:src/components/ChecklistRow.vue
FN:305,normalizeFindingLevel
FN:308,normalizeRiskLevel
FN:330,evidenceUpload
FN:335,evidenceName
FN:347,openNormativa
FN:352,openNonConformityModal
FN:356,closeNonConformityModal
FN:371,currentLocationId
FN:373,updateResponse
FN:377,updateNonConformityDetail
FN:385,radioChange
FN:399,textAreaChange
FN:403,nonConformityChange
FN:407,riskLevelChange
FN:412,findingLevelChange
FN:417,toggleAudioRecordingComments
FN:425,toggleAudioRecordingNonConformity
FN:433,startAudioRecording
FN:439,mediaRecorder.ondataavailable
FN:443,mediaRecorder.onstop
FN:462,stopAudioRecording
FN:470,saveAudioRecording
FN:511,playAudio
FN:528,removeAudio
FN:556,evidenceChange
FN:592,removeEvidence
FN:609,openCamera
FN:615,capturePhoto
FN:620,blob
FN:641,closeCameraModal
FN:13,__vite_ssr_import_8__.createElementBlock.__vite_ssr_import_8__.createElementVNode.__vite_ssr_import_8__.createElementVNode.__vite_ssr_import_8__.createElementBlock.onClick._cache.<computed>._cache.<computed>
FN:24,__vite_ssr_import_8__.createElementBlock.__vite_ssr_import_8__.createElementVNode.__vite_ssr_import_8__.createElementVNode.__vite_ssr_import_8__.createElementBlock.__vite_ssr_import_8__.createElementVNode.onClick._cache.<computed>._cache.<computed>
FN:44,__vite_ssr_import_8__.createElementBlock.__vite_ssr_import_8__.createElementVNode.onChange._cache.<computed>._cache.<computed>
FN:66,__vite_ssr_import_8__.createElementBlock.__vite_ssr_import_8__.createElementVNode.__vite_ssr_import_8__.createElementVNode.__vite_ssr_import_8__.createElementVNode.onInput._cache.<computed>._cache.<computed>
FN:92,onClick
FN:99,onClick
FN:124,__vite_ssr_import_8__.createElementBlock.__vite_ssr_import_8__.createElementVNode.__vite_ssr_import_8__.createElementVNode.__vite_ssr_import_8__.createElementVNode.__vite_ssr_import_8__.createElementVNode.onChange._cache.<computed>._cache.<computed>
FN:132,__vite_ssr_import_8__.createElementBlock.__vite_ssr_import_8__.createElementVNode.__vite_ssr_import_8__.createElementVNode.__vite_ssr_import_8__.createElementVNode.__vite_ssr_import_8__.createElementVNode.onClick._cache.<computed>._cache.<computed>
FN:153,onClick
FN:176,__vite_ssr_import_8__.createElementBlock.__vite_ssr_import_8__.createElementBlock.__vite_ssr_import_8__.createElementVNode.__vite_ssr_import_8__.createElementVNode.onClick._cache.<computed>._cache.<computed>
FN:193,__vite_ssr_import_8__.createElementBlock.__vite_ssr_import_8__.createElementBlock.__vite_ssr_import_8__.createElementVNode.__vite_ssr_import_8__.createElementVNode.__vite_ssr_import_8__.createElementVNode.__vite_ssr_import_8__.createElementVNode.onChange._cache.<computed>._cache.<computed>
FN:209,__vite_ssr_import_8__.createElementBlock.__vite_ssr_import_8__.createElementBlock.__vite_ssr_import_8__.createElementVNode.__vite_ssr_import_8__.createElementVNode.__vite_ssr_import_8__.createElementVNode.__vite_ssr_import_8__.createElementVNode.onChange._cache.<computed>._cache.<computed>
FN:220,__vite_ssr_import_8__.createElementBlock.__vite_ssr_import_8__.createElementBlock.__vite_ssr_import_8__.createElementVNode.__vite_ssr_import_8__.createElementVNode.onInput._cache.<computed>._cache.<computed>
FNF:43
FNH:33
FNDA:4,normalizeFindingLevel
FNDA:62,normalizeRiskLevel
FNDA:1,evidenceUpload
FNDA:262,evidenceName
FNDA:3,openNormativa
FNDA:2,openNonConformityModal
FNDA:0,closeNonConformityModal
FNDA:11,currentLocationId
FNDA:13,updateResponse
FNDA:3,updateNonConformityDetail
FNDA:1,radioChange
FNDA:1,textAreaChange
FNDA:0,nonConformityChange
FNDA:0,riskLevelChange
FNDA:1,findingLevelChange
FNDA:2,toggleAudioRecordingComments
FNDA:2,toggleAudioRecordingNonConformity
FNDA:3,startAudioRecording
FNDA:0,mediaRecorder.ondataavailable
FNDA:2,mediaRecorder.onstop
FNDA:2,stopAudioRecording
FNDA:5,saveAudioRecording
FNDA:2,playAudio
FNDA:2,removeAudio
FNDA:3,evidenceChange
FNDA:2,removeEvidence
FNDA:1,openCamera
FNDA:1,capturePhoto
FNDA:1,blob
FNDA:3,closeCameraModal
FNDA:0,__vite_ssr_import_8__.createElementBlock.__vite_ssr_import_8__.createElementVNode.__vite_ssr_import_8__.createElementVNode.__vite_ssr_import_8__.createElementBlock.onClick._cache.<computed>._cache.<computed>
FNDA:3,__vite_ssr_import_8__.createElementBlock.__vite_ssr_import_8__.createElementVNode.__vite_ssr_import_8__.createElementVNode.__vite_ssr_import_8__.createElementBlock.__vite_ssr_import_8__.createElementVNode.onClick._cache.<computed>._cache.<computed>
FNDA:1,__vite_ssr_import_8__.createElementBlock.__vite_ssr_import_8__.createElementVNode.onChange._cache.<computed>._cache.<computed>
FNDA:1,__vite_ssr_import_8__.createElementBlock.__vite_ssr_import_8__.createElementVNode.__vite_ssr_import_8__.createElementVNode.__vite_ssr_import_8__.createElementVNode.onInput._cache.<computed>._cache.<computed>
FNDA:0,onClick
FNDA:0,onClick
FNDA:3,__vite_ssr_import_8__.createElementBlock.__vite_ssr_import_8__.createElementVNode.__vite_ssr_import_8__.createElementVNode.__vite_ssr_import_8__.createElementVNode.__vite_ssr_import_8__.createElementVNode.onChange._cache.<computed>._cache.<computed>
FNDA:0,__vite_ssr_import_8__.createElementBlock.__vite_ssr_import_8__.createElementVNode.__vite_ssr_import_8__.createElementVNode.__vite_ssr_import_8__.createElementVNode.__vite_ssr_import_8__.createElementVNode.onClick._cache.<computed>._cache.<computed>
FNDA:2,onClick
FNDA:1,__vite_ssr_import_8__.createElementBlock.__vite_ssr_import_8__.createElementBlock.__vite_ssr_import_8__.createElementVNode.__vite_ssr_import_8__.createElementVNode.onClick._cache.<computed>._cache.<computed>
FNDA:1,__vite_ssr_import_8__.createElementBlock.__vite_ssr_import_8__.createElementBlock.__vite_ssr_import_8__.createElementVNode.__vite_ssr_import_8__.createElementVNode.__vite_ssr_import_8__.createElementVNode.__vite_ssr_import_8__.createElementVNode.onChange._cache.<computed>._cache.<computed>
FNDA:0,__vite_ssr_import_8__.createElementBlock.__vite_ssr_import_8__.createElementBlock.__vite_ssr_import_8__.createElementVNode.__vite_ssr_import_8__.createElementVNode.__vite_ssr_import_8__.createElementVNode.__vite_ssr_import_8__.createElementVNode.onChange._cache.<computed>._cache.<computed>
FNDA:0,__vite_ssr_import_8__.createElementBlock.__vite_ssr_import_8__.createElementBlock.__vite_ssr_import_8__.createElementVNode.__vite_ssr_import_8__.createElementVNode.onInput._cache.<computed>._cache.<computed>
DA:1,1
DA:2,1
DA:3,1
DA:4,1
DA:5,1
DA:6,1
DA:7,1
DA:8,1
DA:9,1
DA:10,0
DA:11,0
DA:12,0
DA:13,0
DA:14,0
DA:16,0
DA:17,1
DA:18,1
DA:19,1
DA:20,1
DA:21,1
DA:22,1
DA:23,1
DA:24,1
DA:26,1
DA:27,1
DA:28,1
DA:29,1
DA:30,1
DA:31,1
DA:32,1
DA:33,1
DA:34,1
DA:35,1
DA:36,1
DA:37,1
DA:38,1
DA:39,1
DA:40,1
DA:41,1
DA:42,1
DA:43,1
DA:44,1
DA:45,1
DA:46,1
DA:47,1
DA:48,1
DA:49,1
DA:50,1
DA:51,1
DA:52,1
DA:53,1
DA:54,1
DA:55,1
DA:56,1
DA:57,1
DA:58,1
DA:59,1
DA:60,1
DA:61,1
DA:62,1
DA:63,1
DA:64,1
DA:65,1
DA:66,1
DA:67,1
DA:68,1
DA:69,1
DA:70,1
DA:71,1
DA:72,1
DA:73,1
DA:85,1
DA:86,1
DA:87,1
DA:88,1
DA:89,1
DA:90,1
DA:92,1
DA:93,1
DA:94,1
DA:95,1
DA:96,1
DA:97,1
DA:98,1
DA:99,1
DA:100,1
DA:101,1
DA:103,1
DA:104,1
DA:105,1
DA:106,1
DA:107,1
DA:108,1
DA:109,1
DA:110,1
DA:111,1
DA:112,1
DA:113,1
DA:114,1
DA:115,1
DA:116,1
DA:117,1
DA:118,1
DA:119,1
DA:120,1
DA:121,1
DA:122,1
DA:123,1
DA:124,1
DA:125,1
DA:126,1
DA:127,1
DA:128,1
DA:129,1
DA:130,1
DA:131,1
DA:132,1
DA:133,1
DA:134,1
DA:135,1
DA:136,1
DA:137,1
DA:138,1
DA:139,1
DA:140,1
DA:141,1
DA:142,1
DA:143,1
DA:144,1
DA:145,1
DA:146,1
DA:147,1
DA:148,1
DA:149,1
DA:150,1
DA:151,1
DA:152,1
DA:153,1
DA:154,1
DA:155,1
DA:156,1
DA:157,1
DA:158,1
DA:159,1
DA:160,1
DA:161,1
DA:162,1
DA:163,1
DA:164,1
DA:165,1
DA:166,1
DA:167,1
DA:168,1
DA:169,1
DA:170,1
DA:171,1
DA:172,1
DA:173,1
DA:174,1
DA:175,1
DA:176,1
DA:177,1
DA:178,1
DA:179,1
DA:180,1
DA:181,1
DA:182,1
DA:183,1
DA:184,1
DA:185,1
DA:186,1
DA:187,1
DA:188,1
DA:189,1
DA:190,1
DA:191,1
DA:192,1
DA:193,1
DA:195,1
DA:196,1
DA:197,1
DA:198,1
DA:199,1
DA:200,1
DA:201,1
DA:202,1
DA:203,1
DA:204,1
DA:205,1
DA:206,1
DA:207,1
DA:208,1
DA:209,1
DA:211,1
DA:212,1
DA:213,1
DA:214,1
DA:215,1
DA:216,1
DA:217,1
DA:218,1
DA:219,1
DA:220,1
DA:221,1
DA:222,1
DA:223,1
DA:224,1
DA:225,1
DA:226,1
DA:227,1
DA:239,1
DA:240,1
DA:241,1
DA:242,1
DA:243,1
DA:244,1
DA:246,1
DA:247,1
DA:248,1
DA:249,1
DA:250,1
DA:251,1
DA:252,1
DA:253,1
DA:254,1
DA:255,1
DA:257,1
DA:258,1
DA:259,1
DA:260,1
DA:261,1
DA:262,1
DA:263,1
DA:264,1
DA:265,1
DA:266,1
DA:267,1
DA:271,1
DA:272,1
DA:273,1
DA:274,1
DA:275,1
DA:276,1
DA:277,1
DA:278,1
DA:280,1
DA:289,1
DA:291,1
DA:292,1
DA:294,1
DA:295,1
DA:296,1
DA:297,1
DA:298,1
DA:300,1
DA:301,1
DA:302,1
DA:303,1
DA:305,1
DA:306,4
DA:308,1
DA:309,62
DA:311,1
DA:313,1
DA:314,60
DA:315,60
DA:316,1
DA:318,1
DA:319,3
DA:320,3
DA:321,1
DA:323,1
DA:324,1
DA:325,1
DA:327,1
DA:328,1
DA:330,1
DA:331,1
DA:332,1
DA:333,1
DA:335,1
DA:336,262
DA:338,1
DA:339,1
DA:340,1
DA:342,1
DA:343,1
DA:344,1
DA:345,1
DA:347,1
DA:348,3
DA:349,3
DA:350,3
DA:352,1
DA:353,2
DA:354,2
DA:356,1
DA:357,0
DA:358,0
DA:360,1
DA:361,1
DA:362,1
DA:363,1
DA:364,1
DA:366,1
DA:367,1
DA:368,1
DA:369,1
DA:370,1
DA:371,1
DA:373,1
DA:374,13
DA:375,13
DA:377,1
DA:378,3
DA:379,3
DA:380,3
DA:381,3
DA:382,3
DA:383,3
DA:385,1
DA:386,1
DA:387,1
DA:389,1
DA:390,1
DA:391,1
DA:392,1
DA:393,1
DA:394,1
DA:395,0
DA:396,0
DA:397,1
DA:399,1
DA:400,1
DA:401,1
DA:403,1
DA:404,0
DA:405,0
DA:407,1
DA:408,0
DA:409,0
DA:410,0
DA:412,1
DA:413,1
DA:414,1
DA:415,1
DA:417,1
DA:418,2
DA:419,1
DA:420,1
DA:421,1
DA:422,1
DA:423,2
DA:425,1
DA:426,2
DA:427,1
DA:428,1
DA:429,1
DA:430,1
DA:431,2
DA:433,1
DA:434,3
DA:435,3
DA:436,2
DA:437,2
DA:439,2
DA:440,0
DA:441,0
DA:443,2
DA:444,2
DA:445,2
DA:446,2
DA:447,2
DA:448,2
DA:450,2
DA:451,3
DA:452,1
DA:453,1
DA:454,1
DA:455,1
DA:456,2
DA:457,3
DA:458,1
DA:459,1
DA:460,3
DA:462,1
DA:463,2
DA:464,2
DA:465,2
DA:466,2
DA:467,2
DA:468,2
DA:470,1
DA:471,5
DA:472,5
DA:473,5
DA:475,5
DA:476,5
DA:478,2
DA:479,2
DA:480,5
DA:481,0
DA:482,0
DA:483,0
DA:484,0
DA:485,0
DA:486,0
DA:487,5
DA:488,2
DA:489,1
DA:491,1
DA:492,1
DA:493,1
DA:494,5
DA:495,5
DA:497,5
DA:498,5
DA:500,5
DA:501,1
DA:502,5
DA:503,0
DA:504,0
DA:505,1
DA:506,5
DA:507,4
DA:508,4
DA:509,5
DA:511,1
DA:512,2
DA:513,2
DA:514,2
DA:515,2
DA:516,1
DA:517,1
DA:518,1
DA:520,1
DA:521,1
DA:522,1
DA:523,2
DA:524,0
DA:525,0
DA:526,2
DA:528,1
DA:529,2
DA:530,2
DA:531,2
DA:532,2
DA:534,2
DA:535,2
DA:536,2
DA:537,2
DA:538,0
DA:539,2
DA:540,2
DA:541,1
DA:543,1
DA:544,1
DA:545,1
DA:546,1
DA:547,2
DA:548,0
DA:549,0
DA:550,1
DA:551,1
DA:552,1
DA:553,1
DA:554,2
DA:556,1
DA:557,3
DA:558,3
DA:560,3
DA:561,4
DA:562,4
DA:563,4
DA:564,4
DA:565,0
DA:566,4
DA:567,4
DA:568,3
DA:570,3
DA:572,4
DA:573,2
DA:574,2
DA:575,1
DA:576,1
DA:577,1
DA:578,4
DA:579,1
DA:580,1
DA:581,1
DA:582,4
DA:583,1
DA:584,1
DA:585,1
DA:586,4
DA:588,3
DA:589,3
DA:590,3
DA:592,1
DA:593,2
DA:594,2
DA:595,2
DA:596,0
DA:597,2
DA:598,2
DA:599,1
DA:600,2
DA:601,1
DA:602,1
DA:603,1
DA:605,2
DA:606,2
DA:607,2
DA:609,1
DA:610,1
DA:611,1
DA:612,1
DA:613,1
DA:615,1
DA:616,1
DA:617,1
DA:618,1
DA:619,1
DA:620,1
DA:621,1
DA:622,1
DA:623,1
DA:624,1
DA:625,1
DA:626,1
DA:627,1
DA:628,0
DA:629,1
DA:630,1
DA:631,1
DA:632,1
DA:633,1
DA:634,1
DA:635,1
DA:636,1
DA:637,1
DA:638,1
DA:639,1
DA:641,1
DA:642,3
DA:643,3
DA:644,2
DA:645,2
DA:646,3
LF:549
LH:516
BRDA:305,0,0,4
BRDA:306,1,0,1
BRDA:306,2,0,1
BRDA:306,3,0,3
BRDA:308,4,0,62
BRDA:309,5,0,0
BRDA:309,6,0,0
BRDA:311,7,0,2
BRDA:313,8,0,60
BRDA:314,9,0,2
BRDA:318,10,0,3
BRDA:319,11,0,2
BRDA:324,12,0,60
BRDA:324,13,0,2
BRDA:330,14,0,1
BRDA:335,15,0,262
BRDA:336,16,0,0
BRDA:347,17,0,3
BRDA:352,18,0,2
BRDA:370,19,0,56
BRDA:371,20,0,11
BRDA:371,21,0,0
BRDA:373,22,0,13
BRDA:377,23,0,3
BRDA:379,24,0,2
BRDA:385,25,0,1
BRDA:394,26,0,0
BRDA:399,27,0,1
BRDA:412,28,0,1
BRDA:417,29,0,2
BRDA:418,30,0,1
BRDA:425,31,0,2
BRDA:426,32,0,1
BRDA:433,33,0,3
BRDA:435,34,0,2
BRDA:451,35,0,1
BRDA:455,36,0,2
BRDA:457,37,0,1
BRDA:443,38,0,2
BRDA:447,39,0,2
BRDA:462,40,0,2
BRDA:470,41,0,5
BRDA:476,42,0,2
BRDA:480,43,0,0
BRDA:487,44,0,2
BRDA:488,45,0,1
BRDA:489,46,0,1
BRDA:494,47,0,0
BRDA:500,48,0,1
BRDA:502,49,0,0
BRDA:504,50,0,1
BRDA:506,51,0,4
BRDA:511,52,0,2
BRDA:514,53,0,1
BRDA:515,54,0,1
BRDA:523,55,0,0
BRDA:528,56,0,2
BRDA:530,57,0,0
BRDA:531,58,0,0
BRDA:537,59,0,0
BRDA:540,60,0,1
BRDA:547,61,0,0
BRDA:549,62,0,1
BRDA:544,63,0,1
BRDA:556,64,0,3
BRDA:558,65,0,0
BRDA:560,66,0,4
BRDA:564,67,0,0
BRDA:567,68,0,3
BRDA:572,69,0,2
BRDA:574,70,0,1
BRDA:578,71,0,1
BRDA:582,72,0,1
BRDA:570,73,0,3
BRDA:592,74,0,2
BRDA:595,75,0,0
BRDA:598,76,0,1
BRDA:600,77,0,1
BRDA:605,78,0,2
BRDA:609,79,0,1
BRDA:615,80,0,1
BRDA:625,81,0,0
BRDA:627,82,0,0
BRDA:620,83,0,1
BRDA:632,84,0,1
BRDA:641,85,0,3
BRDA:643,86,0,2
BRDA:644,87,0,2
BRDA:10,88,0,0
BRDA:9,89,0,0
BRDA:20,90,0,55
BRDA:20,91,0,55
BRDA:24,92,0,55
BRDA:30,93,0,56
BRDA:30,94,0,56
BRDA:51,95,0,4
BRDA:51,96,0,71
BRDA:56,97,0,0
BRDA:66,98,0,56
BRDA:70,99,0,0
BRDA:88,100,0,73
BRDA:124,101,0,56
BRDA:132,102,0,56
BRDA:224,103,0,0
BRDA:24,104,0,3
BRDA:44,105,0,56
BRDA:47,106,0,56
BRDA:44,107,0,1
BRDA:66,108,0,1
BRDA:124,109,0,3
BRDA:153,110,0,2
BRDA:171,111,0,1
BRDA:176,112,0,1
BRDA:193,113,0,1
BRF:114
BRH:91
end_of_record
TN:
SF:src/components/ChecklistTable.vue
FN:50,getQuestionCode
FN:52,getSessionForRow
FN:62,topicChange
FN:73,isLinkedOpenFinding
FN:84,onGoFollowUp
FNF:5
FNH:4
FNDA:78,getQuestionCode
FNDA:39,getSessionForRow
FNDA:44,topicChange
FNDA:39,isLinkedOpenFinding
FNDA:0,onGoFollowUp
DA:1,1
DA:2,1
DA:3,1
DA:4,1
DA:5,1
DA:6,1
DA:7,1
DA:8,1
DA:9,1
DA:10,1
DA:11,1
DA:12,1
DA:13,1
DA:14,1
DA:15,1
DA:16,1
DA:17,1
DA:18,1
DA:19,1
DA:20,1
DA:21,1
DA:22,1
DA:23,1
DA:24,1
DA:25,1
DA:26,1
DA:27,1
DA:28,1
DA:29,1
DA:30,1
DA:31,1
DA:32,1
DA:33,1
DA:34,1
DA:35,1
DA:36,1
DA:40,1
DA:41,1
DA:42,1
DA:44,1
DA:45,1
DA:46,1
DA:48,1
DA:50,1
DA:52,1
DA:53,39
DA:54,39
DA:55,39
DA:56,39
DA:57,39
DA:58,2
DA:59,39
DA:60,39
DA:62,1
DA:63,44
DA:64,1
DA:65,1
DA:66,44
DA:67,43
DA:68,43
DA:69,43
DA:70,43
DA:71,44
DA:73,1
DA:74,39
DA:75,38
DA:76,38
DA:77,39
DA:78,39
DA:79,1
DA:80,1
DA:81,0
DA:82,39
DA:84,1
DA:85,0
DA:86,0
LF:76
LH:73
BRDA:50,0,0,78
BRDA:50,1,0,0
BRDA:52,2,0,39
BRDA:55,3,0,2
BRDA:56,4,0,2
BRDA:57,5,0,2
BRDA:62,6,0,44
BRDA:63,7,0,43
BRDA:63,8,0,1
BRDA:66,9,0,43
BRDA:73,10,0,39
BRDA:74,11,0,38
BRDA:76,12,0,1
BRDA:77,13,0,0
BRDA:78,14,0,1
BRDA:80,15,0,0
BRDA:25,16,0,14
BRDA:25,17,0,1
BRDA:26,18,0,0
BRDA:26,19,0,0
BRDA:32,20,0,38
BRF:21
BRH:16
end_of_record
TN:
SF:src/components/FollowUpTable.vue
FN:102,getFindingId
FN:103,toDomId
FN:104,getLocationId
FN:106,getField
FN:114,onFieldChange
FN:129,evidenceName
FN:132,getEvidenceList
FN:141,triggerEvidenceUpload
FN:151,onEvidenceChange
FN:191,removeEvidence
FN:32,onInput
FN:40,onChange
FN:48,onChange
FN:59,onChange
FN:64,onClick
FN:77,onClick
FNF:16
FNH:13
FNDA:57,getFindingId
FNDA:8,toDomId
FNDA:5,getLocationId
FNDA:24,getField
FNDA:3,onFieldChange
FNDA:12,evidenceName
FNDA:16,getEvidenceList
FNDA:0,triggerEvidenceUpload
FNDA:4,onEvidenceChange
FNDA:2,removeEvidence
FNDA:2,onInput
FNDA:1,onChange
FNDA:0,onChange
FNDA:4,onChange
FNDA:0,onClick
FNDA:2,onClick
DA:1,1
DA:2,1
DA:3,1
DA:4,1
DA:5,1
DA:6,1
DA:7,1
DA:8,1
DA:9,1
DA:10,1
DA:11,1
DA:12,1
DA:13,1
DA:14,1
DA:15,1
DA:16,1
DA:17,1
DA:18,1
DA:19,1
DA:20,1
DA:21,1
DA:22,1
DA:23,1
DA:24,1
DA:25,1
DA:26,1
DA:27,1
DA:28,1
DA:29,1
DA:30,1
DA:31,1
DA:32,1
DA:33,1
DA:34,1
DA:35,1
DA:36,1
DA:37,1
DA:38,1
DA:39,1
DA:40,1
DA:41,1
DA:42,1
DA:43,1
DA:44,1
DA:45,1
DA:46,1
DA:47,1
DA:48,1
DA:49,1
DA:50,1
DA:51,1
DA:52,1
DA:53,1
DA:54,1
DA:55,1
DA:56,1
DA:57,1
DA:58,1
DA:59,1
DA:60,1
DA:61,1
DA:62,1
DA:63,1
DA:64,1
DA:65,1
DA:67,1
DA:68,1
DA:69,1
DA:70,1
DA:71,1
DA:72,1
DA:73,1
DA:74,1
DA:75,1
DA:76,1
DA:77,1
DA:78,1
DA:79,1
DA:80,1
DA:81,1
DA:82,1
DA:83,1
DA:84,1
DA:85,1
DA:86,1
DA:87,1
DA:91,1
DA:92,1
DA:93,1
DA:94,1
DA:95,1
DA:97,1
DA:98,1
DA:99,1
DA:100,1
DA:102,1
DA:103,1
DA:104,1
DA:106,1
DA:107,24
DA:108,24
DA:109,3
DA:110,3
DA:111,24
DA:112,24
DA:114,1
DA:115,3
DA:116,3
DA:117,1
DA:118,1
DA:119,2
DA:121,2
DA:122,3
DA:123,2
DA:124,2
DA:125,2
DA:126,2
DA:127,3
DA:129,1
DA:130,12
DA:132,1
DA:133,16
DA:134,16
DA:135,1
DA:136,1
DA:137,16
DA:138,16
DA:139,16
DA:141,1
DA:142,0
DA:143,0
DA:144,0
DA:145,0
DA:146,0
DA:147,0
DA:148,0
DA:149,0
DA:151,1
DA:152,4
DA:153,4
DA:154,0
DA:155,0
DA:157,4
DA:158,4
DA:159,1
DA:160,1
DA:162,3
DA:164,3
DA:165,3
DA:166,3
DA:167,3
DA:168,3
DA:169,3
DA:170,3
DA:171,3
DA:173,2
DA:174,3
DA:175,1
DA:176,1
DA:177,1
DA:178,1
DA:179,1
DA:180,1
DA:181,1
DA:182,3
DA:183,1
DA:184,1
DA:185,3
DA:187,3
DA:188,3
DA:189,4
DA:191,1
DA:192,2
DA:193,2
DA:194,0
DA:195,0
DA:197,2
DA:198,2
DA:199,2
DA:200,2
DA:201,2
DA:202,2
DA:203,2
DA:204,1
DA:205,1
DA:206,1
DA:208,2
DA:209,2
DA:210,2
LF:189
LH:177
BRDA:102,0,0,57
BRDA:102,1,0,6
BRDA:103,2,0,8
BRDA:103,3,0,1
BRDA:104,4,0,5
BRDA:104,5,0,0
BRDA:106,6,0,24
BRDA:108,7,0,3
BRDA:110,8,0,21
BRDA:111,9,0,9
BRDA:111,10,0,21
BRDA:111,11,0,7
BRDA:111,12,0,14
BRDA:114,13,0,3
BRDA:116,14,0,1
BRDA:118,15,0,2
BRDA:122,16,0,1
BRDA:122,17,0,2
BRDA:123,18,0,0
BRDA:129,19,0,12
BRDA:130,20,0,8
BRDA:130,21,0,4
BRDA:130,22,0,0
BRDA:132,23,0,16
BRDA:134,24,0,1
BRDA:136,25,0,15
BRDA:137,26,0,9
BRDA:138,27,0,9
BRDA:138,28,0,6
BRDA:151,29,0,4
BRDA:153,30,0,0
BRDA:158,31,0,1
BRDA:160,32,0,3
BRDA:171,33,0,2
BRDA:174,34,0,1
BRDA:182,35,0,1
BRDA:173,36,0,1
BRDA:191,37,0,2
BRDA:193,38,0,0
BRDA:203,39,0,1
BRDA:208,40,0,2
BRDA:22,41,0,1
BRDA:23,42,0,1
BRDA:24,43,0,0
BRDA:32,44,0,2
BRDA:40,45,0,1
BRDA:59,46,0,4
BRDA:77,47,0,2
BRF:48
BRH:42
end_of_record
TN:
SF:src/components/ModalWindow.vue
FNF:0
FNH:0
DA:1,1
DA:2,1
DA:3,1
DA:4,1
DA:5,1
DA:6,1
DA:7,1
DA:8,1
DA:10,1
DA:11,1
DA:12,1
DA:13,1
DA:14,1
DA:15,1
DA:19,1
LF:15
LH:15
BRF:0
BRH:0
end_of_record
TN:
SF:src/stores/audioStore.js
FN:13,reset
FN:19,load
FN:35,updateCount
FN:50,add
FN:75,addCount
FN:82,subtract
FNF:6
FNH:6
FNDA:1,reset
FNDA:3,load
FNDA:3,updateCount
FNDA:5,add
FNDA:2,addCount
FNDA:4,subtract
DA:1,1
DA:6,1
DA:7,18
DA:9,18
DA:10,18
DA:12,18
DA:13,18
DA:14,1
DA:15,2
DA:16,2
DA:17,1
DA:19,18
DA:20,3
DA:21,3
DA:22,3
DA:23,3
DA:24,2
DA:25,2
DA:26,2
DA:27,2
DA:28,2
DA:29,3
DA:30,1
DA:31,1
DA:32,1
DA:33,3
DA:35,18
DA:36,3
DA:38,3
DA:39,9
DA:40,9
DA:41,9
DA:42,8
DA:43,9
DA:44,1
DA:45,1
DA:46,9
DA:47,9
DA:48,3
DA:50,18
DA:51,5
DA:52,5
DA:53,5
DA:54,5
DA:56,5
DA:57,5
DA:58,3
DA:59,3
DA:60,1
DA:61,1
DA:62,1
DA:63,3
DA:64,5
DA:65,2
DA:66,1
DA:67,1
DA:68,1
DA:69,2
DA:70,5
DA:71,1
DA:72,1
DA:73,5
DA:75,18
DA:76,2
DA:77,1
DA:78,1
DA:79,2
DA:80,2
DA:82,18
DA:83,4
DA:84,2
DA:85,0
DA:86,2
DA:87,2
DA:88,1
DA:89,1
DA:90,4
DA:91,1
DA:92,1
DA:93,4
DA:95,18
DA:96,18
DA:97,18
DA:98,18
DA:99,18
DA:100,18
DA:101,18
DA:102,18
DA:103,18
DA:104,18
LF:90
LH:89
BRDA:6,0,0,18
BRDA:13,1,0,1
BRDA:14,2,0,2
BRDA:19,3,0,3
BRDA:22,4,0,0
BRDA:23,5,0,2
BRDA:29,6,0,1
BRDA:24,7,0,2
BRDA:35,8,0,3
BRDA:38,9,0,9
BRDA:41,10,0,8
BRDA:43,11,0,1
BRDA:50,12,0,5
BRDA:53,13,0,0
BRDA:57,14,0,3
BRDA:59,15,0,1
BRDA:64,16,0,2
BRDA:65,17,0,1
BRDA:70,18,0,1
BRDA:75,19,0,2
BRDA:76,20,0,1
BRDA:82,21,0,4
BRDA:83,22,0,2
BRDA:84,23,0,0
BRDA:87,24,0,1
BRDA:90,25,0,1
BRF:26
BRH:23
end_of_record
TN:
SF:src/stores/checklistStore.js
FN:54,resolveLocationFromChecklist
FN:100,loadSpecialties
FN:110,loadLocations
FN:119,refreshServiceStatus
FN:134,getWorkspaceDisplayName
FN:139,loadWorkspaces
FN:160,loadChecklist
FN:182,loadFindings
FN:200,showFinalize
FN:206,confirmModal
FN:232,checkDefaultPath
FN:245,exportChecklist
FN:263,exportUploadPayload
FN:311,importChecklist
FN:385,selectWorkspace
FN:449,importFindings
FN:522,goToFollowUpFinding
FN:527,viewGeneratedReport
FN:538,removeInspectionSession
FN:569,removeFollowUpSession
FNF:20
FNH:18
FNDA:8,resolveLocationFromChecklist
FNDA:8,loadSpecialties
FNDA:2,loadLocations
FNDA:1,refreshServiceStatus
FNDA:1,getWorkspaceDisplayName
FNDA:12,loadWorkspaces
FNDA:9,loadChecklist
FNDA:11,loadFindings
FNDA:1,showFinalize
FNDA:3,confirmModal
FNDA:3,checkDefaultPath
FNDA:2,exportChecklist
FNDA:5,exportUploadPayload
FNDA:12,importChecklist
FNDA:3,selectWorkspace
FNDA:6,importFindings
FNDA:1,goToFollowUpFinding
FNDA:3,viewGeneratedReport
FNDA:0,removeInspectionSession
FNDA:0,removeFollowUpSession
DA:1,1
DA:8,1
DA:9,52
DA:10,52
DA:11,52
DA:12,52
DA:14,52
DA:15,52
DA:16,52
DA:17,52
DA:18,52
DA:19,52
DA:20,52
DA:21,52
DA:22,52
DA:23,52
DA:24,52
DA:25,52
DA:26,52
DA:27,52
DA:28,52
DA:29,52
DA:30,52
DA:31,52
DA:32,52
DA:33,52
DA:35,52
DA:36,52
DA:37,52
DA:38,52
DA:39,52
DA:40,52
DA:42,52
DA:43,52
DA:44,52
DA:45,52
DA:46,52
DA:48,52
DA:49,52
DA:50,52
DA:51,52
DA:52,52
DA:54,52
DA:55,8
DA:56,8
DA:57,8
DA:59,8
DA:60,8
DA:61,8
DA:62,0
DA:63,0
DA:64,0
DA:65,0
DA:66,8
DA:68,8
DA:69,0
DA:70,0
DA:71,0
DA:72,0
DA:73,0
DA:75,8
DA:76,2
DA:77,2
DA:78,2
DA:79,2
DA:80,2
DA:82,8
DA:83,0
DA:84,0
DA:85,0
DA:86,0
DA:87,0
DA:89,8
DA:90,5
DA:91,5
DA:92,5
DA:93,5
DA:94,5
DA:96,1
DA:97,8
DA:99,52
DA:100,52
DA:101,8
DA:102,8
DA:103,8
DA:104,1
DA:105,1
DA:106,1
DA:107,1
DA:108,8
DA:110,52
DA:111,2
DA:112,2
DA:113,1
DA:114,1
DA:115,1
DA:116,1
DA:117,2
DA:119,52
DA:120,1
DA:121,1
DA:122,1
DA:123,1
DA:125,1
DA:126,1
DA:128,1
DA:129,1
DA:130,1
DA:131,1
DA:132,1
DA:134,52
DA:135,1
DA:136,1
DA:137,1
DA:139,52
DA:140,12
DA:141,12
DA:142,11
DA:143,1
DA:144,1
DA:145,11
DA:146,12
DA:147,1
DA:148,1
DA:149,1
DA:150,1
DA:151,0
DA:152,0
DA:153,1
DA:154,12
DA:155,1
DA:156,1
DA:157,1
DA:158,12
DA:160,52
DA:161,9
DA:162,9
DA:163,9
DA:165,9
DA:166,9
DA:167,8
DA:168,8
DA:169,8
DA:170,7
DA:172,7
DA:173,7
DA:174,7
DA:175,9
DA:176,1
DA:177,1
DA:178,1
DA:179,9
DA:180,9
DA:182,52
DA:183,11
DA:184,11
DA:186,11
DA:187,11
DA:188,11
DA:189,11
DA:190,11
DA:191,11
DA:192,11
DA:193,11
DA:194,1
DA:195,1
DA:196,1
DA:197,11
DA:198,11
DA:200,52
DA:201,1
DA:202,1
DA:203,1
DA:204,1
DA:205,1
DA:206,52
DA:207,3
DA:208,3
DA:209,3
DA:210,3
DA:211,1
DA:212,1
DA:213,1
DA:214,1
DA:215,3
DA:216,1
DA:217,1
DA:218,1
DA:219,1
DA:220,1
DA:221,1
DA:222,1
DA:223,3
DA:224,1
DA:225,1
DA:226,3
DA:227,3
DA:228,0
DA:229,0
DA:230,0
DA:231,3
DA:232,52
DA:233,3
DA:234,3
DA:235,1
DA:236,1
DA:237,1
DA:238,1
DA:239,1
DA:240,3
DA:241,1
DA:242,1
DA:243,3
DA:245,52
DA:246,2
DA:247,2
DA:248,1
DA:249,1
DA:251,1
DA:252,1
DA:253,2
DA:254,2
DA:255,1
DA:256,1
DA:257,1
DA:258,1
DA:259,1
DA:260,1
DA:261,2
DA:263,52
DA:264,5
DA:265,5
DA:266,1
DA:267,1
DA:269,4
DA:271,5
DA:272,2
DA:273,1
DA:274,1
DA:276,1
DA:277,1
DA:278,1
DA:279,1
DA:280,1
DA:281,1
DA:282,1
DA:283,1
DA:284,2
DA:285,2
DA:286,1
DA:287,1
DA:288,2
DA:289,2
DA:290,1
DA:291,1
DA:293,1
DA:294,1
DA:295,1
DA:296,1
DA:297,1
DA:298,2
DA:299,2
DA:300,1
DA:301,1
DA:302,1
DA:303,1
DA:304,5
DA:305,3
DA:306,5
DA:307,5
DA:308,5
DA:309,5
DA:311,52
DA:312,12
DA:313,12
DA:314,2
DA:315,2
DA:317,12
DA:318,1
DA:319,1
DA:321,9
DA:323,9
DA:324,8
DA:326,8
DA:327,12
DA:328,1
DA:329,1
DA:331,6
DA:332,12
DA:333,1
DA:334,1
DA:335,12
DA:336,5
DA:337,5
DA:338,5
DA:339,12
DA:340,12
DA:341,12
DA:342,12
DA:343,12
DA:344,12
DA:345,12
DA:346,12
DA:347,12
DA:348,12
DA:349,12
DA:350,12
DA:351,5
DA:352,5
DA:353,12
DA:354,12
DA:355,12
DA:356,12
DA:357,12
DA:358,12
DA:359,12
DA:360,12
DA:361,12
DA:362,12
DA:363,12
DA:365,5
DA:366,5
DA:367,5
DA:368,5
DA:369,5
DA:370,5
DA:372,5
DA:373,5
DA:374,5
DA:375,5
DA:377,5
DA:378,12
DA:379,7
DA:380,12
DA:381,12
DA:382,12
DA:383,12
DA:385,52
DA:386,3
DA:387,3
DA:388,3
DA:389,1
DA:390,1
DA:392,2
DA:393,2
DA:394,2
DA:395,3
DA:396,3
DA:398,3
DA:399,3
DA:400,2
DA:401,2
DA:402,1
DA:403,1
DA:404,1
DA:405,1
DA:406,1
DA:407,1
DA:408,1
DA:409,1
DA:410,1
DA:411,1
DA:412,1
DA:413,1
DA:414,1
DA:415,1
DA:416,1
DA:417,1
DA:418,1
DA:419,1
DA:420,1
DA:421,1
DA:422,1
DA:423,1
DA:424,1
DA:425,1
DA:426,1
DA:427,1
DA:428,1
DA:429,1
DA:430,1
DA:431,1
DA:432,2
DA:434,3
DA:435,1
DA:436,1
DA:437,1
DA:438,1
DA:439,1
DA:440,1
DA:441,1
DA:442,1
DA:443,2
DA:444,3
DA:445,1
DA:446,1
DA:447,3
DA:449,52
DA:450,6
DA:451,6
DA:452,1
DA:453,1
DA:455,6
DA:456,1
DA:457,1
DA:459,4
DA:461,4
DA:462,6
DA:463,1
DA:464,1
DA:466,3
DA:467,6
DA:468,6
DA:469,1
DA:471,6
DA:472,6
DA:473,1
DA:474,1
DA:476,2
DA:477,2
DA:478,2
DA:479,2
DA:480,2
DA:481,2
DA:482,2
DA:483,2
DA:484,2
DA:485,2
DA:486,2
DA:487,2
DA:488,2
DA:489,2
DA:490,2
DA:492,2
DA:493,2
DA:494,2
DA:495,2
DA:496,2
DA:497,2
DA:498,2
DA:499,2
DA:500,2
DA:501,2
DA:502,2
DA:503,2
DA:504,2
DA:506,2
DA:507,2
DA:508,2
DA:509,2
DA:510,2
DA:511,2
DA:512,2
DA:514,2
DA:515,6
DA:516,4
DA:517,6
DA:518,6
DA:519,6
DA:520,6
DA:522,52
DA:523,1
DA:524,1
DA:525,1
DA:527,52
DA:528,3
DA:529,3
DA:530,1
DA:531,1
DA:532,2
DA:533,3
DA:534,2
DA:535,2
DA:536,3
DA:538,52
DA:539,0
DA:540,0
DA:541,0
DA:542,0
DA:544,0
DA:545,0
DA:547,0
DA:548,0
DA:549,0
DA:550,0
DA:551,0
DA:552,0
DA:553,0
DA:554,0
DA:555,0
DA:556,0
DA:557,0
DA:558,0
DA:560,0
DA:561,0
DA:562,0
DA:563,0
DA:564,0
DA:565,0
DA:566,0
DA:567,0
DA:569,52
DA:570,0
DA:571,0
DA:572,0
DA:573,0
DA:575,0
DA:576,0
DA:578,0
DA:579,0
DA:580,0
DA:581,0
DA:582,0
DA:583,0
DA:584,0
DA:585,0
DA:586,0
DA:587,0
DA:588,0
DA:589,0
DA:591,0
DA:592,0
DA:593,0
DA:594,0
DA:595,0
DA:596,0
DA:597,0
DA:598,0
DA:600,52
DA:601,52
DA:602,52
DA:603,52
DA:604,52
DA:605,52
DA:606,52
DA:607,52
DA:608,52
DA:609,52
DA:610,52
DA:611,52
DA:612,52
DA:613,52
DA:614,52
DA:615,52
DA:616,52
DA:617,52
DA:618,52
DA:619,52
DA:620,52
DA:621,52
DA:622,52
DA:623,52
DA:624,52
DA:625,52
DA:626,52
DA:627,52
DA:628,52
DA:629,52
DA:630,52
DA:631,52
DA:632,52
DA:633,52
DA:634,52
DA:635,52
DA:636,52
DA:637,52
DA:638,52
DA:639,52
DA:640,52
DA:641,52
DA:642,52
DA:643,52
LF:572
LH:501
BRDA:8,0,0,52
BRDA:54,1,0,8
BRDA:56,2,0,6
BRDA:57,3,0,6
BRDA:68,4,0,0
BRDA:75,5,0,2
BRDA:75,6,0,2
BRDA:78,7,0,0
BRDA:80,8,0,6
BRDA:82,9,0,0
BRDA:82,10,0,0
BRDA:87,11,0,6
BRDA:89,12,0,5
BRDA:89,13,0,5
BRDA:94,14,0,1
BRDA:100,15,0,8
BRDA:102,16,0,7
BRDA:103,17,0,1
BRDA:110,18,0,2
BRDA:112,19,0,1
BRDA:119,20,0,1
BRDA:134,21,0,1
BRDA:135,22,0,0
BRDA:136,23,0,0
BRDA:136,24,0,0
BRDA:136,25,0,0
BRDA:136,26,0,0
BRDA:139,27,0,12
BRDA:141,28,0,11
BRDA:146,29,0,1
BRDA:150,30,0,0
BRDA:154,31,0,1
BRDA:142,32,0,1
BRDA:160,33,0,9
BRDA:166,34,0,8
BRDA:167,35,0,6
BRDA:167,36,0,2
BRDA:169,37,0,7
BRDA:175,38,0,1
BRDA:182,39,0,11
BRDA:188,40,0,10
BRDA:188,41,0,1
BRDA:189,42,0,10
BRDA:190,43,0,0
BRDA:193,44,0,1
BRDA:200,45,0,1
BRDA:206,46,0,3
BRDA:210,47,0,1
BRDA:211,48,0,0
BRDA:215,49,0,1
BRDA:223,50,0,1
BRDA:227,51,0,0
BRDA:232,52,0,3
BRDA:234,53,0,2
BRDA:234,54,0,1
BRDA:240,55,0,1
BRDA:245,56,0,2
BRDA:247,57,0,1
BRDA:253,58,0,0
BRDA:253,59,0,1
BRDA:254,60,0,1
BRDA:263,61,0,5
BRDA:265,62,0,1
BRDA:267,63,0,4
BRDA:271,64,0,2
BRDA:272,65,0,1
BRDA:284,66,0,0
BRDA:285,67,0,1
BRDA:289,68,0,1
BRDA:298,69,0,0
BRDA:298,70,0,1
BRDA:299,71,0,1
BRDA:304,72,0,3
BRDA:311,73,0,12
BRDA:313,74,0,11
BRDA:313,75,0,2
BRDA:315,76,0,10
BRDA:317,77,0,1
BRDA:319,78,0,9
BRDA:323,79,0,8
BRDA:326,80,0,7
BRDA:327,81,0,1
BRDA:329,82,0,6
BRDA:332,83,0,2
BRDA:332,84,0,2
BRDA:332,85,0,1
BRDA:334,86,0,5
BRDA:335,87,0,0
BRDA:335,88,0,5
BRDA:339,89,0,0
BRDA:350,90,0,5
BRDA:353,91,0,0
BRDA:363,92,0,5
BRDA:378,93,0,7
BRDA:385,94,0,3
BRDA:388,95,0,1
BRDA:390,96,0,2
BRDA:395,97,0,1
BRDA:399,98,0,2
BRDA:401,99,0,1
BRDA:405,100,0,0
BRDA:407,101,0,0
BRDA:408,102,0,0
BRDA:419,103,0,0
BRDA:421,104,0,0
BRDA:422,105,0,0
BRDA:434,106,0,1
BRDA:442,107,0,2
BRDA:444,108,0,1
BRDA:387,109,0,2
BRDA:449,110,0,6
BRDA:451,111,0,5
BRDA:451,112,0,1
BRDA:453,113,0,5
BRDA:455,114,0,1
BRDA:457,115,0,4
BRDA:462,116,0,1
BRDA:464,117,0,3
BRDA:467,118,0,1
BRDA:467,119,0,2
BRDA:468,120,0,1
BRDA:471,121,0,3
BRDA:472,122,0,1
BRDA:474,123,0,2
BRDA:515,124,0,4
BRDA:467,125,0,1
BRDA:522,126,0,1
BRDA:524,127,0,0
BRDA:527,128,0,3
BRDA:529,129,0,1
BRDA:531,130,0,2
BRDA:532,131,0,1
BRDA:533,132,0,2
BRF:133
BRH:107
end_of_record
TN:
SF:src/stores/evidenceStore.js
FN:13,reset
FN:19,load
FN:28,updateCount
FN:40,add
FN:70,addCount
FN:74,subtract
FNF:6
FNH:5
FNDA:1,reset
FNDA:2,load
FNDA:1,updateCount
FNDA:6,add
FNDA:0,addCount
FNDA:4,subtract
DA:1,1
DA:6,1
DA:7,13
DA:9,13
DA:10,13
DA:12,13
DA:13,13
DA:14,1
DA:15,2
DA:16,2
DA:17,1
DA:19,13
DA:20,2
DA:21,2
DA:22,2
DA:23,2
DA:24,2
DA:25,2
DA:26,2
DA:28,13
DA:29,1
DA:31,1
DA:32,5
DA:33,3
DA:34,5
DA:35,2
DA:36,2
DA:37,5
DA:38,1
DA:40,13
DA:41,6
DA:42,6
DA:43,6
DA:44,6
DA:45,6
DA:46,6
DA:47,6
DA:48,6
DA:49,6
DA:51,6
DA:52,6
DA:53,4
DA:54,4
DA:55,1
DA:56,1
DA:57,1
DA:58,4
DA:59,6
DA:60,2
DA:61,1
DA:62,1
DA:63,1
DA:64,2
DA:65,6
DA:66,1
DA:67,1
DA:68,6
DA:70,13
DA:71,0
DA:72,0
DA:74,13
DA:75,4
DA:76,3
DA:77,2
DA:78,4
DA:79,1
DA:80,1
DA:81,4
DA:83,13
DA:84,13
DA:85,13
DA:86,13
DA:87,13
DA:88,13
DA:89,13
DA:90,13
DA:91,13
DA:92,13
LF:78
LH:76
BRDA:6,0,0,13
BRDA:13,1,0,1
BRDA:14,2,0,2
BRDA:19,3,0,2
BRDA:21,4,0,2
BRDA:28,5,0,1
BRDA:31,6,0,5
BRDA:32,7,0,3
BRDA:34,8,0,2
BRDA:40,9,0,6
BRDA:52,10,0,4
BRDA:54,11,0,1
BRDA:59,12,0,2
BRDA:60,13,0,1
BRDA:65,14,0,1
BRDA:74,15,0,4
BRDA:75,16,0,3
BRDA:76,17,0,2
BRDA:78,18,0,1
BRF:19
BRH:19
end_of_record
TN:
SF:src/stores/followUpStore.js
FN:16,reset
FN:24,normalizeSummary
FN:42,normalizeResponse
FN:85,collectResponses
FN:108,loadFollowUpSession
FN:156,updateFollowUp
FN:169,finalize
FN:186,displayToast
FNF:8
FNH:7
FNDA:6,reset
FNDA:3,normalizeSummary
FNDA:3,normalizeResponse
FNDA:5,collectResponses
FNDA:6,loadFollowUpSession
FNDA:2,updateFollowUp
FNDA:1,finalize
FNDA:0,displayToast
DA:1,1
DA:7,1
DA:8,9
DA:9,9
DA:10,9
DA:12,9
DA:13,9
DA:14,9
DA:16,9
DA:17,6
DA:18,6
DA:19,6
DA:20,0
DA:21,0
DA:22,6
DA:24,9
DA:25,3
DA:26,3
DA:27,3
DA:28,3
DA:29,3
DA:31,3
DA:32,3
DA:33,3
DA:35,3
DA:36,0
DA:37,0
DA:39,3
DA:40,3
DA:42,9
DA:43,3
DA:44,3
DA:45,3
DA:46,3
DA:47,3
DA:48,3
DA:49,3
DA:50,3
DA:51,3
DA:52,3
DA:53,3
DA:55,3
DA:56,1
DA:57,1
DA:59,3
DA:60,2
DA:61,2
DA:62,2
DA:63,2
DA:64,2
DA:65,2
DA:66,2
DA:67,2
DA:68,2
DA:70,3
DA:71,1
DA:72,1
DA:74,3
DA:75,1
DA:76,1
DA:78,3
DA:79,1
DA:80,1
DA:82,3
DA:83,3
DA:85,9
DA:86,5
DA:87,0
DA:88,0
DA:90,5
DA:91,7
DA:92,2
DA:93,2
DA:95,7
DA:96,2
DA:97,2
DA:98,2
DA:100,7
DA:101,0
DA:102,0
DA:104,3
DA:105,3
DA:106,5
DA:108,9
DA:109,6
DA:111,6
DA:112,6
DA:113,1
DA:114,1
DA:116,6
DA:117,1
DA:118,1
DA:120,4
DA:121,6
DA:122,3
DA:123,3
DA:124,3
DA:125,3
DA:126,3
DA:127,3
DA:128,6
DA:129,1
DA:130,1
DA:132,6
DA:133,1
DA:134,1
DA:135,4
DA:136,4
DA:137,4
DA:138,4
DA:140,4
DA:141,4
DA:143,4
DA:145,6
DA:146,3
DA:147,6
DA:148,1
DA:149,1
DA:150,6
DA:151,1
DA:152,1
DA:153,1
DA:154,6
DA:156,9
DA:157,2
DA:158,2
DA:159,2
DA:160,2
DA:161,2
DA:163,2
DA:164,2
DA:165,1
DA:166,2
DA:167,2
DA:169,9
DA:170,1
DA:171,0
DA:172,0
DA:173,0
DA:174,0
DA:175,0
DA:176,0
DA:177,0
DA:178,0
DA:179,0
DA:180,0
DA:182,1
DA:183,1
DA:184,1
DA:186,9
DA:187,0
DA:188,0
DA:190,9
DA:191,9
DA:192,9
DA:193,9
DA:194,9
DA:195,9
DA:196,9
DA:197,9
DA:198,9
DA:199,9
LF:162
LH:142
BRDA:7,0,0,9
BRDA:16,1,0,6
BRDA:19,2,0,0
BRDA:24,3,0,3
BRDA:27,4,0,0
BRDA:35,5,0,0
BRDA:42,6,0,3
BRDA:45,7,0,2
BRDA:46,8,0,2
BRDA:47,9,0,1
BRDA:50,10,0,0
BRDA:55,11,0,1
BRDA:59,12,0,2
BRDA:70,13,0,1
BRDA:74,14,0,1
BRDA:78,15,0,1
BRDA:61,16,0,3
BRDA:61,17,0,2
BRDA:62,18,0,2
BRDA:64,19,0,0
BRDA:66,20,0,0
BRDA:85,21,0,5
BRDA:86,22,0,0
BRDA:90,23,0,7
BRDA:91,24,0,2
BRDA:93,25,0,5
BRDA:95,26,0,2
BRDA:98,27,0,3
BRDA:100,28,0,0
BRDA:102,29,0,3
BRDA:108,30,0,6
BRDA:112,31,0,1
BRDA:114,32,0,5
BRDA:116,33,0,1
BRDA:118,34,0,4
BRDA:121,35,0,3
BRDA:128,36,0,1
BRDA:130,37,0,4
BRDA:132,38,0,1
BRDA:134,39,0,4
BRDA:145,40,0,3
BRDA:147,41,0,1
BRDA:150,42,0,1
BRDA:156,43,0,2
BRDA:164,44,0,1
BRDA:169,45,0,1
BRDA:170,46,0,0
BRF:47
BRH:38
end_of_record
TN:
SF:src/stores/sessionStore.js
FN:21,loadSession
FN:107,updateSession
FN:121,updateGeneralComments
FN:129,displayToast
FN:133,finalize
FNF:5
FNH:3
FNDA:13,loadSession
FNDA:2,updateSession
FNDA:0,updateGeneralComments
FNDA:0,displayToast
FNDA:2,finalize
DA:1,1
DA:8,1
DA:9,14
DA:10,14
DA:11,14
DA:12,14
DA:14,14
DA:15,14
DA:16,14
DA:17,14
DA:18,14
DA:20,14
DA:21,14
DA:22,13
DA:23,13
DA:24,13
DA:26,13
DA:27,13
DA:29,13
DA:30,13
DA:32,13
DA:33,13
DA:34,0
DA:35,0
DA:37,13
DA:38,13
DA:39,4
DA:40,4
DA:42,13
DA:43,1
DA:44,1
DA:46,8
DA:47,8
DA:48,13
DA:49,4
DA:50,4
DA:51,4
DA:52,4
DA:53,5
DA:54,5
DA:55,5
DA:56,5
DA:57,13
DA:58,3
DA:59,3
DA:61,7
DA:62,7
DA:63,7
DA:64,13
DA:65,2
DA:66,13
DA:67,0
DA:68,0
DA:69,13
DA:70,4
DA:71,4
DA:72,7
DA:74,7
DA:75,7
DA:76,7
DA:78,7
DA:79,7
DA:80,7
DA:82,7
DA:83,7
DA:84,7
DA:86,13
DA:87,5
DA:88,4
DA:89,1
DA:90,1
DA:91,4
DA:92,5
DA:94,7
DA:96,13
DA:97,4
DA:98,13
DA:99,3
DA:100,3
DA:101,13
DA:102,5
DA:103,5
DA:104,5
DA:105,13
DA:107,14
DA:108,2
DA:109,2
DA:110,2
DA:111,2
DA:112,0
DA:113,0
DA:114,2
DA:115,2
DA:116,0
DA:117,2
DA:118,2
DA:120,14
DA:121,14
DA:122,0
DA:123,0
DA:124,0
DA:125,0
DA:126,0
DA:127,0
DA:129,14
DA:130,0
DA:131,0
DA:133,14
DA:134,2
DA:135,5
DA:136,3
DA:137,3
DA:138,3
DA:139,3
DA:140,5
DA:142,2
DA:143,5
DA:144,5
DA:145,5
DA:146,5
DA:147,2
DA:149,2
DA:150,2
DA:151,0
DA:152,0
DA:153,2
DA:154,0
DA:155,0
DA:156,2
DA:157,2
DA:158,2
DA:160,14
DA:161,14
DA:162,14
DA:163,14
DA:164,14
DA:165,14
DA:166,14
DA:167,14
DA:168,14
DA:169,14
LF:141
LH:122
BRDA:8,0,0,14
BRDA:21,1,0,13
BRDA:33,2,0,0
BRDA:38,3,0,10
BRDA:38,4,0,4
BRDA:40,5,0,9
BRDA:42,6,0,1
BRDA:44,7,0,8
BRDA:47,8,0,7
BRDA:48,9,0,4
BRDA:50,10,0,0
BRDA:51,11,0,0
BRDA:52,12,0,5
BRDA:57,13,0,3
BRDA:59,14,0,7
BRDA:64,15,0,2
BRDA:66,16,0,5
BRDA:66,17,0,0
BRDA:68,18,0,7
BRDA:69,19,0,4
BRDA:71,20,0,7
BRDA:86,21,0,5
BRDA:87,22,0,4
BRDA:88,23,0,1
BRDA:92,24,0,7
BRDA:96,25,0,4
BRDA:98,26,0,3
BRDA:101,27,0,5
BRDA:107,28,0,2
BRDA:111,29,0,0
BRDA:133,30,0,2
BRDA:134,31,0,5
BRDA:135,32,0,3
BRDA:142,33,0,5
BRDA:150,34,0,0
BRDA:150,35,0,0
BRDA:153,36,0,0
BRF:37
BRH:29
end_of_record
TN:
SF:src/utils/checklist.js
FN:111,parseChecklist
FNF:1
FNH:1
FNDA:7,parseChecklist
DA:1,1
DA:4,1
DA:5,1
DA:7,1
DA:8,1
DA:9,1
DA:10,1
DA:11,1
DA:12,1
DA:13,1
DA:14,1
DA:15,1
DA:16,1
DA:17,1
DA:18,1
DA:19,1
DA:20,1
DA:21,1
DA:22,1
DA:23,1
DA:24,1
DA:25,1
DA:26,1
DA:27,1
DA:28,1
DA:29,1
DA:30,1
DA:31,1
DA:32,1
DA:33,1
DA:34,1
DA:35,1
DA:36,1
DA:37,1
DA:38,1
DA:39,1
DA:40,1
DA:41,1
DA:42,1
DA:43,1
DA:44,1
DA:45,1
DA:46,1
DA:47,1
DA:48,1
DA:49,1
DA:50,1
DA:51,1
DA:52,1
DA:53,1
DA:54,1
DA:55,1
DA:56,1
DA:57,1
DA:58,1
DA:59,1
DA:60,1
DA:61,1
DA:62,1
DA:63,1
DA:64,1
DA:65,1
DA:66,1
DA:67,1
DA:68,1
DA:69,1
DA:70,1
DA:71,1
DA:72,1
DA:73,1
DA:74,1
DA:75,1
DA:76,1
DA:77,1
DA:78,1
DA:79,1
DA:80,1
DA:81,1
DA:82,1
DA:83,1
DA:84,1
DA:85,1
DA:86,1
DA:87,1
DA:88,1
DA:89,1
DA:90,1
DA:91,1
DA:92,1
DA:93,1
DA:94,1
DA:95,1
DA:96,1
DA:97,1
DA:98,1
DA:99,1
DA:100,1
DA:101,1
DA:102,1
DA:103,1
DA:104,1
DA:105,1
DA:106,1
DA:107,1
DA:109,1
DA:111,1
DA:112,7
DA:113,7
DA:114,7
DA:115,1
DA:116,1
DA:117,1
DA:118,1
DA:119,1
DA:120,1
DA:121,5
DA:122,7
DA:123,2
DA:124,2
DA:125,2
DA:126,7
LF:121
LH:121
BRDA:111,0,0,7
BRDA:114,1,0,1
BRDA:118,2,0,0
BRDA:120,3,0,5
BRDA:122,4,0,2
BRDA:117,5,0,1
BRF:6
BRH:5
end_of_record
TN:
SF:src/utils/fileServices.js
FN:6,createFileService
FN:20,ensureWorkspaceLeg
FN:27,sanitizeWorkspaceLeg
FN:29,normalizeSpecialty
FN:41,normalizeLocation
FN:53,getWorkspaceKey
FN:61,getWorkspaceLegs
FN:70,getWorkspacePaths
FN:85,getSizeAndSuffix
FN:111,defaultPathExists
FN:119,setSavePath
FN:136,createDefaultPath
FN:144,saveEvidence
FN:175,deleteEvidence
FN:188,loadChecklist
FN:229,getChecklistImportState
FN:255,fetchChecklistFromApi
FN:280,fetchFindingsFromApi
FN:308,ensureSpecialtyEntry
FN:325,replaceJsonFileSafely
FN:335,loadFindings
FN:352,saveFindings
FN:366,getFindingsImportState
FN:394,joinChecklistWithFindings
FN:443,saveChecklist
FN:459,loadSession
FN:477,readEvidence
FN:491,saveSession
FN:518,hashEvidence
FN:542,loadFollowUpSession
FN:559,saveFollowUpSession
FN:581,saveExportFile
FN:593,loadSpecialties
FN:594,parseSpecialties
FN:643,loadLocations
FN:691,saveAudio
FN:716,deleteAudio
FN:732,readAudio
FN:742,loadWorkspaceRegistry
FN:760,saveWorkspaceRegistry
FN:772,upsertWorkspaceRegistryEntry
FN:782,resolveBoolean
FN:824,removeWorkspaceRegistryEntry
FN:838,loadWorkspaceMetadata
FN:855,saveWorkspaceMetadata
FN:867,markWorkspaceTouched
FN:902,getWorkspaceTouchedState
FN:929,saveFindingsReport
FN:953,exportInspectionPayload
FN:1006,exportFollowUpPayload
FN:1054,notifyImportCanonical
FN:1094,checkServiceHealth
FN:1120,createDefaultRoot
FN:1162,getWorkspaceSessionState
FN:1168,resolveBool
FN:1187,removeWorkspaceArtifactsByPrefix
FN:1204,removeInspectionSession
FN:1275,removeFollowUpSession
FNF:58
FNH:52
FNDA:64,createFileService
FNDA:117,ensureWorkspaceLeg
FNDA:70,sanitizeWorkspaceLeg
FNDA:4,normalizeSpecialty
FNDA:0,normalizeLocation
FNDA:11,getWorkspaceKey
FNDA:55,getWorkspaceLegs
FNDA:50,getWorkspacePaths
FNDA:64,getSizeAndSuffix
FNDA:3,defaultPathExists
FNDA:3,setSavePath
FNDA:1,createDefaultPath
FNDA:7,saveEvidence
FNDA:2,deleteEvidence
FNDA:3,loadChecklist
FNDA:4,getChecklistImportState
FNDA:4,fetchChecklistFromApi
FNDA:2,fetchFindingsFromApi
FNDA:4,ensureSpecialtyEntry
FNDA:13,replaceJsonFileSafely
FNDA:2,loadFindings
FNDA:1,saveFindings
FNDA:1,getFindingsImportState
FNDA:1,joinChecklistWithFindings
FNDA:3,saveChecklist
FNDA:3,loadSession
FNDA:2,readEvidence
FNDA:2,saveSession
FNDA:0,hashEvidence
FNDA:2,loadFollowUpSession
FNDA:0,saveFollowUpSession
FNDA:8,saveExportFile
FNDA:2,loadSpecialties
FNDA:2,parseSpecialties
FNDA:0,loadLocations
FNDA:3,saveAudio
FNDA:2,deleteAudio
FNDA:2,readAudio
FNDA:12,loadWorkspaceRegistry
FNDA:6,saveWorkspaceRegistry
FNDA:6,upsertWorkspaceRegistryEntry
FNDA:36,resolveBoolean
FNDA:1,removeWorkspaceRegistryEntry
FNDA:7,loadWorkspaceMetadata
FNDA:4,saveWorkspaceMetadata
FNDA:1,markWorkspaceTouched
FNDA:1,getWorkspaceTouchedState
FNDA:7,saveFindingsReport
FNDA:5,exportInspectionPayload
FNDA:4,exportFollowUpPayload
FNDA:0,notifyImportCanonical
FNDA:0,checkServiceHealth
FNDA:1,createDefaultRoot
FNDA:3,getWorkspaceSessionState
FNDA:12,resolveBool
FNDA:2,removeWorkspaceArtifactsByPrefix
FNDA:2,removeInspectionSession
FNDA:1,removeFollowUpSession
DA:1,1
DA:6,1
DA:7,64
DA:8,64
DA:9,64
DA:11,64
DA:13,64
DA:14,64
DA:16,64
DA:17,64
DA:18,64
DA:20,64
DA:21,117
DA:22,0
DA:23,0
DA:24,117
DA:25,117
DA:27,64
DA:29,64
DA:30,4
DA:31,0
DA:32,0
DA:33,4
DA:34,4
DA:35,4
DA:36,4
DA:37,4
DA:38,4
DA:39,4
DA:41,64
DA:42,0
DA:43,0
DA:44,0
DA:45,0
DA:46,0
DA:47,0
DA:48,0
DA:49,0
DA:50,0
DA:51,0
DA:53,64
DA:54,11
DA:55,11
DA:56,11
DA:57,11
DA:58,11
DA:59,11
DA:61,64
DA:62,55
DA:63,55
DA:64,31
DA:65,31
DA:66,24
DA:67,24
DA:68,55
DA:70,64
DA:71,50
DA:72,50
DA:73,50
DA:74,50
DA:75,50
DA:76,50
DA:77,50
DA:78,50
DA:79,50
DA:80,50
DA:81,50
DA:82,50
DA:83,50
DA:85,64
DA:86,64
DA:87,64
DA:88,64
DA:89,64
DA:90,64
DA:91,64
DA:92,64
DA:93,64
DA:94,64
DA:96,64
DA:97,64
DA:98,64
DA:99,0
DA:100,0
DA:102,64
DA:103,64
DA:105,64
DA:106,64
DA:108,64
DA:109,64
DA:111,64
DA:112,3
DA:113,3
DA:114,3
DA:115,1
DA:116,1
DA:117,3
DA:119,64
DA:120,3
DA:121,3
DA:122,3
DA:123,3
DA:124,1
DA:125,1
DA:126,1
DA:127,1
DA:128,3
DA:129,1
DA:130,1
DA:131,1
DA:132,1
DA:133,1
DA:134,3
DA:136,64
DA:137,1
DA:138,1
DA:139,1
DA:140,1
DA:141,1
DA:142,1
DA:144,64
DA:145,7
DA:146,7
DA:147,1
DA:148,1
DA:149,6
DA:150,7
DA:151,1
DA:152,1
DA:153,7
DA:154,1
DA:155,1
DA:157,4
DA:158,7
DA:160,7
DA:161,7
DA:162,7
DA:163,3
DA:164,3
DA:165,7
DA:166,1
DA:167,1
DA:168,7
DA:169,3
DA:170,3
DA:171,3
DA:172,3
DA:173,7
DA:175,64
DA:176,2
DA:177,2
DA:178,2
DA:179,2
DA:180,1
DA:181,1
DA:182,1
DA:183,1
DA:184,1
DA:185,1
DA:186,2
DA:188,64
DA:189,3
DA:190,3
DA:192,3
DA:193,3
DA:194,2
DA:195,2
DA:196,2
DA:197,2
DA:198,2
DA:199,2
DA:200,2
DA:201,2
DA:202,2
DA:203,2
DA:204,2
DA:205,2
DA:206,2
DA:207,2
DA:208,2
DA:209,2
DA:210,2
DA:211,2
DA:212,2
DA:213,2
DA:214,2
DA:215,2
DA:216,2
DA:217,2
DA:219,2
DA:220,2
DA:221,3
DA:222,1
DA:223,1
DA:224,1
DA:225,1
DA:226,1
DA:227,3
DA:229,64
DA:230,4
DA:231,4
DA:232,1
DA:233,1
DA:235,3
DA:237,3
DA:238,3
DA:240,3
DA:241,4
DA:242,1
DA:243,1
DA:244,1
DA:245,1
DA:247,3
DA:248,4
DA:249,1
DA:250,1
DA:251,1
DA:252,1
DA:253,4
DA:255,64
DA:256,4
DA:257,4
DA:258,2
DA:259,2
DA:261,2
DA:262,4
DA:264,4
DA:265,4
DA:266,4
DA:268,4
DA:269,4
DA:270,1
DA:271,1
DA:273,1
DA:274,1
DA:275,4
DA:276,3
DA:277,3
DA:278,4
DA:280,64
DA:281,2
DA:282,2
DA:283,0
DA:284,0
DA:286,2
DA:287,2
DA:289,2
DA:290,2
DA:291,2
DA:292,2
DA:293,1
DA:294,1
DA:296,2
DA:297,2
DA:298,1
DA:299,1
DA:301,1
DA:302,1
DA:303,1
DA:304,1
DA:305,1
DA:306,2
DA:308,64
DA:309,4
DA:310,4
DA:311,1
DA:312,1
DA:314,3
DA:315,3
DA:316,3
DA:317,3
DA:318,4
DA:319,4
DA:320,4
DA:321,1
DA:322,1
DA:323,4
DA:325,64
DA:326,13
DA:327,13
DA:328,13
DA:329,13
DA:330,13
DA:331,1
DA:332,1
DA:333,13
DA:335,64
DA:336,2
DA:337,2
DA:338,2
DA:339,2
DA:340,1
DA:341,1
DA:343,1
DA:344,1
DA:345,2
DA:346,0
DA:347,0
DA:348,0
DA:349,0
DA:350,2
DA:352,64
DA:353,1
DA:354,1
DA:355,0
DA:356,0
DA:358,1
DA:359,1
DA:360,1
DA:361,1
DA:362,0
DA:363,0
DA:364,1
DA:366,64
DA:367,1
DA:368,1
DA:369,0
DA:370,0
DA:372,1
DA:373,1
DA:374,1
DA:375,1
DA:376,1
DA:377,1
DA:379,1
DA:380,1
DA:381,1
DA:382,1
DA:383,1
DA:384,1
DA:386,1
DA:387,1
DA:388,0
DA:389,0
DA:390,0
DA:391,0
DA:392,1
DA:394,64
DA:395,1
DA:396,1
DA:397,1
DA:399,1
DA:400,0
DA:401,0
DA:403,1
DA:404,1
DA:405,2
DA:406,2
DA:407,2
DA:408,2
DA:409,1
DA:411,1
DA:412,1
DA:413,1
DA:414,1
DA:415,0
DA:416,0
DA:418,1
DA:419,1
DA:420,1
DA:421,1
DA:423,1
DA:424,1
DA:425,1
DA:426,1
DA:427,1
DA:429,1
DA:430,2
DA:431,2
DA:432,1
DA:434,1
DA:435,1
DA:436,1
DA:437,1
DA:438,1
DA:439,1
DA:440,1
DA:441,1
DA:443,64
DA:444,3
DA:445,3
DA:446,2
DA:447,2
DA:449,1
DA:450,1
DA:451,1
DA:452,1
DA:453,1
DA:454,3
DA:455,2
DA:456,2
DA:457,3
DA:459,64
DA:460,3
DA:461,3
DA:462,3
DA:463,3
DA:464,1
DA:465,1
DA:466,1
DA:467,1
DA:468,1
DA:469,3
DA:470,1
DA:471,1
DA:472,1
DA:473,1
DA:474,1
DA:475,3
DA:477,64
DA:478,2
DA:479,2
DA:480,2
DA:481,2
DA:482,1
DA:483,1
DA:484,1
DA:485,1
DA:486,1
DA:487,1
DA:488,1
DA:489,2
DA:491,64
DA:492,2
DA:493,2
DA:494,2
DA:496,2
DA:497,2
DA:499,2
DA:500,2
DA:501,2
DA:502,2
DA:503,2
DA:504,2
DA:505,2
DA:506,2
DA:507,2
DA:508,2
DA:509,2
DA:510,2
DA:511,1
DA:512,1
DA:513,2
DA:515,2
DA:516,2
DA:518,64
DA:519,0
DA:520,0
DA:521,0
DA:522,0
DA:523,0
DA:524,0
DA:525,0
DA:526,0
DA:527,0
DA:528,0
DA:529,0
DA:530,0
DA:531,0
DA:532,0
DA:533,0
DA:534,0
DA:535,0
DA:536,0
DA:537,0
DA:538,0
DA:539,0
DA:540,0
DA:542,64
DA:543,2
DA:544,2
DA:545,2
DA:546,2
DA:547,1
DA:548,1
DA:550,1
DA:551,1
DA:552,2
DA:553,0
DA:554,0
DA:555,0
DA:556,0
DA:557,2
DA:559,64
DA:560,0
DA:561,0
DA:563,0
DA:564,0
DA:566,0
DA:567,0
DA:568,0
DA:569,0
DA:570,0
DA:571,0
DA:572,0
DA:573,0
DA:574,0
DA:575,0
DA:576,0
DA:578,0
DA:579,0
DA:581,64
DA:582,8
DA:583,8
DA:584,4
DA:585,4
DA:586,4
DA:587,4
DA:588,8
DA:589,6
DA:590,6
DA:591,8
DA:593,64
DA:594,2
DA:595,2
DA:596,0
DA:597,0
DA:598,2
DA:599,2
DA:600,2
DA:601,4
DA:602,4
DA:603,4
DA:604,4
DA:605,4
DA:606,4
DA:607,4
DA:608,0
DA:609,0
DA:610,2
DA:611,2
DA:612,2
DA:614,2
DA:615,2
DA:616,2
DA:618,2
DA:619,2
DA:620,2
DA:621,2
DA:622,1
DA:623,1
DA:624,1
DA:625,1
DA:626,1
DA:627,1
DA:628,2
DA:629,1
DA:630,1
DA:632,2
DA:633,2
DA:634,1
DA:635,1
DA:637,0
DA:638,0
DA:639,0
DA:640,0
DA:641,2
DA:643,64
DA:644,0
DA:645,0
DA:646,0
DA:647,0
DA:648,0
DA:649,0
DA:650,0
DA:651,0
DA:652,0
DA:653,0
DA:654,0
DA:655,0
DA:656,0
DA:657,0
DA:658,0
DA:659,0
DA:660,0
DA:661,0
DA:662,0
DA:664,0
DA:665,0
DA:666,0
DA:668,0
DA:669,0
DA:670,0
DA:671,0
DA:672,0
DA:673,0
DA:674,0
DA:675,0
DA:676,0
DA:677,0
DA:678,0
DA:680,0
DA:681,0
DA:682,0
DA:683,0
DA:685,0
DA:686,0
DA:687,0
DA:688,0
DA:689,0
DA:691,64
DA:692,3
DA:693,3
DA:694,1
DA:695,1
DA:696,2
DA:697,3
DA:698,1
DA:699,1
DA:701,1
DA:702,1
DA:703,1
DA:704,1
DA:705,1
DA:706,1
DA:707,1
DA:708,1
DA:709,3
DA:710,2
DA:711,2
DA:712,2
DA:713,2
DA:714,3
DA:716,64
DA:717,2
DA:718,2
DA:719,2
DA:720,2
DA:721,2
DA:722,2
DA:723,2
DA:724,1
DA:725,1
DA:726,1
DA:727,1
DA:728,1
DA:729,1
DA:730,2
DA:732,64
DA:733,2
DA:734,2
DA:735,2
DA:736,1
DA:737,1
DA:738,1
DA:739,1
DA:740,2
DA:742,64
DA:743,12
DA:744,12
DA:745,12
DA:746,4
DA:747,4
DA:749,8
DA:750,12
DA:751,12
DA:752,1
DA:753,1
DA:754,7
DA:755,12
DA:756,0
DA:757,0
DA:758,12
DA:760,64
DA:761,6
DA:762,6
DA:763,0
DA:764,0
DA:766,6
DA:767,6
DA:768,0
DA:769,0
DA:770,6
DA:772,64
DA:773,6
DA:774,6
DA:775,6
DA:776,6
DA:778,6
DA:779,6
DA:780,6
DA:782,6
DA:783,36
DA:784,17
DA:785,17
DA:786,36
DA:787,3
DA:788,3
DA:789,16
DA:790,36
DA:792,6
DA:793,6
DA:794,6
DA:795,6
DA:796,6
DA:797,6
DA:798,6
DA:799,6
DA:800,6
DA:801,6
DA:802,6
DA:803,6
DA:804,6
DA:805,6
DA:806,6
DA:808,6
DA:809,1
DA:810,1
DA:811,1
DA:812,1
DA:813,6
DA:814,5
DA:815,5
DA:817,6
DA:818,6
DA:819,6
DA:820,0
DA:821,0
DA:822,6
DA:824,64
DA:825,1
DA:826,1
DA:827,1
DA:828,1
DA:829,1
DA:830,0
DA:831,0
DA:832,1
DA:833,1
DA:834,0
DA:835,0
DA:836,1
DA:838,64
DA:839,7
DA:840,7
DA:841,7
DA:842,7
DA:843,3
DA:844,3
DA:846,4
DA:847,7
DA:848,7
DA:849,0
DA:850,0
DA:851,0
DA:852,0
DA:853,7
DA:855,64
DA:856,4
DA:857,4
DA:858,4
DA:859,4
DA:860,4
DA:861,0
DA:862,0
DA:863,0
DA:864,0
DA:865,4
DA:867,64
DA:868,1
DA:869,1
DA:870,0
DA:871,0
DA:873,1
DA:874,1
DA:875,1
DA:876,1
DA:877,1
DA:878,1
DA:879,0
DA:880,0
DA:881,1
DA:882,1
DA:884,1
DA:885,1
DA:886,1
DA:887,1
DA:888,1
DA:889,1
DA:890,1
DA:891,1
DA:892,1
DA:893,1
DA:894,1
DA:896,1
DA:897,1
DA:898,0
DA:899,0
DA:900,1
DA:902,64
DA:903,1
DA:904,1
DA:905,0
DA:906,0
DA:908,1
DA:909,1
DA:910,1
DA:911,1
DA:912,1
DA:913,1
DA:914,1
DA:916,0
DA:917,0
DA:918,0
DA:920,0
DA:921,1
DA:922,1
DA:923,1
DA:924,1
DA:925,0
DA:926,0
DA:927,1
DA:929,64
DA:930,7
DA:931,7
DA:932,3
DA:933,3
DA:934,4
DA:935,4
DA:936,4
DA:937,4
DA:938,4
DA:939,4
DA:940,4
DA:941,4
DA:942,4
DA:943,4
DA:944,4
DA:945,3
DA:946,7
DA:947,4
DA:948,4
DA:949,4
DA:950,4
DA:951,7
DA:953,64
DA:954,5
DA:955,5
DA:956,3
DA:957,3
DA:959,5
DA:960,5
DA:961,5
DA:962,5
DA:963,5
DA:964,5
DA:965,5
DA:966,1
DA:967,1
DA:969,2
DA:971,5
DA:972,1
DA:973,1
DA:974,1
DA:975,1
DA:976,1
DA:977,1
DA:978,1
DA:979,1
DA:981,1
DA:982,1
DA:983,1
DA:984,1
DA:985,1
DA:986,1
DA:987,1
DA:988,1
DA:989,1
DA:990,1
DA:991,1
DA:992,1
DA:993,1
DA:994,1
DA:996,2
DA:997,2
DA:998,5
DA:999,3
DA:1000,3
DA:1001,3
DA:1002,3
DA:1003,3
DA:1004,5
DA:1006,64
DA:1007,4
DA:1008,4
DA:1009,3
DA:1010,3
DA:1012,1
DA:1013,1
DA:1014,1
DA:1015,1
DA:1016,1
DA:1017,1
DA:1019,1
DA:1020,1
DA:1021,1
DA:1022,1
DA:1023,1
DA:1024,1
DA:1025,1
DA:1026,1
DA:1027,1
DA:1029,1
DA:1030,1
DA:1031,1
DA:1032,1
DA:1033,1
DA:1034,1
DA:1035,1
DA:1036,1
DA:1037,1
DA:1038,1
DA:1039,1
DA:1040,1
DA:1041,1
DA:1042,1
DA:1044,1
DA:1045,1
DA:1046,4
DA:1047,3
DA:1048,3
DA:1049,3
DA:1050,3
DA:1051,3
DA:1052,4
DA:1054,64
DA:1055,0
DA:1056,0
DA:1057,0
DA:1059,0
DA:1060,0
DA:1061,0
DA:1062,0
DA:1064,0
DA:1065,0
DA:1066,0
DA:1068,0
DA:1069,0
DA:1071,0
DA:1072,0
DA:1073,0
DA:1074,0
DA:1075,0
DA:1076,0
DA:1077,0
DA:1078,0
DA:1079,0
DA:1080,0
DA:1081,0
DA:1082,0
DA:1083,0
DA:1084,0
DA:1085,0
DA:1086,0
DA:1087,0
DA:1088,0
DA:1089,0
DA:1091,0
DA:1092,0
DA:1094,64
DA:1095,0
DA:1096,0
DA:1097,0
DA:1098,0
DA:1100,0
DA:1101,0
DA:1102,0
DA:1103,0
DA:1104,0
DA:1106,0
DA:1107,0
DA:1108,0
DA:1109,0
DA:1110,0
DA:1111,0
DA:1112,0
DA:1113,0
DA:1114,0
DA:1115,0
DA:1116,0
DA:1117,0
DA:1118,0
DA:1120,64
DA:1121,1
DA:1122,1
DA:1124,1
DA:1125,1
DA:1126,1
DA:1127,1
DA:1128,1
DA:1129,1
DA:1130,1
DA:1131,1
DA:1132,1
DA:1133,1
DA:1134,1
DA:1135,1
DA:1136,1
DA:1137,1
DA:1138,1
DA:1139,1
DA:1140,1
DA:1141,1
DA:1142,1
DA:1143,1
DA:1144,1
DA:1145,1
DA:1146,1
DA:1147,1
DA:1148,1
DA:1149,1
DA:1150,1
DA:1151,1
DA:1152,1
DA:1153,1
DA:1154,1
DA:1155,1
DA:1156,1
DA:1157,1
DA:1158,1
DA:1159,1
DA:1160,1
DA:1162,64
DA:1163,3
DA:1164,3
DA:1165,3
DA:1166,3
DA:1168,3
DA:1169,12
DA:1170,7
DA:1171,7
DA:1172,12
DA:1173,1
DA:1174,1
DA:1175,4
DA:1176,12
DA:1178,3
DA:1179,3
DA:1180,3
DA:1181,3
DA:1182,3
DA:1183,3
DA:1184,3
DA:1185,3
DA:1187,64
DA:1188,2
DA:1189,2
DA:1190,2
DA:1191,2
DA:1192,4
DA:1193,4
DA:1194,2
DA:1196,2
DA:1197,2
DA:1198,2
DA:1199,2
DA:1200,0
DA:1201,0
DA:1202,2
DA:1204,64
DA:1205,2
DA:1206,2
DA:1207,0
DA:1208,0
DA:1210,2
DA:1211,2
DA:1212,2
DA:1213,2
DA:1214,1
DA:1215,1
DA:1217,1
DA:1218,1
DA:1219,1
DA:1220,1
DA:1221,1
DA:1222,1
DA:1223,1
DA:1224,1
DA:1225,1
DA:1227,1
DA:1228,1
DA:1229,1
DA:1230,1
DA:1232,1
DA:1233,1
DA:1235,2
DA:1236,0
DA:1237,0
DA:1238,0
DA:1239,0
DA:1240,0
DA:1241,0
DA:1243,1
DA:1244,1
DA:1245,2
DA:1246,2
DA:1247,2
DA:1248,2
DA:1249,2
DA:1250,2
DA:1251,2
DA:1252,2
DA:1254,2
DA:1255,1
DA:1256,1
DA:1257,1
DA:1258,1
DA:1259,1
DA:1260,2
DA:1261,2
DA:1262,2
DA:1263,2
DA:1264,2
DA:1265,2
DA:1266,2
DA:1267,2
DA:1269,1
DA:1270,1
DA:1271,1
DA:1272,1
DA:1273,2
DA:1275,64
DA:1276,1
DA:1277,1
DA:1278,0
DA:1279,0
DA:1281,1
DA:1282,1
DA:1283,1
DA:1284,1
DA:1285,0
DA:1286,0
DA:1288,1
DA:1289,1
DA:1290,1
DA:1291,1
DA:1292,1
DA:1293,1
DA:1295,1
DA:1297,1
DA:1298,1
DA:1300,1
DA:1301,1
DA:1302,1
DA:1303,1
DA:1304,1
DA:1305,1
DA:1306,1
DA:1308,0
DA:1309,0
DA:1310,1
DA:1311,1
DA:1312,1
DA:1313,1
DA:1314,1
DA:1315,1
DA:1316,1
DA:1317,1
DA:1319,1
DA:1320,0
DA:1321,0
DA:1322,0
DA:1323,0
DA:1324,0
DA:1325,1
DA:1326,1
DA:1327,1
DA:1328,1
DA:1329,1
DA:1330,1
DA:1331,1
DA:1332,1
DA:1334,0
DA:1335,0
DA:1336,0
DA:1337,0
DA:1338,1
DA:1339,64
DA:1340,64
DA:1341,64
DA:1342,64
DA:1343,64
DA:1344,64
DA:1345,64
DA:1346,64
DA:1347,64
DA:1348,64
DA:1349,64
DA:1350,64
DA:1351,64
DA:1352,64
DA:1353,64
DA:1354,64
DA:1355,64
DA:1356,64
DA:1357,64
DA:1358,64
DA:1359,64
DA:1360,64
DA:1361,64
DA:1362,64
DA:1363,64
DA:1364,64
DA:1365,64
DA:1366,64
DA:1367,64
DA:1368,64
DA:1369,64
DA:1370,64
DA:1371,64
DA:1372,64
DA:1373,64
DA:1374,64
DA:1375,64
DA:1376,64
DA:1377,64
DA:1378,64
DA:1379,64
DA:1380,64
DA:1381,64
DA:1382,64
DA:1383,64
DA:1384,64
DA:1385,64
DA:1386,64
DA:1387,64
DA:1388,64
DA:1389,64
LF:1228
LH:985
BRDA:6,0,0,64
BRDA:20,1,0,117
BRDA:21,2,0,0
BRDA:27,3,0,70
BRDA:29,4,0,4
BRDA:30,5,0,0
BRDA:33,6,0,0
BRDA:37,7,0,0
BRDA:53,8,0,11
BRDA:61,9,0,55
BRDA:63,10,0,31
BRDA:65,11,0,24
BRDA:70,12,0,50
BRDA:85,13,0,64
BRDA:98,14,0,0
BRDA:106,15,0,0
BRDA:103,16,0,192
BRDA:111,17,0,3
BRDA:114,18,0,1
BRDA:119,19,0,3
BRDA:123,20,0,2
BRDA:123,21,0,1
BRDA:128,22,0,1
BRDA:130,23,0,0
BRDA:136,24,0,1
BRDA:138,25,0,0
BRDA:144,26,0,7
BRDA:146,27,0,1
BRDA:148,28,0,6
BRDA:150,29,0,1
BRDA:152,30,0,5
BRDA:153,31,0,1
BRDA:155,32,0,4
BRDA:158,33,0,1
BRDA:158,34,0,3
BRDA:161,35,0,4
BRDA:162,36,0,1
BRDA:162,37,0,3
BRDA:165,38,0,1
BRDA:168,39,0,3
BRDA:175,40,0,2
BRDA:178,41,0,0
BRDA:179,42,0,1
BRDA:188,43,0,3
BRDA:193,44,0,2
BRDA:221,45,0,1
BRDA:223,46,0,0
BRDA:229,47,0,4
BRDA:231,48,0,1
BRDA:233,49,0,3
BRDA:241,50,0,1
BRDA:244,51,0,0
BRDA:245,52,0,3
BRDA:248,53,0,1
BRDA:250,54,0,0
BRDA:255,55,0,4
BRDA:257,56,0,3
BRDA:257,57,0,2
BRDA:262,58,0,0
BRDA:262,59,0,0
BRDA:268,60,0,2
BRDA:269,61,0,1
BRDA:275,62,0,3
BRDA:280,63,0,2
BRDA:282,64,0,0
BRDA:287,65,0,0
BRDA:287,66,0,0
BRDA:292,67,0,1
BRDA:297,68,0,1
BRDA:308,69,0,4
BRDA:310,70,0,1
BRDA:312,71,0,3
BRDA:318,72,0,1
BRDA:320,73,0,1
BRDA:325,74,0,13
BRDA:327,75,0,1
BRDA:327,76,0,12
BRDA:330,77,0,1
BRDA:335,78,0,2
BRDA:339,79,0,1
BRDA:345,80,0,0
BRDA:352,81,0,1
BRDA:354,82,0,0
BRDA:361,83,0,0
BRDA:366,84,0,1
BRDA:368,85,0,0
BRDA:382,86,0,0
BRDA:387,87,0,0
BRDA:394,88,0,1
BRDA:395,89,0,0
BRDA:397,90,0,0
BRDA:397,91,0,0
BRDA:399,92,0,0
BRDA:404,93,0,2
BRDA:412,94,0,1
BRDA:414,95,0,0
BRDA:418,96,0,0
BRDA:429,97,0,2
BRDA:443,98,0,3
BRDA:445,99,0,2
BRDA:445,100,0,2
BRDA:447,101,0,1
BRDA:454,102,0,2
BRDA:459,103,0,3
BRDA:462,104,0,2
BRDA:463,105,0,1
BRDA:469,106,0,1
BRDA:471,107,0,0
BRDA:477,108,0,2
BRDA:480,109,0,0
BRDA:481,110,0,1
BRDA:485,111,0,0
BRDA:491,112,0,2
BRDA:493,113,0,0
BRDA:494,114,0,0
BRDA:500,115,0,2
BRDA:510,116,0,1
BRDA:542,117,0,2
BRDA:546,118,0,1
BRDA:552,119,0,0
BRDA:581,120,0,8
BRDA:583,121,0,4
BRDA:583,122,0,4
BRDA:587,123,0,2
BRDA:588,124,0,6
BRDA:593,125,0,2
BRDA:616,126,0,0
BRDA:616,127,0,0
BRDA:621,128,0,1
BRDA:628,129,0,1
BRDA:633,130,0,1
BRDA:635,131,0,0
BRDA:594,132,0,2
BRDA:595,133,0,0
BRDA:600,134,0,4
BRDA:607,135,0,0
BRDA:691,136,0,3
BRDA:693,137,0,1
BRDA:695,138,0,2
BRDA:697,139,0,1
BRDA:709,140,0,2
BRDA:716,141,0,2
BRDA:723,142,0,1
BRDA:732,143,0,2
BRDA:735,144,0,1
BRDA:742,145,0,12
BRDA:745,146,0,4
BRDA:747,147,0,8
BRDA:750,148,0,0
BRDA:751,149,0,1
BRDA:753,150,0,7
BRDA:755,151,0,0
BRDA:760,152,0,6
BRDA:762,153,0,0
BRDA:767,154,0,0
BRDA:772,155,0,6
BRDA:780,156,0,1
BRDA:780,157,0,5
BRDA:795,158,0,1
BRDA:795,159,0,0
BRDA:797,160,0,1
BRDA:797,161,0,0
BRDA:798,162,0,2
BRDA:798,163,0,1
BRDA:798,164,0,1
BRDA:808,165,0,1
BRDA:813,166,0,5
BRDA:819,167,0,0
BRDA:779,168,0,1
BRDA:782,169,0,36
BRDA:783,170,0,17
BRDA:785,171,0,19
BRDA:786,172,0,5
BRDA:786,173,0,3
BRDA:788,174,0,16
BRDA:824,175,0,1
BRDA:829,176,0,0
BRDA:833,177,0,0
BRDA:838,178,0,7
BRDA:842,179,0,3
BRDA:844,180,0,4
BRDA:847,181,0,0
BRDA:848,182,0,0
BRDA:855,183,0,4
BRDA:860,184,0,0
BRDA:867,185,0,1
BRDA:869,186,0,0
BRDA:878,187,0,0
BRDA:890,188,0,0
BRDA:891,189,0,0
BRDA:897,190,0,0
BRDA:902,191,0,1
BRDA:904,192,0,0
BRDA:914,193,0,0
BRDA:922,194,0,0
BRDA:924,195,0,0
BRDA:929,196,0,7
BRDA:931,197,0,6
BRDA:931,198,0,5
BRDA:931,199,0,3
BRDA:933,200,0,4
BRDA:944,201,0,3
BRDA:946,202,0,4
BRDA:948,203,0,0
BRDA:953,204,0,5
BRDA:955,205,0,4
BRDA:955,206,0,3
BRDA:955,207,0,3
BRDA:957,208,0,2
BRDA:959,209,0,1
BRDA:959,210,0,1
BRDA:959,211,0,1
BRDA:965,212,0,1
BRDA:967,213,0,2
BRDA:971,214,0,1
BRDA:994,215,0,2
BRDA:998,216,0,3
BRDA:1001,217,0,0
BRDA:1006,218,0,4
BRDA:1008,219,0,3
BRDA:1008,220,0,2
BRDA:1008,221,0,3
BRDA:1010,222,0,1
BRDA:1046,223,0,3
BRDA:1049,224,0,0
BRDA:1120,225,0,1
BRDA:1162,226,0,3
BRDA:1163,227,0,0
BRDA:1166,228,0,1
BRDA:1166,229,0,2
BRDA:1168,230,0,12
BRDA:1169,231,0,7
BRDA:1171,232,0,5
BRDA:1172,233,0,1
BRDA:1174,234,0,4
BRDA:1187,235,0,2
BRDA:1199,236,0,0
BRDA:1191,237,0,4
BRDA:1193,238,0,6
BRDA:1197,239,0,3
BRDA:1204,240,0,2
BRDA:1206,241,0,0
BRDA:1212,242,0,1
BRDA:1213,243,0,1
BRDA:1235,244,0,0
BRDA:1235,245,0,0
BRDA:1241,246,0,1
BRDA:1245,247,0,1
BRDA:1246,248,0,1
BRDA:1246,249,0,1
BRDA:1247,250,0,1
BRDA:1247,251,0,1
BRDA:1248,252,0,1
BRDA:1248,253,0,1
BRDA:1254,254,0,1
BRDA:1267,255,0,1
BRDA:1275,256,0,1
BRDA:1277,257,0,0
BRDA:1284,258,0,0
BRDA:1306,259,0,0
BRDA:1310,260,0,0
BRDA:1311,261,0,0
BRDA:1311,262,0,0
BRDA:1312,263,0,0
BRDA:1312,264,0,0
BRDA:1313,265,0,0
BRDA:1313,266,0,0
BRDA:1319,267,0,0
BRDA:1332,268,0,0
BRF:269
BRH:188
end_of_record
TN:
SF:src/utils/findings.js
FN:46,parseFindings
FNF:1
FNH:1
FNDA:3,parseFindings
DA:1,1
DA:4,1
DA:5,1
DA:7,1
DA:8,1
DA:9,1
DA:10,1
DA:11,1
DA:12,1
DA:13,1
DA:14,1
DA:15,1
DA:16,1
DA:17,1
DA:18,1
DA:19,1
DA:20,1
DA:21,1
DA:22,1
DA:23,1
DA:24,1
DA:25,1
DA:26,1
DA:27,1
DA:28,1
DA:29,1
DA:30,1
DA:31,1
DA:32,1
DA:33,1
DA:34,1
DA:35,1
DA:36,1
DA:37,1
DA:39,1
DA:40,1
DA:41,1
DA:42,1
DA:44,1
DA:46,1
DA:47,3
DA:48,3
DA:49,3
DA:50,1
DA:51,1
DA:52,1
DA:53,1
DA:54,1
DA:55,1
DA:56,1
DA:57,3
DA:58,2
DA:59,2
DA:60,2
DA:61,3
LF:55
LH:55
BRDA:46,0,0,3
BRDA:49,1,0,1
BRDA:53,2,0,0
BRDA:57,3,0,2
BRDA:52,4,0,1
BRF:5
BRH:4
end_of_record
TN:
SF:src/utils/followUpSession.js
FN:64,parseFollowUpSession
FN:82,getFollowUpEvidenceLinks
FNF:2
FNH:2
FNDA:8,parseFollowUpSession
FNDA:3,getFollowUpEvidenceLinks
DA:1,1
DA:3,1
DA:5,1
DA:6,1
DA:7,1
DA:8,1
DA:9,1
DA:10,1
DA:11,1
DA:12,1
DA:13,1
DA:14,1
DA:15,1
DA:17,1
DA:18,1
DA:19,1
DA:20,1
DA:21,1
DA:22,1
DA:23,1
DA:24,1
DA:25,1
DA:26,1
DA:27,1
DA:28,1
DA:29,1
DA:30,1
DA:31,1
DA:32,1
DA:33,1
DA:34,1
DA:35,1
DA:36,1
DA:37,1
DA:38,1
DA:39,1
DA:40,1
DA:41,1
DA:42,1
DA:43,1
DA:44,1
DA:45,1
DA:46,1
DA:47,1
DA:48,1
DA:49,1
DA:50,1
DA:51,1
DA:52,1
DA:53,1
DA:54,1
DA:55,1
DA:56,1
DA:57,1
DA:58,1
DA:59,1
DA:60,1
DA:62,1
DA:64,1
DA:65,8
DA:66,8
DA:67,8
DA:68,4
DA:69,4
DA:70,4
DA:71,4
DA:72,4
DA:73,4
DA:74,3
DA:75,8
DA:76,5
DA:77,5
DA:78,5
DA:79,8
DA:81,1
DA:82,1
DA:83,3
DA:85,3
DA:86,33
DA:87,3
DA:88,5
DA:89,5
DA:90,2
DA:91,2
DA:92,5
DA:93,2
DA:94,5
DA:95,1
DA:96,1
DA:97,3
DA:98,3
DA:99,33
DA:100,3
DA:102,3
DA:103,3
LF:95
LH:95
BRDA:64,0,0,8
BRDA:67,1,0,4
BRDA:71,2,0,0
BRDA:73,3,0,3
BRDA:75,4,0,5
BRDA:70,5,0,4
BRDA:82,6,0,3
BRDA:85,7,0,33
BRDA:86,8,0,3
BRDA:87,9,0,5
BRDA:89,10,0,4
BRDA:89,11,0,2
BRDA:91,12,0,3
BRDA:92,13,0,2
BRDA:94,14,0,1
BRF:15
BRH:14
end_of_record
TN:
SF:src/utils/session.js
FN:106,parseSession
FN:124,getEvidenceLinks
FNF:2
FNH:2
FNDA:9,parseSession
FNDA:1,getEvidenceLinks
DA:1,1
DA:3,1
DA:5,1
DA:6,1
DA:7,1
DA:8,1
DA:9,1
DA:10,1
DA:11,1
DA:12,1
DA:13,1
DA:14,1
DA:15,1
DA:16,1
DA:17,1
DA:18,1
DA:19,1
DA:20,1
DA:21,1
DA:22,1
DA:23,1
DA:24,1
DA:25,1
DA:26,1
DA:27,1
DA:28,1
DA:29,1
DA:30,1
DA:31,1
DA:32,1
DA:33,1
DA:34,1
DA:35,1
DA:36,1
DA:37,1
DA:38,1
DA:39,1
DA:40,1
DA:41,1
DA:42,1
DA:43,1
DA:44,1
DA:45,1
DA:46,1
DA:47,1
DA:48,1
DA:49,1
DA:50,1
DA:51,1
DA:52,1
DA:53,1
DA:54,1
DA:55,1
DA:56,1
DA:57,1
DA:58,1
DA:59,1
DA:60,1
DA:61,1
DA:62,1
DA:63,1
DA:64,1
DA:65,1
DA:66,1
DA:67,1
DA:68,1
DA:69,1
DA:70,1
DA:71,1
DA:72,1
DA:73,1
DA:74,1
DA:75,1
DA:76,1
DA:77,1
DA:78,1
DA:79,1
DA:80,1
DA:81,1
DA:82,1
DA:83,1
DA:84,1
DA:85,1
DA:86,1
DA:87,1
DA:88,1
DA:89,1
DA:90,1
DA:91,1
DA:92,1
DA:93,1
DA:94,1
DA:95,1
DA:96,1
DA:97,1
DA:98,1
DA:99,1
DA:100,1
DA:101,1
DA:102,1
DA:104,1
DA:106,1
DA:107,9
DA:108,9
DA:109,9
DA:110,3
DA:111,3
DA:112,3
DA:113,3
DA:114,3
DA:115,3
DA:116,5
DA:117,9
DA:118,4
DA:119,4
DA:120,4
DA:121,9
DA:123,1
DA:124,1
DA:125,1
DA:127,1
DA:128,36
DA:129,7
DA:130,10
DA:132,10
DA:133,0
DA:134,0
DA:136,10
DA:137,7
DA:138,10
DA:139,3
DA:140,3
DA:141,7
DA:142,7
DA:143,36
DA:144,1
DA:146,1
DA:147,1
LF:138
LH:136
BRDA:106,0,0,9
BRDA:109,1,0,3
BRDA:113,2,0,0
BRDA:115,3,0,5
BRDA:117,4,0,4
BRDA:112,5,0,3
BRDA:124,6,0,1
BRDA:127,7,0,36
BRDA:128,8,0,32
BRDA:128,9,0,30
BRDA:128,10,0,7
BRDA:129,11,0,10
BRDA:130,12,0,7
BRDA:130,13,0,3
BRDA:132,14,0,0
BRDA:136,15,0,7
BRDA:138,16,0,3
BRF:17
BRH:15
end_of_record
