TN:
SF:electron/ipc/ipcHandles.js
FN:358,sanitizeUpperAlnum
FN:363,safeString
FN:366,sanitizeWorkspaceLeg
FN:368,buildWorkspaceFolderName
FN:374,readAppConfig
FN:381,asDateOnly
FN:389,normalizeCompliance
FN:396,normalizeRiskLevel
FN:403,normalizeFindingLevel
FN:410,compactInspectionCode
FN:415,normalizeInspectionSequence
FN:421,inferInspectionCode
FN:448,inferSpecialtyCode
FN:460,inferDomainName
FN:468,inferChecklistId
FN:472,inferItemCode
FN:488,findResponseForRow
FN:514,inferEvidenceType
FN:525,normalizeEvidenceEntry
FN:538,mapChecklistPayload
FN:662,mapFindingsPayload
FN:736,mapFollowUpReportsPayload
FN:856,normalizeFindingForFollowUpExport
FN:889,normalizeDateField
FN:929,buildAjvError
FN:932,addDirectoryToZip
FN:947,setupIpcHandles
FNF:27
FNH:25
FNDA:27,sanitizeUpperAlnum
FNDA:284,safeString
FNDA:18,sanitizeWorkspaceLeg
FNDA:9,buildWorkspaceFolderName
FNDA:9,readAppConfig
FNDA:4,asDateOnly
FNDA:10,normalizeCompliance
FNDA:9,normalizeRiskLevel
FNDA:4,normalizeFindingLevel
FNDA:8,compactInspectionCode
FNDA:2,normalizeInspectionSequence
FNDA:4,inferInspectionCode
FNDA:8,inferSpecialtyCode
FNDA:4,inferDomainName
FNDA:4,inferChecklistId
FNDA:9,inferItemCode
FNDA:10,findResponseForRow
FNDA:3,inferEvidenceType
FNDA:3,normalizeEvidenceEntry
FNDA:4,mapChecklistPayload
FNDA:4,mapFindingsPayload
FNDA:5,mapFollowUpReportsPayload
FNDA:5,normalizeFindingForFollowUpExport
FNDA:25,normalizeDateField
FNDA:0,buildAjvError
FNDA:0,addDirectoryToZip
FNDA:46,setupIpcHandles
DA:1,1
DA:4,1
DA:5,1
DA:7,1
DA:25,1
DA:26,1
DA:28,1
DA:29,1
DA:30,1
DA:31,1
DA:32,1
DA:33,1
DA:34,1
DA:35,1
DA:36,1
DA:37,1
DA:38,1
DA:39,1
DA:40,1
DA:41,1
DA:42,1
DA:43,1
DA:44,1
DA:45,1
DA:46,1
DA:47,1
DA:48,1
DA:49,1
DA:50,1
DA:52,1
DA:53,1
DA:54,1
DA:55,1
DA:56,1
DA:57,1
DA:58,1
DA:59,1
DA:60,1
DA:61,1
DA:62,1
DA:63,1
DA:64,1
DA:65,1
DA:66,1
DA:67,1
DA:68,1
DA:69,1
DA:70,1
DA:71,1
DA:72,1
DA:73,1
DA:74,1
DA:75,1
DA:76,1
DA:77,1
DA:78,1
DA:79,1
DA:80,1
DA:81,1
DA:82,1
DA:83,1
DA:84,1
DA:85,1
DA:86,1
DA:87,1
DA:88,1
DA:89,1
DA:90,1
DA:91,1
DA:92,1
DA:93,1
DA:94,1
DA:95,1
DA:96,1
DA:97,1
DA:98,1
DA:99,1
DA:100,1
DA:101,1
DA:102,1
DA:103,1
DA:104,1
DA:105,1
DA:106,1
DA:107,1
DA:108,1
DA:109,1
DA:110,1
DA:111,1
DA:112,1
DA:113,1
DA:114,1
DA:115,1
DA:116,1
DA:117,1
DA:118,1
DA:119,1
DA:120,1
DA:121,1
DA:122,1
DA:123,1
DA:124,1
DA:125,1
DA:126,1
DA:127,1
DA:128,1
DA:129,1
DA:130,1
DA:131,1
DA:132,1
DA:133,1
DA:134,1
DA:135,1
DA:136,1
DA:137,1
DA:138,1
DA:139,1
DA:140,1
DA:141,1
DA:142,1
DA:143,1
DA:144,1
DA:145,1
DA:147,1
DA:148,1
DA:149,1
DA:150,1
DA:151,1
DA:152,1
DA:153,1
DA:154,1
DA:155,1
DA:156,1
DA:157,1
DA:158,1
DA:159,1
DA:160,1
DA:161,1
DA:162,1
DA:163,1
DA:164,1
DA:165,1
DA:166,1
DA:167,1
DA:168,1
DA:169,1
DA:170,1
DA:171,1
DA:172,1
DA:173,1
DA:174,1
DA:175,1
DA:176,1
DA:177,1
DA:178,1
DA:179,1
DA:180,1
DA:181,1
DA:182,1
DA:183,1
DA:184,1
DA:185,1
DA:186,1
DA:187,1
DA:188,1
DA:189,1
DA:190,1
DA:191,1
DA:192,1
DA:193,1
DA:194,1
DA:195,1
DA:196,1
DA:197,1
DA:198,1
DA:199,1
DA:200,1
DA:201,1
DA:202,1
DA:203,1
DA:204,1
DA:205,1
DA:206,1
DA:207,1
DA:208,1
DA:209,1
DA:210,1
DA:211,1
DA:212,1
DA:213,1
DA:214,1
DA:215,1
DA:216,1
DA:217,1
DA:218,1
DA:219,1
DA:220,1
DA:221,1
DA:222,1
DA:223,1
DA:224,1
DA:225,1
DA:226,1
DA:227,1
DA:228,1
DA:229,1
DA:230,1
DA:231,1
DA:232,1
DA:233,1
DA:234,1
DA:235,1
DA:236,1
DA:238,1
DA:239,1
DA:240,1
DA:241,1
DA:242,1
DA:243,1
DA:244,1
DA:245,1
DA:246,1
DA:247,1
DA:248,1
DA:249,1
DA:250,1
DA:251,1
DA:252,1
DA:253,1
DA:254,1
DA:255,1
DA:256,1
DA:257,1
DA:258,1
DA:259,1
DA:260,1
DA:261,1
DA:262,1
DA:263,1
DA:264,1
DA:265,1
DA:266,1
DA:267,1
DA:268,1
DA:269,1
DA:270,1
DA:272,1
DA:273,1
DA:274,1
DA:275,1
DA:276,1
DA:277,1
DA:278,1
DA:279,1
DA:280,1
DA:281,1
DA:282,1
DA:283,1
DA:284,1
DA:285,1
DA:286,1
DA:287,1
DA:288,1
DA:289,1
DA:290,1
DA:291,1
DA:292,1
DA:293,1
DA:294,1
DA:295,1
DA:296,1
DA:297,1
DA:298,1
DA:299,1
DA:300,1
DA:301,1
DA:302,1
DA:303,1
DA:304,1
DA:305,1
DA:306,1
DA:307,1
DA:308,1
DA:309,1
DA:310,1
DA:311,1
DA:312,1
DA:313,1
DA:314,1
DA:315,1
DA:316,1
DA:317,1
DA:318,1
DA:319,1
DA:320,1
DA:321,1
DA:322,1
DA:323,1
DA:324,1
DA:325,1
DA:326,1
DA:327,1
DA:328,1
DA:329,1
DA:330,1
DA:331,1
DA:332,1
DA:333,1
DA:334,1
DA:335,1
DA:336,1
DA:337,1
DA:338,1
DA:339,1
DA:340,1
DA:341,1
DA:342,1
DA:343,1
DA:344,1
DA:345,1
DA:346,1
DA:347,1
DA:348,1
DA:349,1
DA:350,1
DA:351,1
DA:352,1
DA:354,1
DA:355,1
DA:356,1
DA:358,1
DA:359,27
DA:360,27
DA:361,27
DA:363,1
DA:364,284
DA:366,1
DA:368,1
DA:369,9
DA:370,9
DA:371,9
DA:372,9
DA:374,1
DA:375,9
DA:376,9
DA:377,9
DA:378,9
DA:379,9
DA:381,1
DA:382,4
DA:383,4
DA:384,0
DA:385,0
DA:386,4
DA:387,4
DA:389,1
DA:390,10
DA:391,10
DA:392,10
DA:393,0
DA:394,0
DA:396,1
DA:397,9
DA:398,4
DA:399,4
DA:400,5
DA:401,5
DA:403,1
DA:404,4
DA:405,0
DA:406,0
DA:407,4
DA:408,4
DA:410,1
DA:411,8
DA:412,8
DA:413,8
DA:415,1
DA:416,2
DA:417,2
DA:418,2
DA:419,2
DA:421,1
DA:422,4
DA:423,4
DA:424,0
DA:425,0
DA:427,4
DA:428,4
DA:429,2
DA:430,2
DA:432,2
DA:433,2
DA:434,4
DA:435,4
DA:436,4
DA:437,0
DA:438,4
DA:439,4
DA:440,4
DA:441,4
DA:442,4
DA:443,4
DA:444,4
DA:445,4
DA:446,4
DA:448,1
DA:449,8
DA:450,8
DA:451,8
DA:452,0
DA:453,0
DA:454,8
DA:455,0
DA:456,0
DA:457,8
DA:458,8
DA:460,1
DA:461,4
DA:462,4
DA:463,4
DA:464,0
DA:465,4
DA:466,4
DA:468,1
DA:469,4
DA:470,4
DA:472,1
DA:473,9
DA:474,9
DA:475,5
DA:476,5
DA:478,9
DA:479,9
DA:480,0
DA:481,0
DA:483,9
DA:484,9
DA:485,9
DA:486,9
DA:488,1
DA:489,10
DA:490,10
DA:491,10
DA:492,6
DA:493,6
DA:495,10
DA:496,10
DA:497,4
DA:498,4
DA:500,10
DA:501,10
DA:502,0
DA:503,0
DA:505,10
DA:506,0
DA:507,0
DA:508,0
DA:509,0
DA:511,0
DA:512,0
DA:514,1
DA:515,3
DA:516,3
DA:517,1
DA:518,1
DA:519,3
DA:520,1
DA:521,1
DA:522,1
DA:523,1
DA:525,1
DA:526,3
DA:527,0
DA:528,0
DA:529,3
DA:530,3
DA:531,3
DA:532,3
DA:533,3
DA:534,3
DA:535,3
DA:536,3
DA:538,1
DA:539,4
DA:540,4
DA:541,4
DA:542,4
DA:543,4
DA:544,4
DA:545,4
DA:546,4
DA:548,4
DA:549,4
DA:551,4
DA:552,4
DA:553,4
DA:554,4
DA:555,4
DA:556,4
DA:557,4
DA:558,4
DA:559,4
DA:561,4
DA:562,4
DA:563,4
DA:564,4
DA:565,4
DA:566,4
DA:567,4
DA:568,4
DA:569,4
DA:570,4
DA:571,4
DA:572,4
DA:574,4
DA:575,32
DA:576,13
DA:577,13
DA:578,32
DA:580,4
DA:581,5
DA:582,5
DA:583,5
DA:584,5
DA:585,5
DA:586,5
DA:588,5
DA:589,5
DA:590,5
DA:591,5
DA:593,5
DA:594,5
DA:595,5
DA:596,5
DA:598,5
DA:599,5
DA:600,0
DA:601,0
DA:603,5
DA:604,5
DA:605,5
DA:606,5
DA:607,5
DA:608,5
DA:610,5
DA:611,0
DA:612,0
DA:613,0
DA:614,0
DA:615,0
DA:616,0
DA:617,0
DA:618,0
DA:620,5
DA:621,5
DA:622,5
DA:623,1
DA:624,3
DA:625,3
DA:626,3
DA:627,3
DA:628,3
DA:629,3
DA:630,3
DA:631,3
DA:632,0
DA:633,0
DA:634,3
DA:635,0
DA:636,0
DA:637,3
DA:638,0
DA:639,0
DA:640,3
DA:641,0
DA:642,0
DA:643,3
DA:644,1
DA:645,1
DA:647,5
DA:648,5
DA:649,2
DA:650,2
DA:652,5
DA:653,4
DA:655,4
DA:656,4
DA:657,4
DA:658,4
DA:659,4
DA:660,4
DA:662,1
DA:663,4
DA:664,4
DA:665,4
DA:667,4
DA:668,4
DA:670,4
DA:672,4
DA:673,5
DA:674,5
DA:675,1
DA:676,1
DA:678,4
DA:679,4
DA:680,4
DA:681,4
DA:682,4
DA:683,4
DA:684,5
DA:685,5
DA:686,5
DA:687,5
DA:688,5
DA:689,5
DA:690,5
DA:691,5
DA:692,5
DA:693,5
DA:694,5
DA:695,5
DA:696,5
DA:697,5
DA:698,5
DA:699,5
DA:700,5
DA:702,5
DA:703,5
DA:704,5
DA:705,4
DA:706,5
DA:707,0
DA:708,0
DA:709,0
DA:711,5
DA:712,5
DA:713,0
DA:714,0
DA:716,4
DA:717,4
DA:719,4
DA:720,5
DA:721,5
DA:722,5
DA:723,2
DA:724,2
DA:726,4
DA:727,5
DA:728,5
DA:730,5
DA:731,4
DA:733,4
DA:734,4
DA:736,1
DA:737,5
DA:738,5
DA:740,5
DA:741,5
DA:742,5
DA:743,5
DA:744,5
DA:745,5
DA:746,5
DA:748,5
DA:749,5
DA:750,0
DA:751,0
DA:753,5
DA:755,5
DA:756,5
DA:757,5
DA:758,5
DA:759,5
DA:760,5
DA:761,5
DA:762,5
DA:764,5
DA:765,5
DA:766,5
DA:767,1
DA:768,1
DA:769,1
DA:770,0
DA:771,0
DA:772,1
DA:774,5
DA:775,5
DA:776,5
DA:777,5
DA:778,5
DA:779,5
DA:780,5
DA:781,5
DA:782,5
DA:783,5
DA:784,5
DA:785,5
DA:786,5
DA:787,5
DA:788,5
DA:789,5
DA:790,5
DA:791,5
DA:792,5
DA:793,5
DA:794,5
DA:796,5
DA:797,5
DA:798,1
DA:799,1
DA:800,5
DA:801,5
DA:802,0
DA:803,0
DA:804,5
DA:805,5
DA:806,0
DA:807,0
DA:809,5
DA:810,5
DA:811,0
DA:812,0
DA:814,5
DA:815,5
DA:816,0
DA:817,0
DA:819,5
DA:820,0
DA:821,0
DA:822,0
DA:823,0
DA:825,5
DA:826,5
DA:827,5
DA:828,5
DA:829,0
DA:830,0
DA:831,0
DA:832,0
DA:833,0
DA:834,0
DA:835,0
DA:836,0
DA:837,0
DA:838,0
DA:839,0
DA:840,0
DA:841,0
DA:842,0
DA:843,0
DA:844,0
DA:845,0
DA:846,0
DA:847,0
DA:848,0
DA:849,0
DA:850,0
DA:852,5
DA:853,5
DA:854,5
DA:856,1
DA:857,5
DA:858,5
DA:859,5
DA:861,5
DA:862,1
DA:863,1
DA:864,5
DA:866,5
DA:867,0
DA:868,0
DA:869,5
DA:871,5
DA:872,5
DA:873,5
DA:874,5
DA:875,5
DA:877,5
DA:878,0
DA:879,0
DA:881,5
DA:882,0
DA:883,0
DA:884,5
DA:886,5
DA:887,5
DA:889,5
DA:890,25
DA:891,25
DA:892,25
DA:893,25
DA:894,25
DA:895,0
DA:896,0
DA:897,0
DA:898,0
DA:899,0
DA:900,25
DA:902,5
DA:903,5
DA:904,5
DA:905,5
DA:906,5
DA:908,5
DA:909,0
DA:910,0
DA:911,5
DA:912,0
DA:913,0
DA:914,5
DA:915,0
DA:916,0
DA:918,5
DA:919,5
DA:920,1
DA:921,1
DA:923,5
DA:924,5
DA:925,5
DA:926,5
DA:927,5
DA:929,1
DA:930,0
DA:932,1
DA:933,0
DA:934,0
DA:935,0
DA:936,0
DA:937,0
DA:938,0
DA:939,0
DA:940,0
DA:941,0
DA:942,0
DA:943,0
DA:944,0
DA:946,1
DA:947,1
DA:948,46
DA:949,46
DA:950,46
DA:951,46
DA:952,46
DA:953,46
DA:954,5
DA:955,5
DA:956,5
DA:957,5
DA:958,5
DA:959,2
DA:960,2
DA:961,2
DA:962,2
DA:963,2
DA:964,46
DA:966,46
DA:967,3
DA:968,3
DA:969,3
DA:970,3
DA:971,1
DA:972,1
DA:973,1
DA:974,1
DA:975,1
DA:976,46
DA:978,46
DA:979,4
DA:980,4
DA:981,4
DA:982,4
DA:983,4
DA:984,1
DA:985,1
DA:986,1
DA:987,1
DA:988,1
DA:989,46
DA:991,46
DA:992,4
DA:993,4
DA:994,4
DA:995,4
DA:996,3
DA:997,4
DA:998,1
DA:999,1
DA:1000,1
DA:1001,46
DA:1003,46
DA:1004,3
DA:1005,3
DA:1006,3
DA:1007,3
DA:1008,3
DA:1009,1
DA:1010,1
DA:1011,1
DA:1012,1
DA:1013,1
DA:1014,46
DA:1016,46
DA:1017,2
DA:1018,2
DA:1019,2
DA:1020,2
DA:1021,1
DA:1022,1
DA:1023,1
DA:1024,1
DA:1025,1
DA:1026,46
DA:1028,46
DA:1029,2
DA:1030,2
DA:1031,2
DA:1032,2
DA:1033,1
DA:1034,1
DA:1035,1
DA:1036,1
DA:1037,1
DA:1038,46
DA:1040,46
DA:1041,5
DA:1042,5
DA:1043,5
DA:1044,2
DA:1045,2
DA:1047,5
DA:1048,1
DA:1049,1
DA:1051,5
DA:1052,5
DA:1053,5
DA:1054,5
DA:1055,2
DA:1056,5
DA:1057,3
DA:1058,3
DA:1059,3
DA:1060,3
DA:1061,3
DA:1062,46
DA:1064,46
DA:1065,2
DA:1066,2
DA:1067,2
DA:1068,2
DA:1069,1
DA:1070,1
DA:1071,1
DA:1072,1
DA:1073,1
DA:1074,46
DA:1076,46
DA:1077,2
DA:1078,2
DA:1079,2
DA:1080,1
DA:1081,1
DA:1082,1
DA:1083,1
DA:1084,1
DA:1085,1
DA:1086,1
DA:1087,1
DA:1088,1
DA:1089,46
DA:1091,46
DA:1092,5
DA:1093,5
DA:1094,3
DA:1095,3
DA:1096,2
DA:1097,2
DA:1098,5
DA:1099,3
DA:1100,3
DA:1101,3
DA:1102,46
DA:1104,46
DA:1105,0
DA:1106,0
DA:1107,0
DA:1108,0
DA:1110,0
DA:1111,0
DA:1112,0
DA:1113,0
DA:1114,0
DA:1115,0
DA:1116,0
DA:1117,0
DA:1118,0
DA:1119,0
DA:1120,0
DA:1121,0
DA:1122,0
DA:1123,0
DA:1124,0
DA:1125,0
DA:1126,0
DA:1127,0
DA:1128,0
DA:1129,0
DA:1130,0
DA:1131,0
DA:1132,0
DA:1133,0
DA:1134,0
DA:1135,0
DA:1136,0
DA:1137,46
DA:1139,46
DA:1140,0
DA:1141,0
DA:1142,0
DA:1143,0
DA:1144,0
DA:1145,0
DA:1146,46
DA:1148,46
DA:1149,46
DA:1150,46
DA:1151,46
DA:1152,46
DA:1153,46
DA:1154,46
DA:1155,46
DA:1156,46
DA:1157,46
DA:1158,0
DA:1159,0
DA:1160,0
DA:1161,0
DA:1162,0
DA:1164,0
DA:1165,0
DA:1166,0
DA:1167,0
DA:1168,0
DA:1169,0
DA:1170,0
DA:1171,0
DA:1172,0
DA:1173,0
DA:1174,0
DA:1175,0
DA:1176,46
DA:1179,46
DA:1180,0
DA:1181,0
DA:1182,0
DA:1184,0
DA:1185,0
DA:1186,0
DA:1188,0
DA:1189,0
DA:1191,0
DA:1192,0
DA:1193,0
DA:1194,0
DA:1195,0
DA:1197,0
DA:1198,0
DA:1199,0
DA:1200,0
DA:1201,0
DA:1202,0
DA:1203,0
DA:1204,0
DA:1205,0
DA:1206,0
DA:1207,0
DA:1208,0
DA:1209,0
DA:1210,0
DA:1211,0
DA:1212,0
DA:1213,0
DA:1214,46
DA:1216,46
DA:1217,4
DA:1218,4
DA:1219,4
DA:1220,0
DA:1221,0
DA:1223,4
DA:1224,4
DA:1225,4
DA:1227,4
DA:1228,4
DA:1229,4
DA:1230,4
DA:1231,4
DA:1232,4
DA:1233,4
DA:1235,4
DA:1236,4
DA:1238,4
DA:1239,0
DA:1240,0
DA:1242,4
DA:1243,4
DA:1244,0
DA:1245,0
DA:1246,0
DA:1247,0
DA:1248,4
DA:1250,4
DA:1251,4
DA:1252,4
DA:1253,4
DA:1254,4
DA:1255,4
DA:1256,4
DA:1257,4
DA:1258,4
DA:1260,4
DA:1261,4
DA:1262,4
DA:1264,4
DA:1265,0
DA:1266,0
DA:1267,0
DA:1269,4
DA:1270,4
DA:1271,4
DA:1272,4
DA:1273,4
DA:1275,4
DA:1276,4
DA:1277,4
DA:1278,4
DA:1279,4
DA:1280,4
DA:1281,4
DA:1282,4
DA:1283,4
DA:1284,4
DA:1285,4
DA:1286,4
DA:1288,4
DA:1289,4
DA:1290,1
DA:1291,1
DA:1293,3
DA:1294,3
DA:1295,3
DA:1296,3
DA:1297,3
DA:1298,3
DA:1299,4
DA:1300,1
DA:1301,1
DA:1302,1
DA:1303,46
DA:1305,46
DA:1306,5
DA:1307,5
DA:1308,5
DA:1309,5
DA:1310,5
DA:1311,5
DA:1312,5
DA:1313,5
DA:1314,5
DA:1315,5
DA:1316,0
DA:1317,0
DA:1319,5
DA:1320,5
DA:1321,5
DA:1322,5
DA:1323,5
DA:1325,5
DA:1326,5
DA:1327,5
DA:1329,5
DA:1330,5
DA:1331,5
DA:1332,5
DA:1334,5
DA:1335,5
DA:1337,5
DA:1338,5
DA:1339,0
DA:1340,0
DA:1341,0
DA:1342,0
DA:1343,5
DA:1345,5
DA:1346,5
DA:1347,0
DA:1348,0
DA:1349,0
DA:1350,0
DA:1351,5
DA:1353,5
DA:1354,5
DA:1355,5
DA:1356,5
DA:1357,5
DA:1358,5
DA:1359,5
DA:1361,5
DA:1362,5
DA:1363,5
DA:1365,5
DA:1366,0
DA:1367,0
DA:1368,0
DA:1370,5
DA:1371,5
DA:1372,5
DA:1373,5
DA:1374,5
DA:1376,5
DA:1377,5
DA:1378,5
DA:1379,5
DA:1380,5
DA:1381,5
DA:1382,5
DA:1383,5
DA:1384,5
DA:1385,5
DA:1386,5
DA:1387,5
DA:1389,5
DA:1390,5
DA:1391,1
DA:1392,1
DA:1394,4
DA:1395,4
DA:1396,4
DA:1397,5
DA:1398,3
DA:1399,3
DA:1401,5
DA:1402,5
DA:1403,5
DA:1404,3
DA:1405,3
DA:1407,5
DA:1408,5
DA:1409,5
DA:1410,5
DA:1411,5
DA:1412,5
DA:1413,5
DA:1414,5
DA:1415,1
DA:1416,1
DA:1417,1
DA:1418,46
DA:1419,46
LF:1259
LH:1034
BRDA:358,0,0,27
BRDA:363,1,0,284
BRDA:364,2,0,109
BRDA:364,3,0,105
BRDA:364,4,0,179
BRDA:366,5,0,18
BRDA:368,6,0,9
BRDA:369,7,0,0
BRDA:374,8,0,9
BRDA:381,9,0,4
BRDA:383,10,0,0
BRDA:389,11,0,10
BRDA:390,12,0,8
BRDA:390,13,0,0
BRDA:392,14,0,0
BRDA:396,15,0,9
BRDA:397,16,0,8
BRDA:397,17,0,6
BRDA:397,18,0,4
BRDA:399,19,0,5
BRDA:403,20,0,4
BRDA:404,21,0,0
BRDA:410,22,0,8
BRDA:415,23,0,2
BRDA:416,24,0,0
BRDA:417,25,0,0
BRDA:421,26,0,4
BRDA:423,27,0,0
BRDA:428,28,0,2
BRDA:434,29,0,2
BRDA:435,30,0,2
BRDA:436,31,0,0
BRDA:442,32,0,2
BRDA:442,33,0,2
BRDA:448,34,0,8
BRDA:451,35,0,0
BRDA:454,36,0,0
BRDA:460,37,0,4
BRDA:462,38,0,2
BRDA:463,39,0,0
BRDA:468,40,0,4
BRDA:472,41,0,9
BRDA:474,42,0,5
BRDA:476,43,0,4
BRDA:479,44,0,0
BRDA:481,45,0,4
BRDA:483,46,0,0
BRDA:484,47,0,0
BRDA:488,48,0,10
BRDA:490,49,0,6
BRDA:490,50,0,4
BRDA:491,51,0,6
BRDA:493,52,0,4
BRDA:495,53,0,0
BRDA:496,54,0,4
BRDA:498,55,0,0
BRDA:501,56,0,0
BRDA:505,57,0,0
BRDA:514,58,0,3
BRDA:516,59,0,1
BRDA:518,60,0,2
BRDA:519,61,0,1
BRDA:525,62,0,3
BRDA:526,63,0,0
BRDA:538,64,0,4
BRDA:539,65,0,0
BRDA:540,66,0,0
BRDA:570,67,0,0
BRDA:574,68,0,32
BRDA:575,69,0,4
BRDA:575,70,0,28
BRDA:575,71,0,13
BRDA:580,72,0,5
BRDA:581,73,0,0
BRDA:599,74,0,0
BRDA:604,75,0,0
BRDA:604,76,0,0
BRDA:606,77,0,0
BRDA:610,78,0,0
BRDA:620,79,0,1
BRDA:620,80,0,4
BRDA:622,81,0,1
BRDA:648,82,0,2
BRDA:621,83,0,3
BRDA:623,84,0,3
BRDA:628,85,0,0
BRDA:631,86,0,0
BRDA:634,87,0,0
BRDA:637,88,0,0
BRDA:640,89,0,0
BRDA:662,90,0,4
BRDA:663,91,0,0
BRDA:664,92,0,0
BRDA:667,93,0,0
BRDA:672,94,0,5
BRDA:673,95,0,0
BRDA:674,96,0,1
BRDA:676,97,0,4
BRDA:684,98,0,0
BRDA:685,99,0,4
BRDA:685,100,0,4
BRDA:686,101,0,4
BRDA:686,102,0,0
BRDA:687,103,0,4
BRDA:687,104,0,4
BRDA:689,105,0,4
BRDA:689,106,0,0
BRDA:690,107,0,4
BRDA:690,108,0,0
BRDA:692,109,0,4
BRDA:692,110,0,0
BRDA:693,111,0,4
BRDA:693,112,0,0
BRDA:696,113,0,4
BRDA:696,114,0,0
BRDA:696,115,0,0
BRDA:702,116,0,4
BRDA:702,117,0,0
BRDA:702,118,0,0
BRDA:702,119,0,4
BRDA:704,120,0,4
BRDA:705,121,0,0
BRDA:706,122,0,0
BRDA:709,123,0,4
BRDA:711,124,0,0
BRDA:711,125,0,4
BRDA:711,126,0,0
BRDA:712,127,0,0
BRDA:714,128,0,4
BRDA:720,129,0,3
BRDA:722,130,0,2
BRDA:724,131,0,4
BRDA:727,132,0,4
BRDA:736,133,0,5
BRDA:737,134,0,0
BRDA:738,135,0,0
BRDA:740,136,0,5
BRDA:748,137,0,0
BRDA:749,138,0,0
BRDA:756,139,0,0
BRDA:757,140,0,0
BRDA:760,141,0,0
BRDA:762,142,0,1
BRDA:762,143,0,4
BRDA:766,144,0,1
BRDA:769,145,0,0
BRDA:789,146,0,0
BRDA:797,147,0,1
BRDA:801,148,0,0
BRDA:805,149,0,0
BRDA:810,150,0,0
BRDA:815,151,0,0
BRDA:819,152,0,1
BRDA:819,153,0,0
BRDA:826,154,0,0
BRDA:828,155,0,0
BRDA:742,156,0,5
BRDA:745,157,0,0
BRDA:856,158,0,5
BRDA:858,159,0,2
BRDA:858,160,0,0
BRDA:861,161,0,1
BRDA:866,162,0,0
BRDA:877,163,0,0
BRDA:881,164,0,0
BRDA:881,165,0,0
BRDA:908,166,0,0
BRDA:911,167,0,0
BRDA:911,168,0,0
BRDA:914,169,0,0
BRDA:919,170,0,1
BRDA:919,171,0,1
BRDA:889,172,0,25
BRDA:894,173,0,0
BRDA:947,174,0,46
BRDA:953,175,0,5
BRDA:955,176,0,4
BRDA:955,177,0,1
BRDA:958,178,0,2
BRDA:966,179,0,3
BRDA:968,180,0,0
BRDA:970,181,0,1
BRDA:978,182,0,4
BRDA:980,183,0,3
BRDA:980,184,0,1
BRDA:983,185,0,1
BRDA:991,186,0,4
BRDA:993,187,0,3
BRDA:993,188,0,1
BRDA:995,189,0,3
BRDA:997,190,0,1
BRDA:1003,191,0,3
BRDA:1005,192,0,0
BRDA:1006,193,0,0
BRDA:1007,194,0,2
BRDA:1008,195,0,1
BRDA:1016,196,0,2
BRDA:1018,197,0,0
BRDA:1019,198,0,0
BRDA:1020,199,0,1
BRDA:1028,200,0,2
BRDA:1030,201,0,0
BRDA:1032,202,0,1
BRDA:1040,203,0,5
BRDA:1043,204,0,3
BRDA:1043,205,0,2
BRDA:1043,206,0,2
BRDA:1045,207,0,3
BRDA:1047,208,0,1
BRDA:1049,209,0,2
BRDA:1051,210,0,0
BRDA:1053,211,0,1
BRDA:1053,212,0,1
BRDA:1054,213,0,2
BRDA:1056,214,0,3
BRDA:1064,215,0,2
BRDA:1066,216,0,0
BRDA:1068,217,0,1
BRDA:1076,218,0,2
BRDA:1078,219,0,0
BRDA:1079,220,0,1
BRDA:1091,221,0,5
BRDA:1093,222,0,3
BRDA:1093,223,0,2
BRDA:1093,224,0,2
BRDA:1093,225,0,3
BRDA:1095,226,0,2
BRDA:1098,227,0,3
BRDA:1216,228,0,4
BRDA:1218,229,0,0
BRDA:1219,230,0,0
BRDA:1224,231,0,0
BRDA:1225,232,0,0
BRDA:1238,233,0,0
BRDA:1250,234,0,0
BRDA:1252,235,0,0
BRDA:1252,236,0,0
BRDA:1255,237,0,0
BRDA:1264,238,0,0
BRDA:1271,239,0,0
BRDA:1278,240,0,0
BRDA:1289,241,0,1
BRDA:1291,242,0,3
BRDA:1299,243,0,1
BRDA:1242,244,0,4
BRDA:1243,245,0,0
BRDA:1277,246,0,4
BRDA:1305,247,0,5
BRDA:1314,248,0,0
BRDA:1315,249,0,0
BRDA:1319,250,0,0
BRDA:1323,251,0,0
BRDA:1327,252,0,0
BRDA:1353,253,0,0
BRDA:1356,254,0,0
BRDA:1365,255,0,0
BRDA:1372,256,0,0
BRDA:1379,257,0,0
BRDA:1390,258,0,1
BRDA:1392,259,0,4
BRDA:1397,260,0,3
BRDA:1399,261,0,4
BRDA:1401,262,0,1
BRDA:1402,263,0,1
BRDA:1403,264,0,3
BRDA:1403,265,0,0
BRDA:1404,266,0,0
BRDA:1414,267,0,1
BRDA:1326,268,0,5
BRDA:1337,269,0,5
BRDA:1338,270,0,0
BRDA:1345,271,0,5
BRDA:1346,272,0,0
BRDA:1378,273,0,5
BRF:274
BRH:158
end_of_record
TN:
SF:electron/utils/fileOps.js
FN:8,fileExists
FN:24,ensureDir
FN:37,listDir
FN:53,readFile
FN:69,saveFile
FN:89,deleteFile
FN:99,getFileStats
FN:121,hashFile
FNF:8
FNH:8
FNDA:12,fileExists
FNDA:3,ensureDir
FNDA:3,listDir
FNDA:3,readFile
FNDA:4,saveFile
FNDA:2,deleteFile
FNDA:3,getFileStats
FNDA:3,hashFile
DA:1,1
DA:4,1
DA:8,1
DA:9,12
DA:10,12
DA:11,12
DA:12,6
DA:13,6
DA:14,6
DA:15,5
DA:16,5
DA:17,6
DA:18,1
DA:19,1
DA:20,1
DA:21,6
DA:22,12
DA:24,1
DA:25,3
DA:26,3
DA:27,3
DA:28,2
DA:29,1
DA:30,2
DA:31,3
DA:32,1
DA:33,1
DA:34,1
DA:35,3
DA:37,1
DA:38,3
DA:39,3
DA:40,3
DA:41,3
DA:42,2
DA:43,1
DA:44,3
DA:45,1
DA:46,1
DA:47,3
DA:48,2
DA:49,2
DA:50,2
DA:51,3
DA:53,1
DA:54,3
DA:55,3
DA:56,3
DA:57,3
DA:58,2
DA:59,1
DA:60,3
DA:61,1
DA:62,1
DA:63,3
DA:64,2
DA:65,2
DA:66,2
DA:67,3
DA:69,1
DA:70,4
DA:71,4
DA:72,4
DA:73,4
DA:75,4
DA:76,0
DA:77,0
DA:78,4
DA:80,4
DA:81,3
DA:82,3
DA:83,4
DA:84,1
DA:85,1
DA:86,1
DA:87,4
DA:89,1
DA:90,2
DA:91,2
DA:92,1
DA:93,1
DA:94,1
DA:95,1
DA:96,1
DA:97,2
DA:99,1
DA:100,3
DA:101,3
DA:102,1
DA:103,3
DA:104,2
DA:105,1
DA:106,1
DA:107,1
DA:108,1
DA:109,1
DA:110,1
DA:111,2
DA:112,3
DA:114,1
DA:115,1
DA:116,1
DA:117,1
DA:118,1
DA:119,1
DA:120,1
DA:121,1
DA:122,3
DA:123,3
DA:124,3
DA:125,3
DA:126,3
DA:127,3
DA:128,1
DA:129,1
DA:130,3
DA:131,3
DA:132,3
LF:118
LH:116
BRDA:8,0,0,12
BRDA:11,1,0,6
BRDA:14,2,0,5
BRDA:17,3,0,1
BRDA:24,4,0,3
BRDA:27,5,0,2
BRDA:28,6,0,1
BRDA:31,7,0,1
BRDA:37,8,0,3
BRDA:41,9,0,2
BRDA:42,10,0,1
BRDA:44,11,0,1
BRDA:47,12,0,2
BRDA:43,13,0,2
BRDA:53,14,0,3
BRDA:57,15,0,2
BRDA:58,16,0,1
BRDA:60,17,0,1
BRDA:63,18,0,2
BRDA:69,19,0,4
BRDA:75,20,0,0
BRDA:80,21,0,3
BRDA:83,22,0,1
BRDA:89,23,0,2
BRDA:91,24,0,1
BRDA:99,25,0,3
BRDA:101,26,0,1
BRDA:103,27,0,2
BRDA:104,28,0,1
BRDA:121,29,0,3
BRDA:122,30,0,3
BRDA:125,31,0,2
BRDA:126,32,0,2
BRDA:127,33,0,1
BRF:34
BRH:33
end_of_record
TN:
SF:electron/utils/fileSec.js
FN:3,safeJoin
FN:47,safePath
FNF:2
FNH:2
FNDA:16,safeJoin
FNDA:11,safePath
DA:1,1
DA:3,1
DA:4,16
DA:5,3
DA:6,3
DA:8,16
DA:9,3
DA:10,3
DA:12,10
DA:13,16
DA:15,16
DA:16,16
DA:17,16
DA:18,2
DA:19,2
DA:21,8
DA:22,8
DA:23,16
DA:24,4
DA:25,4
DA:27,4
DA:28,16
DA:29,16
DA:30,16
DA:31,16
DA:32,16
DA:33,16
DA:34,1
DA:35,1
DA:36,1
DA:37,1
DA:39,16
DA:40,16
DA:41,0
DA:42,16
DA:43,3
DA:44,3
DA:45,16
DA:47,1
DA:48,11
DA:49,11
DA:50,3
DA:51,3
DA:53,11
DA:54,1
DA:55,1
DA:57,7
DA:58,7
DA:60,7
DA:61,7
DA:62,7
DA:63,2
DA:64,2
DA:65,11
DA:66,0
DA:67,0
DA:68,0
DA:69,0
DA:71,11
DA:73,11
DA:75,11
DA:76,11
DA:77,2
DA:78,2
DA:80,3
DA:81,11
DA:82,1
DA:83,1
DA:85,2
DA:86,2
LF:70
LH:65
BRDA:3,0,0,16
BRDA:4,1,0,13
BRDA:4,2,0,3
BRDA:6,3,0,13
BRDA:8,4,0,3
BRDA:8,5,0,3
BRDA:10,6,0,10
BRDA:13,7,0,0
BRDA:17,8,0,2
BRDA:19,9,0,8
BRDA:23,10,0,4
BRDA:28,11,0,0
BRDA:33,12,0,1
BRDA:37,13,0,3
BRDA:39,14,0,0
BRDA:40,15,0,0
BRDA:42,16,0,3
BRDA:16,17,0,25
BRDA:22,18,0,19
BRDA:22,19,0,18
BRDA:30,20,0,10
BRDA:30,21,0,8
BRDA:47,22,0,11
BRDA:49,23,0,3
BRDA:51,24,0,8
BRDA:53,25,0,1
BRDA:55,26,0,7
BRDA:62,27,0,2
BRDA:65,28,0,0
BRDA:69,29,0,5
BRDA:71,30,0,0
BRDA:76,31,0,2
BRDA:78,32,0,3
BRDA:81,33,0,1
BRDA:83,34,0,2
BRF:35
BRH:29
end_of_record
TN:
SF:electron/utils/logger.js
FNF:0
FNH:0
DA:1,1
DA:3,1
DA:4,1
DA:5,1
DA:6,1
DA:7,1
DA:8,1
DA:9,1
DA:10,1
LF:9
LH:9
BRF:0
BRH:0
end_of_record
TN:
SF:electron/utils/pdfGenerator.js
FN:12,generateFindingsReport
FN:33,getQuestionCode
FN:34,findResponseForRow
FN:51,normalizeRiskLevel
FNF:4
FNH:4
FNDA:17,generateFindingsReport
FNDA:16,getQuestionCode
FNDA:10,findResponseForRow
FNDA:12,normalizeRiskLevel
DA:1,1
DA:4,1
DA:5,1
DA:6,1
DA:7,1
DA:8,1
DA:9,1
DA:10,1
DA:11,1
DA:12,1
DA:13,17
DA:14,17
DA:15,17
DA:16,17
DA:17,17
DA:18,17
DA:19,17
DA:20,17
DA:22,17
DA:23,17
DA:24,17
DA:25,17
DA:26,17
DA:27,17
DA:29,17
DA:30,17
DA:31,17
DA:33,17
DA:34,17
DA:35,10
DA:36,10
DA:37,10
DA:38,9
DA:39,9
DA:41,10
DA:42,10
DA:43,0
DA:44,0
DA:46,10
DA:47,10
DA:48,10
DA:49,10
DA:51,17
DA:52,12
DA:54,17
DA:55,17
DA:56,17
DA:57,17
DA:59,17
DA:60,10
DA:61,10
DA:62,10
DA:63,9
DA:64,10
DA:65,6
DA:66,6
DA:67,6
DA:68,6
DA:69,6
DA:70,6
DA:71,6
DA:72,6
DA:73,6
DA:74,6
DA:75,6
DA:76,6
DA:77,6
DA:78,6
DA:79,6
DA:80,6
DA:81,6
DA:82,6
DA:83,6
DA:84,6
DA:85,10
DA:87,11
DA:88,17
DA:89,6
DA:90,6
DA:91,17
DA:92,5
DA:93,5
DA:94,6
DA:95,6
DA:96,6
DA:97,6
DA:98,6
DA:99,5
DA:100,5
DA:101,5
DA:102,5
DA:103,5
DA:104,5
DA:105,5
DA:106,5
DA:107,5
DA:108,5
DA:109,5
DA:110,5
DA:111,5
DA:112,5
DA:114,5
DA:116,11
DA:117,11
DA:118,11
DA:119,11
DA:120,17
DA:121,17
DA:122,17
DA:123,17
DA:124,17
DA:125,17
DA:126,17
DA:127,17
DA:128,17
DA:130,17
DA:131,17
DA:132,17
DA:133,17
DA:134,17
DA:136,17
DA:137,17
DA:139,5
DA:140,5
DA:141,5
DA:142,5
DA:143,5
DA:144,5
DA:145,5
DA:146,5
DA:147,5
DA:148,5
DA:149,5
DA:150,5
DA:151,5
DA:152,5
DA:153,5
DA:154,5
DA:155,5
DA:156,5
DA:157,5
DA:158,5
DA:159,5
DA:160,5
DA:161,5
DA:163,11
DA:164,11
DA:165,11
DA:167,11
DA:168,11
DA:170,11
DA:171,11
DA:173,11
DA:174,11
DA:175,11
DA:176,11
DA:177,11
DA:178,11
DA:179,11
DA:180,11
DA:181,11
DA:182,11
DA:183,11
DA:184,11
DA:185,11
DA:186,11
DA:187,11
DA:188,11
DA:189,11
DA:190,11
DA:191,11
DA:192,11
DA:193,11
DA:194,11
DA:195,11
DA:196,11
DA:197,11
DA:198,11
DA:199,11
DA:200,11
DA:201,11
DA:202,11
DA:203,11
DA:204,11
DA:205,11
DA:206,11
DA:207,11
DA:208,11
DA:209,11
DA:210,11
DA:211,11
DA:212,11
DA:213,11
DA:214,11
DA:215,11
DA:216,11
DA:217,11
DA:218,11
DA:219,11
DA:220,11
DA:222,11
DA:224,11
DA:225,11
DA:226,11
DA:227,11
DA:228,11
DA:229,11
DA:230,11
DA:231,11
DA:232,11
DA:233,11
DA:234,11
DA:235,11
DA:236,11
DA:237,11
DA:238,11
DA:239,11
DA:240,11
DA:241,11
DA:242,11
DA:243,11
DA:244,11
DA:245,11
DA:246,11
DA:247,11
DA:248,11
DA:249,11
DA:251,11
DA:252,11
DA:253,11
DA:254,11
DA:255,11
DA:256,11
DA:257,11
DA:258,11
DA:259,11
DA:261,11
DA:262,11
DA:263,11
DA:265,11
DA:266,11
DA:268,11
DA:269,11
DA:270,11
DA:271,11
DA:273,11
DA:274,0
DA:275,11
DA:277,17
DA:278,6
DA:279,6
DA:280,17
LF:252
LH:249
BRDA:12,0,0,17
BRDA:15,1,0,17
BRDA:59,2,0,10
BRDA:62,3,0,9
BRDA:64,4,0,6
BRDA:66,5,0,0
BRDA:69,6,0,0
BRDA:74,7,0,4
BRDA:75,8,0,4
BRDA:75,9,0,2
BRDA:79,10,0,0
BRDA:80,11,0,0
BRDA:82,12,0,5
BRDA:85,13,0,11
BRDA:88,14,0,6
BRDA:91,15,0,5
BRDA:114,16,0,11
BRDA:120,17,0,1
BRDA:137,18,0,5
BRDA:161,19,0,11
BRDA:233,20,0,0
BRDA:246,21,0,10
BRDA:246,22,0,0
BRDA:248,23,0,0
BRDA:277,24,0,6
BRDA:33,25,0,16
BRDA:34,26,0,10
BRDA:37,27,0,9
BRDA:39,28,0,1
BRDA:41,29,0,1
BRDA:42,30,0,8
BRDA:42,31,0,0
BRDA:44,32,0,1
BRDA:46,33,0,0
BRDA:51,34,0,12
BRDA:52,35,0,0
BRDA:93,36,0,6
BRDA:269,37,0,11
BRF:38
BRH:28
end_of_record
TN:
SF:src/App.vue
FN:215,onGeneralCommentsInput
FN:219,clearGeneralComments
FN:223,onWorkspaceChange
FN:230,onImportData
FN:261,onImportSubmit
FN:268,onFinalize
FN:276,onModeChange
FN:283,onRemoveSession
FN:17,__vite_ssr_import_9__.createElementBlock.__vite_ssr_import_9__.createElementVNode.__vite_ssr_import_9__.withDirectives.__vite_ssr_import_9__.createElementVNode.onUpdate:modelValue._cache.<computed>._cache.<computed>
FN:23,__vite_ssr_import_9__.createElementBlock.__vite_ssr_import_9__.createElementVNode.__vite_ssr_import_9__.withDirectives.__vite_ssr_import_9__.createElementVNode.onUpdate:modelValue._cache.<computed>._cache.<computed>
FN:36,__vite_ssr_import_9__.createElementBlock.__vite_ssr_import_9__.createElementVNode.__vite_ssr_import_9__.createElementVNode.onClick._cache.<computed>._cache.<computed>
FN:50,__vite_ssr_import_9__.createElementBlock.__vite_ssr_import_9__.createElementVNode.__vite_ssr_import_9__.createElementVNode.onClick._cache.<computed>._cache.<computed>
FN:57,__vite_ssr_import_9__.createElementBlock.__vite_ssr_import_9__.createElementVNode.__vite_ssr_import_9__.createElementVNode.onClick._cache.<computed>._cache.<computed>
FN:65,__vite_ssr_import_9__.createElementBlock.__vite_ssr_import_9__.createElementVNode.__vite_ssr_import_9__.createElementVNode.onClick._cache.<computed>._cache.<computed>
FN:75,__vite_ssr_import_9__.createElementBlock.__vite_ssr_import_9__.createElementVNode.__vite_ssr_import_9__.createElementVNode.onClick._cache.<computed>._cache.<computed>
FN:82,__vite_ssr_import_9__.createElementBlock.__vite_ssr_import_9__.createElementVNode.__vite_ssr_import_9__.createElementVNode.onClick._cache.<computed>._cache.<computed>
FN:95,__vite_ssr_import_9__.createElementBlock.__vite_ssr_import_9__.createElementBlock.__vite_ssr_import_9__.createElementVNode.onInput._cache.<computed>._cache.<computed>
FN:100,__vite_ssr_import_9__.createElementBlock.__vite_ssr_import_9__.createElementBlock.__vite_ssr_import_9__.createElementVNode.__vite_ssr_import_9__.createElementVNode.onClick._cache.<computed>._cache.<computed>
FN:113,__vite_ssr_import_9__.createElementBlock.__vite_ssr_import_9__.createVNode.onCancel._cache.<computed>._cache.<computed>
FN:127,__vite_ssr_import_9__.createElementBlock.__vite_ssr_import_9__.createElementBlock.__vite_ssr_import_9__.createElementVNode.__vite_ssr_import_9__.createElementBlock.__vite_ssr_import_9__.withDirectives.__vite_ssr_import_9__.createElementVNode.onUpdate:modelValue._cache.<computed>._cache.<computed>
FN:135,__vite_ssr_import_9__.createElementBlock.__vite_ssr_import_9__.createElementBlock.__vite_ssr_import_9__.createElementVNode.__vite_ssr_import_9__.createElementBlock.__vite_ssr_import_9__.withDirectives.__vite_ssr_import_9__.createElementVNode.onUpdate:modelValue._cache.<computed>._cache.<computed>
FN:149,__vite_ssr_import_9__.createElementBlock.__vite_ssr_import_9__.createElementBlock.__vite_ssr_import_9__.createElementVNode.__vite_ssr_import_9__.createElementVNode.__vite_ssr_import_9__.withDirectives.__vite_ssr_import_9__.createElementVNode.onUpdate:modelValue._cache.<computed>._cache.<computed>
FN:171,__vite_ssr_import_9__.createElementBlock.__vite_ssr_import_9__.createElementBlock.__vite_ssr_import_9__.createElementVNode.__vite_ssr_import_9__.createElementVNode.__vite_ssr_import_9__.createElementVNode.onClick._cache.<computed>._cache.<computed>
FNF:23
FNH:8
FNDA:0,onGeneralCommentsInput
FNDA:0,clearGeneralComments
FNDA:0,onWorkspaceChange
FNDA:3,onImportData
FNDA:3,onImportSubmit
FNDA:0,onFinalize
FNDA:0,onModeChange
FNDA:1,onRemoveSession
FNDA:0,__vite_ssr_import_9__.createElementBlock.__vite_ssr_import_9__.createElementVNode.__vite_ssr_import_9__.withDirectives.__vite_ssr_import_9__.createElementVNode.onUpdate:modelValue._cache.<computed>._cache.<computed>
FNDA:0,__vite_ssr_import_9__.createElementBlock.__vite_ssr_import_9__.createElementVNode.__vite_ssr_import_9__.withDirectives.__vite_ssr_import_9__.createElementVNode.onUpdate:modelValue._cache.<computed>._cache.<computed>
FNDA:6,__vite_ssr_import_9__.createElementBlock.__vite_ssr_import_9__.createElementVNode.__vite_ssr_import_9__.createElementVNode.onClick._cache.<computed>._cache.<computed>
FNDA:0,__vite_ssr_import_9__.createElementBlock.__vite_ssr_import_9__.createElementVNode.__vite_ssr_import_9__.createElementVNode.onClick._cache.<computed>._cache.<computed>
FNDA:0,__vite_ssr_import_9__.createElementBlock.__vite_ssr_import_9__.createElementVNode.__vite_ssr_import_9__.createElementVNode.onClick._cache.<computed>._cache.<computed>
FNDA:0,__vite_ssr_import_9__.createElementBlock.__vite_ssr_import_9__.createElementVNode.__vite_ssr_import_9__.createElementVNode.onClick._cache.<computed>._cache.<computed>
FNDA:0,__vite_ssr_import_9__.createElementBlock.__vite_ssr_import_9__.createElementVNode.__vite_ssr_import_9__.createElementVNode.onClick._cache.<computed>._cache.<computed>
FNDA:0,__vite_ssr_import_9__.createElementBlock.__vite_ssr_import_9__.createElementVNode.__vite_ssr_import_9__.createElementVNode.onClick._cache.<computed>._cache.<computed>
FNDA:0,__vite_ssr_import_9__.createElementBlock.__vite_ssr_import_9__.createElementBlock.__vite_ssr_import_9__.createElementVNode.onInput._cache.<computed>._cache.<computed>
FNDA:0,__vite_ssr_import_9__.createElementBlock.__vite_ssr_import_9__.createElementBlock.__vite_ssr_import_9__.createElementVNode.__vite_ssr_import_9__.createElementVNode.onClick._cache.<computed>._cache.<computed>
FNDA:0,__vite_ssr_import_9__.createElementBlock.__vite_ssr_import_9__.createVNode.onCancel._cache.<computed>._cache.<computed>
FNDA:2,__vite_ssr_import_9__.createElementBlock.__vite_ssr_import_9__.createElementBlock.__vite_ssr_import_9__.createElementVNode.__vite_ssr_import_9__.createElementBlock.__vite_ssr_import_9__.withDirectives.__vite_ssr_import_9__.createElementVNode.onUpdate:modelValue._cache.<computed>._cache.<computed>
FNDA:2,__vite_ssr_import_9__.createElementBlock.__vite_ssr_import_9__.createElementBlock.__vite_ssr_import_9__.createElementVNode.__vite_ssr_import_9__.createElementBlock.__vite_ssr_import_9__.withDirectives.__vite_ssr_import_9__.createElementVNode.onUpdate:modelValue._cache.<computed>._cache.<computed>
FNDA:4,__vite_ssr_import_9__.createElementBlock.__vite_ssr_import_9__.createElementBlock.__vite_ssr_import_9__.createElementVNode.__vite_ssr_import_9__.createElementVNode.__vite_ssr_import_9__.withDirectives.__vite_ssr_import_9__.createElementVNode.onUpdate:modelValue._cache.<computed>._cache.<computed>
FNDA:1,__vite_ssr_import_9__.createElementBlock.__vite_ssr_import_9__.createElementBlock.__vite_ssr_import_9__.createElementVNode.__vite_ssr_import_9__.createElementVNode.__vite_ssr_import_9__.createElementVNode.onClick._cache.<computed>._cache.<computed>
DA:1,1
DA:2,1
DA:3,1
DA:4,1
DA:5,1
DA:6,1
DA:7,1
DA:8,1
DA:9,1
DA:10,1
DA:11,1
DA:12,1
DA:13,1
DA:14,1
DA:15,1
DA:16,1
DA:17,1
DA:18,1
DA:19,1
DA:20,1
DA:22,1
DA:23,1
DA:24,1
DA:25,1
DA:26,1
DA:27,1
DA:28,1
DA:30,1
DA:31,1
DA:32,1
DA:33,1
DA:34,1
DA:35,1
DA:36,1
DA:38,1
DA:39,1
DA:40,1
DA:42,1
DA:43,1
DA:44,1
DA:45,1
DA:47,1
DA:48,1
DA:49,1
DA:50,1
DA:52,1
DA:53,1
DA:54,1
DA:55,1
DA:56,1
DA:57,1
DA:59,1
DA:60,1
DA:61,1
DA:62,1
DA:63,1
DA:64,1
DA:65,1
DA:67,1
DA:68,1
DA:69,1
DA:70,1
DA:71,1
DA:72,1
DA:73,1
DA:74,1
DA:75,1
DA:76,1
DA:78,1
DA:80,1
DA:81,1
DA:82,1
DA:83,1
DA:85,1
DA:86,1
DA:87,1
DA:89,1
DA:90,1
DA:91,1
DA:92,1
DA:93,1
DA:94,1
DA:95,1
DA:96,1
DA:97,1
DA:98,1
DA:99,1
DA:100,1
DA:101,1
DA:102,1
DA:104,1
DA:105,1
DA:106,1
DA:108,1
DA:109,1
DA:110,1
DA:111,1
DA:112,1
DA:113,1
DA:114,1
DA:115,1
DA:116,1
DA:117,1
DA:118,1
DA:119,1
DA:121,6
DA:123,1
DA:124,1
DA:125,1
DA:126,1
DA:127,1
DA:128,1
DA:129,1
DA:130,1
DA:131,1
DA:133,1
DA:134,1
DA:135,1
DA:136,1
DA:137,1
DA:138,1
DA:139,1
DA:140,1
DA:142,1
DA:143,1
DA:144,1
DA:145,1
DA:147,1
DA:148,1
DA:149,1
DA:150,1
DA:151,1
DA:152,1
DA:153,1
DA:154,1
DA:156,1
DA:157,1
DA:158,1
DA:159,1
DA:161,1
DA:162,1
DA:163,1
DA:164,1
DA:165,1
DA:166,1
DA:167,1
DA:168,1
DA:170,1
DA:171,1
DA:172,1
DA:173,1
DA:174,1
DA:175,1
DA:176,1
DA:177,1
DA:179,1
DA:180,1
DA:181,1
DA:182,1
DA:183,1
DA:184,1
DA:185,1
DA:186,1
DA:187,1
DA:191,1
DA:192,1
DA:193,1
DA:194,1
DA:195,1
DA:196,1
DA:197,1
DA:198,1
DA:199,1
DA:201,1
DA:202,1
DA:203,1
DA:204,1
DA:205,1
DA:207,1
DA:208,1
DA:209,1
DA:210,1
DA:211,1
DA:212,1
DA:213,1
DA:215,1
DA:216,0
DA:217,0
DA:219,1
DA:220,0
DA:221,0
DA:223,1
DA:224,0
DA:225,0
DA:226,0
DA:227,0
DA:228,0
DA:230,1
DA:231,3
DA:232,1
DA:233,1
DA:234,1
DA:236,2
DA:237,2
DA:239,3
DA:240,1
DA:241,0
DA:242,0
DA:243,0
DA:244,1
DA:245,1
DA:246,1
DA:247,1
DA:248,0
DA:249,0
DA:250,0
DA:251,1
DA:252,1
DA:254,3
DA:255,0
DA:256,0
DA:258,2
DA:259,3
DA:261,1
DA:262,3
DA:263,3
DA:264,2
DA:265,2
DA:266,3
DA:268,1
DA:269,0
DA:270,0
DA:271,0
DA:272,0
DA:273,0
DA:274,0
DA:276,1
DA:277,0
DA:278,0
DA:279,0
DA:280,0
DA:281,0
DA:283,1
DA:284,1
DA:285,0
DA:286,0
DA:287,0
DA:288,1
DA:289,1
DA:291,1
DA:292,6
DA:293,0
DA:294,0
DA:295,6
DA:296,1
DA:298,1
DA:299,10
DA:300,10
DA:301,6
DA:302,6
DA:303,4
DA:304,10
DA:305,1
DA:307,1
DA:308,4
DA:309,4
DA:310,2
DA:311,2
DA:312,2
DA:313,4
DA:314,1
DA:316,1
DA:317,14
DA:318,1
DA:319,1
DA:320,14
DA:321,7
DA:322,7
DA:323,14
DA:324,1
DA:326,1
DA:327,16
DA:328,16
DA:329,16
DA:330,1
DA:331,1
DA:333,1
DA:335,1
DA:336,0
DA:337,0
DA:338,0
DA:339,1
DA:341,1
DA:343,1
DA:344,12
DA:345,11
DA:346,11
DA:347,12
DA:348,12
DA:349,12
DA:350,1
DA:352,1
DA:353,4
DA:354,3
DA:355,3
DA:356,4
DA:357,4
DA:358,4
DA:359,1
DA:361,1
DA:362,16
DA:363,12
DA:364,12
DA:365,16
DA:366,1
DA:368,1
DA:369,16
DA:370,1
DA:372,1
DA:373,1
DA:374,1
DA:375,0
DA:376,0
DA:377,0
DA:378,0
DA:379,1
DA:381,1
DA:382,16
DA:383,16
DA:384,16
DA:385,16
DA:386,16
DA:387,16
DA:388,16
DA:389,16
DA:390,16
DA:391,0
DA:392,16
DA:393,1
DA:395,1
DA:396,14
DA:397,11
DA:398,11
DA:399,11
DA:400,1
LF:345
LH:304
BRDA:230,0,0,3
BRDA:231,1,0,1
BRDA:234,2,0,2
BRDA:239,3,0,1
BRDA:240,4,0,0
BRDA:247,5,0,0
BRDA:252,6,0,2
BRDA:254,7,0,0
BRDA:254,8,0,0
BRDA:256,9,0,2
BRDA:261,10,0,3
BRDA:263,11,0,2
BRDA:283,12,0,1
BRDA:284,13,0,0
BRDA:291,14,0,6
BRDA:292,15,0,0
BRDA:295,16,0,4
BRDA:295,17,0,2
BRDA:298,18,0,10
BRDA:300,19,0,6
BRDA:302,20,0,4
BRDA:304,21,0,0
BRDA:303,22,0,6
BRDA:307,23,0,4
BRDA:309,24,0,2
BRDA:313,25,0,0
BRDA:312,26,0,2
BRDA:316,27,0,14
BRDA:317,28,0,1
BRDA:319,29,0,13
BRDA:320,30,0,7
BRDA:321,31,0,4
BRDA:321,32,0,2
BRDA:322,33,0,6
BRDA:323,34,0,4
BRDA:323,35,0,2
BRDA:326,36,0,16
BRDA:329,37,0,4
BRDA:329,38,0,1
BRDA:329,39,0,1
BRDA:330,40,0,12
BRDA:330,41,0,0
BRDA:330,42,0,0
BRDA:333,43,0,16
BRDA:333,44,0,4
BRDA:333,45,0,12
BRDA:343,46,0,12
BRDA:344,47,0,1
BRDA:344,48,0,1
BRDA:344,49,0,1
BRDA:344,50,0,11
BRDA:346,51,0,1
BRDA:347,52,0,0
BRDA:348,53,0,1
BRDA:349,54,0,1
BRDA:352,55,0,4
BRDA:353,56,0,1
BRDA:353,57,0,1
BRDA:353,58,0,1
BRDA:353,59,0,3
BRDA:355,60,0,1
BRDA:356,61,0,0
BRDA:357,62,0,1
BRDA:358,63,0,0
BRDA:361,64,0,16
BRDA:362,65,0,12
BRDA:363,66,0,0
BRDA:364,67,0,4
BRDA:365,68,0,1
BRDA:368,69,0,16
BRDA:369,70,0,12
BRDA:369,71,0,4
BRDA:373,72,0,16
BRDA:381,73,0,16
BRDA:395,74,0,14
BRDA:396,75,0,11
BRDA:9,76,0,16
BRDA:10,77,0,31
BRDA:10,78,0,2
BRDA:11,79,0,16
BRDA:12,80,0,0
BRDA:16,81,0,16
BRDA:17,82,0,16
BRDA:22,83,0,16
BRDA:23,84,0,16
BRDA:24,85,0,16
BRDA:36,86,0,16
BRDA:38,87,0,22
BRDA:38,88,0,11
BRDA:43,89,0,0
BRDA:44,90,0,0
BRDA:45,91,0,0
BRDA:49,92,0,22
BRDA:49,93,0,11
BRDA:50,94,0,16
BRDA:52,95,0,22
BRDA:52,96,0,11
BRDA:56,97,0,22
BRDA:56,98,0,0
BRDA:57,99,0,16
BRDA:59,100,0,11
BRDA:59,101,0,22
BRDA:65,102,0,16
BRDA:67,103,0,0
BRDA:75,104,0,16
BRDA:82,105,0,16
BRDA:85,106,0,0
BRDA:113,107,0,16
BRDA:118,108,0,8
BRDA:118,109,0,6
BRDA:119,110,0,6
BRDA:124,111,0,4
BRDA:127,112,0,4
BRDA:134,113,0,2
BRDA:135,114,0,2
BRDA:136,115,0,2
BRDA:148,116,0,6
BRDA:149,117,0,6
BRDA:150,118,0,6
BRDA:162,119,0,6
BRDA:162,120,0,8
BRDA:162,121,0,6
BRDA:164,122,0,4
BRDA:164,123,0,4
BRDA:166,124,0,2
BRDA:167,125,0,6
BRDA:171,126,0,6
BRDA:185,127,0,22
BRDA:185,128,0,0
BRDA:186,129,0,11
BRDA:186,130,0,1
BRDA:36,131,0,6
BRDA:127,132,0,2
BRDA:135,133,0,2
BRDA:149,134,0,4
BRDA:171,135,0,1
BRF:136
BRH:114
end_of_record
TN:
SF:src/main.js
FNF:0
FNH:0
DA:1,1
DA:2,1
DA:3,1
DA:4,1
DA:5,1
DA:6,1
DA:7,1
DA:8,1
DA:9,1
DA:10,1
DA:11,1
DA:12,1
DA:13,1
DA:14,1
DA:15,1
LF:15
LH:15
BRF:0
BRH:0
end_of_record
TN:
SF:src/components/ChecklistRow.vue
FN:305,normalizeFindingLevel
FN:308,normalizeRiskLevel
FN:330,evidenceUpload
FN:335,evidenceName
FN:347,openNormativa
FN:352,openNonConformityModal
FN:356,closeNonConformityModal
FN:371,currentLocationId
FN:373,updateResponse
FN:377,updateNonConformityDetail
FN:385,radioChange
FN:399,textAreaChange
FN:403,nonConformityChange
FN:407,riskLevelChange
FN:412,findingLevelChange
FN:417,toggleAudioRecordingComments
FN:425,toggleAudioRecordingNonConformity
FN:433,startAudioRecording
FN:439,mediaRecorder.ondataavailable
FN:443,mediaRecorder.onstop
FN:462,stopAudioRecording
FN:470,saveAudioRecording
FN:511,playAudio
FN:528,removeAudio
FN:556,evidenceChange
FN:592,removeEvidence
FN:609,openCamera
FN:615,capturePhoto
FN:620,blob
FN:641,closeCameraModal
FN:13,__vite_ssr_import_8__.createElementBlock.__vite_ssr_import_8__.createElementVNode.__vite_ssr_import_8__.createElementVNode.__vite_ssr_import_8__.createElementBlock.onClick._cache.<computed>._cache.<computed>
FN:24,__vite_ssr_import_8__.createElementBlock.__vite_ssr_import_8__.createElementVNode.__vite_ssr_import_8__.createElementVNode.__vite_ssr_import_8__.createElementBlock.__vite_ssr_import_8__.createElementVNode.onClick._cache.<computed>._cache.<computed>
FN:44,__vite_ssr_import_8__.createElementBlock.__vite_ssr_import_8__.createElementVNode.onChange._cache.<computed>._cache.<computed>
FN:66,__vite_ssr_import_8__.createElementBlock.__vite_ssr_import_8__.createElementVNode.__vite_ssr_import_8__.createElementVNode.__vite_ssr_import_8__.createElementVNode.onInput._cache.<computed>._cache.<computed>
FN:92,onClick
FN:99,onClick
FN:124,__vite_ssr_import_8__.createElementBlock.__vite_ssr_import_8__.createElementVNode.__vite_ssr_import_8__.createElementVNode.__vite_ssr_import_8__.createElementVNode.__vite_ssr_import_8__.createElementVNode.onChange._cache.<computed>._cache.<computed>
FN:132,__vite_ssr_import_8__.createElementBlock.__vite_ssr_import_8__.createElementVNode.__vite_ssr_import_8__.createElementVNode.__vite_ssr_import_8__.createElementVNode.__vite_ssr_import_8__.createElementVNode.onClick._cache.<computed>._cache.<computed>
FN:153,onClick
FN:176,__vite_ssr_import_8__.createElementBlock.__vite_ssr_import_8__.createElementBlock.__vite_ssr_import_8__.createElementVNode.__vite_ssr_import_8__.createElementVNode.onClick._cache.<computed>._cache.<computed>
FN:193,__vite_ssr_import_8__.createElementBlock.__vite_ssr_import_8__.createElementBlock.__vite_ssr_import_8__.createElementVNode.__vite_ssr_import_8__.createElementVNode.__vite_ssr_import_8__.createElementVNode.__vite_ssr_import_8__.createElementVNode.onChange._cache.<computed>._cache.<computed>
FN:209,__vite_ssr_import_8__.createElementBlock.__vite_ssr_import_8__.createElementBlock.__vite_ssr_import_8__.createElementVNode.__vite_ssr_import_8__.createElementVNode.__vite_ssr_import_8__.createElementVNode.__vite_ssr_import_8__.createElementVNode.onChange._cache.<computed>._cache.<computed>
FN:220,__vite_ssr_import_8__.createElementBlock.__vite_ssr_import_8__.createElementBlock.__vite_ssr_import_8__.createElementVNode.__vite_ssr_import_8__.createElementVNode.onInput._cache.<computed>._cache.<computed>
FNF:43
FNH:33
FNDA:4,normalizeFindingLevel
FNDA:62,normalizeRiskLevel
FNDA:1,evidenceUpload
FNDA:262,evidenceName
FNDA:3,openNormativa
FNDA:2,openNonConformityModal
FNDA:0,closeNonConformityModal
FNDA:11,currentLocationId
FNDA:13,updateResponse
FNDA:3,updateNonConformityDetail
FNDA:1,radioChange
FNDA:1,textAreaChange
FNDA:0,nonConformityChange
FNDA:0,riskLevelChange
FNDA:1,findingLevelChange
FNDA:2,toggleAudioRecordingComments
FNDA:2,toggleAudioRecordingNonConformity
FNDA:3,startAudioRecording
FNDA:0,mediaRecorder.ondataavailable
FNDA:2,mediaRecorder.onstop
FNDA:2,stopAudioRecording
FNDA:5,saveAudioRecording
FNDA:2,playAudio
FNDA:2,removeAudio
FNDA:3,evidenceChange
FNDA:2,removeEvidence
FNDA:1,openCamera
FNDA:1,capturePhoto
FNDA:1,blob
FNDA:3,closeCameraModal
FNDA:0,__vite_ssr_import_8__.createElementBlock.__vite_ssr_import_8__.createElementVNode.__vite_ssr_import_8__.createElementVNode.__vite_ssr_import_8__.createElementBlock.onClick._cache.<computed>._cache.<computed>
FNDA:3,__vite_ssr_import_8__.createElementBlock.__vite_ssr_import_8__.createElementVNode.__vite_ssr_import_8__.createElementVNode.__vite_ssr_import_8__.createElementBlock.__vite_ssr_import_8__.createElementVNode.onClick._cache.<computed>._cache.<computed>
FNDA:1,__vite_ssr_import_8__.createElementBlock.__vite_ssr_import_8__.createElementVNode.onChange._cache.<computed>._cache.<computed>
FNDA:1,__vite_ssr_import_8__.createElementBlock.__vite_ssr_import_8__.createElementVNode.__vite_ssr_import_8__.createElementVNode.__vite_ssr_import_8__.createElementVNode.onInput._cache.<computed>._cache.<computed>
FNDA:0,onClick
FNDA:0,onClick
FNDA:3,__vite_ssr_import_8__.createElementBlock.__vite_ssr_import_8__.createElementVNode.__vite_ssr_import_8__.createElementVNode.__vite_ssr_import_8__.createElementVNode.__vite_ssr_import_8__.createElementVNode.onChange._cache.<computed>._cache.<computed>
FNDA:0,__vite_ssr_import_8__.createElementBlock.__vite_ssr_import_8__.createElementVNode.__vite_ssr_import_8__.createElementVNode.__vite_ssr_import_8__.createElementVNode.__vite_ssr_import_8__.createElementVNode.onClick._cache.<computed>._cache.<computed>
FNDA:2,onClick
FNDA:1,__vite_ssr_import_8__.createElementBlock.__vite_ssr_import_8__.createElementBlock.__vite_ssr_import_8__.createElementVNode.__vite_ssr_import_8__.createElementVNode.onClick._cache.<computed>._cache.<computed>
FNDA:1,__vite_ssr_import_8__.createElementBlock.__vite_ssr_import_8__.createElementBlock.__vite_ssr_import_8__.createElementVNode.__vite_ssr_import_8__.createElementVNode.__vite_ssr_import_8__.createElementVNode.__vite_ssr_import_8__.createElementVNode.onChange._cache.<computed>._cache.<computed>
FNDA:0,__vite_ssr_import_8__.createElementBlock.__vite_ssr_import_8__.createElementBlock.__vite_ssr_import_8__.createElementVNode.__vite_ssr_import_8__.createElementVNode.__vite_ssr_import_8__.createElementVNode.__vite_ssr_import_8__.createElementVNode.onChange._cache.<computed>._cache.<computed>
FNDA:0,__vite_ssr_import_8__.createElementBlock.__vite_ssr_import_8__.createElementBlock.__vite_ssr_import_8__.createElementVNode.__vite_ssr_import_8__.createElementVNode.onInput._cache.<computed>._cache.<computed>
DA:1,1
DA:2,1
DA:3,1
DA:4,1
DA:5,1
DA:6,1
DA:7,1
DA:8,1
DA:9,1
DA:10,0
DA:11,0
DA:12,0
DA:13,0
DA:14,0
DA:16,0
DA:17,1
DA:18,1
DA:19,1
DA:20,1
DA:21,1
DA:22,1
DA:23,1
DA:24,1
DA:26,1
DA:27,1
DA:28,1
DA:29,1
DA:30,1
DA:31,1
DA:32,1
DA:33,1
DA:34,1
DA:35,1
DA:36,1
DA:37,1
DA:38,1
DA:39,1
DA:40,1
DA:41,1
DA:42,1
DA:43,1
DA:44,1
DA:45,1
DA:46,1
DA:47,1
DA:48,1
DA:49,1
DA:50,1
DA:51,1
DA:52,1
DA:53,1
DA:54,1
DA:55,1
DA:56,1
DA:57,1
DA:58,1
DA:59,1
DA:60,1
DA:61,1
DA:62,1
DA:63,1
DA:64,1
DA:65,1
DA:66,1
DA:67,1
DA:68,1
DA:69,1
DA:70,1
DA:71,1
DA:72,1
DA:73,1
DA:85,1
DA:86,1
DA:87,1
DA:88,1
DA:89,1
DA:90,1
DA:92,1
DA:93,1
DA:94,1
DA:95,1
DA:96,1
DA:97,1
DA:98,1
DA:99,1
DA:100,1
DA:101,1
DA:103,1
DA:104,1
DA:105,1
DA:106,1
DA:107,1
DA:108,1
DA:109,1
DA:110,1
DA:111,1
DA:112,1
DA:113,1
DA:114,1
DA:115,1
DA:116,1
DA:117,1
DA:118,1
DA:119,1
DA:120,1
DA:121,1
DA:122,1
DA:123,1
DA:124,1
DA:125,1
DA:126,1
DA:127,1
DA:128,1
DA:129,1
DA:130,1
DA:131,1
DA:132,1
DA:133,1
DA:134,1
DA:135,1
DA:136,1
DA:137,1
DA:138,1
DA:139,1
DA:140,1
DA:141,1
DA:142,1
DA:143,1
DA:144,1
DA:145,1
DA:146,1
DA:147,1
DA:148,1
DA:149,1
DA:150,1
DA:151,1
DA:152,1
DA:153,1
DA:154,1
DA:155,1
DA:156,1
DA:157,1
DA:158,1
DA:159,1
DA:160,1
DA:161,1
DA:162,1
DA:163,1
DA:164,1
DA:165,1
DA:166,1
DA:167,1
DA:168,1
DA:169,1
DA:170,1
DA:171,1
DA:172,1
DA:173,1
DA:174,1
DA:175,1
DA:176,1
DA:177,1
DA:178,1
DA:179,1
DA:180,1
DA:181,1
DA:182,1
DA:183,1
DA:184,1
DA:185,1
DA:186,1
DA:187,1
DA:188,1
DA:189,1
DA:190,1
DA:191,1
DA:192,1
DA:193,1
DA:195,1
DA:196,1
DA:197,1
DA:198,1
DA:199,1
DA:200,1
DA:201,1
DA:202,1
DA:203,1
DA:204,1
DA:205,1
DA:206,1
DA:207,1
DA:208,1
DA:209,1
DA:211,1
DA:212,1
DA:213,1
DA:214,1
DA:215,1
DA:216,1
DA:217,1
DA:218,1
DA:219,1
DA:220,1
DA:221,1
DA:222,1
DA:223,1
DA:224,1
DA:225,1
DA:226,1
DA:227,1
DA:239,1
DA:240,1
DA:241,1
DA:242,1
DA:243,1
DA:244,1
DA:246,1
DA:247,1
DA:248,1
DA:249,1
DA:250,1
DA:251,1
DA:252,1
DA:253,1
DA:254,1
DA:255,1
DA:257,1
DA:258,1
DA:259,1
DA:260,1
DA:261,1
DA:262,1
DA:263,1
DA:264,1
DA:265,1
DA:266,1
DA:267,1
DA:271,1
DA:272,1
DA:273,1
DA:274,1
DA:275,1
DA:276,1
DA:277,1
DA:278,1
DA:280,1
DA:289,1
DA:291,1
DA:292,1
DA:294,1
DA:295,1
DA:296,1
DA:297,1
DA:298,1
DA:300,1
DA:301,1
DA:302,1
DA:303,1
DA:305,1
DA:306,4
DA:308,1
DA:309,62
DA:311,1
DA:313,1
DA:314,60
DA:315,60
DA:316,1
DA:318,1
DA:319,3
DA:320,3
DA:321,1
DA:323,1
DA:324,1
DA:325,1
DA:327,1
DA:328,1
DA:330,1
DA:331,1
DA:332,1
DA:333,1
DA:335,1
DA:336,262
DA:338,1
DA:339,1
DA:340,1
DA:342,1
DA:343,1
DA:344,1
DA:345,1
DA:347,1
DA:348,3
DA:349,3
DA:350,3
DA:352,1
DA:353,2
DA:354,2
DA:356,1
DA:357,0
DA:358,0
DA:360,1
DA:361,1
DA:362,1
DA:363,1
DA:364,1
DA:366,1
DA:367,1
DA:368,1
DA:369,1
DA:370,1
DA:371,1
DA:373,1
DA:374,13
DA:375,13
DA:377,1
DA:378,3
DA:379,3
DA:380,3
DA:381,3
DA:382,3
DA:383,3
DA:385,1
DA:386,1
DA:387,1
DA:389,1
DA:390,1
DA:391,1
DA:392,1
DA:393,1
DA:394,1
DA:395,0
DA:396,0
DA:397,1
DA:399,1
DA:400,1
DA:401,1
DA:403,1
DA:404,0
DA:405,0
DA:407,1
DA:408,0
DA:409,0
DA:410,0
DA:412,1
DA:413,1
DA:414,1
DA:415,1
DA:417,1
DA:418,2
DA:419,1
DA:420,1
DA:421,1
DA:422,1
DA:423,2
DA:425,1
DA:426,2
DA:427,1
DA:428,1
DA:429,1
DA:430,1
DA:431,2
DA:433,1
DA:434,3
DA:435,3
DA:436,2
DA:437,2
DA:439,2
DA:440,0
DA:441,0
DA:443,2
DA:444,2
DA:445,2
DA:446,2
DA:447,2
DA:448,2
DA:450,2
DA:451,3
DA:452,1
DA:453,1
DA:454,1
DA:455,1
DA:456,2
DA:457,3
DA:458,1
DA:459,1
DA:460,3
DA:462,1
DA:463,2
DA:464,2
DA:465,2
DA:466,2
DA:467,2
DA:468,2
DA:470,1
DA:471,5
DA:472,5
DA:473,5
DA:475,5
DA:476,5
DA:478,2
DA:479,2
DA:480,5
DA:481,0
DA:482,0
DA:483,0
DA:484,0
DA:485,0
DA:486,0
DA:487,5
DA:488,2
DA:489,1
DA:491,1
DA:492,1
DA:493,1
DA:494,5
DA:495,5
DA:497,5
DA:498,5
DA:500,5
DA:501,1
DA:502,5
DA:503,0
DA:504,0
DA:505,1
DA:506,5
DA:507,4
DA:508,4
DA:509,5
DA:511,1
DA:512,2
DA:513,2
DA:514,2
DA:515,2
DA:516,1
DA:517,1
DA:518,1
DA:520,1
DA:521,1
DA:522,1
DA:523,2
DA:524,0
DA:525,0
DA:526,2
DA:528,1
DA:529,2
DA:530,2
DA:531,2
DA:532,2
DA:534,2
DA:535,2
DA:536,2
DA:537,2
DA:538,0
DA:539,2
DA:540,2
DA:541,1
DA:543,1
DA:544,1
DA:545,1
DA:546,1
DA:547,2
DA:548,0
DA:549,0
DA:550,1
DA:551,1
DA:552,1
DA:553,1
DA:554,2
DA:556,1
DA:557,3
DA:558,3
DA:560,3
DA:561,4
DA:562,4
DA:563,4
DA:564,4
DA:565,0
DA:566,4
DA:567,4
DA:568,3
DA:570,3
DA:572,4
DA:573,2
DA:574,2
DA:575,1
DA:576,1
DA:577,1
DA:578,4
DA:579,1
DA:580,1
DA:581,1
DA:582,4
DA:583,1
DA:584,1
DA:585,1
DA:586,4
DA:588,3
DA:589,3
DA:590,3
DA:592,1
DA:593,2
DA:594,2
DA:595,2
DA:596,0
DA:597,2
DA:598,2
DA:599,1
DA:600,2
DA:601,1
DA:602,1
DA:603,1
DA:605,2
DA:606,2
DA:607,2
DA:609,1
DA:610,1
DA:611,1
DA:612,1
DA:613,1
DA:615,1
DA:616,1
DA:617,1
DA:618,1
DA:619,1
DA:620,1
DA:621,1
DA:622,1
DA:623,1
DA:624,1
DA:625,1
DA:626,1
DA:627,1
DA:628,0
DA:629,1
DA:630,1
DA:631,1
DA:632,1
DA:633,1
DA:634,1
DA:635,1
DA:636,1
DA:637,1
DA:638,1
DA:639,1
DA:641,1
DA:642,3
DA:643,3
DA:644,2
DA:645,2
DA:646,3
LF:549
LH:516
BRDA:305,0,0,4
BRDA:306,1,0,1
BRDA:306,2,0,1
BRDA:306,3,0,3
BRDA:308,4,0,62
BRDA:309,5,0,0
BRDA:309,6,0,0
BRDA:311,7,0,2
BRDA:313,8,0,60
BRDA:314,9,0,2
BRDA:318,10,0,3
BRDA:319,11,0,2
BRDA:324,12,0,60
BRDA:324,13,0,2
BRDA:330,14,0,1
BRDA:335,15,0,262
BRDA:336,16,0,0
BRDA:347,17,0,3
BRDA:352,18,0,2
BRDA:370,19,0,56
BRDA:371,20,0,11
BRDA:371,21,0,0
BRDA:373,22,0,13
BRDA:377,23,0,3
BRDA:379,24,0,2
BRDA:385,25,0,1
BRDA:394,26,0,0
BRDA:399,27,0,1
BRDA:412,28,0,1
BRDA:417,29,0,2
BRDA:418,30,0,1
BRDA:425,31,0,2
BRDA:426,32,0,1
BRDA:433,33,0,3
BRDA:435,34,0,2
BRDA:451,35,0,1
BRDA:455,36,0,2
BRDA:457,37,0,1
BRDA:443,38,0,2
BRDA:447,39,0,2
BRDA:462,40,0,2
BRDA:470,41,0,5
BRDA:476,42,0,2
BRDA:480,43,0,0
BRDA:487,44,0,2
BRDA:488,45,0,1
BRDA:489,46,0,1
BRDA:494,47,0,0
BRDA:500,48,0,1
BRDA:502,49,0,0
BRDA:504,50,0,1
BRDA:506,51,0,4
BRDA:511,52,0,2
BRDA:514,53,0,1
BRDA:515,54,0,1
BRDA:523,55,0,0
BRDA:528,56,0,2
BRDA:530,57,0,0
BRDA:531,58,0,0
BRDA:537,59,0,0
BRDA:540,60,0,1
BRDA:547,61,0,0
BRDA:549,62,0,1
BRDA:544,63,0,1
BRDA:556,64,0,3
BRDA:558,65,0,0
BRDA:560,66,0,4
BRDA:564,67,0,0
BRDA:567,68,0,3
BRDA:572,69,0,2
BRDA:574,70,0,1
BRDA:578,71,0,1
BRDA:582,72,0,1
BRDA:570,73,0,3
BRDA:592,74,0,2
BRDA:595,75,0,0
BRDA:598,76,0,1
BRDA:600,77,0,1
BRDA:605,78,0,2
BRDA:609,79,0,1
BRDA:615,80,0,1
BRDA:625,81,0,0
BRDA:627,82,0,0
BRDA:620,83,0,1
BRDA:632,84,0,1
BRDA:641,85,0,3
BRDA:643,86,0,2
BRDA:644,87,0,2
BRDA:10,88,0,0
BRDA:9,89,0,0
BRDA:20,90,0,55
BRDA:20,91,0,55
BRDA:24,92,0,55
BRDA:30,93,0,56
BRDA:30,94,0,56
BRDA:51,95,0,4
BRDA:51,96,0,71
BRDA:56,97,0,0
BRDA:66,98,0,56
BRDA:70,99,0,0
BRDA:88,100,0,73
BRDA:124,101,0,56
BRDA:132,102,0,56
BRDA:224,103,0,0
BRDA:24,104,0,3
BRDA:44,105,0,56
BRDA:47,106,0,56
BRDA:44,107,0,1
BRDA:66,108,0,1
BRDA:124,109,0,3
BRDA:153,110,0,2
BRDA:171,111,0,1
BRDA:176,112,0,1
BRDA:193,113,0,1
BRF:114
BRH:91
end_of_record
TN:
SF:src/components/ChecklistTable.vue
FN:50,getQuestionCode
FN:52,getSessionForRow
FN:62,topicChange
FN:73,isLinkedOpenFinding
FN:84,onGoFollowUp
FNF:5
FNH:4
FNDA:78,getQuestionCode
FNDA:39,getSessionForRow
FNDA:44,topicChange
FNDA:39,isLinkedOpenFinding
FNDA:0,onGoFollowUp
DA:1,1
DA:2,1
DA:3,1
DA:4,1
DA:5,1
DA:6,1
DA:7,1
DA:8,1
DA:9,1
DA:10,1
DA:11,1
DA:12,1
DA:13,1
DA:14,1
DA:15,1
DA:16,1
DA:17,1
DA:18,1
DA:19,1
DA:20,1
DA:21,1
DA:22,1
DA:23,1
DA:24,1
DA:25,1
DA:26,1
DA:27,1
DA:28,1
DA:29,1
DA:30,1
DA:31,1
DA:32,1
DA:33,1
DA:34,1
DA:35,1
DA:36,1
DA:40,1
DA:41,1
DA:42,1
DA:44,1
DA:45,1
DA:46,1
DA:48,1
DA:50,1
DA:52,1
DA:53,39
DA:54,39
DA:55,39
DA:56,39
DA:57,39
DA:58,2
DA:59,39
DA:60,39
DA:62,1
DA:63,44
DA:64,1
DA:65,1
DA:66,44
DA:67,43
DA:68,43
DA:69,43
DA:70,43
DA:71,44
DA:73,1
DA:74,39
DA:75,38
DA:76,38
DA:77,39
DA:78,39
DA:79,1
DA:80,1
DA:81,0
DA:82,39
DA:84,1
DA:85,0
DA:86,0
LF:76
LH:73
BRDA:50,0,0,78
BRDA:50,1,0,0
BRDA:52,2,0,39
BRDA:55,3,0,2
BRDA:56,4,0,2
BRDA:57,5,0,2
BRDA:62,6,0,44
BRDA:63,7,0,43
BRDA:63,8,0,1
BRDA:66,9,0,43
BRDA:73,10,0,39
BRDA:74,11,0,38
BRDA:76,12,0,1
BRDA:77,13,0,0
BRDA:78,14,0,1
BRDA:80,15,0,0
BRDA:25,16,0,14
BRDA:25,17,0,1
BRDA:26,18,0,0
BRDA:26,19,0,0
BRDA:32,20,0,38
BRF:21
BRH:16
end_of_record
TN:
SF:src/components/FollowUpTable.vue
FN:160,parseDateOnly
FN:179,todayStart
FN:184,toHex
FN:189,gradientGreenToRed
FN:196,buildOverdueLock
FN:210,getFindingId
FN:211,toDomId
FN:212,getLocationId
FN:213,getCorrectiveAction
FN:223,hasCorrectiveAction
FN:227,__vite_ssr_import_0__.watch.immediate
FN:233,isRowReadOnly
FN:241,capDotColor
FN:261,findingDotColor
FN:284,getField
FN:305,resolveStoredFollowUpType
FN:313,ensureFollowUpTypeStored
FN:325,onFieldChange
FN:336,evidenceName
FN:339,getEvidenceList
FN:348,triggerEvidenceUpload
FN:358,openCapModal
FN:367,closeCapModal
FN:372,onEvidenceChange
FN:412,removeEvidence
FN:433,effectivenessValue
FN:440,parseEffectiveness
FN:33,onClick
FN:47,onInput
FN:54,onChange
FN:66,onChange
FN:81,onInput
FN:94,onChange
FN:99,onClick
FN:112,onClick
FNF:35
FNH:28
FNDA:43,parseDateOnly
FNDA:29,todayStart
FNDA:24,toHex
FNDA:12,gradientGreenToRed
FNDA:13,buildOverdueLock
FNDA:189,getFindingId
FNDA:14,toDomId
FNDA:5,getLocationId
FNDA:35,getCorrectiveAction
FNDA:28,hasCorrectiveAction
FNDA:13,__vite_ssr_import_0__.watch.immediate
FNDA:73,isRowReadOnly
FNDA:3,capDotColor
FNDA:14,findingDotColor
FNDA:57,getField
FNDA:1,resolveStoredFollowUpType
FNDA:1,ensureFollowUpTypeStored
FNDA:3,onFieldChange
FNDA:12,evidenceName
FNDA:22,getEvidenceList
FNDA:0,triggerEvidenceUpload
FNDA:1,openCapModal
FNDA:0,closeCapModal
FNDA:4,onEvidenceChange
FNDA:2,removeEvidence
FNDA:0,effectivenessValue
FNDA:0,parseEffectiveness
FNDA:1,onClick
FNDA:2,onInput
FNDA:1,onChange
FNDA:0,onChange
FNDA:0,onInput
FNDA:4,onChange
FNDA:0,onClick
FNDA:2,onClick
DA:1,1
DA:2,1
DA:3,1
DA:4,1
DA:5,1
DA:6,1
DA:7,1
DA:8,1
DA:9,1
DA:10,1
DA:11,1
DA:12,1
DA:13,1
DA:14,1
DA:15,1
DA:16,1
DA:17,1
DA:18,1
DA:19,1
DA:20,1
DA:21,1
DA:22,1
DA:23,1
DA:24,1
DA:25,1
DA:26,1
DA:27,1
DA:28,1
DA:29,1
DA:30,1
DA:31,1
DA:32,1
DA:33,1
DA:34,1
DA:36,1
DA:37,1
DA:38,1
DA:39,1
DA:40,1
DA:41,1
DA:42,1
DA:43,1
DA:44,1
DA:45,1
DA:46,1
DA:47,1
DA:48,1
DA:49,1
DA:50,1
DA:51,1
DA:52,1
DA:53,1
DA:54,1
DA:56,1
DA:57,1
DA:58,1
DA:59,1
DA:60,1
DA:61,1
DA:62,1
DA:63,1
DA:64,1
DA:65,1
DA:66,1
DA:68,1
DA:69,1
DA:70,1
DA:71,1
DA:74,1
DA:76,1
DA:77,1
DA:78,1
DA:79,1
DA:80,1
DA:81,1
DA:82,1
DA:83,1
DA:84,1
DA:85,1
DA:86,1
DA:87,1
DA:88,1
DA:89,1
DA:90,1
DA:91,1
DA:92,1
DA:93,1
DA:94,1
DA:95,1
DA:96,1
DA:97,1
DA:98,1
DA:99,1
DA:100,1
DA:102,1
DA:103,1
DA:104,1
DA:105,1
DA:106,1
DA:107,1
DA:108,1
DA:109,1
DA:110,1
DA:111,1
DA:112,1
DA:113,1
DA:114,1
DA:115,1
DA:116,1
DA:117,1
DA:118,1
DA:119,1
DA:120,1
DA:121,1
DA:122,1
DA:123,1
DA:125,1
DA:126,1
DA:127,1
DA:128,1
DA:129,1
DA:130,1
DA:131,1
DA:132,1
DA:133,1
DA:134,1
DA:135,1
DA:136,1
DA:137,1
DA:138,1
DA:139,1
DA:143,1
DA:144,1
DA:145,1
DA:146,1
DA:147,1
DA:148,1
DA:150,1
DA:151,1
DA:152,1
DA:153,1
DA:154,1
DA:155,1
DA:156,1
DA:158,1
DA:160,1
DA:161,43
DA:162,2
DA:163,2
DA:164,41
DA:165,41
DA:166,43
DA:167,0
DA:168,0
DA:169,41
DA:170,41
DA:171,41
DA:172,41
DA:173,43
DA:174,0
DA:175,0
DA:176,41
DA:177,43
DA:179,1
DA:180,29
DA:181,29
DA:182,29
DA:184,1
DA:185,24
DA:186,24
DA:187,24
DA:189,1
DA:190,12
DA:191,12
DA:192,12
DA:193,12
DA:194,12
DA:196,1
DA:197,13
DA:198,13
DA:199,13
DA:200,13
DA:201,13
DA:202,1
DA:203,1
DA:204,13
DA:205,13
DA:206,13
DA:207,13
DA:208,13
DA:210,1
DA:211,1
DA:212,1
DA:213,1
DA:214,35
DA:215,13
DA:216,0
DA:217,0
DA:218,0
DA:219,13
DA:220,13
DA:221,22
DA:222,35
DA:223,1
DA:225,1
DA:226,1
DA:227,1
DA:228,13
DA:229,1
DA:230,1
DA:231,1
DA:233,1
DA:234,73
DA:235,0
DA:236,0
DA:237,73
DA:238,73
DA:239,73
DA:241,1
DA:242,3
DA:243,3
DA:244,3
DA:245,0
DA:246,0
DA:248,3
DA:249,3
DA:250,0
DA:251,0
DA:252,3
DA:253,0
DA:254,0
DA:255,3
DA:256,3
DA:257,3
DA:258,0
DA:259,3
DA:261,1
DA:262,14
DA:263,14
DA:264,14
DA:265,1
DA:266,1
DA:268,13
DA:269,13
DA:270,13
DA:272,14
DA:273,1
DA:274,1
DA:276,14
DA:277,0
DA:278,0
DA:280,12
DA:281,12
DA:282,14
DA:284,1
DA:285,57
DA:286,57
DA:287,4
DA:288,4
DA:289,57
DA:290,57
DA:291,0
DA:292,0
DA:293,57
DA:294,13
DA:295,13
DA:296,57
DA:297,27
DA:298,27
DA:299,57
DA:300,0
DA:301,0
DA:302,13
DA:303,57
DA:305,1
DA:306,1
DA:307,1
DA:308,1
DA:309,1
DA:310,0
DA:311,1
DA:313,1
DA:314,1
DA:315,1
DA:316,0
DA:317,0
DA:318,1
DA:319,1
DA:320,0
DA:321,0
DA:322,1
DA:323,1
DA:325,1
DA:326,3
DA:327,3
DA:328,1
DA:329,1
DA:330,3
DA:331,1
DA:332,1
DA:333,2
DA:334,3
DA:336,1
DA:337,12
DA:339,1
DA:340,22
DA:341,22
DA:342,1
DA:343,1
DA:344,22
DA:345,22
DA:346,22
DA:348,1
DA:349,0
DA:350,0
DA:351,0
DA:352,0
DA:353,0
DA:354,0
DA:355,0
DA:356,0
DA:358,1
DA:359,1
DA:360,1
DA:361,0
DA:362,0
DA:363,1
DA:364,1
DA:365,1
DA:367,1
DA:368,0
DA:369,0
DA:370,0
DA:372,1
DA:373,4
DA:374,4
DA:375,0
DA:376,0
DA:378,4
DA:379,4
DA:380,1
DA:381,1
DA:383,3
DA:385,3
DA:386,3
DA:387,3
DA:388,3
DA:389,3
DA:390,3
DA:391,3
DA:392,3
DA:394,2
DA:395,3
DA:396,1
DA:397,1
DA:398,1
DA:399,1
DA:400,1
DA:401,1
DA:402,1
DA:403,3
DA:404,1
DA:405,1
DA:406,3
DA:408,3
DA:409,3
DA:410,4
DA:412,1
DA:413,2
DA:414,2
DA:415,0
DA:416,0
DA:418,2
DA:419,2
DA:420,2
DA:421,2
DA:422,2
DA:423,2
DA:424,2
DA:425,1
DA:426,1
DA:427,1
DA:429,2
DA:430,2
DA:431,2
DA:433,1
DA:434,0
DA:435,0
DA:436,0
DA:437,0
DA:438,0
DA:440,1
DA:441,0
DA:442,0
DA:443,0
DA:444,0
LF:396
LH:343
BRDA:160,0,0,43
BRDA:161,1,0,41
BRDA:161,2,0,2
BRDA:163,3,0,41
BRDA:166,4,0,0
BRDA:168,5,0,41
BRDA:173,6,0,0
BRDA:175,7,0,41
BRDA:179,8,0,29
BRDA:184,9,0,24
BRDA:189,10,0,12
BRDA:191,11,0,0
BRDA:192,12,0,0
BRDA:196,13,0,13
BRDA:199,14,0,0
BRDA:201,15,0,1
BRDA:203,16,0,12
BRDA:205,17,0,12
BRDA:210,18,0,189
BRDA:210,19,0,13
BRDA:211,20,0,14
BRDA:211,21,0,1
BRDA:212,22,0,5
BRDA:212,23,0,0
BRDA:213,24,0,35
BRDA:214,25,0,13
BRDA:214,26,0,13
BRDA:215,27,0,0
BRDA:220,28,0,22
BRDA:223,29,0,28
BRDA:226,30,0,13
BRDA:227,31,0,13
BRDA:233,32,0,73
BRDA:234,33,0,0
BRDA:241,34,0,3
BRDA:244,35,0,0
BRDA:249,36,0,0
BRDA:252,37,0,0
BRDA:257,38,0,0
BRDA:261,39,0,14
BRDA:264,40,0,13
BRDA:264,41,0,1
BRDA:266,42,0,13
BRDA:272,43,0,1
BRDA:274,44,0,12
BRDA:276,45,0,0
BRDA:278,46,0,12
BRDA:284,47,0,57
BRDA:286,48,0,4
BRDA:288,49,0,53
BRDA:289,50,0,12
BRDA:290,51,0,0
BRDA:292,52,0,53
BRDA:293,53,0,13
BRDA:295,54,0,40
BRDA:296,55,0,27
BRDA:298,56,0,13
BRDA:299,57,0,0
BRDA:301,58,0,13
BRDA:305,59,0,1
BRDA:309,60,0,0
BRDA:313,61,0,1
BRDA:315,62,0,0
BRDA:318,63,0,0
BRDA:319,64,0,0
BRDA:319,65,0,0
BRDA:325,66,0,3
BRDA:327,67,0,1
BRDA:329,68,0,2
BRDA:330,69,0,1
BRDA:332,70,0,2
BRDA:336,71,0,12
BRDA:337,72,0,8
BRDA:337,73,0,4
BRDA:337,74,0,0
BRDA:339,75,0,22
BRDA:341,76,0,1
BRDA:343,77,0,21
BRDA:344,78,0,9
BRDA:345,79,0,9
BRDA:345,80,0,12
BRDA:358,81,0,1
BRDA:360,82,0,0
BRDA:372,83,0,4
BRDA:374,84,0,0
BRDA:379,85,0,1
BRDA:381,86,0,3
BRDA:392,87,0,2
BRDA:395,88,0,1
BRDA:403,89,0,1
BRDA:394,90,0,1
BRDA:412,91,0,2
BRDA:414,92,0,0
BRDA:424,93,0,1
BRDA:429,94,0,2
BRDA:129,95,0,0
BRDA:130,96,0,0
BRDA:131,97,0,0
BRDA:132,98,0,0
BRDA:133,99,0,0
BRDA:22,100,0,1
BRDA:26,101,0,1
BRDA:35,102,0,1
BRDA:39,103,0,0
BRDA:56,104,0,13
BRDA:57,105,0,3
BRDA:58,106,0,13
BRDA:33,107,0,1
BRDA:47,108,0,2
BRDA:54,109,0,1
BRDA:94,110,0,4
BRDA:117,111,0,0
BRDA:112,112,0,2
BRF:113
BRH:82
end_of_record
TN:
SF:src/components/ModalWindow.vue
FNF:0
FNH:0
DA:1,1
DA:2,1
DA:3,1
DA:4,1
DA:5,1
DA:6,1
DA:7,1
DA:8,1
DA:10,1
DA:11,1
DA:12,1
DA:13,1
DA:14,1
DA:15,1
DA:19,1
LF:15
LH:15
BRF:0
BRH:0
end_of_record
TN:
SF:src/stores/audioStore.js
FN:13,reset
FN:19,load
FN:35,updateCount
FN:50,add
FN:75,addCount
FN:82,subtract
FNF:6
FNH:6
FNDA:1,reset
FNDA:3,load
FNDA:3,updateCount
FNDA:5,add
FNDA:2,addCount
FNDA:4,subtract
DA:1,1
DA:6,1
DA:7,18
DA:9,18
DA:10,18
DA:12,18
DA:13,18
DA:14,1
DA:15,2
DA:16,2
DA:17,1
DA:19,18
DA:20,3
DA:21,3
DA:22,3
DA:23,3
DA:24,2
DA:25,2
DA:26,2
DA:27,2
DA:28,2
DA:29,3
DA:30,1
DA:31,1
DA:32,1
DA:33,3
DA:35,18
DA:36,3
DA:38,3
DA:39,9
DA:40,9
DA:41,9
DA:42,8
DA:43,9
DA:44,1
DA:45,1
DA:46,9
DA:47,9
DA:48,3
DA:50,18
DA:51,5
DA:52,5
DA:53,5
DA:54,5
DA:56,5
DA:57,5
DA:58,3
DA:59,3
DA:60,1
DA:61,1
DA:62,1
DA:63,3
DA:64,5
DA:65,2
DA:66,1
DA:67,1
DA:68,1
DA:69,2
DA:70,5
DA:71,1
DA:72,1
DA:73,5
DA:75,18
DA:76,2
DA:77,1
DA:78,1
DA:79,2
DA:80,2
DA:82,18
DA:83,4
DA:84,2
DA:85,0
DA:86,2
DA:87,2
DA:88,1
DA:89,1
DA:90,4
DA:91,1
DA:92,1
DA:93,4
DA:95,18
DA:96,18
DA:97,18
DA:98,18
DA:99,18
DA:100,18
DA:101,18
DA:102,18
DA:103,18
DA:104,18
LF:90
LH:89
BRDA:6,0,0,18
BRDA:13,1,0,1
BRDA:14,2,0,2
BRDA:19,3,0,3
BRDA:22,4,0,0
BRDA:23,5,0,2
BRDA:29,6,0,1
BRDA:24,7,0,2
BRDA:35,8,0,3
BRDA:38,9,0,9
BRDA:41,10,0,8
BRDA:43,11,0,1
BRDA:50,12,0,5
BRDA:53,13,0,0
BRDA:57,14,0,3
BRDA:59,15,0,1
BRDA:64,16,0,2
BRDA:65,17,0,1
BRDA:70,18,0,1
BRDA:75,19,0,2
BRDA:76,20,0,1
BRDA:82,21,0,4
BRDA:83,22,0,2
BRDA:84,23,0,0
BRDA:87,24,0,1
BRDA:90,25,0,1
BRF:26
BRH:23
end_of_record
TN:
SF:src/stores/checklistStore.js
FN:54,resolveLocationFromChecklist
FN:100,loadSpecialties
FN:110,loadLocations
FN:119,refreshServiceStatus
FN:134,getWorkspaceDisplayName
FN:139,loadWorkspaces
FN:160,loadChecklist
FN:182,loadFindings
FN:200,showFinalize
FN:206,confirmModal
FN:232,checkDefaultPath
FN:245,exportChecklist
FN:263,exportUploadPayload
FN:311,importChecklist
FN:389,selectWorkspace
FN:453,importFindings
FN:528,goToFollowUpFinding
FN:533,viewGeneratedReport
FN:544,removeInspectionSession
FN:575,removeFollowUpSession
FNF:20
FNH:20
FNDA:8,resolveLocationFromChecklist
FNDA:8,loadSpecialties
FNDA:2,loadLocations
FNDA:1,refreshServiceStatus
FNDA:3,getWorkspaceDisplayName
FNDA:14,loadWorkspaces
FNDA:9,loadChecklist
FNDA:11,loadFindings
FNDA:1,showFinalize
FNDA:3,confirmModal
FNDA:3,checkDefaultPath
FNDA:2,exportChecklist
FNDA:5,exportUploadPayload
FNDA:12,importChecklist
FNDA:3,selectWorkspace
FNDA:6,importFindings
FNDA:1,goToFollowUpFinding
FNDA:3,viewGeneratedReport
FNDA:1,removeInspectionSession
FNDA:1,removeFollowUpSession
DA:1,1
DA:8,1
DA:9,54
DA:10,54
DA:11,54
DA:12,54
DA:14,54
DA:15,54
DA:16,54
DA:17,54
DA:18,54
DA:19,54
DA:20,54
DA:21,54
DA:22,54
DA:23,54
DA:24,54
DA:25,54
DA:26,54
DA:27,54
DA:28,54
DA:29,54
DA:30,54
DA:31,54
DA:32,54
DA:33,54
DA:35,54
DA:36,54
DA:37,54
DA:38,54
DA:39,54
DA:40,54
DA:42,54
DA:43,54
DA:44,54
DA:45,54
DA:46,54
DA:48,54
DA:49,54
DA:50,54
DA:51,54
DA:52,54
DA:54,54
DA:55,8
DA:56,8
DA:57,8
DA:59,8
DA:60,8
DA:61,8
DA:62,0
DA:63,0
DA:64,0
DA:65,0
DA:66,8
DA:68,8
DA:69,0
DA:70,0
DA:71,0
DA:72,0
DA:73,0
DA:75,8
DA:76,2
DA:77,2
DA:78,2
DA:79,2
DA:80,2
DA:82,8
DA:83,0
DA:84,0
DA:85,0
DA:86,0
DA:87,0
DA:89,8
DA:90,5
DA:91,5
DA:92,5
DA:93,5
DA:94,5
DA:96,1
DA:97,8
DA:99,54
DA:100,54
DA:101,8
DA:102,8
DA:103,8
DA:104,1
DA:105,1
DA:106,1
DA:107,1
DA:108,8
DA:110,54
DA:111,2
DA:112,2
DA:113,1
DA:114,1
DA:115,1
DA:116,1
DA:117,2
DA:119,54
DA:120,1
DA:121,1
DA:122,1
DA:123,1
DA:125,1
DA:126,1
DA:128,1
DA:129,1
DA:130,1
DA:131,1
DA:132,1
DA:134,54
DA:135,3
DA:136,3
DA:137,3
DA:139,54
DA:140,14
DA:141,14
DA:142,13
DA:143,3
DA:144,3
DA:145,13
DA:146,14
DA:147,3
DA:148,3
DA:149,3
DA:150,3
DA:151,2
DA:152,2
DA:153,3
DA:154,14
DA:155,1
DA:156,1
DA:157,1
DA:158,14
DA:160,54
DA:161,9
DA:162,9
DA:163,9
DA:165,9
DA:166,9
DA:167,8
DA:168,8
DA:169,8
DA:170,7
DA:172,7
DA:173,7
DA:174,7
DA:175,9
DA:176,1
DA:177,1
DA:178,1
DA:179,9
DA:180,9
DA:182,54
DA:183,11
DA:184,11
DA:186,11
DA:187,11
DA:188,11
DA:189,11
DA:190,11
DA:191,11
DA:192,11
DA:193,11
DA:194,1
DA:195,1
DA:196,1
DA:197,11
DA:198,11
DA:200,54
DA:201,1
DA:202,1
DA:203,1
DA:204,1
DA:205,1
DA:206,54
DA:207,3
DA:208,3
DA:209,3
DA:210,3
DA:211,1
DA:212,1
DA:213,1
DA:214,1
DA:215,3
DA:216,1
DA:217,1
DA:218,1
DA:219,1
DA:220,1
DA:221,1
DA:222,1
DA:223,3
DA:224,1
DA:225,1
DA:226,3
DA:227,3
DA:228,0
DA:229,0
DA:230,0
DA:231,3
DA:232,54
DA:233,3
DA:234,3
DA:235,1
DA:236,1
DA:237,1
DA:238,1
DA:239,1
DA:240,3
DA:241,1
DA:242,1
DA:243,3
DA:245,54
DA:246,2
DA:247,2
DA:248,1
DA:249,1
DA:251,1
DA:252,1
DA:253,2
DA:254,2
DA:255,1
DA:256,1
DA:257,1
DA:258,1
DA:259,1
DA:260,1
DA:261,2
DA:263,54
DA:264,5
DA:265,5
DA:266,1
DA:267,1
DA:269,4
DA:271,5
DA:272,2
DA:273,1
DA:274,1
DA:276,1
DA:277,1
DA:278,1
DA:279,1
DA:280,1
DA:281,1
DA:282,1
DA:283,1
DA:284,2
DA:285,2
DA:286,1
DA:287,1
DA:288,2
DA:289,2
DA:290,1
DA:291,1
DA:293,1
DA:294,1
DA:295,1
DA:296,1
DA:297,1
DA:298,2
DA:299,2
DA:300,1
DA:301,1
DA:302,1
DA:303,1
DA:304,5
DA:305,3
DA:306,5
DA:307,5
DA:308,5
DA:309,5
DA:311,54
DA:312,12
DA:313,12
DA:314,2
DA:315,2
DA:317,12
DA:318,1
DA:319,1
DA:321,9
DA:323,9
DA:324,8
DA:325,12
DA:326,12
DA:327,0
DA:328,12
DA:330,12
DA:331,12
DA:332,1
DA:333,1
DA:335,6
DA:336,12
DA:337,1
DA:338,1
DA:339,5
DA:340,5
DA:341,5
DA:342,5
DA:343,5
DA:344,5
DA:345,5
DA:346,5
DA:347,5
DA:348,5
DA:349,5
DA:350,5
DA:351,5
DA:352,5
DA:353,5
DA:354,5
DA:355,5
DA:356,5
DA:357,5
DA:358,5
DA:359,5
DA:360,5
DA:361,5
DA:362,5
DA:363,5
DA:364,5
DA:365,5
DA:366,5
DA:367,5
DA:369,5
DA:370,5
DA:371,5
DA:372,5
DA:373,5
DA:374,5
DA:376,5
DA:377,5
DA:378,5
DA:379,5
DA:381,5
DA:382,12
DA:383,7
DA:384,12
DA:385,12
DA:386,12
DA:387,12
DA:389,54
DA:390,3
DA:391,3
DA:392,3
DA:393,1
DA:394,1
DA:396,2
DA:397,2
DA:398,2
DA:399,3
DA:400,3
DA:402,3
DA:403,3
DA:404,2
DA:405,2
DA:406,1
DA:407,1
DA:408,1
DA:409,1
DA:410,1
DA:411,1
DA:412,1
DA:413,1
DA:414,1
DA:415,1
DA:416,1
DA:417,1
DA:418,1
DA:419,1
DA:420,1
DA:421,1
DA:422,1
DA:423,1
DA:424,1
DA:425,1
DA:426,1
DA:427,1
DA:428,1
DA:429,1
DA:430,1
DA:431,1
DA:432,1
DA:433,1
DA:434,1
DA:435,1
DA:436,2
DA:438,3
DA:439,1
DA:440,1
DA:441,1
DA:442,1
DA:443,1
DA:444,1
DA:445,1
DA:446,1
DA:447,2
DA:448,3
DA:449,1
DA:450,1
DA:451,3
DA:453,54
DA:454,6
DA:455,6
DA:456,1
DA:457,1
DA:459,6
DA:460,1
DA:461,1
DA:463,4
DA:465,4
DA:466,6
DA:467,1
DA:468,1
DA:470,3
DA:471,6
DA:472,6
DA:473,1
DA:474,6
DA:475,6
DA:477,6
DA:478,6
DA:479,1
DA:480,1
DA:482,2
DA:483,2
DA:484,2
DA:485,2
DA:486,2
DA:487,2
DA:488,2
DA:489,2
DA:490,2
DA:491,2
DA:492,2
DA:493,2
DA:494,2
DA:495,2
DA:496,2
DA:498,2
DA:499,2
DA:500,2
DA:501,2
DA:502,2
DA:503,2
DA:504,2
DA:505,2
DA:506,2
DA:507,2
DA:508,2
DA:509,2
DA:510,2
DA:512,2
DA:513,2
DA:514,2
DA:515,2
DA:516,2
DA:517,2
DA:518,2
DA:520,2
DA:521,6
DA:522,4
DA:523,6
DA:524,6
DA:525,6
DA:526,6
DA:528,54
DA:529,1
DA:530,1
DA:531,1
DA:533,54
DA:534,3
DA:535,3
DA:536,1
DA:537,1
DA:538,2
DA:539,3
DA:540,2
DA:541,2
DA:542,3
DA:544,54
DA:545,1
DA:546,1
DA:547,0
DA:548,0
DA:550,1
DA:551,1
DA:553,1
DA:554,0
DA:555,0
DA:556,0
DA:557,0
DA:558,0
DA:559,0
DA:560,0
DA:561,0
DA:562,0
DA:563,0
DA:564,0
DA:566,1
DA:567,1
DA:568,1
DA:569,1
DA:570,0
DA:571,0
DA:572,0
DA:573,1
DA:575,54
DA:576,1
DA:577,1
DA:578,0
DA:579,0
DA:581,1
DA:582,1
DA:584,1
DA:585,0
DA:586,0
DA:587,0
DA:588,0
DA:589,0
DA:590,0
DA:591,0
DA:592,0
DA:593,0
DA:594,0
DA:595,0
DA:597,1
DA:598,1
DA:599,1
DA:600,1
DA:601,0
DA:602,0
DA:603,0
DA:604,1
DA:606,54
DA:607,54
DA:608,54
DA:609,54
DA:610,54
DA:611,54
DA:612,54
DA:613,54
DA:614,54
DA:615,54
DA:616,54
DA:617,54
DA:618,54
DA:619,54
DA:620,54
DA:621,54
DA:622,54
DA:623,54
DA:624,54
DA:625,54
DA:626,54
DA:627,54
DA:628,54
DA:629,54
DA:630,54
DA:631,54
DA:632,54
DA:633,54
DA:634,54
DA:635,54
DA:636,54
DA:637,54
DA:638,54
DA:639,54
DA:640,54
DA:641,54
DA:642,54
DA:643,54
DA:644,54
DA:645,54
DA:646,54
DA:647,54
DA:648,54
DA:649,54
LF:578
LH:528
BRDA:8,0,0,54
BRDA:54,1,0,8
BRDA:56,2,0,6
BRDA:57,3,0,6
BRDA:68,4,0,0
BRDA:75,5,0,2
BRDA:75,6,0,2
BRDA:78,7,0,0
BRDA:80,8,0,6
BRDA:82,9,0,0
BRDA:82,10,0,0
BRDA:87,11,0,6
BRDA:89,12,0,5
BRDA:89,13,0,5
BRDA:94,14,0,1
BRDA:100,15,0,8
BRDA:102,16,0,7
BRDA:103,17,0,1
BRDA:110,18,0,2
BRDA:112,19,0,1
BRDA:119,20,0,1
BRDA:134,21,0,3
BRDA:135,22,0,1
BRDA:135,23,0,2
BRDA:136,24,0,0
BRDA:136,25,0,0
BRDA:136,26,0,0
BRDA:136,27,0,0
BRDA:139,28,0,14
BRDA:141,29,0,13
BRDA:146,30,0,3
BRDA:150,31,0,2
BRDA:154,32,0,1
BRDA:142,33,0,3
BRDA:148,34,0,2
BRDA:160,35,0,9
BRDA:166,36,0,8
BRDA:167,37,0,6
BRDA:167,38,0,2
BRDA:169,39,0,7
BRDA:175,40,0,1
BRDA:182,41,0,11
BRDA:188,42,0,10
BRDA:188,43,0,1
BRDA:189,44,0,10
BRDA:190,45,0,0
BRDA:193,46,0,1
BRDA:200,47,0,1
BRDA:206,48,0,3
BRDA:210,49,0,1
BRDA:211,50,0,0
BRDA:215,51,0,1
BRDA:223,52,0,1
BRDA:227,53,0,0
BRDA:232,54,0,3
BRDA:234,55,0,2
BRDA:234,56,0,1
BRDA:240,57,0,1
BRDA:245,58,0,2
BRDA:247,59,0,1
BRDA:253,60,0,0
BRDA:253,61,0,1
BRDA:254,62,0,1
BRDA:263,63,0,5
BRDA:265,64,0,1
BRDA:267,65,0,4
BRDA:271,66,0,2
BRDA:272,67,0,1
BRDA:284,68,0,0
BRDA:285,69,0,1
BRDA:289,70,0,1
BRDA:298,71,0,0
BRDA:298,72,0,1
BRDA:299,73,0,1
BRDA:304,74,0,3
BRDA:311,75,0,12
BRDA:313,76,0,11
BRDA:313,77,0,2
BRDA:315,78,0,10
BRDA:317,79,0,1
BRDA:319,80,0,9
BRDA:323,81,0,8
BRDA:325,82,0,0
BRDA:326,83,0,0
BRDA:330,84,0,7
BRDA:331,85,0,1
BRDA:333,86,0,6
BRDA:336,87,0,2
BRDA:336,88,0,2
BRDA:336,89,0,1
BRDA:338,90,0,5
BRDA:382,91,0,7
BRDA:389,92,0,3
BRDA:392,93,0,1
BRDA:394,94,0,2
BRDA:399,95,0,1
BRDA:403,96,0,2
BRDA:405,97,0,1
BRDA:409,98,0,0
BRDA:411,99,0,0
BRDA:412,100,0,0
BRDA:423,101,0,0
BRDA:425,102,0,0
BRDA:426,103,0,0
BRDA:438,104,0,1
BRDA:446,105,0,2
BRDA:448,106,0,1
BRDA:391,107,0,2
BRDA:453,108,0,6
BRDA:455,109,0,5
BRDA:455,110,0,1
BRDA:457,111,0,5
BRDA:459,112,0,1
BRDA:461,113,0,4
BRDA:466,114,0,1
BRDA:468,115,0,3
BRDA:471,116,0,1
BRDA:471,117,0,2
BRDA:472,118,0,1
BRDA:475,119,0,0
BRDA:475,120,0,3
BRDA:477,121,0,3
BRDA:478,122,0,1
BRDA:480,123,0,2
BRDA:521,124,0,4
BRDA:471,125,0,1
BRDA:528,126,0,1
BRDA:530,127,0,0
BRDA:533,128,0,3
BRDA:535,129,0,1
BRDA:537,130,0,2
BRDA:538,131,0,1
BRDA:539,132,0,2
BRDA:544,133,0,1
BRDA:546,134,0,0
BRDA:553,135,0,0
BRDA:569,136,0,0
BRDA:575,137,0,1
BRDA:577,138,0,0
BRDA:584,139,0,0
BRDA:600,140,0,0
BRF:141
BRH:111
end_of_record
TN:
SF:src/stores/evidenceStore.js
FN:13,reset
FN:19,load
FN:28,updateCount
FN:40,add
FN:70,addCount
FN:74,subtract
FNF:6
FNH:5
FNDA:1,reset
FNDA:2,load
FNDA:1,updateCount
FNDA:6,add
FNDA:0,addCount
FNDA:4,subtract
DA:1,1
DA:6,1
DA:7,13
DA:9,13
DA:10,13
DA:12,13
DA:13,13
DA:14,1
DA:15,2
DA:16,2
DA:17,1
DA:19,13
DA:20,2
DA:21,2
DA:22,2
DA:23,2
DA:24,2
DA:25,2
DA:26,2
DA:28,13
DA:29,1
DA:31,1
DA:32,5
DA:33,3
DA:34,5
DA:35,2
DA:36,2
DA:37,5
DA:38,1
DA:40,13
DA:41,6
DA:42,6
DA:43,6
DA:44,6
DA:45,6
DA:46,6
DA:47,6
DA:48,6
DA:49,6
DA:51,6
DA:52,6
DA:53,4
DA:54,4
DA:55,1
DA:56,1
DA:57,1
DA:58,4
DA:59,6
DA:60,2
DA:61,1
DA:62,1
DA:63,1
DA:64,2
DA:65,6
DA:66,1
DA:67,1
DA:68,6
DA:70,13
DA:71,0
DA:72,0
DA:74,13
DA:75,4
DA:76,3
DA:77,2
DA:78,4
DA:79,1
DA:80,1
DA:81,4
DA:83,13
DA:84,13
DA:85,13
DA:86,13
DA:87,13
DA:88,13
DA:89,13
DA:90,13
DA:91,13
DA:92,13
LF:78
LH:76
BRDA:6,0,0,13
BRDA:13,1,0,1
BRDA:14,2,0,2
BRDA:19,3,0,2
BRDA:21,4,0,2
BRDA:28,5,0,1
BRDA:31,6,0,5
BRDA:32,7,0,3
BRDA:34,8,0,2
BRDA:40,9,0,6
BRDA:52,10,0,4
BRDA:54,11,0,1
BRDA:59,12,0,2
BRDA:60,13,0,1
BRDA:65,14,0,1
BRDA:74,15,0,4
BRDA:75,16,0,3
BRDA:76,17,0,2
BRDA:78,18,0,1
BRF:19
BRH:19
end_of_record
TN:
SF:src/stores/followUpStore.js
FN:16,reset
FN:24,normalizeSummary
FN:42,normalizeResponse
FN:98,collectResponses
FN:121,loadFollowUpSession
FN:169,updateFollowUp
FN:182,finalize
FN:199,displayToast
FNF:8
FNH:7
FNDA:6,reset
FNDA:3,normalizeSummary
FNDA:3,normalizeResponse
FNDA:5,collectResponses
FNDA:6,loadFollowUpSession
FNDA:2,updateFollowUp
FNDA:1,finalize
FNDA:0,displayToast
DA:1,1
DA:7,1
DA:8,9
DA:9,9
DA:10,9
DA:12,9
DA:13,9
DA:14,9
DA:16,9
DA:17,6
DA:18,6
DA:19,6
DA:20,0
DA:21,0
DA:22,6
DA:24,9
DA:25,3
DA:26,3
DA:27,3
DA:28,3
DA:29,3
DA:31,3
DA:32,3
DA:33,3
DA:35,3
DA:36,0
DA:37,0
DA:39,3
DA:40,3
DA:42,9
DA:43,3
DA:44,3
DA:45,3
DA:46,3
DA:47,3
DA:48,3
DA:49,3
DA:51,3
DA:52,3
DA:53,3
DA:54,3
DA:55,3
DA:56,3
DA:57,3
DA:58,3
DA:59,3
DA:60,3
DA:61,3
DA:62,3
DA:63,3
DA:64,3
DA:65,3
DA:66,3
DA:68,3
DA:69,1
DA:70,1
DA:72,3
DA:73,2
DA:74,2
DA:75,2
DA:76,2
DA:77,2
DA:78,2
DA:79,2
DA:80,2
DA:81,2
DA:83,3
DA:84,1
DA:85,1
DA:87,3
DA:88,1
DA:89,1
DA:91,3
DA:92,1
DA:93,1
DA:95,3
DA:96,3
DA:98,9
DA:99,5
DA:100,0
DA:101,0
DA:103,5
DA:104,7
DA:105,2
DA:106,2
DA:108,7
DA:109,2
DA:110,2
DA:111,2
DA:113,7
DA:114,0
DA:115,0
DA:117,3
DA:118,3
DA:119,5
DA:121,9
DA:122,6
DA:124,6
DA:125,6
DA:126,1
DA:127,1
DA:129,6
DA:130,1
DA:131,1
DA:133,4
DA:134,6
DA:135,3
DA:136,3
DA:137,3
DA:138,3
DA:139,3
DA:140,3
DA:141,6
DA:142,1
DA:143,1
DA:145,6
DA:146,1
DA:147,1
DA:148,4
DA:149,4
DA:150,4
DA:151,4
DA:153,4
DA:154,4
DA:156,4
DA:158,6
DA:159,3
DA:160,6
DA:161,1
DA:162,1
DA:163,6
DA:164,1
DA:165,1
DA:166,1
DA:167,6
DA:169,9
DA:170,2
DA:171,2
DA:172,2
DA:173,2
DA:174,2
DA:176,2
DA:177,2
DA:178,1
DA:179,2
DA:180,2
DA:182,9
DA:183,1
DA:184,0
DA:185,0
DA:186,0
DA:187,0
DA:188,0
DA:189,0
DA:190,0
DA:191,0
DA:192,0
DA:193,0
DA:195,1
DA:196,1
DA:197,1
DA:199,9
DA:200,0
DA:201,0
DA:203,9
DA:204,9
DA:205,9
DA:206,9
DA:207,9
DA:208,9
DA:209,9
DA:210,9
DA:211,9
DA:212,9
LF:174
LH:154
BRDA:7,0,0,9
BRDA:16,1,0,6
BRDA:19,2,0,0
BRDA:24,3,0,3
BRDA:27,4,0,0
BRDA:35,5,0,0
BRDA:42,6,0,3
BRDA:53,7,0,2
BRDA:54,8,0,2
BRDA:55,9,0,1
BRDA:58,10,0,0
BRDA:60,11,0,2
BRDA:61,12,0,1
BRDA:64,13,0,1
BRDA:64,14,0,0
BRDA:65,15,0,2
BRDA:68,16,0,1
BRDA:72,17,0,2
BRDA:83,18,0,1
BRDA:87,19,0,1
BRDA:91,20,0,1
BRDA:74,21,0,3
BRDA:74,22,0,2
BRDA:75,23,0,2
BRDA:77,24,0,0
BRDA:79,25,0,0
BRDA:98,26,0,5
BRDA:99,27,0,0
BRDA:103,28,0,7
BRDA:104,29,0,2
BRDA:106,30,0,5
BRDA:108,31,0,2
BRDA:111,32,0,3
BRDA:113,33,0,0
BRDA:115,34,0,3
BRDA:121,35,0,6
BRDA:125,36,0,1
BRDA:127,37,0,5
BRDA:129,38,0,1
BRDA:131,39,0,4
BRDA:134,40,0,3
BRDA:141,41,0,1
BRDA:143,42,0,4
BRDA:145,43,0,1
BRDA:147,44,0,4
BRDA:158,45,0,3
BRDA:160,46,0,1
BRDA:163,47,0,1
BRDA:169,48,0,2
BRDA:177,49,0,1
BRDA:182,50,0,1
BRDA:183,51,0,0
BRF:52
BRH:42
end_of_record
TN:
SF:src/stores/sessionStore.js
FN:20,reset
FN:33,loadSession
FN:106,updateSession
FN:120,updateGeneralComments
FN:128,displayToast
FN:132,finalize
FNF:6
FNH:4
FNDA:13,reset
FNDA:13,loadSession
FNDA:2,updateSession
FNDA:0,updateGeneralComments
FNDA:0,displayToast
FNDA:2,finalize
DA:1,1
DA:8,1
DA:9,14
DA:10,14
DA:11,14
DA:12,14
DA:14,14
DA:15,14
DA:16,14
DA:17,14
DA:18,14
DA:20,14
DA:21,13
DA:22,13
DA:24,13
DA:25,13
DA:27,13
DA:28,0
DA:29,0
DA:30,13
DA:32,14
DA:33,14
DA:34,13
DA:36,13
DA:37,13
DA:38,4
DA:39,4
DA:41,13
DA:42,1
DA:43,1
DA:45,8
DA:46,8
DA:47,13
DA:48,4
DA:49,4
DA:50,4
DA:51,4
DA:52,5
DA:53,5
DA:54,5
DA:55,5
DA:56,13
DA:57,3
DA:58,3
DA:60,7
DA:61,7
DA:62,7
DA:63,13
DA:64,2
DA:65,13
DA:66,0
DA:67,0
DA:68,13
DA:69,4
DA:70,4
DA:71,7
DA:73,7
DA:74,7
DA:75,7
DA:77,7
DA:78,7
DA:79,7
DA:81,7
DA:82,7
DA:83,7
DA:85,13
DA:86,5
DA:87,4
DA:88,1
DA:89,1
DA:90,4
DA:91,5
DA:93,7
DA:95,13
DA:96,4
DA:97,13
DA:98,3
DA:99,3
DA:100,13
DA:101,5
DA:102,5
DA:103,5
DA:104,13
DA:106,14
DA:107,2
DA:108,2
DA:109,2
DA:110,2
DA:111,0
DA:112,0
DA:113,2
DA:114,2
DA:115,0
DA:116,2
DA:117,2
DA:119,14
DA:120,14
DA:121,0
DA:122,0
DA:123,0
DA:124,0
DA:125,0
DA:126,0
DA:128,14
DA:129,0
DA:130,0
DA:132,14
DA:133,2
DA:134,5
DA:135,3
DA:136,3
DA:137,3
DA:138,3
DA:139,5
DA:141,2
DA:142,5
DA:143,5
DA:144,5
DA:145,5
DA:146,2
DA:148,2
DA:149,2
DA:150,0
DA:151,0
DA:152,2
DA:153,0
DA:154,0
DA:155,2
DA:156,2
DA:157,2
DA:159,14
DA:160,14
DA:161,14
DA:162,14
DA:163,14
DA:164,14
DA:165,14
DA:166,14
DA:167,14
DA:168,14
DA:169,14
LF:141
LH:122
BRDA:8,0,0,14
BRDA:20,1,0,13
BRDA:27,2,0,0
BRDA:33,3,0,13
BRDA:37,4,0,10
BRDA:37,5,0,4
BRDA:39,6,0,9
BRDA:41,7,0,1
BRDA:43,8,0,8
BRDA:46,9,0,7
BRDA:47,10,0,4
BRDA:49,11,0,0
BRDA:50,12,0,0
BRDA:51,13,0,5
BRDA:56,14,0,3
BRDA:58,15,0,7
BRDA:63,16,0,2
BRDA:65,17,0,5
BRDA:65,18,0,0
BRDA:67,19,0,7
BRDA:68,20,0,4
BRDA:70,21,0,7
BRDA:85,22,0,5
BRDA:86,23,0,4
BRDA:87,24,0,1
BRDA:91,25,0,7
BRDA:95,26,0,4
BRDA:97,27,0,3
BRDA:100,28,0,5
BRDA:106,29,0,2
BRDA:110,30,0,0
BRDA:132,31,0,2
BRDA:133,32,0,5
BRDA:134,33,0,3
BRDA:141,34,0,5
BRDA:149,35,0,0
BRDA:149,36,0,0
BRDA:152,37,0,0
BRF:38
BRH:30
end_of_record
TN:
SF:src/utils/checklist.js
FN:111,parseChecklist
FNF:1
FNH:1
FNDA:7,parseChecklist
DA:1,1
DA:4,1
DA:5,1
DA:7,1
DA:8,1
DA:9,1
DA:10,1
DA:11,1
DA:12,1
DA:13,1
DA:14,1
DA:15,1
DA:16,1
DA:17,1
DA:18,1
DA:19,1
DA:20,1
DA:21,1
DA:22,1
DA:23,1
DA:24,1
DA:25,1
DA:26,1
DA:27,1
DA:28,1
DA:29,1
DA:30,1
DA:31,1
DA:32,1
DA:33,1
DA:34,1
DA:35,1
DA:36,1
DA:37,1
DA:38,1
DA:39,1
DA:40,1
DA:41,1
DA:42,1
DA:43,1
DA:44,1
DA:45,1
DA:46,1
DA:47,1
DA:48,1
DA:49,1
DA:50,1
DA:51,1
DA:52,1
DA:53,1
DA:54,1
DA:55,1
DA:56,1
DA:57,1
DA:58,1
DA:59,1
DA:60,1
DA:61,1
DA:62,1
DA:63,1
DA:64,1
DA:65,1
DA:66,1
DA:67,1
DA:68,1
DA:69,1
DA:70,1
DA:71,1
DA:72,1
DA:73,1
DA:74,1
DA:75,1
DA:76,1
DA:77,1
DA:78,1
DA:79,1
DA:80,1
DA:81,1
DA:82,1
DA:83,1
DA:84,1
DA:85,1
DA:86,1
DA:87,1
DA:88,1
DA:89,1
DA:90,1
DA:91,1
DA:92,1
DA:93,1
DA:94,1
DA:95,1
DA:96,1
DA:97,1
DA:98,1
DA:99,1
DA:100,1
DA:101,1
DA:102,1
DA:103,1
DA:104,1
DA:105,1
DA:106,1
DA:107,1
DA:109,1
DA:111,1
DA:112,7
DA:113,7
DA:114,7
DA:115,1
DA:116,1
DA:117,1
DA:118,1
DA:119,1
DA:120,1
DA:121,5
DA:122,7
DA:123,2
DA:124,2
DA:125,2
DA:126,7
LF:121
LH:121
BRDA:111,0,0,7
BRDA:114,1,0,1
BRDA:118,2,0,0
BRDA:120,3,0,5
BRDA:122,4,0,2
BRDA:117,5,0,1
BRF:6
BRH:5
end_of_record
TN:
SF:src/utils/fileServices.js
FN:6,createFileService
FN:20,ensureWorkspaceLeg
FN:27,sanitizeWorkspaceLeg
FN:29,normalizeSpecialty
FN:41,normalizeLocation
FN:53,resolveSpecialtyName
FN:85,delay
FN:93,getWorkspaceKey
FN:101,getWorkspaceLegs
FN:110,getWorkspacePaths
FN:125,getSizeAndSuffix
FN:151,defaultPathExists
FN:159,setSavePath
FN:176,createDefaultPath
FN:184,saveEvidence
FN:215,deleteEvidence
FN:228,loadChecklist
FN:268,getChecklistImportState
FN:294,fetchChecklistFromApi
FN:319,fetchFindingsFromApi
FN:347,ensureSpecialtyEntry
FN:364,replaceJsonFileSafely
FN:374,loadFindings
FN:391,saveFindings
FN:405,getFindingsImportState
FN:433,joinChecklistWithFindings
FN:482,saveChecklist
FN:497,loadSession
FN:515,readEvidence
FN:533,saveSession
FN:560,hashEvidence
FN:584,loadFollowUpSession
FN:602,saveFollowUpSession
FN:625,saveExportFile
FN:637,loadSpecialties
FN:638,parseSpecialties
FN:687,loadLocations
FN:735,saveAudio
FN:760,deleteAudio
FN:776,readAudio
FN:790,loadWorkspaceRegistry
FN:808,saveWorkspaceRegistry
FN:820,upsertWorkspaceRegistryEntry
FN:830,resolveBoolean
FN:877,removeWorkspaceRegistryEntry
FN:891,loadWorkspaceMetadata
FN:908,saveWorkspaceMetadata
FN:920,markWorkspaceTouched
FN:955,getWorkspaceTouchedState
FN:982,saveFindingsReport
FN:1006,exportInspectionPayload
FN:1062,exportFollowUpPayload
FN:1192,notifyImportCanonical
FN:1232,checkServiceHealth
FN:1258,createDefaultRoot
FN:1300,getWorkspaceSessionState
FN:1306,resolveBool
FN:1325,removeWorkspaceArtifactsByPrefix
FN:1342,removeInspectionSession
FN:1417,removeFollowUpSession
FNF:60
FNH:54
FNDA:64,createFileService
FNDA:137,ensureWorkspaceLeg
FNDA:88,sanitizeWorkspaceLeg
FNDA:4,normalizeSpecialty
FNDA:0,normalizeLocation
FNDA:12,resolveSpecialtyName
FNDA:4,delay
FNDA:12,getWorkspaceKey
FNDA:63,getWorkspaceLegs
FNDA:58,getWorkspacePaths
FNDA:64,getSizeAndSuffix
FNDA:3,defaultPathExists
FNDA:3,setSavePath
FNDA:1,createDefaultPath
FNDA:7,saveEvidence
FNDA:2,deleteEvidence
FNDA:3,loadChecklist
FNDA:4,getChecklistImportState
FNDA:4,fetchChecklistFromApi
FNDA:2,fetchFindingsFromApi
FNDA:4,ensureSpecialtyEntry
FNDA:15,replaceJsonFileSafely
FNDA:2,loadFindings
FNDA:1,saveFindings
FNDA:1,getFindingsImportState
FNDA:1,joinChecklistWithFindings
FNDA:3,saveChecklist
FNDA:3,loadSession
FNDA:3,readEvidence
FNDA:2,saveSession
FNDA:0,hashEvidence
FNDA:2,loadFollowUpSession
FNDA:0,saveFollowUpSession
FNDA:8,saveExportFile
FNDA:2,loadSpecialties
FNDA:2,parseSpecialties
FNDA:0,loadLocations
FNDA:3,saveAudio
FNDA:2,deleteAudio
FNDA:3,readAudio
FNDA:13,loadWorkspaceRegistry
FNDA:7,saveWorkspaceRegistry
FNDA:7,upsertWorkspaceRegistryEntry
FNDA:42,resolveBoolean
FNDA:1,removeWorkspaceRegistryEntry
FNDA:12,loadWorkspaceMetadata
FNDA:5,saveWorkspaceMetadata
FNDA:1,markWorkspaceTouched
FNDA:1,getWorkspaceTouchedState
FNDA:7,saveFindingsReport
FNDA:5,exportInspectionPayload
FNDA:9,exportFollowUpPayload
FNDA:0,notifyImportCanonical
FNDA:0,checkServiceHealth
FNDA:1,createDefaultRoot
FNDA:3,getWorkspaceSessionState
FNDA:12,resolveBool
FNDA:2,removeWorkspaceArtifactsByPrefix
FNDA:2,removeInspectionSession
FNDA:1,removeFollowUpSession
DA:1,1
DA:6,1
DA:7,64
DA:8,64
DA:9,64
DA:11,64
DA:13,64
DA:14,64
DA:16,64
DA:17,64
DA:18,64
DA:20,64
DA:21,137
DA:22,0
DA:23,0
DA:24,137
DA:25,137
DA:27,64
DA:29,64
DA:30,4
DA:31,0
DA:32,0
DA:33,4
DA:34,4
DA:35,4
DA:36,4
DA:37,4
DA:38,4
DA:39,4
DA:41,64
DA:42,0
DA:43,0
DA:44,0
DA:45,0
DA:46,0
DA:47,0
DA:48,0
DA:49,0
DA:50,0
DA:51,0
DA:53,64
DA:54,12
DA:55,12
DA:57,12
DA:58,9
DA:59,9
DA:61,3
DA:62,3
DA:63,3
DA:64,12
DA:65,12
DA:66,12
DA:68,12
DA:69,3
DA:70,3
DA:71,12
DA:73,12
DA:74,12
DA:75,12
DA:76,3
DA:77,3
DA:78,12
DA:79,0
DA:80,0
DA:82,0
DA:83,12
DA:85,64
DA:86,4
DA:87,4
DA:88,3
DA:89,3
DA:90,1
DA:91,4
DA:93,64
DA:94,12
DA:95,12
DA:96,12
DA:97,12
DA:98,12
DA:99,12
DA:101,64
DA:102,63
DA:103,63
DA:104,31
DA:105,31
DA:106,32
DA:107,32
DA:108,63
DA:110,64
DA:111,58
DA:112,58
DA:113,58
DA:114,58
DA:115,58
DA:116,58
DA:117,58
DA:118,58
DA:119,58
DA:120,58
DA:121,58
DA:122,58
DA:123,58
DA:125,64
DA:126,64
DA:127,64
DA:128,64
DA:129,64
DA:130,64
DA:131,64
DA:132,64
DA:133,64
DA:134,64
DA:136,64
DA:137,64
DA:138,64
DA:139,0
DA:140,0
DA:142,64
DA:143,64
DA:145,64
DA:146,64
DA:148,64
DA:149,64
DA:151,64
DA:152,3
DA:153,3
DA:154,3
DA:155,1
DA:156,1
DA:157,3
DA:159,64
DA:160,3
DA:161,3
DA:162,3
DA:163,3
DA:164,1
DA:165,1
DA:166,1
DA:167,1
DA:168,3
DA:169,1
DA:170,1
DA:171,1
DA:172,1
DA:173,1
DA:174,3
DA:176,64
DA:177,1
DA:178,1
DA:179,1
DA:180,1
DA:181,1
DA:182,1
DA:184,64
DA:185,7
DA:186,7
DA:187,1
DA:188,1
DA:189,6
DA:190,7
DA:191,1
DA:192,1
DA:193,7
DA:194,1
DA:195,1
DA:197,4
DA:198,7
DA:200,7
DA:201,7
DA:202,7
DA:203,3
DA:204,3
DA:205,7
DA:206,1
DA:207,1
[...]
DA:242,2
DA:243,2
DA:244,2
DA:245,2
DA:246,2
DA:247,2
DA:248,2
DA:249,2
DA:250,2
DA:251,2
DA:252,2
DA:253,2
DA:254,2
DA:255,2
DA:256,2
DA:258,2
DA:259,2
DA:260,3
DA:261,1
DA:262,1
DA:263,1
DA:264,1
DA:265,1
DA:266,3
DA:268,64
DA:269,4
DA:270,4
DA:271,1
DA:272,1
DA:274,3
DA:276,3
DA:277,3
DA:279,3
DA:280,4
DA:281,1
DA:282,1
DA:283,1
DA:284,1
DA:286,3
DA:287,4
DA:288,1
DA:289,1
DA:290,1
DA:291,1
DA:292,4
DA:294,64
DA:295,4
DA:296,4
DA:297,2
DA:298,2
DA:300,2
DA:301,4
DA:303,4
DA:304,4
DA:305,4
DA:307,4
DA:308,4
DA:309,1
DA:310,1
DA:312,1
DA:313,1
DA:314,4
DA:315,3
DA:316,3
DA:317,4
DA:319,64
DA:320,2
DA:321,2
DA:322,0
DA:323,0
DA:325,2
DA:326,2
DA:328,2
DA:329,2
DA:330,2
DA:331,2
DA:332,1
DA:333,1
DA:335,2
DA:336,2
DA:337,1
DA:338,1
DA:340,1
DA:341,1
DA:342,1
DA:343,1
DA:344,1
DA:345,2
DA:347,64
DA:348,4
DA:349,4
DA:350,1
DA:351,1
DA:353,3
DA:354,3
DA:355,3
DA:356,3
DA:357,4
DA:358,4
DA:359,4
DA:360,1
DA:361,1
DA:362,4
DA:364,64
DA:365,15
DA:366,15
DA:367,15
DA:368,15
DA:369,15
DA:370,1
DA:371,1
DA:372,15
DA:374,64
DA:375,2
DA:376,2
DA:377,2
DA:378,2
DA:379,1
DA:380,1
DA:382,1
DA:383,1
DA:384,2
DA:385,0
DA:386,0
DA:387,0
DA:388,0
DA:389,2
DA:391,64
DA:392,1
DA:393,1
DA:394,0
DA:395,0
DA:397,1
DA:398,1
DA:399,1
DA:400,1
DA:401,0
DA:402,0
DA:403,1
DA:405,64
DA:406,1
DA:407,1
DA:408,0
DA:409,0
DA:411,1
DA:412,1
DA:413,1
DA:414,1
DA:415,1
DA:416,1
DA:418,1
DA:419,1
DA:420,1
DA:421,1
DA:422,1
DA:423,1
DA:425,1
DA:426,1
DA:427,0
DA:428,0
DA:429,0
DA:430,0
DA:431,1
DA:433,64
DA:434,1
DA:435,1
DA:436,1
DA:438,1
DA:439,0
DA:440,0
DA:442,1
DA:443,1
DA:444,2
DA:445,2
DA:446,2
DA:447,2
DA:448,1
DA:450,1
DA:451,1
DA:452,1
DA:453,1
DA:454,0
DA:455,0
DA:457,1
DA:458,1
DA:459,1
DA:460,1
DA:462,1
DA:463,1
DA:464,1
DA:465,1
DA:466,1
DA:468,1
DA:469,2
DA:470,2
DA:471,1
DA:473,1
DA:474,1
DA:475,1
DA:476,1
DA:477,1
DA:478,1
DA:479,1
DA:480,1
DA:482,64
DA:483,3
DA:484,3
DA:485,2
DA:486,2
DA:488,1
DA:489,1
DA:490,1
DA:491,1
DA:492,3
DA:493,2
DA:494,2
DA:495,3
DA:497,64
DA:498,3
DA:499,3
DA:500,3
DA:501,3
DA:502,1
DA:503,1
DA:504,1
DA:505,1
DA:506,1
DA:507,3
DA:508,1
DA:509,1
DA:510,1
DA:511,1
DA:512,1
DA:513,3
DA:515,64
DA:516,3
DA:517,3
DA:518,3
DA:519,3
DA:520,3
DA:521,1
DA:522,1
DA:523,2
DA:524,1
DA:525,1
DA:526,1
DA:527,1
DA:528,1
DA:529,1
DA:530,1
DA:531,3
DA:533,64
DA:534,2
DA:535,2
DA:536,2
DA:538,2
DA:539,2
DA:541,2
DA:542,2
DA:543,2
DA:544,2
DA:545,2
DA:546,2
DA:547,2
DA:548,2
DA:549,2
DA:550,2
DA:551,2
DA:552,2
DA:553,1
DA:554,1
DA:555,2
DA:557,2
DA:558,2
DA:560,64
DA:561,0
DA:562,0
DA:563,0
DA:564,0
DA:565,0
DA:566,0
DA:567,0
DA:568,0
DA:569,0
DA:570,0
DA:571,0
DA:572,0
DA:573,0
DA:574,0
DA:575,0
DA:576,0
DA:577,0
DA:578,0
DA:579,0
DA:580,0
DA:581,0
DA:582,0
DA:584,64
DA:585,2
DA:586,2
DA:587,2
DA:588,2
DA:589,2
DA:590,1
DA:591,1
DA:593,1
DA:594,1
DA:595,2
DA:596,0
DA:597,0
DA:598,0
DA:599,0
DA:600,2
DA:602,64
DA:603,0
DA:604,0
DA:606,0
DA:607,0
DA:609,0
DA:610,0
DA:611,0
DA:612,0
DA:613,0
DA:614,0
DA:615,0
DA:616,0
DA:617,0
DA:618,0
DA:619,0
DA:620,0
DA:622,0
DA:623,0
DA:625,64
DA:626,8
DA:627,8
DA:628,4
DA:629,4
DA:630,4
DA:631,4
DA:632,8
DA:633,6
DA:634,6
DA:635,8
DA:637,64
DA:638,2
DA:639,2
DA:640,0
DA:641,0
DA:642,2
DA:643,2
DA:644,2
DA:645,4
DA:646,4
DA:647,4
DA:648,4
DA:649,4
DA:650,4
DA:651,4
DA:652,0
DA:653,0
DA:654,2
DA:655,2
DA:656,2
DA:658,2
DA:659,2
DA:660,2
DA:662,2
DA:663,2
DA:664,2
DA:665,2
DA:666,1
DA:667,1
DA:668,1
DA:669,1
DA:670,1
DA:671,1
DA:672,2
DA:673,1
DA:674,1
DA:676,2
DA:677,2
DA:678,1
DA:679,1
DA:681,0
DA:682,0
DA:683,0
DA:684,0
DA:685,2
DA:687,64
DA:688,0
DA:689,0
DA:690,0
DA:691,0
DA:692,0
DA:693,0
DA:694,0
DA:695,0
DA:696,0
DA:697,0
DA:698,0
DA:699,0
DA:700,0
DA:701,0
DA:702,0
DA:703,0
DA:704,0
DA:705,0
DA:706,0
DA:708,0
DA:709,0
DA:710,0
DA:712,0
DA:713,0
DA:714,0
DA:715,0
DA:716,0
DA:717,0
DA:718,0
DA:719,0
DA:720,0
DA:721,0
DA:722,0
DA:724,0
DA:725,0
DA:726,0
DA:727,0
DA:729,0
DA:730,0
DA:731,0
DA:732,0
DA:733,0
DA:735,64
DA:736,3
DA:737,3
DA:738,1
DA:739,1
DA:740,2
DA:741,3
DA:742,1
DA:743,1
DA:745,1
DA:746,1
DA:747,1
DA:748,1
DA:749,1
DA:750,1
DA:751,1
DA:752,1
DA:753,3
DA:754,2
DA:755,2
DA:756,2
DA:757,2
DA:758,3
DA:760,64
DA:761,2
DA:762,2
DA:763,2
DA:764,2
DA:765,2
DA:766,2
DA:767,2
DA:768,1
DA:769,1
DA:770,1
DA:771,1
DA:772,1
DA:773,1
DA:774,2
DA:776,64
DA:777,3
DA:778,3
DA:779,3
DA:780,3
DA:781,1
DA:782,1
DA:783,2
DA:784,1
DA:785,1
DA:786,1
DA:787,1
DA:788,3
DA:790,64
DA:791,13
DA:792,13
DA:793,13
DA:794,5
DA:795,5
DA:797,8
DA:798,13
DA:799,13
DA:800,1
DA:801,1
DA:802,7
DA:803,13
DA:804,0
DA:805,0
DA:806,13
DA:808,64
DA:809,7
DA:810,7
DA:811,0
DA:812,0
DA:814,7
DA:815,7
DA:816,0
DA:817,0
DA:818,7
DA:820,64
DA:821,7
DA:822,7
DA:823,7
DA:824,7
DA:826,7
DA:827,7
DA:828,7
DA:830,7
DA:831,42
DA:832,22
DA:833,22
DA:834,42
DA:835,3
DA:836,3
DA:837,17
DA:838,42
DA:840,7
DA:841,7
DA:842,7
DA:843,7
DA:845,7
DA:846,7
DA:847,7
DA:848,7
DA:849,7
DA:850,7
DA:851,7
DA:852,7
DA:853,7
DA:854,7
DA:855,7
DA:856,7
DA:857,7
DA:858,7
DA:859,7
DA:861,7
DA:862,1
DA:863,1
DA:864,1
DA:865,1
DA:866,7
DA:867,6
DA:868,6
DA:870,7
DA:871,7
DA:872,7
DA:873,0
DA:874,0
DA:875,7
DA:877,64
DA:878,1
DA:879,1
DA:880,1
DA:881,1
DA:882,1
DA:883,0
DA:884,0
DA:885,1
DA:886,1
DA:887,0
DA:888,0
DA:889,1
DA:891,64
DA:892,12
DA:893,12
DA:894,12
DA:895,12
DA:896,8
DA:897,8
DA:899,4
DA:900,12
DA:901,12
DA:902,0
DA:903,0
DA:904,0
DA:905,0
DA:906,12
DA:908,64
DA:909,5
DA:910,5
DA:911,5
DA:912,5
DA:913,5
DA:914,0
DA:915,0
DA:916,0
DA:917,0
DA:918,5
DA:920,64
DA:921,1
DA:922,1
DA:923,0
DA:924,0
DA:926,1
DA:927,1
DA:928,1
DA:929,1
DA:930,1
DA:931,1
DA:932,0
DA:933,0
DA:934,1
DA:935,1
DA:937,1
DA:938,1
DA:939,1
DA:940,1
DA:941,1
DA:942,1
DA:943,1
DA:944,1
DA:945,1
DA:946,1
DA:947,1
DA:949,1
DA:950,1
DA:951,0
DA:952,0
DA:953,1
DA:955,64
DA:956,1
DA:957,1
DA:958,0
DA:959,0
DA:961,1
DA:962,1
DA:963,1
DA:964,1
DA:965,1
DA:966,1
DA:967,1
DA:969,0
DA:970,0
DA:971,0
DA:973,0
DA:974,1
DA:975,1
DA:976,1
DA:977,1
DA:978,0
DA:979,0
DA:980,1
DA:982,64
DA:983,7
DA:984,7
DA:985,3
DA:986,3
DA:987,4
DA:988,4
DA:989,4
DA:990,4
DA:991,4
DA:992,4
DA:993,4
DA:994,4
DA:995,4
DA:996,4
DA:997,4
DA:998,3
DA:999,7
DA:1000,4
DA:1001,4
DA:1002,4
DA:1003,4
DA:1004,7
DA:1006,64
DA:1007,5
DA:1008,5
DA:1009,3
DA:1010,3
DA:1012,5
DA:1013,5
DA:1014,5
DA:1015,5
DA:1016,5
DA:1017,5
DA:1018,5
DA:1019,1
DA:1020,1
DA:1022,2
DA:1024,5
DA:1025,1
DA:1026,1
DA:1027,1
DA:1028,1
DA:1029,1
DA:1030,1
DA:1031,1
DA:1032,1
DA:1033,1
DA:1034,1
DA:1035,1
DA:1037,1
DA:1038,1
DA:1039,1
DA:1040,1
DA:1041,1
DA:1042,1
DA:1043,1
DA:1044,1
DA:1045,1
DA:1046,1
DA:1047,1
DA:1048,1
DA:1049,1
DA:1050,1
DA:1052,2
DA:1053,2
DA:1054,5
DA:1055,3
DA:1056,3
DA:1057,3
DA:1058,3
DA:1059,3
DA:1060,5
DA:1062,64
DA:1063,9
DA:1064,9
DA:1065,3
DA:1066,3
DA:1068,6
DA:1070,6
DA:1071,6
DA:1072,6
DA:1073,6
DA:1074,6
DA:1075,6
DA:1077,6
DA:1078,9
DA:1079,9
DA:1080,6
DA:1081,6
DA:1082,6
DA:1083,2
DA:1084,2
DA:1085,6
DA:1086,9
DA:1087,0
DA:1088,0
DA:1090,9
DA:1091,9
DA:1092,9
DA:1093,2
DA:1094,2
DA:1095,2
DA:1096,2
DA:1098,9
DA:1099,1
DA:1100,1
DA:1102,5
DA:1103,9
DA:1104,9
DA:1105,9
DA:1107,9
DA:1109,9
DA:1110,4
DA:1111,4
DA:1112,0
DA:1113,0
DA:1114,4
DA:1116,5
DA:1117,5
DA:1118,5
DA:1119,5
DA:1120,5
DA:1121,5
DA:1122,4
DA:1123,4
DA:1124,5
DA:1125,5
DA:1126,4
DA:1127,4
DA:1128,5
DA:1130,9
DA:1131,1
DA:1132,1
DA:1134,4
DA:1135,9
DA:1136,9
DA:1138,9
DA:1139,9
DA:1140,9
DA:1141,9
DA:1142,9
DA:1143,9
DA:1144,9
DA:1145,9
DA:1146,9
DA:1147,9
DA:1148,9
DA:1150,9
DA:1151,1
DA:1152,1
DA:1154,9
DA:1155,2
DA:1156,2
DA:1157,2
DA:1158,2
DA:1159,2
DA:1160,2
DA:1161,2
DA:1162,2
DA:1163,2
DA:1164,2
DA:1165,2
DA:1167,2
DA:1168,2
DA:1169,2
DA:1170,2
DA:1171,2
DA:1172,2
DA:1173,2
DA:1174,2
DA:1175,2
DA:1176,2
DA:1177,2
DA:1178,2
DA:1179,2
DA:1180,2
DA:1182,3
DA:1183,3
DA:1184,9
DA:1185,6
DA:1186,6
DA:1187,6
DA:1188,6
DA:1189,6
DA:1190,9
DA:1192,64
DA:1193,0
DA:1194,0
DA:1195,0
DA:1197,0
DA:1198,0
DA:1199,0
DA:1200,0
DA:1202,0
DA:1203,0
DA:1204,0
DA:1206,0
DA:1207,0
DA:1209,0
DA:1210,0
DA:1211,0
DA:1212,0
DA:1213,0
DA:1214,0
DA:1215,0
DA:1216,0
DA:1217,0
DA:1218,0
DA:1219,0
DA:1220,0
DA:1221,0
DA:1222,0
DA:1223,0
DA:1224,0
DA:1225,0
DA:1226,0
DA:1227,0
DA:1229,0
DA:1230,0
DA:1232,64
DA:1233,0
DA:1234,0
DA:1235,0
DA:1236,0
DA:1238,0
DA:1239,0
DA:1240,0
DA:1241,0
DA:1242,0
DA:1244,0
DA:1245,0
DA:1246,0
DA:1247,0
DA:1248,0
DA:1249,0
DA:1250,0
DA:1251,0
DA:1252,0
DA:1253,0
DA:1254,0
DA:1255,0
DA:1256,0
DA:1258,64
DA:1259,1
DA:1260,1
DA:1262,1
DA:1263,1
DA:1264,1
DA:1265,1
DA:1266,1
DA:1267,1
DA:1268,1
DA:1269,1
DA:1270,1
DA:1271,1
DA:1272,1
DA:1273,1
DA:1274,1
DA:1275,1
DA:1276,1
DA:1277,1
DA:1278,1
DA:1279,1
DA:1280,1
DA:1281,1
DA:1282,1
DA:1283,1
DA:1284,1
DA:1285,1
DA:1286,1
DA:1287,1
DA:1288,1
DA:1289,1
DA:1290,1
DA:1291,1
DA:1292,1
DA:1293,1
DA:1294,1
DA:1295,1
DA:1296,1
DA:1297,1
DA:1298,1
DA:1300,64
DA:1301,3
DA:1302,3
DA:1303,3
DA:1304,3
DA:1306,3
DA:1307,12
DA:1308,7
DA:1309,7
DA:1310,12
DA:1311,1
DA:1312,1
DA:1313,4
DA:1314,12
DA:1316,3
DA:1317,3
DA:1318,3
DA:1319,3
DA:1320,3
DA:1321,3
DA:1322,3
DA:1323,3
DA:1325,64
DA:1326,2
DA:1327,2
DA:1328,2
DA:1329,2
DA:1330,4
DA:1331,4
DA:1332,2
DA:1334,2
DA:1335,2
DA:1336,2
DA:1337,2
DA:1338,0
DA:1339,0
DA:1340,2
DA:1342,64
DA:1343,2
DA:1344,2
DA:1345,0
DA:1346,0
DA:1348,2
DA:1349,2
DA:1350,2
DA:1351,2
DA:1352,1
DA:1353,1
DA:1355,1
DA:1356,1
DA:1357,1
DA:1358,1
DA:1359,1
DA:1360,1
DA:1361,1
DA:1362,1
DA:1363,1
DA:1364,1
DA:1365,1
DA:1366,1
DA:1368,1
DA:1369,1
DA:1370,1
DA:1371,1
DA:1373,1
DA:1374,1
DA:1376,2
DA:1377,0
DA:1378,0
DA:1379,0
DA:1380,0
DA:1381,0
DA:1382,0
DA:1384,1
DA:1385,1
DA:1386,2
DA:1387,2
DA:1388,2
DA:1389,2
DA:1390,2
DA:1391,2
DA:1392,2
DA:1393,2
DA:1394,2
DA:1396,2
DA:1397,1
DA:1398,1
DA:1399,1
DA:1400,1
DA:1401,1
DA:1402,2
DA:1403,2
DA:1404,2
DA:1405,2
DA:1406,2
DA:1407,2
DA:1408,2
DA:1409,2
DA:1411,1
DA:1412,1
DA:1413,1
DA:1414,1
DA:1415,2
DA:1417,64
DA:1418,1
DA:1419,1
DA:1420,0
DA:1421,0
DA:1423,1
DA:1424,1
DA:1425,1
DA:1426,1
DA:1427,0
DA:1428,0
DA:1430,1
DA:1431,1
DA:1432,1
DA:1433,1
DA:1434,1
DA:1435,1
DA:1437,1
DA:1439,1
DA:1440,1
DA:1442,1
DA:1443,1
DA:1444,1
DA:1445,1
DA:1446,1
DA:1447,1
DA:1448,1
DA:1450,0
DA:1451,0
DA:1452,1
DA:1453,1
DA:1454,1
DA:1455,1
DA:1456,1
DA:1457,1
DA:1458,1
DA:1459,1
DA:1461,1
DA:1462,0
DA:1463,0
DA:1464,0
DA:1465,0
DA:1466,0
DA:1467,1
DA:1468,1
DA:1469,1
DA:1470,1
DA:1471,1
DA:1472,1
DA:1473,1
DA:1474,1
DA:1476,0
DA:1477,0
DA:1478,0
DA:1479,0
DA:1480,1
DA:1481,64
DA:1482,64
DA:1483,64
DA:1484,64
DA:1485,64
DA:1486,64
DA:1487,64
DA:1488,64
DA:1489,64
DA:1490,64
DA:1491,64
DA:1492,64
DA:1493,64
DA:1494,64
DA:1495,64
DA:1496,64
DA:1497,64
DA:1498,64
DA:1499,64
DA:1500,64
DA:1501,64
DA:1502,64
DA:1503,64
DA:1504,64
DA:1505,64
DA:1506,64
DA:1507,64
DA:1508,64
DA:1509,64
DA:1510,64
DA:1511,64
DA:1512,64
DA:1513,64
DA:1514,64
DA:1515,64
DA:1516,64
DA:1517,64
DA:1518,64
DA:1519,64
DA:1520,64
DA:1521,64
DA:1522,64
DA:1523,64
DA:1524,64
DA:1525,64
DA:1526,64
DA:1527,64
DA:1528,64
DA:1529,64
DA:1530,64
DA:1531,64
LF:1350
LH:1099
BRDA:6,0,0,64
BRDA:20,1,0,137
BRDA:21,2,0,0
BRDA:27,3,0,88
BRDA:29,4,0,4
BRDA:30,5,0,0
BRDA:33,6,0,0
BRDA:37,7,0,0
BRDA:53,8,0,12
BRDA:54,9,0,0
BRDA:55,10,0,3
BRDA:57,11,0,9
BRDA:57,12,0,9
BRDA:59,13,0,3
BRDA:64,14,0,0
BRDA:64,15,0,3
BRDA:65,16,0,3
BRDA:65,17,0,3
BRDA:65,18,0,0
BRDA:74,19,0,3
BRDA:74,20,0,3
BRDA:74,21,0,0
BRDA:75,22,0,3
BRDA:78,23,0,0
BRDA:68,24,0,3
BRDA:69,25,0,0
BRDA:85,26,0,4
BRDA:87,27,0,3
BRDA:89,28,0,1
BRDA:90,29,0,1
BRDA:93,30,0,12
BRDA:101,31,0,63
BRDA:103,32,0,31
BRDA:105,33,0,32
BRDA:110,34,0,58
BRDA:125,35,0,64
BRDA:138,36,0,0
BRDA:146,37,0,0
BRDA:143,38,0,192
BRDA:151,39,0,3
BRDA:154,40,0,1
BRDA:159,41,0,3
BRDA:163,42,0,2
BRDA:163,43,0,1
BRDA:168,44,0,1
BRDA:170,45,0,0
BRDA:176,46,0,1
BRDA:178,47,0,0
BRDA:184,48,0,7
BRDA:186,49,0,1
BRDA:188,50,0,6
BRDA:190,51,0,1
BRDA:192,52,0,5
BRDA:193,53,0,1
BRDA:195,54,0,4
BRDA:198,55,0,1
BRDA:198,56,0,3
BRDA:201,57,0,4
BRDA:202,58,0,1
BRDA:202,59,0,3
BRDA:205,60,0,1
BRDA:208,61,0,3
BRDA:215,62,0,2
BRDA:218,63,0,0
BRDA:219,64,0,1
BRDA:228,65,0,3
BRDA:233,66,0,2
BRDA:260,67,0,1
BRDA:262,68,0,0
BRDA:268,69,0,4
BRDA:270,70,0,1
BRDA:272,71,0,3
BRDA:280,72,0,1
BRDA:283,73,0,0
BRDA:284,74,0,3
BRDA:287,75,0,1
BRDA:289,76,0,0
BRDA:294,77,0,4
BRDA:296,78,0,3
BRDA:296,79,0,2
BRDA:301,80,0,0
BRDA:301,81,0,0
BRDA:307,82,0,2
BRDA:308,83,0,1
BRDA:314,84,0,3
BRDA:319,85,0,2
BRDA:321,86,0,0
BRDA:326,87,0,0
BRDA:326,88,0,0
BRDA:331,89,0,1
BRDA:336,90,0,1
BRDA:347,91,0,4
BRDA:349,92,0,1
BRDA:351,93,0,3
BRDA:357,94,0,1
BRDA:359,95,0,1
BRDA:364,96,0,15
BRDA:366,97,0,1
BRDA:366,98,0,14
BRDA:369,99,0,1
BRDA:374,100,0,2
BRDA:378,101,0,1
BRDA:384,102,0,0
BRDA:391,103,0,1
BRDA:393,104,0,0
BRDA:400,105,0,0
BRDA:405,106,0,1
BRDA:407,107,0,0
BRDA:421,108,0,0
BRDA:426,109,0,0
BRDA:433,110,0,1
BRDA:434,111,0,0
BRDA:436,112,0,0
BRDA:436,113,0,0
BRDA:438,114,0,0
BRDA:443,115,0,2
BRDA:451,116,0,1
BRDA:453,117,0,0
BRDA:457,118,0,0
BRDA:468,119,0,2
BRDA:482,120,0,3
BRDA:484,121,0,2
BRDA:484,122,0,2
BRDA:486,123,0,1
BRDA:492,124,0,2
BRDA:497,125,0,3
BRDA:500,126,0,2
BRDA:501,127,0,1
BRDA:507,128,0,1
BRDA:509,129,0,0
BRDA:515,130,0,3
BRDA:518,131,0,0
BRDA:520,132,0,1
BRDA:522,133,0,2
BRDA:523,134,0,1
BRDA:527,135,0,0
BRDA:533,136,0,2
BRDA:535,137,0,0
BRDA:536,138,0,0
BRDA:542,139,0,2
BRDA:552,140,0,1
BRDA:584,141,0,2
BRDA:589,142,0,1
BRDA:595,143,0,0
BRDA:625,144,0,8
BRDA:627,145,0,4
BRDA:627,146,0,4
BRDA:631,147,0,2
BRDA:632,148,0,6
BRDA:637,149,0,2
BRDA:660,150,0,0
BRDA:660,151,0,0
BRDA:665,152,0,1
BRDA:672,153,0,1
BRDA:677,154,0,1
BRDA:679,155,0,0
BRDA:638,156,0,2
BRDA:639,157,0,0
BRDA:644,158,0,4
BRDA:651,159,0,0
BRDA:735,160,0,3
BRDA:737,161,0,1
BRDA:739,162,0,2
BRDA:741,163,0,1
BRDA:753,164,0,2
BRDA:760,165,0,2
BRDA:767,166,0,1
BRDA:776,167,0,3
BRDA:780,168,0,1
BRDA:782,169,0,2
BRDA:783,170,0,1
BRDA:790,171,0,13
BRDA:793,172,0,5
BRDA:795,173,0,8
BRDA:798,174,0,0
BRDA:799,175,0,1
BRDA:801,176,0,7
BRDA:803,177,0,0
BRDA:808,178,0,7
BRDA:810,179,0,0
BRDA:815,180,0,0
BRDA:820,181,0,7
BRDA:828,182,0,1
BRDA:828,183,0,6
BRDA:842,184,0,1
BRDA:850,185,0,1
BRDA:850,186,0,0
BRDA:851,187,0,2
BRDA:851,188,0,1
BRDA:851,189,0,1
BRDA:861,190,0,1
BRDA:866,191,0,6
BRDA:872,192,0,0
BRDA:827,193,0,1
BRDA:830,194,0,42
BRDA:831,195,0,22
BRDA:833,196,0,20
BRDA:834,197,0,5
BRDA:834,198,0,3
BRDA:836,199,0,17
BRDA:877,200,0,1
BRDA:882,201,0,0
BRDA:886,202,0,0
BRDA:891,203,0,12
BRDA:895,204,0,8
BRDA:897,205,0,4
BRDA:900,206,0,0
BRDA:901,207,0,0
BRDA:908,208,0,5
BRDA:913,209,0,0
BRDA:920,210,0,1
BRDA:922,211,0,0
BRDA:931,212,0,0
BRDA:943,213,0,0
BRDA:944,214,0,0
BRDA:950,215,0,0
BRDA:955,216,0,1
BRDA:957,217,0,0
BRDA:967,218,0,0
BRDA:975,219,0,0
BRDA:977,220,0,0
BRDA:982,221,0,7
BRDA:984,222,0,6
BRDA:984,223,0,5
BRDA:984,224,0,3
BRDA:986,225,0,4
BRDA:997,226,0,3
BRDA:999,227,0,4
BRDA:1001,228,0,0
BRDA:1006,229,0,5
BRDA:1008,230,0,4
BRDA:1008,231,0,3
BRDA:1008,232,0,3
BRDA:1010,233,0,2
BRDA:1012,234,0,1
BRDA:1012,235,0,1
BRDA:1012,236,0,1
BRDA:1018,237,0,1
BRDA:1020,238,0,2
BRDA:1024,239,0,1
BRDA:1050,240,0,2
BRDA:1054,241,0,3
BRDA:1057,242,0,0
BRDA:1062,243,0,9
BRDA:1064,244,0,8
BRDA:1064,245,0,7
BRDA:1064,246,0,3
BRDA:1066,247,0,6
BRDA:1079,248,0,6
BRDA:1086,249,0,0
BRDA:1090,250,0,4
BRDA:1091,251,0,4
BRDA:1092,252,0,2
BRDA:1092,253,0,0
BRDA:1093,254,0,0
BRDA:1095,255,0,1
BRDA:1096,256,0,1
BRDA:1098,257,0,1
BRDA:1100,258,0,5
BRDA:1104,259,0,0
BRDA:1105,260,0,5
BRDA:1109,261,0,5
BRDA:1109,262,0,4
BRDA:1111,263,0,0
BRDA:1111,264,0,0
BRDA:1114,265,0,5
BRDA:1118,266,0,0
BRDA:1119,267,0,0
BRDA:1125,268,0,4
BRDA:1125,269,0,4
BRDA:1125,270,0,4
BRDA:1130,271,0,1
BRDA:1132,272,0,4
BRDA:1135,273,0,3
BRDA:1135,274,0,0
BRDA:1136,275,0,4
BRDA:1138,276,0,0
BRDA:1148,277,0,4
BRDA:1150,278,0,1
BRDA:1152,279,0,3
BRDA:1154,280,0,2
BRDA:1180,281,0,3
BRDA:1184,282,0,6
BRDA:1187,283,0,0
BRDA:1079,284,0,6
BRDA:1082,285,0,2
BRDA:1121,286,0,4
BRDA:1122,287,0,0
BRDA:1258,288,0,1
BRDA:1300,289,0,3
BRDA:1301,290,0,0
BRDA:1304,291,0,1
BRDA:1304,292,0,2
BRDA:1306,293,0,12
BRDA:1307,294,0,7
BRDA:1309,295,0,5
BRDA:1310,296,0,1
BRDA:1312,297,0,4
BRDA:1325,298,0,2
BRDA:1337,299,0,0
BRDA:1329,300,0,4
BRDA:1331,301,0,6
BRDA:1335,302,0,3
BRDA:1342,303,0,2
BRDA:1344,304,0,0
BRDA:1350,305,0,1
BRDA:1351,306,0,1
BRDA:1376,307,0,0
BRDA:1376,308,0,0
BRDA:1382,309,0,1
BRDA:1386,310,0,1
BRDA:1387,311,0,1
BRDA:1387,312,0,1
BRDA:1388,313,0,1
BRDA:1389,314,0,1
BRDA:1389,315,0,1
BRDA:1396,316,0,1
BRDA:1409,317,0,1
BRDA:1417,318,0,1
BRDA:1419,319,0,0
BRDA:1426,320,0,0
BRDA:1448,321,0,0
BRDA:1452,322,0,0
BRDA:1453,323,0,0
BRDA:1453,324,0,0
BRDA:1454,325,0,0
BRDA:1455,326,0,0
BRDA:1455,327,0,0
BRDA:1461,328,0,0
BRDA:1474,329,0,0
BRF:330
BRH:234
end_of_record
TN:
SF:src/utils/findings.js
FN:46,parseFindings
FNF:1
FNH:1
FNDA:3,parseFindings
DA:1,1
DA:4,1
DA:5,1
DA:7,1
DA:8,1
DA:9,1
DA:10,1
DA:11,1
DA:12,1
DA:13,1
DA:14,1
DA:15,1
DA:16,1
DA:17,1
DA:18,1
DA:19,1
DA:20,1
DA:21,1
DA:22,1
DA:23,1
DA:24,1
DA:25,1
DA:26,1
DA:27,1
DA:28,1
DA:29,1
DA:30,1
DA:31,1
DA:32,1
DA:33,1
DA:34,1
DA:35,1
DA:36,1
DA:37,1
DA:39,1
DA:40,1
DA:41,1
DA:42,1
DA:44,1
DA:46,1
DA:47,3
DA:48,3
DA:49,3
DA:50,1
DA:51,1
DA:52,1
DA:53,1
DA:54,1
DA:55,1
DA:56,1
DA:57,3
DA:58,2
DA:59,2
DA:60,2
DA:61,3
LF:55
LH:55
BRDA:46,0,0,3
BRDA:49,1,0,1
BRDA:53,2,0,0
BRDA:57,3,0,2
BRDA:52,4,0,1
BRF:5
BRH:4
end_of_record
TN:
SF:src/utils/followUpSession.js
FN:72,parseFollowUpSession
FN:90,getFollowUpEvidenceLinks
FNF:2
FNH:2
FNDA:9,parseFollowUpSession
FNDA:3,getFollowUpEvidenceLinks
DA:1,1
DA:3,1
DA:5,1
DA:6,1
DA:7,1
DA:8,1
DA:9,1
DA:10,1
DA:11,1
DA:12,1
DA:13,1
DA:14,1
DA:15,1
DA:16,1
DA:17,1
DA:18,1
DA:19,1
DA:20,1
DA:21,1
DA:22,1
DA:23,1
DA:24,1
DA:25,1
DA:26,1
DA:27,1
DA:28,1
DA:29,1
DA:30,1
DA:31,1
DA:32,1
DA:33,1
DA:34,1
DA:35,1
DA:36,1
DA:37,1
DA:38,1
DA:39,1
DA:40,1
DA:41,1
DA:42,1
DA:43,1
DA:44,1
DA:45,1
DA:46,1
DA:47,1
DA:48,1
DA:49,1
DA:50,1
DA:51,1
DA:52,1
DA:53,1
DA:54,1
DA:55,1
DA:56,1
DA:57,1
DA:58,1
DA:59,1
DA:60,1
DA:61,1
DA:62,1
DA:63,1
DA:64,1
DA:65,1
DA:66,1
DA:67,1
DA:68,1
DA:70,1
DA:72,1
DA:73,9
DA:74,9
DA:75,9
DA:76,3
DA:77,3
DA:78,3
DA:79,3
DA:80,3
DA:81,3
DA:82,5
DA:83,5
DA:84,4
DA:85,4
DA:86,4
DA:87,9
DA:89,1
DA:90,1
DA:91,3
DA:93,3
DA:94,38
DA:95,3
DA:96,5
DA:97,5
DA:98,2
DA:99,2
DA:100,5
DA:101,2
DA:102,5
DA:103,1
DA:104,1
DA:105,3
DA:106,3
DA:107,38
DA:108,3
DA:110,3
DA:111,3
LF:104
LH:104
BRDA:72,0,0,9
BRDA:75,1,0,3
BRDA:79,2,0,0
BRDA:81,3,0,5
BRDA:83,4,0,4
BRDA:78,5,0,3
BRDA:90,6,0,3
BRDA:93,7,0,38
BRDA:94,8,0,3
BRDA:95,9,0,5
BRDA:97,10,0,4
BRDA:97,11,0,2
BRDA:99,12,0,3
BRDA:100,13,0,2
BRDA:102,14,0,1
BRF:15
BRH:14
end_of_record
TN:
SF:src/utils/session.js
FN:106,parseSession
FN:124,getEvidenceLinks
FNF:2
FNH:2
FNDA:9,parseSession
FNDA:1,getEvidenceLinks
DA:1,1
DA:3,1
DA:5,1
DA:6,1
DA:7,1
DA:8,1
DA:9,1
DA:10,1
DA:11,1
DA:12,1
DA:13,1
DA:14,1
DA:15,1
DA:16,1
DA:17,1
DA:18,1
DA:19,1
DA:20,1
DA:21,1
DA:22,1
DA:23,1
DA:24,1
DA:25,1
DA:26,1
DA:27,1
DA:28,1
DA:29,1
DA:30,1
DA:31,1
DA:32,1
DA:33,1
DA:34,1
DA:35,1
DA:36,1
DA:37,1
DA:38,1
DA:39,1
DA:40,1
DA:41,1
DA:42,1
DA:43,1
DA:44,1
DA:45,1
DA:46,1
DA:47,1
DA:48,1
DA:49,1
DA:50,1
DA:51,1
DA:52,1
DA:53,1
DA:54,1
DA:55,1
DA:56,1
DA:57,1
DA:58,1
DA:59,1
DA:60,1
DA:61,1
DA:62,1
DA:63,1
DA:64,1
DA:65,1
DA:66,1
DA:67,1
DA:68,1
DA:69,1
DA:70,1
DA:71,1
DA:72,1
DA:73,1
DA:74,1
DA:75,1
DA:76,1
DA:77,1
DA:78,1
DA:79,1
DA:80,1
DA:81,1
DA:82,1
DA:83,1
DA:84,1
DA:85,1
DA:86,1
DA:87,1
DA:88,1
DA:89,1
DA:90,1
DA:91,1
DA:92,1
DA:93,1
DA:94,1
DA:95,1
DA:96,1
DA:97,1
DA:98,1
DA:99,1
DA:100,1
DA:101,1
DA:102,1
DA:104,1
DA:106,1
DA:107,9
DA:108,9
DA:109,9
DA:110,3
DA:111,3
DA:112,3
DA:113,3
DA:114,3
DA:115,3
DA:116,5
DA:117,9
DA:118,4
DA:119,4
DA:120,4
DA:121,9
DA:123,1
DA:124,1
DA:125,1
DA:127,1
DA:128,36
DA:129,7
DA:130,10
DA:132,10
DA:133,0
DA:134,0
DA:136,10
DA:137,7
DA:138,10
DA:139,3
DA:140,3
DA:141,7
DA:142,7
DA:143,36
DA:144,1
DA:146,1
DA:147,1
LF:138
LH:136
BRDA:106,0,0,9
BRDA:109,1,0,3
BRDA:113,2,0,0
BRDA:115,3,0,5
BRDA:117,4,0,4
BRDA:112,5,0,3
BRDA:124,6,0,1
BRDA:127,7,0,36
BRDA:128,8,0,32
BRDA:128,9,0,30
BRDA:128,10,0,7
BRDA:129,11,0,10
BRDA:130,12,0,7
BRDA:130,13,0,3
BRDA:132,14,0,0
BRDA:136,15,0,7
BRDA:138,16,0,3
BRF:17
BRH:15
end_of_record
